[0.026s] Invoking command in '/home/badawi/Desktop/auto-pilot/build/mundus_mir_vehicle_interfaces': CMAKE_PREFIX_PATH=${CMAKE_PREFIX_PATH}:/home/badawi/Desktop/auto-pilot/install/auv_gui:/home/badawi/Desktop/auto-pilot/install/mundus_mir_stonefish_docking_controller:/opt/ros/humble /usr/bin/cmake /home/badawi/Desktop/auto-pilot/src/mundus_mir_vehicle_interfaces -DAMENT_CMAKE_SYMLINK_INSTALL=1 -DCMAKE_INSTALL_PREFIX=/home/badawi/Desktop/auto-pilot/install/mundus_mir_vehicle_interfaces
[0.078s] -- The C compiler identification is GNU 11.4.0
[0.149s] -- The CXX compiler identification is GNU 11.4.0
[0.159s] -- Detecting C compiler ABI info
[0.229s] -- Detecting C compiler ABI info - done
[0.237s] -- Check for working C compiler: /usr/bin/cc - skipped
[0.237s] -- Detecting C compile features
[0.239s] -- Detecting C compile features - done
[0.240s] -- Detecting CXX compiler ABI info
[0.321s] -- Detecting CXX compiler ABI info - done
[0.328s] -- Check for working CXX compiler: /usr/bin/c++ - skipped
[0.328s] -- Detecting CXX compile features
[0.329s] -- Detecting CXX compile features - done
[0.331s] -- Found ament_cmake: 1.3.12 (/opt/ros/humble/share/ament_cmake/cmake)
[0.849s] -- Found Python3: /usr/bin/python3 (found version "3.10.12") found components: Interpreter 
[0.914s] -- Override CMake install command with custom implementation using symlinks instead of copying resources
[0.948s] -- Found rclcpp: 16.0.17 (/opt/ros/humble/share/rclcpp/cmake)
[0.997s] -- Found rosidl_generator_c: 3.1.8 (/opt/ros/humble/share/rosidl_generator_c/cmake)
[1.002s] -- Found rosidl_adapter: 3.1.8 (/opt/ros/humble/share/rosidl_adapter/cmake)
[1.012s] -- Found rosidl_generator_cpp: 3.1.8 (/opt/ros/humble/share/rosidl_generator_cpp/cmake)
[1.031s] -- Using all available rosidl_typesupport_c: rosidl_typesupport_fastrtps_c;rosidl_typesupport_introspection_c
[1.047s] -- Using all available rosidl_typesupport_cpp: rosidl_typesupport_fastrtps_cpp;rosidl_typesupport_introspection_cpp
[1.092s] -- Found rmw_implementation_cmake: 6.1.2 (/opt/ros/humble/share/rmw_implementation_cmake/cmake)
[1.095s] -- Found rmw_fastrtps_cpp: 6.2.9 (/opt/ros/humble/share/rmw_fastrtps_cpp/cmake)
[1.188s] -- Found OpenSSL: /usr/lib/x86_64-linux-gnu/libcrypto.so (found version "3.0.2")  
[1.238s] -- Found FastRTPS: /opt/ros/humble/include  
[1.297s] -- Using RMW implementation 'rmw_fastrtps_cpp' as default
[1.309s] -- Looking for pthread.h
[1.386s] -- Looking for pthread.h - found
[1.387s] -- Performing Test CMAKE_HAVE_LIBC_PTHREAD
[1.465s] -- Performing Test CMAKE_HAVE_LIBC_PTHREAD - Success
[1.467s] -- Found Threads: TRUE  
[1.547s] -- Found geometry_msgs: 4.9.0 (/opt/ros/humble/share/geometry_msgs/cmake)
[1.646s] -- Configuring done
[1.657s] -- Generating done
[1.661s] -- Build files have been written to: /home/badawi/Desktop/auto-pilot/build/mundus_mir_vehicle_interfaces
[1.673s] Invoked command in '/home/badawi/Desktop/auto-pilot/build/mundus_mir_vehicle_interfaces' returned '0': CMAKE_PREFIX_PATH=${CMAKE_PREFIX_PATH}:/home/badawi/Desktop/auto-pilot/install/auv_gui:/home/badawi/Desktop/auto-pilot/install/mundus_mir_stonefish_docking_controller:/opt/ros/humble /usr/bin/cmake /home/badawi/Desktop/auto-pilot/src/mundus_mir_vehicle_interfaces -DAMENT_CMAKE_SYMLINK_INSTALL=1 -DCMAKE_INSTALL_PREFIX=/home/badawi/Desktop/auto-pilot/install/mundus_mir_vehicle_interfaces
[1.675s] Invoking command in '/home/badawi/Desktop/auto-pilot/build/mundus_mir_vehicle_interfaces': CMAKE_PREFIX_PATH=${CMAKE_PREFIX_PATH}:/home/badawi/Desktop/auto-pilot/install/auv_gui:/home/badawi/Desktop/auto-pilot/install/mundus_mir_stonefish_docking_controller:/opt/ros/humble /usr/bin/cmake --build /home/badawi/Desktop/auto-pilot/build/mundus_mir_vehicle_interfaces -- -j20 -l20
[1.728s] [ 50%] [32mBuilding CXX object CMakeFiles/blueye_simulator_interface.dir/src/blueye_simulator_interface.cpp.o[0m
[24.882s] [100%] [32m[1mLinking CXX executable blueye_simulator_interface[0m
[25.369s] [100%] Built target blueye_simulator_interface
[25.381s] Invoked command in '/home/badawi/Desktop/auto-pilot/build/mundus_mir_vehicle_interfaces' returned '0': CMAKE_PREFIX_PATH=${CMAKE_PREFIX_PATH}:/home/badawi/Desktop/auto-pilot/install/auv_gui:/home/badawi/Desktop/auto-pilot/install/mundus_mir_stonefish_docking_controller:/opt/ros/humble /usr/bin/cmake --build /home/badawi/Desktop/auto-pilot/build/mundus_mir_vehicle_interfaces -- -j20 -l20
[25.383s] Invoking command in '/home/badawi/Desktop/auto-pilot/build/mundus_mir_vehicle_interfaces': CMAKE_PREFIX_PATH=${CMAKE_PREFIX_PATH}:/home/badawi/Desktop/auto-pilot/install/auv_gui:/home/badawi/Desktop/auto-pilot/install/mundus_mir_stonefish_docking_controller:/opt/ros/humble /usr/bin/cmake --install /home/badawi/Desktop/auto-pilot/build/mundus_mir_vehicle_interfaces
[25.391s] -- Install configuration: ""
[25.392s] -- Execute custom install script
[25.393s] -- Symlinking: /home/badawi/Desktop/auto-pilot/install/mundus_mir_vehicle_interfaces/share/mundus_mir_vehicle_interfaces/launch/blueye_simulator_interface.launch.py
[25.401s] -- Symlinking: /home/badawi/Desktop/auto-pilot/install/mundus_mir_vehicle_interfaces/share/mundus_mir_vehicle_interfaces/launch/stonefish_blueye_control.launch.py
[25.411s] -- Symlinking: /home/badawi/Desktop/auto-pilot/install/mundus_mir_vehicle_interfaces/lib/mundus_mir_vehicle_interfaces/blueye_simulator_interface
[25.418s] -- Symlinking: /home/badawi/Desktop/auto-pilot/install/mundus_mir_vehicle_interfaces/share/ament_index/resource_index/package_run_dependencies/mundus_mir_vehicle_interfaces
[25.429s] -- Symlinking: /home/badawi/Desktop/auto-pilot/install/mundus_mir_vehicle_interfaces/share/ament_index/resource_index/parent_prefix_path/mundus_mir_vehicle_interfaces
[25.438s] -- Symlinking: /home/badawi/Desktop/auto-pilot/install/mundus_mir_vehicle_interfaces/share/mundus_mir_vehicle_interfaces/environment/ament_prefix_path.sh
[25.449s] -- Symlinking: /home/badawi/Desktop/auto-pilot/install/mundus_mir_vehicle_interfaces/share/mundus_mir_vehicle_interfaces/environment/ament_prefix_path.dsv
[25.456s] -- Symlinking: /home/badawi/Desktop/auto-pilot/install/mundus_mir_vehicle_interfaces/share/mundus_mir_vehicle_interfaces/environment/path.sh
[25.467s] -- Symlinking: /home/badawi/Desktop/auto-pilot/install/mundus_mir_vehicle_interfaces/share/mundus_mir_vehicle_interfaces/environment/path.dsv
[25.474s] -- Symlinking: /home/badawi/Desktop/auto-pilot/install/mundus_mir_vehicle_interfaces/share/mundus_mir_vehicle_interfaces/local_setup.bash
[25.482s] -- Symlinking: /home/badawi/Desktop/auto-pilot/install/mundus_mir_vehicle_interfaces/share/mundus_mir_vehicle_interfaces/local_setup.sh
[25.493s] -- Symlinking: /home/badawi/Desktop/auto-pilot/install/mundus_mir_vehicle_interfaces/share/mundus_mir_vehicle_interfaces/local_setup.zsh
[25.502s] -- Symlinking: /home/badawi/Desktop/auto-pilot/install/mundus_mir_vehicle_interfaces/share/mundus_mir_vehicle_interfaces/local_setup.dsv
[25.512s] -- Symlinking: /home/badawi/Desktop/auto-pilot/install/mundus_mir_vehicle_interfaces/share/mundus_mir_vehicle_interfaces/package.dsv
[25.521s] -- Symlinking: /home/badawi/Desktop/auto-pilot/install/mundus_mir_vehicle_interfaces/share/ament_index/resource_index/packages/mundus_mir_vehicle_interfaces
[25.532s] -- Symlinking: /home/badawi/Desktop/auto-pilot/install/mundus_mir_vehicle_interfaces/share/mundus_mir_vehicle_interfaces/cmake/mundus_mir_vehicle_interfacesConfig.cmake
[25.542s] -- Symlinking: /home/badawi/Desktop/auto-pilot/install/mundus_mir_vehicle_interfaces/share/mundus_mir_vehicle_interfaces/cmake/mundus_mir_vehicle_interfacesConfig-version.cmake
[25.552s] -- Symlinking: /home/badawi/Desktop/auto-pilot/install/mundus_mir_vehicle_interfaces/share/mundus_mir_vehicle_interfaces/package.xml
[25.563s] Invoked command in '/home/badawi/Desktop/auto-pilot/build/mundus_mir_vehicle_interfaces' returned '0': CMAKE_PREFIX_PATH=${CMAKE_PREFIX_PATH}:/home/badawi/Desktop/auto-pilot/install/auv_gui:/home/badawi/Desktop/auto-pilot/install/mundus_mir_stonefish_docking_controller:/opt/ros/humble /usr/bin/cmake --install /home/badawi/Desktop/auto-pilot/build/mundus_mir_vehicle_interfaces
