-- Install configuration: ""
-- Execute custom install script
-- Up-to-date symlink: /home/badawi/Desktop/auto-pilot/install/stonefish_sim/share/stonefish_sim/config/default_config.yaml
-- Up-to-date symlink: /home/badawi/Desktop/auto-pilot/install/stonefish_sim/share/stonefish_sim/config/docking_config.yaml
-- Up-to-date symlink: /home/badawi/Desktop/auto-pilot/install/stonefish_sim/share/stonefish_sim/config/pipeline_config.yaml
-- Up-to-date symlink: /home/badawi/Desktop/auto-pilot/install/stonefish_sim/share/stonefish_sim/config/tacc_config.yaml
-- Up-to-date symlink: /home/badawi/Desktop/auto-pilot/install/stonefish_sim/share/stonefish_sim/launch/freya_sim.launch.py
-- Up-to-date symlink: /home/badawi/Desktop/auto-pilot/install/stonefish_sim/share/stonefish_sim/launch/orca_sim.launch.py
-- Up-to-date symlink: /home/badawi/Desktop/auto-pilot/install/stonefish_sim/share/stonefish_sim/launch/simulation.launch.py
-- Up-to-date symlink: /home/badawi/Desktop/auto-pilot/install/stonefish_sim/share/stonefish_sim/scenarios/README.md
-- Up-to-date symlink: /home/badawi/Desktop/auto-pilot/install/stonefish_sim/share/stonefish_sim/scenarios/default.scn
-- Up-to-date symlink: /home/badawi/Desktop/auto-pilot/install/stonefish_sim/share/stonefish_sim/scenarios/docking.scn
-- Up-to-date symlink: /home/badawi/Desktop/auto-pilot/install/stonefish_sim/share/stonefish_sim/scenarios/freya_demo.scn
-- Up-to-date symlink: /home/badawi/Desktop/auto-pilot/install/stonefish_sim/share/stonefish_sim/scenarios/freya_no_gpu.scn
-- Up-to-date symlink: /home/badawi/Desktop/auto-pilot/install/stonefish_sim/share/stonefish_sim/scenarios/orca_demo.scn
-- Up-to-date symlink: /home/badawi/Desktop/auto-pilot/install/stonefish_sim/share/stonefish_sim/scenarios/orca_freya_demo.scn
-- Up-to-date symlink: /home/badawi/Desktop/auto-pilot/install/stonefish_sim/share/stonefish_sim/scenarios/orca_no_gpu.scn
-- Up-to-date symlink: /home/badawi/Desktop/auto-pilot/install/stonefish_sim/share/stonefish_sim/scenarios/pipeline.scn
-- Up-to-date symlink: /home/badawi/Desktop/auto-pilot/install/stonefish_sim/share/stonefish_sim/scenarios/structure.scn
-- Up-to-date symlink: /home/badawi/Desktop/auto-pilot/install/stonefish_sim/share/stonefish_sim/scenarios/tacc.scn
-- Up-to-date symlink: /home/badawi/Desktop/auto-pilot/install/stonefish_sim/share/stonefish_sim/scenarios/tests/default_gpu.scn
-- Up-to-date symlink: /home/badawi/Desktop/auto-pilot/install/stonefish_sim/share/stonefish_sim/scenarios/tests/default_no_gpu.scn
-- Up-to-date symlink: /home/badawi/Desktop/auto-pilot/install/stonefish_sim/share/stonefish_sim/data/README.md
-- Up-to-date symlink: /home/badawi/Desktop/auto-pilot/install/stonefish_sim/share/stonefish_sim/data/aruco_tags/DICT_4X4_1000_1f.png
-- Up-to-date symlink: /home/badawi/Desktop/auto-pilot/install/stonefish_sim/share/stonefish_sim/data/aruco_tags/DICT_4X4_1000_2f.png
-- Up-to-date symlink: /home/badawi/Desktop/auto-pilot/install/stonefish_sim/share/stonefish_sim/data/aruco_tags/DICT_4X4_1000_3f.png
-- Up-to-date symlink: /home/badawi/Desktop/auto-pilot/install/stonefish_sim/share/stonefish_sim/data/aruco_tags/DICT_4X4_1000_4f.png
-- Up-to-date symlink: /home/badawi/Desktop/auto-pilot/install/stonefish_sim/share/stonefish_sim/data/aruco_tags/aruco-19.png
-- Up-to-date symlink: /home/badawi/Desktop/auto-pilot/install/stonefish_sim/share/stonefish_sim/data/aruco_tags/aruco-28.png
-- Up-to-date symlink: /home/badawi/Desktop/auto-pilot/install/stonefish_sim/share/stonefish_sim/data/aruco_tags/aruco-7.png
-- Up-to-date symlink: /home/badawi/Desktop/auto-pilot/install/stonefish_sim/share/stonefish_sim/data/aruco_tags/aruco-96.png
-- Up-to-date symlink: /home/badawi/Desktop/auto-pilot/install/stonefish_sim/share/stonefish_sim/data/aruco_tags/aruco-marker-ID=33.png
-- Up-to-date symlink: /home/badawi/Desktop/auto-pilot/install/stonefish_sim/share/stonefish_sim/data/aruco_tags/dict_5x5_50_0.png
-- Up-to-date symlink: /home/badawi/Desktop/auto-pilot/install/stonefish_sim/share/stonefish_sim/data/aruco_tags/dict_5x5_50_1.png
-- Up-to-date symlink: /home/badawi/Desktop/auto-pilot/install/stonefish_sim/share/stonefish_sim/data/aruco_tags/dict_5x5_50_10.png
-- Up-to-date symlink: /home/badawi/Desktop/auto-pilot/install/stonefish_sim/share/stonefish_sim/data/aruco_tags/dict_5x5_50_11.png
-- Up-to-date symlink: /home/badawi/Desktop/auto-pilot/install/stonefish_sim/share/stonefish_sim/data/aruco_tags/dict_5x5_50_12.png
-- Up-to-date symlink: /home/badawi/Desktop/auto-pilot/install/stonefish_sim/share/stonefish_sim/data/aruco_tags/dict_5x5_50_13.png
-- Up-to-date symlink: /home/badawi/Desktop/auto-pilot/install/stonefish_sim/share/stonefish_sim/data/aruco_tags/dict_5x5_50_14.png
-- Up-to-date symlink: /home/badawi/Desktop/auto-pilot/install/stonefish_sim/share/stonefish_sim/data/aruco_tags/dict_5x5_50_15.png
-- Up-to-date symlink: /home/badawi/Desktop/auto-pilot/install/stonefish_sim/share/stonefish_sim/data/aruco_tags/dict_5x5_50_16.png
-- Up-to-date symlink: /home/badawi/Desktop/auto-pilot/install/stonefish_sim/share/stonefish_sim/data/aruco_tags/dict_5x5_50_17.png
-- Up-to-date symlink: /home/badawi/Desktop/auto-pilot/install/stonefish_sim/share/stonefish_sim/data/aruco_tags/dict_5x5_50_18.png
-- Up-to-date symlink: /home/badawi/Desktop/auto-pilot/install/stonefish_sim/share/stonefish_sim/data/aruco_tags/dict_5x5_50_19.png
-- Up-to-date symlink: /home/badawi/Desktop/auto-pilot/install/stonefish_sim/share/stonefish_sim/data/aruco_tags/dict_5x5_50_2.png
-- Up-to-date symlink: /home/badawi/Desktop/auto-pilot/install/stonefish_sim/share/stonefish_sim/data/aruco_tags/dict_5x5_50_20.png
-- Up-to-date symlink: /home/badawi/Desktop/auto-pilot/install/stonefish_sim/share/stonefish_sim/data/aruco_tags/dict_5x5_50_3.png
-- Up-to-date symlink: /home/badawi/Desktop/auto-pilot/install/stonefish_sim/share/stonefish_sim/data/aruco_tags/dict_5x5_50_4.png
-- Up-to-date symlink: /home/badawi/Desktop/auto-pilot/install/stonefish_sim/share/stonefish_sim/data/aruco_tags/dict_5x5_50_5.png
-- Up-to-date symlink: /home/badawi/Desktop/auto-pilot/install/stonefish_sim/share/stonefish_sim/data/aruco_tags/dict_5x5_50_6.png
-- Up-to-date symlink: /home/badawi/Desktop/auto-pilot/install/stonefish_sim/share/stonefish_sim/data/aruco_tags/dict_5x5_50_7.png
-- Up-to-date symlink: /home/badawi/Desktop/auto-pilot/install/stonefish_sim/share/stonefish_sim/data/aruco_tags/dict_5x5_50_8.png
-- Up-to-date symlink: /home/badawi/Desktop/auto-pilot/install/stonefish_sim/share/stonefish_sim/data/aruco_tags/dict_5x5_50_9.png
-- Up-to-date symlink: /home/badawi/Desktop/auto-pilot/install/stonefish_sim/share/stonefish_sim/data/cyberfish/cyberfish.obj
-- Up-to-date symlink: /home/badawi/Desktop/auto-pilot/install/stonefish_sim/share/stonefish_sim/data/cyberfish/cyberfish_phys.obj
-- Up-to-date symlink: /home/badawi/Desktop/auto-pilot/install/stonefish_sim/share/stonefish_sim/data/freya/body.obj
-- Up-to-date symlink: /home/badawi/Desktop/auto-pilot/install/stonefish_sim/share/stonefish_sim/data/freya/freya.obj
-- Up-to-date symlink: /home/badawi/Desktop/auto-pilot/install/stonefish_sim/share/stonefish_sim/data/freya/freya_mesh.obj
-- Up-to-date symlink: /home/badawi/Desktop/auto-pilot/install/stonefish_sim/share/stonefish_sim/data/freya/freya_mesh2.obj
-- Up-to-date symlink: /home/badawi/Desktop/auto-pilot/install/stonefish_sim/share/stonefish_sim/data/freya/freya_simple.obj
-- Up-to-date symlink: /home/badawi/Desktop/auto-pilot/install/stonefish_sim/share/stonefish_sim/data/freya/pontoon.obj
-- Up-to-date symlink: /home/badawi/Desktop/auto-pilot/install/stonefish_sim/share/stonefish_sim/data/freya/pontoon2.obj
-- Up-to-date symlink: /home/badawi/Desktop/auto-pilot/install/stonefish_sim/share/stonefish_sim/data/object_files/Buoy1.png
-- Up-to-date symlink: /home/badawi/Desktop/auto-pilot/install/stonefish_sim/share/stonefish_sim/data/object_files/aruco_plates/DICT_5X5_50_0_f.png
-- Up-to-date symlink: /home/badawi/Desktop/auto-pilot/install/stonefish_sim/share/stonefish_sim/data/object_files/aruco_plates/DICT_5x5_50_0.dae
-- Up-to-date symlink: /home/badawi/Desktop/auto-pilot/install/stonefish_sim/share/stonefish_sim/data/object_files/blueye.obj
-- Up-to-date symlink: /home/badawi/Desktop/auto-pilot/install/stonefish_sim/share/stonefish_sim/data/object_files/buoy1.obj
-- Up-to-date symlink: /home/badawi/Desktop/auto-pilot/install/stonefish_sim/share/stonefish_sim/data/object_files/docking_station.obj
-- Up-to-date symlink: /home/badawi/Desktop/auto-pilot/install/stonefish_sim/share/stonefish_sim/data/object_files/docking_station_mesh.obj
-- Up-to-date symlink: /home/badawi/Desktop/auto-pilot/install/stonefish_sim/share/stonefish_sim/data/object_files/docking_station_rig.mtl
-- Up-to-date symlink: /home/badawi/Desktop/auto-pilot/install/stonefish_sim/share/stonefish_sim/data/object_files/docking_station_rig.obj
-- Up-to-date symlink: /home/badawi/Desktop/auto-pilot/install/stonefish_sim/share/stonefish_sim/data/object_files/docking_station_rig_collision_manual.obj
-- Up-to-date symlink: /home/badawi/Desktop/auto-pilot/install/stonefish_sim/share/stonefish_sim/data/object_files/docking_station_rig_gazebo_collision.obj
-- Up-to-date symlink: /home/badawi/Desktop/auto-pilot/install/stonefish_sim/share/stonefish_sim/data/object_files/docking_station_rig_lowpoly_collision.obj
-- Up-to-date symlink: /home/badawi/Desktop/auto-pilot/install/stonefish_sim/share/stonefish_sim/data/object_files/pipe1.obj
-- Up-to-date symlink: /home/badawi/Desktop/auto-pilot/install/stonefish_sim/share/stonefish_sim/data/object_files/pipe2.obj
-- Up-to-date symlink: /home/badawi/Desktop/auto-pilot/install/stonefish_sim/share/stonefish_sim/data/object_files/pipe2.png
-- Up-to-date symlink: /home/badawi/Desktop/auto-pilot/install/stonefish_sim/share/stonefish_sim/data/object_files/pool.obj
-- Up-to-date symlink: /home/badawi/Desktop/auto-pilot/install/stonefish_sim/share/stonefish_sim/data/object_files/pool_room.obj
-- Up-to-date symlink: /home/badawi/Desktop/auto-pilot/install/stonefish_sim/share/stonefish_sim/data/object_files/seafloor.obj
-- Up-to-date symlink: /home/badawi/Desktop/auto-pilot/install/stonefish_sim/share/stonefish_sim/data/object_files/structure.obj
-- Up-to-date symlink: /home/badawi/Desktop/auto-pilot/install/stonefish_sim/share/stonefish_sim/data/object_files/structure_mesh.obj
-- Up-to-date symlink: /home/badawi/Desktop/auto-pilot/install/stonefish_sim/share/stonefish_sim/data/object_files/tacc_seafloor/rocks.png
-- Up-to-date symlink: /home/badawi/Desktop/auto-pilot/install/stonefish_sim/share/stonefish_sim/data/object_files/tacc_seafloor/tacc_seafloor.mtl
-- Up-to-date symlink: /home/badawi/Desktop/auto-pilot/install/stonefish_sim/share/stonefish_sim/data/object_files/tacc_seafloor/tacc_seafloor.obj
-- Up-to-date symlink: /home/badawi/Desktop/auto-pilot/install/stonefish_sim/share/stonefish_sim/data/object_files/valve_base.obj
-- Up-to-date symlink: /home/badawi/Desktop/auto-pilot/install/stonefish_sim/share/stonefish_sim/data/object_files/valve_base_mesh.obj
-- Up-to-date symlink: /home/badawi/Desktop/auto-pilot/install/stonefish_sim/share/stonefish_sim/data/object_files/valve_turnable.obj
-- Up-to-date symlink: /home/badawi/Desktop/auto-pilot/install/stonefish_sim/share/stonefish_sim/data/object_files/valve_turnable_mesh.obj
-- Up-to-date symlink: /home/badawi/Desktop/auto-pilot/install/stonefish_sim/share/stonefish_sim/data/orca/bluerov2_propccw.obj
-- Up-to-date symlink: /home/badawi/Desktop/auto-pilot/install/stonefish_sim/share/stonefish_sim/data/orca/gripper_arm.obj
-- Up-to-date symlink: /home/badawi/Desktop/auto-pilot/install/stonefish_sim/share/stonefish_sim/data/orca/gripper_arm_mesh.obj
-- Up-to-date symlink: /home/badawi/Desktop/auto-pilot/install/stonefish_sim/share/stonefish_sim/data/orca/gripper_finger.obj
-- Up-to-date symlink: /home/badawi/Desktop/auto-pilot/install/stonefish_sim/share/stonefish_sim/data/orca/gripper_finger_mesh.obj
-- Up-to-date symlink: /home/badawi/Desktop/auto-pilot/install/stonefish_sim/share/stonefish_sim/data/orca/gripper_shoulder.obj
-- Up-to-date symlink: /home/badawi/Desktop/auto-pilot/install/stonefish_sim/share/stonefish_sim/data/orca/gripper_shoulder_mesh.obj
-- Up-to-date symlink: /home/badawi/Desktop/auto-pilot/install/stonefish_sim/share/stonefish_sim/data/orca/orca2.obj
-- Up-to-date symlink: /home/badawi/Desktop/auto-pilot/install/stonefish_sim/share/stonefish_sim/data/orca/orca_mesh.obj
-- Up-to-date symlink: /home/badawi/Desktop/auto-pilot/install/stonefish_sim/share/stonefish_sim/data/orca/orca_mesh2.obj
-- Up-to-date symlink: /home/badawi/Desktop/auto-pilot/install/stonefish_sim/share/stonefish_sim/metadata/README.md
-- Up-to-date symlink: /home/badawi/Desktop/auto-pilot/install/stonefish_sim/share/stonefish_sim/metadata/looks.scn
-- Up-to-date symlink: /home/badawi/Desktop/auto-pilot/install/stonefish_sim/share/stonefish_sim/metadata/materials.scn
-- Up-to-date symlink: /home/badawi/Desktop/auto-pilot/install/stonefish_sim/share/stonefish_sim/drones/README.md
-- Up-to-date symlink: /home/badawi/Desktop/auto-pilot/install/stonefish_sim/share/stonefish_sim/drones/blueye.scn
-- Up-to-date symlink: /home/badawi/Desktop/auto-pilot/install/stonefish_sim/share/stonefish_sim/drones/cyberfish.scn
-- Up-to-date symlink: /home/badawi/Desktop/auto-pilot/install/stonefish_sim/share/stonefish_sim/drones/freya.scn
-- Up-to-date symlink: /home/badawi/Desktop/auto-pilot/install/stonefish_sim/share/stonefish_sim/drones/freya_no_visual.scn
-- Up-to-date symlink: /home/badawi/Desktop/auto-pilot/install/stonefish_sim/share/stonefish_sim/drones/gripper.scn
-- Up-to-date symlink: /home/badawi/Desktop/auto-pilot/install/stonefish_sim/share/stonefish_sim/drones/orca.scn
-- Up-to-date symlink: /home/badawi/Desktop/auto-pilot/install/stonefish_sim/share/stonefish_sim/drones/orca_no_visual.scn
-- Up-to-date symlink: /home/badawi/Desktop/auto-pilot/install/stonefish_sim/share/stonefish_sim/objects/README.md
-- Up-to-date symlink: /home/badawi/Desktop/auto-pilot/install/stonefish_sim/share/stonefish_sim/objects/blueye.scn
-- Up-to-date symlink: /home/badawi/Desktop/auto-pilot/install/stonefish_sim/share/stonefish_sim/objects/default_seafloor.scn
-- Up-to-date symlink: /home/badawi/Desktop/auto-pilot/install/stonefish_sim/share/stonefish_sim/objects/dock.scn
-- Up-to-date symlink: /home/badawi/Desktop/auto-pilot/install/stonefish_sim/share/stonefish_sim/objects/docking_station_rig.scn
-- Up-to-date symlink: /home/badawi/Desktop/auto-pilot/install/stonefish_sim/share/stonefish_sim/objects/pipe.scn
-- Up-to-date symlink: /home/badawi/Desktop/auto-pilot/install/stonefish_sim/share/stonefish_sim/objects/pool.scn
-- Up-to-date symlink: /home/badawi/Desktop/auto-pilot/install/stonefish_sim/share/stonefish_sim/objects/structure.scn
-- Up-to-date symlink: /home/badawi/Desktop/auto-pilot/install/stonefish_sim/share/stonefish_sim/objects/tacc_seafloor.scn
-- Up-to-date symlink: /home/badawi/Desktop/auto-pilot/install/stonefish_sim/share/ament_index/resource_index/package_run_dependencies/stonefish_sim
-- Up-to-date symlink: /home/badawi/Desktop/auto-pilot/install/stonefish_sim/share/ament_index/resource_index/parent_prefix_path/stonefish_sim
-- Up-to-date symlink: /home/badawi/Desktop/auto-pilot/install/stonefish_sim/share/stonefish_sim/environment/ament_prefix_path.sh
-- Up-to-date symlink: /home/badawi/Desktop/auto-pilot/install/stonefish_sim/share/stonefish_sim/environment/ament_prefix_path.dsv
-- Up-to-date symlink: /home/badawi/Desktop/auto-pilot/install/stonefish_sim/share/stonefish_sim/environment/path.sh
-- Up-to-date symlink: /home/badawi/Desktop/auto-pilot/install/stonefish_sim/share/stonefish_sim/environment/path.dsv
-- Up-to-date symlink: /home/badawi/Desktop/auto-pilot/install/stonefish_sim/share/stonefish_sim/local_setup.bash
-- Up-to-date symlink: /home/badawi/Desktop/auto-pilot/install/stonefish_sim/share/stonefish_sim/local_setup.sh
-- Up-to-date symlink: /home/badawi/Desktop/auto-pilot/install/stonefish_sim/share/stonefish_sim/local_setup.zsh
-- Up-to-date symlink: /home/badawi/Desktop/auto-pilot/install/stonefish_sim/share/stonefish_sim/local_setup.dsv
-- Symlinking: /home/badawi/Desktop/auto-pilot/install/stonefish_sim/share/stonefish_sim/package.dsv
-- Up-to-date symlink: /home/badawi/Desktop/auto-pilot/install/stonefish_sim/share/ament_index/resource_index/packages/stonefish_sim
-- Up-to-date symlink: /home/badawi/Desktop/auto-pilot/install/stonefish_sim/share/stonefish_sim/cmake/stonefish_simConfig.cmake
-- Up-to-date symlink: /home/badawi/Desktop/auto-pilot/install/stonefish_sim/share/stonefish_sim/cmake/stonefish_simConfig-version.cmake
-- Up-to-date symlink: /home/badawi/Desktop/auto-pilot/install/stonefish_sim/share/stonefish_sim/package.xml
