-- Found ament_cmake: 1.3.12 (/opt/ros/humble/share/ament_cmake/cmake)
-- Override CMake install command with custom implementation using symlinks instead of copying resources
-- Found rclcpp: 16.0.17 (/opt/ros/humble/share/rclcpp/cmake)
-- Found rosidl_generator_c: 3.1.8 (/opt/ros/humble/share/rosidl_generator_c/cmake)
-- Found rosidl_adapter: 3.1.8 (/opt/ros/humble/share/rosidl_adapter/cmake)
-- Found rosidl_generator_cpp: 3.1.8 (/opt/ros/humble/share/rosidl_generator_cpp/cmake)
-- Using all available rosidl_typesupport_c: rosidl_typesupport_fastrtps_c;rosidl_typesupport_introspection_c
-- Using all available rosidl_typesupport_cpp: rosidl_typesupport_fastrtps_cpp;rosidl_typesupport_introspection_cpp
-- Found rmw_implementation_cmake: 6.1.2 (/opt/ros/humble/share/rmw_implementation_cmake/cmake)
-- Found rmw_fastrtps_cpp: 6.2.9 (/opt/ros/humble/share/rmw_fastrtps_cpp/cmake)
-- Using RMW implementation 'rmw_fastrtps_cpp' as default
-- Found geometry_msgs: 4.9.0 (/opt/ros/humble/share/geometry_msgs/cmake)
-- Found nav_msgs: 4.9.0 (/opt/ros/humble/share/nav_msgs/cmake)
-- Found pid_siso: 0.0.0 (/home/badawi/Desktop/auto-pilot/install/pid_siso/share/pid_siso/cmake)
-- Configuring done
-- Generating done
-- Build files have been written to: /home/badawi/Desktop/auto-pilot/build/velocity_controller_4dof_ros2
Consolidate compiler generated dependencies of target velocity_controller_4dof
[100%] Built target velocity_controller_4dof
-- Install configuration: ""
-- Execute custom install script
-- Up-to-date symlink: /home/badawi/Desktop/auto-pilot/install/velocity_controller_4dof_ros2/lib/velocity_controller_4dof_ros2/velocity_controller_4dof
-- Up-to-date symlink: /home/badawi/Desktop/auto-pilot/install/velocity_controller_4dof_ros2/share/ament_index/resource_index/package_run_dependencies/velocity_controller_4dof_ros2
-- Up-to-date symlink: /home/badawi/Desktop/auto-pilot/install/velocity_controller_4dof_ros2/share/ament_index/resource_index/parent_prefix_path/velocity_controller_4dof_ros2
-- Up-to-date symlink: /home/badawi/Desktop/auto-pilot/install/velocity_controller_4dof_ros2/share/velocity_controller_4dof_ros2/environment/ament_prefix_path.sh
-- Up-to-date symlink: /home/badawi/Desktop/auto-pilot/install/velocity_controller_4dof_ros2/share/velocity_controller_4dof_ros2/environment/ament_prefix_path.dsv
-- Up-to-date symlink: /home/badawi/Desktop/auto-pilot/install/velocity_controller_4dof_ros2/share/velocity_controller_4dof_ros2/environment/path.sh
-- Up-to-date symlink: /home/badawi/Desktop/auto-pilot/install/velocity_controller_4dof_ros2/share/velocity_controller_4dof_ros2/environment/path.dsv
-- Up-to-date symlink: /home/badawi/Desktop/auto-pilot/install/velocity_controller_4dof_ros2/share/velocity_controller_4dof_ros2/local_setup.bash
-- Up-to-date symlink: /home/badawi/Desktop/auto-pilot/install/velocity_controller_4dof_ros2/share/velocity_controller_4dof_ros2/local_setup.sh
-- Up-to-date symlink: /home/badawi/Desktop/auto-pilot/install/velocity_controller_4dof_ros2/share/velocity_controller_4dof_ros2/local_setup.zsh
-- Up-to-date symlink: /home/badawi/Desktop/auto-pilot/install/velocity_controller_4dof_ros2/share/velocity_controller_4dof_ros2/local_setup.dsv
-- Symlinking: /home/badawi/Desktop/auto-pilot/install/velocity_controller_4dof_ros2/share/velocity_controller_4dof_ros2/package.dsv
-- Up-to-date symlink: /home/badawi/Desktop/auto-pilot/install/velocity_controller_4dof_ros2/share/ament_index/resource_index/packages/velocity_controller_4dof_ros2
-- Up-to-date symlink: /home/badawi/Desktop/auto-pilot/install/velocity_controller_4dof_ros2/share/velocity_controller_4dof_ros2/cmake/velocity_controller_4dof_ros2Config.cmake
-- Up-to-date symlink: /home/badawi/Desktop/auto-pilot/install/velocity_controller_4dof_ros2/share/velocity_controller_4dof_ros2/cmake/velocity_controller_4dof_ros2Config-version.cmake
-- Up-to-date symlink: /home/badawi/Desktop/auto-pilot/install/velocity_controller_4dof_ros2/share/velocity_controller_4dof_ros2/package.xml
