[0.567s] Invoking command in '/home/badawi/Desktop/auto-pilot/src/mundus_mir_stonefish_docking_controller': CMAKE_PREFIX_PATH=/home/badawi/Desktop/auto-pilot/install/stonefish_ros2:/home/badawi/Desktop/auto-pilot/install/mundus_mir_waypoint_controller:/home/badawi/Desktop/auto-pilot/install/mundus_mir_msgs:/home/badawi/Desktop/auto-pilot/install/waypoint_manager:/home/badawi/Desktop/auto-pilot/install/vortex_utils:/home/badawi/Desktop/auto-pilot/install/vortex_sim_interface:/home/badawi/Desktop/auto-pilot/install/velocity_controller_lqr:/home/badawi/Desktop/auto-pilot/install/freya_visualization:/home/badawi/Desktop/auto-pilot/install/thruster_visualization:/home/badawi/Desktop/auto-pilot/install/thrust_allocator_auv:/home/badawi/Desktop/auto-pilot/install/reference_filter_dp:/home/badawi/Desktop/auto-pilot/install/pose_action_server:/home/badawi/Desktop/auto-pilot/install/pid_controller_dp_euler:/home/badawi/Desktop/auto-pilot/install/pid_controller_dp:/home/badawi/Desktop/auto-pilot/install/los_guidance:/home/badawi/Desktop/auto-pilot/install/dp_adapt_backs_controller:/home/badawi/Desktop/auto-pilot/install/vortex_msgs:/home/badawi/Desktop/auto-pilot/install/velocity_controller_4dof_ros2:/home/badawi/Desktop/auto-pilot/install/urdf_models:/home/badawi/Desktop/auto-pilot/install/stonefish_sim:/home/badawi/Desktop/auto-pilot/install/ma1_stonefish:/home/badawi/Desktop/auto-pilot/install/pid_siso:/home/badawi/Desktop/auto-pilot/install/mundus_mir_vehicle_interfaces:/home/badawi/Desktop/auto-pilot/install/mundus_mir_blueye_joystick_cpp:/home/badawi/Desktop/auto-pilot/install/ma1_mclsimpy:/home/badawi/Desktop/auto-pilot/install/joystick_interface_auv:/home/badawi/Desktop/auto-pilot/install/auv_setup:/home/badawi/btcpp_ws/install/behaviortree_cpp LD_LIBRARY_PATH=/home/badawi/Desktop/auto-pilot/install/stonefish_ros2/lib:/home/badawi/Desktop/auto-pilot/install/mundus_mir_msgs/lib:/home/badawi/Desktop/auto-pilot/install/vortex_utils/lib:/home/badawi/Desktop/auto-pilot/install/thrust_allocator_auv/lib:/home/badawi/Desktop/auto-pilot/install/reference_filter_dp/lib:/home/badawi/Desktop/auto-pilot/install/dp_adapt_backs_controller/lib:/home/badawi/Desktop/auto-pilot/install/vortex_msgs/lib:/home/badawi/Desktop/auto-pilot/install/pid_siso/lib:/home/badawi/btcpp_ws/install/behaviortree_cpp/lib:/usr/local/lib:/opt/ros/humble/opt/rviz_ogre_vendor/lib:/opt/ros/humble/lib/x86_64-linux-gnu:/opt/ros/humble/lib PYTHONPATH=/home/badawi/Desktop/auto-pilot/build/mundus_mir_stonefish_docking_controller/prefix_override:/usr/lib/python3/dist-packages/colcon_core/task/python/colcon_distutils_commands:/home/badawi/Desktop/auto-pilot/install/mundus_mir_stonefish_docking_controller/lib/python3.10/site-packages:${PYTHONPATH} /usr/bin/python3 -W ignore:setup.py install is deprecated -W ignore:easy_install command is deprecated setup.py egg_info --egg-base ../../build/mundus_mir_stonefish_docking_controller build --build-base /home/badawi/Desktop/auto-pilot/build/mundus_mir_stonefish_docking_controller/build install --record /home/badawi/Desktop/auto-pilot/build/mundus_mir_stonefish_docking_controller/install.log --single-version-externally-managed install_data
[0.767s] running egg_info
[0.779s] creating ../../build/mundus_mir_stonefish_docking_controller/mundus_mir_stonefish_docking_controller.egg-info
[0.779s] writing ../../build/mundus_mir_stonefish_docking_controller/mundus_mir_stonefish_docking_controller.egg-info/PKG-INFO
[0.779s] writing dependency_links to ../../build/mundus_mir_stonefish_docking_controller/mundus_mir_stonefish_docking_controller.egg-info/dependency_links.txt
[0.780s] writing entry points to ../../build/mundus_mir_stonefish_docking_controller/mundus_mir_stonefish_docking_controller.egg-info/entry_points.txt
[0.780s] writing requirements to ../../build/mundus_mir_stonefish_docking_controller/mundus_mir_stonefish_docking_controller.egg-info/requires.txt
[0.780s] writing top-level names to ../../build/mundus_mir_stonefish_docking_controller/mundus_mir_stonefish_docking_controller.egg-info/top_level.txt
[0.780s] writing manifest file '../../build/mundus_mir_stonefish_docking_controller/mundus_mir_stonefish_docking_controller.egg-info/SOURCES.txt'
[0.807s] reading manifest file '../../build/mundus_mir_stonefish_docking_controller/mundus_mir_stonefish_docking_controller.egg-info/SOURCES.txt'
[0.808s] writing manifest file '../../build/mundus_mir_stonefish_docking_controller/mundus_mir_stonefish_docking_controller.egg-info/SOURCES.txt'
[0.808s] running build
[0.808s] running build_py
[0.808s] creating /home/badawi/Desktop/auto-pilot/build/mundus_mir_stonefish_docking_controller/build/lib/mundus_mir_stonefish_docking_controller
[0.808s] copying mundus_mir_stonefish_docking_controller/stonefish_aruco_pose.py -> /home/badawi/Desktop/auto-pilot/build/mundus_mir_stonefish_docking_controller/build/lib/mundus_mir_stonefish_docking_controller
[0.808s] copying mundus_mir_stonefish_docking_controller/stonefish_docking_controller.py -> /home/badawi/Desktop/auto-pilot/build/mundus_mir_stonefish_docking_controller/build/lib/mundus_mir_stonefish_docking_controller
[0.808s] copying mundus_mir_stonefish_docking_controller/aruco_board_stonefish.py -> /home/badawi/Desktop/auto-pilot/build/mundus_mir_stonefish_docking_controller/build/lib/mundus_mir_stonefish_docking_controller
[0.808s] copying mundus_mir_stonefish_docking_controller/__init__.py -> /home/badawi/Desktop/auto-pilot/build/mundus_mir_stonefish_docking_controller/build/lib/mundus_mir_stonefish_docking_controller
[0.809s] copying mundus_mir_stonefish_docking_controller/stonefish_sensor_republisher.py -> /home/badawi/Desktop/auto-pilot/build/mundus_mir_stonefish_docking_controller/build/lib/mundus_mir_stonefish_docking_controller
[0.809s] running install
[0.813s] running install_lib
[0.826s] creating /home/badawi/Desktop/auto-pilot/install/mundus_mir_stonefish_docking_controller/lib/python3.10/site-packages/mundus_mir_stonefish_docking_controller
[0.826s] copying /home/badawi/Desktop/auto-pilot/build/mundus_mir_stonefish_docking_controller/build/lib/mundus_mir_stonefish_docking_controller/stonefish_aruco_pose.py -> /home/badawi/Desktop/auto-pilot/install/mundus_mir_stonefish_docking_controller/lib/python3.10/site-packages/mundus_mir_stonefish_docking_controller
[0.826s] copying /home/badawi/Desktop/auto-pilot/build/mundus_mir_stonefish_docking_controller/build/lib/mundus_mir_stonefish_docking_controller/stonefish_docking_controller.py -> /home/badawi/Desktop/auto-pilot/install/mundus_mir_stonefish_docking_controller/lib/python3.10/site-packages/mundus_mir_stonefish_docking_controller
[0.826s] copying /home/badawi/Desktop/auto-pilot/build/mundus_mir_stonefish_docking_controller/build/lib/mundus_mir_stonefish_docking_controller/aruco_board_stonefish.py -> /home/badawi/Desktop/auto-pilot/install/mundus_mir_stonefish_docking_controller/lib/python3.10/site-packages/mundus_mir_stonefish_docking_controller
[0.826s] copying /home/badawi/Desktop/auto-pilot/build/mundus_mir_stonefish_docking_controller/build/lib/mundus_mir_stonefish_docking_controller/__init__.py -> /home/badawi/Desktop/auto-pilot/install/mundus_mir_stonefish_docking_controller/lib/python3.10/site-packages/mundus_mir_stonefish_docking_controller
[0.827s] copying /home/badawi/Desktop/auto-pilot/build/mundus_mir_stonefish_docking_controller/build/lib/mundus_mir_stonefish_docking_controller/stonefish_sensor_republisher.py -> /home/badawi/Desktop/auto-pilot/install/mundus_mir_stonefish_docking_controller/lib/python3.10/site-packages/mundus_mir_stonefish_docking_controller
[0.827s] byte-compiling /home/badawi/Desktop/auto-pilot/install/mundus_mir_stonefish_docking_controller/lib/python3.10/site-packages/mundus_mir_stonefish_docking_controller/stonefish_aruco_pose.py to stonefish_aruco_pose.cpython-310.pyc
[0.828s] byte-compiling /home/badawi/Desktop/auto-pilot/install/mundus_mir_stonefish_docking_controller/lib/python3.10/site-packages/mundus_mir_stonefish_docking_controller/stonefish_docking_controller.py to stonefish_docking_controller.cpython-310.pyc
[0.830s] byte-compiling /home/badawi/Desktop/auto-pilot/install/mundus_mir_stonefish_docking_controller/lib/python3.10/site-packages/mundus_mir_stonefish_docking_controller/aruco_board_stonefish.py to aruco_board_stonefish.cpython-310.pyc
[0.830s] byte-compiling /home/badawi/Desktop/auto-pilot/install/mundus_mir_stonefish_docking_controller/lib/python3.10/site-packages/mundus_mir_stonefish_docking_controller/__init__.py to __init__.cpython-310.pyc
[0.831s] byte-compiling /home/badawi/Desktop/auto-pilot/install/mundus_mir_stonefish_docking_controller/lib/python3.10/site-packages/mundus_mir_stonefish_docking_controller/stonefish_sensor_republisher.py to stonefish_sensor_republisher.cpython-310.pyc
[0.831s] running install_data
[0.831s] creating /home/badawi/Desktop/auto-pilot/install/mundus_mir_stonefish_docking_controller/share/ament_index/resource_index/packages
[0.831s] copying resource/mundus_mir_stonefish_docking_controller -> /home/badawi/Desktop/auto-pilot/install/mundus_mir_stonefish_docking_controller/share/ament_index/resource_index/packages
[0.832s] copying package.xml -> /home/badawi/Desktop/auto-pilot/install/mundus_mir_stonefish_docking_controller/share/mundus_mir_stonefish_docking_controller
[0.832s] copying README.md -> /home/badawi/Desktop/auto-pilot/install/mundus_mir_stonefish_docking_controller/share/mundus_mir_stonefish_docking_controller
[0.832s] creating /home/badawi/Desktop/auto-pilot/install/mundus_mir_stonefish_docking_controller/share/mundus_mir_stonefish_docking_controller/launch
[0.832s] copying launch/stonefish_docking.launch.py -> /home/badawi/Desktop/auto-pilot/install/mundus_mir_stonefish_docking_controller/share/mundus_mir_stonefish_docking_controller/launch
[0.832s] creating /home/badawi/Desktop/auto-pilot/install/mundus_mir_stonefish_docking_controller/share/mundus_mir_stonefish_docking_controller/config
[0.832s] copying config/stonefish_robot_localization.yaml -> /home/badawi/Desktop/auto-pilot/install/mundus_mir_stonefish_docking_controller/share/mundus_mir_stonefish_docking_controller/config
[0.832s] running install_egg_info
[0.846s] Copying ../../build/mundus_mir_stonefish_docking_controller/mundus_mir_stonefish_docking_controller.egg-info to /home/badawi/Desktop/auto-pilot/install/mundus_mir_stonefish_docking_controller/lib/python3.10/site-packages/mundus_mir_stonefish_docking_controller-0.1.0-py3.10.egg-info
[0.846s] running install_scripts
[0.962s] Installing stonefish_aruco_pose script to /home/badawi/Desktop/auto-pilot/install/mundus_mir_stonefish_docking_controller/lib/mundus_mir_stonefish_docking_controller
[0.962s] Installing stonefish_docking_controller script to /home/badawi/Desktop/auto-pilot/install/mundus_mir_stonefish_docking_controller/lib/mundus_mir_stonefish_docking_controller
[0.962s] Installing stonefish_sensor_republisher script to /home/badawi/Desktop/auto-pilot/install/mundus_mir_stonefish_docking_controller/lib/mundus_mir_stonefish_docking_controller
[0.962s] writing list of installed files to '/home/badawi/Desktop/auto-pilot/build/mundus_mir_stonefish_docking_controller/install.log'
[0.981s] Invoked command in '/home/badawi/Desktop/auto-pilot/src/mundus_mir_stonefish_docking_controller' returned '0': CMAKE_PREFIX_PATH=/home/badawi/Desktop/auto-pilot/install/stonefish_ros2:/home/badawi/Desktop/auto-pilot/install/mundus_mir_waypoint_controller:/home/badawi/Desktop/auto-pilot/install/mundus_mir_msgs:/home/badawi/Desktop/auto-pilot/install/waypoint_manager:/home/badawi/Desktop/auto-pilot/install/vortex_utils:/home/badawi/Desktop/auto-pilot/install/vortex_sim_interface:/home/badawi/Desktop/auto-pilot/install/velocity_controller_lqr:/home/badawi/Desktop/auto-pilot/install/freya_visualization:/home/badawi/Desktop/auto-pilot/install/thruster_visualization:/home/badawi/Desktop/auto-pilot/install/thrust_allocator_auv:/home/badawi/Desktop/auto-pilot/install/reference_filter_dp:/home/badawi/Desktop/auto-pilot/install/pose_action_server:/home/badawi/Desktop/auto-pilot/install/pid_controller_dp_euler:/home/badawi/Desktop/auto-pilot/install/pid_controller_dp:/home/badawi/Desktop/auto-pilot/install/los_guidance:/home/badawi/Desktop/auto-pilot/install/dp_adapt_backs_controller:/home/badawi/Desktop/auto-pilot/install/vortex_msgs:/home/badawi/Desktop/auto-pilot/install/velocity_controller_4dof_ros2:/home/badawi/Desktop/auto-pilot/install/urdf_models:/home/badawi/Desktop/auto-pilot/install/stonefish_sim:/home/badawi/Desktop/auto-pilot/install/ma1_stonefish:/home/badawi/Desktop/auto-pilot/install/pid_siso:/home/badawi/Desktop/auto-pilot/install/mundus_mir_vehicle_interfaces:/home/badawi/Desktop/auto-pilot/install/mundus_mir_blueye_joystick_cpp:/home/badawi/Desktop/auto-pilot/install/ma1_mclsimpy:/home/badawi/Desktop/auto-pilot/install/joystick_interface_auv:/home/badawi/Desktop/auto-pilot/install/auv_setup:/home/badawi/btcpp_ws/install/behaviortree_cpp LD_LIBRARY_PATH=/home/badawi/Desktop/auto-pilot/install/stonefish_ros2/lib:/home/badawi/Desktop/auto-pilot/install/mundus_mir_msgs/lib:/home/badawi/Desktop/auto-pilot/install/vortex_utils/lib:/home/badawi/Desktop/auto-pilot/install/thrust_allocator_auv/lib:/home/badawi/Desktop/auto-pilot/install/reference_filter_dp/lib:/home/badawi/Desktop/auto-pilot/install/dp_adapt_backs_controller/lib:/home/badawi/Desktop/auto-pilot/install/vortex_msgs/lib:/home/badawi/Desktop/auto-pilot/install/pid_siso/lib:/home/badawi/btcpp_ws/install/behaviortree_cpp/lib:/usr/local/lib:/opt/ros/humble/opt/rviz_ogre_vendor/lib:/opt/ros/humble/lib/x86_64-linux-gnu:/opt/ros/humble/lib PYTHONPATH=/home/badawi/Desktop/auto-pilot/build/mundus_mir_stonefish_docking_controller/prefix_override:/usr/lib/python3/dist-packages/colcon_core/task/python/colcon_distutils_commands:/home/badawi/Desktop/auto-pilot/install/mundus_mir_stonefish_docking_controller/lib/python3.10/site-packages:${PYTHONPATH} /usr/bin/python3 -W ignore:setup.py install is deprecated -W ignore:easy_install command is deprecated setup.py egg_info --egg-base ../../build/mundus_mir_stonefish_docking_controller build --build-base /home/badawi/Desktop/auto-pilot/build/mundus_mir_stonefish_docking_controller/build install --record /home/badawi/Desktop/auto-pilot/build/mundus_mir_stonefish_docking_controller/install.log --single-version-externally-managed install_data
