-- The C compiler identification is GNU 11.4.0
-- The CXX compiler identification is GNU 11.4.0
-- Detecting C compiler ABI info
-- Detecting C compiler ABI info - done
-- Check for working C compiler: /usr/bin/cc - skipped
-- Detecting C compile features
-- Detecting C compile features - done
-- Detecting CXX compiler ABI info
-- Detecting CXX compiler ABI info - done
-- Check for working CXX compiler: /usr/bin/c++ - skipped
-- Detecting CXX compile features
-- Detecting CXX compile features - done
-- Found ament_cmake: 1.3.12 (/opt/ros/humble/share/ament_cmake/cmake)
-- Found Python3: /usr/bin/python3 (found version "3.10.12") found components: Interpreter 
-- Override CMake install command with custom implementation using symlinks instead of copying resources
-- Found rclcpp: 16.0.17 (/opt/ros/humble/share/rclcpp/cmake)
-- Found rosidl_generator_c: 3.1.8 (/opt/ros/humble/share/rosidl_generator_c/cmake)
-- Found rosidl_adapter: 3.1.8 (/opt/ros/humble/share/rosidl_adapter/cmake)
-- Found rosidl_generator_cpp: 3.1.8 (/opt/ros/humble/share/rosidl_generator_cpp/cmake)
-- Using all available rosidl_typesupport_c: rosidl_typesupport_fastrtps_c;rosidl_typesupport_introspection_c
-- Using all available rosidl_typesupport_cpp: rosidl_typesupport_fastrtps_cpp;rosidl_typesupport_introspection_cpp
-- Found rmw_implementation_cmake: 6.1.2 (/opt/ros/humble/share/rmw_implementation_cmake/cmake)
-- Found rmw_fastrtps_cpp: 6.2.9 (/opt/ros/humble/share/rmw_fastrtps_cpp/cmake)
-- Found OpenSSL: /usr/lib/x86_64-linux-gnu/libcrypto.so (found version "3.0.2")  
-- Found FastRTPS: /opt/ros/humble/include  
-- Using RMW implementation 'rmw_fastrtps_cpp' as default
-- Looking for pthread.h
-- Looking for pthread.h - found
-- Performing Test CMAKE_HAVE_LIBC_PTHREAD
-- Performing Test CMAKE_HAVE_LIBC_PTHREAD - Success
-- Found Threads: TRUE  
-- Found geometry_msgs: 4.9.0 (/opt/ros/humble/share/geometry_msgs/cmake)
-- Found nav_msgs: 4.9.0 (/opt/ros/humble/share/nav_msgs/cmake)
-- Found pid_siso: 0.0.0 (/home/badawi/Desktop/auto-pilot/install/pid_siso/share/pid_siso/cmake)
-- Configuring done
-- Generating done
-- Build files have been written to: /home/badawi/Desktop/auto-pilot/build/velocity_controller_4dof_ros2
[ 33%] [32mBuilding CXX object CMakeFiles/velocity_controller_4dof.dir/bin/node.cpp.o[0m
[ 66%] [32mBuilding CXX object CMakeFiles/velocity_controller_4dof.dir/src/velocity_controller_4dof.cpp.o[0m
[100%] [32m[1mLinking CXX executable velocity_controller_4dof[0m
[100%] Built target velocity_controller_4dof
-- Install configuration: ""
-- Execute custom install script
-- Symlinking: /home/badawi/Desktop/auto-pilot/install/velocity_controller_4dof_ros2/lib/velocity_controller_4dof_ros2/velocity_controller_4dof
-- Symlinking: /home/badawi/Desktop/auto-pilot/install/velocity_controller_4dof_ros2/share/ament_index/resource_index/package_run_dependencies/velocity_controller_4dof_ros2
-- Symlinking: /home/badawi/Desktop/auto-pilot/install/velocity_controller_4dof_ros2/share/ament_index/resource_index/parent_prefix_path/velocity_controller_4dof_ros2
-- Symlinking: /home/badawi/Desktop/auto-pilot/install/velocity_controller_4dof_ros2/share/velocity_controller_4dof_ros2/environment/ament_prefix_path.sh
-- Symlinking: /home/badawi/Desktop/auto-pilot/install/velocity_controller_4dof_ros2/share/velocity_controller_4dof_ros2/environment/ament_prefix_path.dsv
-- Symlinking: /home/badawi/Desktop/auto-pilot/install/velocity_controller_4dof_ros2/share/velocity_controller_4dof_ros2/environment/path.sh
-- Symlinking: /home/badawi/Desktop/auto-pilot/install/velocity_controller_4dof_ros2/share/velocity_controller_4dof_ros2/environment/path.dsv
-- Symlinking: /home/badawi/Desktop/auto-pilot/install/velocity_controller_4dof_ros2/share/velocity_controller_4dof_ros2/local_setup.bash
-- Symlinking: /home/badawi/Desktop/auto-pilot/install/velocity_controller_4dof_ros2/share/velocity_controller_4dof_ros2/local_setup.sh
-- Symlinking: /home/badawi/Desktop/auto-pilot/install/velocity_controller_4dof_ros2/share/velocity_controller_4dof_ros2/local_setup.zsh
-- Symlinking: /home/badawi/Desktop/auto-pilot/install/velocity_controller_4dof_ros2/share/velocity_controller_4dof_ros2/local_setup.dsv
-- Symlinking: /home/badawi/Desktop/auto-pilot/install/velocity_controller_4dof_ros2/share/velocity_controller_4dof_ros2/package.dsv
-- Symlinking: /home/badawi/Desktop/auto-pilot/install/velocity_controller_4dof_ros2/share/ament_index/resource_index/packages/velocity_controller_4dof_ros2
-- Symlinking: /home/badawi/Desktop/auto-pilot/install/velocity_controller_4dof_ros2/share/velocity_controller_4dof_ros2/cmake/velocity_controller_4dof_ros2Config.cmake
-- Symlinking: /home/badawi/Desktop/auto-pilot/install/velocity_controller_4dof_ros2/share/velocity_controller_4dof_ros2/cmake/velocity_controller_4dof_ros2Config-version.cmake
-- Symlinking: /home/badawi/Desktop/auto-pilot/install/velocity_controller_4dof_ros2/share/velocity_controller_4dof_ros2/package.xml
