-- The C compiler identification is GNU 11.4.0
-- The CXX compiler identification is GNU 11.4.0
-- Detecting C compiler ABI info
-- Detecting C compiler ABI info - done
-- Check for working C compiler: /usr/bin/cc - skipped
-- Detecting C compile features
-- Detecting C compile features - done
-- Detecting CXX compiler ABI info
-- Detecting CXX compiler ABI info - done
-- Check for working CXX compiler: /usr/bin/c++ - skipped
-- Detecting CXX compile features
-- Detecting CXX compile features - done
-- Found ament_cmake: 1.3.12 (/opt/ros/humble/share/ament_cmake/cmake)
-- Found Python3: /usr/bin/python3 (found version "3.10.12") found components: Interpreter 
-- Override CMake install command with custom implementation using symlinks instead of copying resources
-- Found rclpy: 3.3.19 (/opt/ros/humble/share/rclpy/cmake)
-- Configuring done
-- Generating done
-- Build files have been written to: /home/badawi/Desktop/auto-pilot/build/joystick_interface_auv
Built target ament_cmake_python_symlink_joystick_interface_auv
running egg_info
creating joystick_interface_auv.egg-info
writing joystick_interface_auv.egg-info/PKG-INFO
writing dependency_links to joystick_interface_auv.egg-info/dependency_links.txt
writing top-level names to joystick_interface_auv.egg-info/top_level.txt
writing manifest file 'joystick_interface_auv.egg-info/SOURCES.txt'
reading manifest file 'joystick_interface_auv.egg-info/SOURCES.txt'
writing manifest file 'joystick_interface_auv.egg-info/SOURCES.txt'
Built target ament_cmake_python_build_joystick_interface_auv_egg
-- Install configuration: ""
-- Execute custom install script
-- Symlinking: /home/badawi/Desktop/auto-pilot/install/joystick_interface_auv/share/joystick_interface_auv/environment/pythonpath.sh
-- Symlinking: /home/badawi/Desktop/auto-pilot/install/joystick_interface_auv/share/joystick_interface_auv/environment/pythonpath.dsv
-- Symlinking: /home/badawi/Desktop/auto-pilot/install/joystick_interface_auv/local/lib/python3.10/dist-packages/joystick_interface_auv-0.0.0-py3.10.egg-info/PKG-INFO
-- Symlinking: /home/badawi/Desktop/auto-pilot/install/joystick_interface_auv/local/lib/python3.10/dist-packages/joystick_interface_auv-0.0.0-py3.10.egg-info/SOURCES.txt
-- Symlinking: /home/badawi/Desktop/auto-pilot/install/joystick_interface_auv/local/lib/python3.10/dist-packages/joystick_interface_auv-0.0.0-py3.10.egg-info/dependency_links.txt
-- Symlinking: /home/badawi/Desktop/auto-pilot/install/joystick_interface_auv/local/lib/python3.10/dist-packages/joystick_interface_auv-0.0.0-py3.10.egg-info/top_level.txt
-- Symlinking: /home/badawi/Desktop/auto-pilot/install/joystick_interface_auv/local/lib/python3.10/dist-packages/joystick_interface_auv/__init__.py
-- Symlinking: /home/badawi/Desktop/auto-pilot/install/joystick_interface_auv/local/lib/python3.10/dist-packages/joystick_interface_auv/joystick_interface_auv_node.py
-- Symlinking: /home/badawi/Desktop/auto-pilot/install/joystick_interface_auv/local/lib/python3.10/dist-packages/joystick_interface_auv/joystick_utils.py
-- Symlinking: /home/badawi/Desktop/auto-pilot/install/joystick_interface_auv/share/joystick_interface_auv/launch/joystick_interface_auv.launch.py
-- Symlinking: /home/badawi/Desktop/auto-pilot/install/joystick_interface_auv/share/joystick_interface_auv/config/param_joystick_interface_auv.yaml
-- Symlinking: /home/badawi/Desktop/auto-pilot/install/joystick_interface_auv/lib/joystick_interface_auv/joystick_interface_auv_node.py
-- Symlinking: /home/badawi/Desktop/auto-pilot/install/joystick_interface_auv/lib/joystick_interface_auv/joystick_utils.py
-- Symlinking: /home/badawi/Desktop/auto-pilot/install/joystick_interface_auv/share/ament_index/resource_index/package_run_dependencies/joystick_interface_auv
-- Symlinking: /home/badawi/Desktop/auto-pilot/install/joystick_interface_auv/share/ament_index/resource_index/parent_prefix_path/joystick_interface_auv
-- Symlinking: /home/badawi/Desktop/auto-pilot/install/joystick_interface_auv/share/joystick_interface_auv/environment/ament_prefix_path.sh
-- Symlinking: /home/badawi/Desktop/auto-pilot/install/joystick_interface_auv/share/joystick_interface_auv/environment/ament_prefix_path.dsv
-- Symlinking: /home/badawi/Desktop/auto-pilot/install/joystick_interface_auv/share/joystick_interface_auv/environment/path.sh
-- Symlinking: /home/badawi/Desktop/auto-pilot/install/joystick_interface_auv/share/joystick_interface_auv/environment/path.dsv
-- Symlinking: /home/badawi/Desktop/auto-pilot/install/joystick_interface_auv/share/joystick_interface_auv/local_setup.bash
-- Symlinking: /home/badawi/Desktop/auto-pilot/install/joystick_interface_auv/share/joystick_interface_auv/local_setup.sh
-- Symlinking: /home/badawi/Desktop/auto-pilot/install/joystick_interface_auv/share/joystick_interface_auv/local_setup.zsh
-- Symlinking: /home/badawi/Desktop/auto-pilot/install/joystick_interface_auv/share/joystick_interface_auv/local_setup.dsv
-- Symlinking: /home/badawi/Desktop/auto-pilot/install/joystick_interface_auv/share/joystick_interface_auv/package.dsv
-- Symlinking: /home/badawi/Desktop/auto-pilot/install/joystick_interface_auv/share/ament_index/resource_index/packages/joystick_interface_auv
-- Symlinking: /home/badawi/Desktop/auto-pilot/install/joystick_interface_auv/share/joystick_interface_auv/cmake/joystick_interface_auvConfig.cmake
-- Symlinking: /home/badawi/Desktop/auto-pilot/install/joystick_interface_auv/share/joystick_interface_auv/cmake/joystick_interface_auvConfig-version.cmake
-- Symlinking: /home/badawi/Desktop/auto-pilot/install/joystick_interface_auv/share/joystick_interface_auv/package.xml
Listing '/home/badawi/Desktop/auto-pilot/install/joystick_interface_auv/local/lib/python3.10/dist-packages/joystick_interface_auv'...
Compiling '/home/badawi/Desktop/auto-pilot/install/joystick_interface_auv/local/lib/python3.10/dist-packages/joystick_interface_auv/__init__.py'...
Compiling '/home/badawi/Desktop/auto-pilot/install/joystick_interface_auv/local/lib/python3.10/dist-packages/joystick_interface_auv/joystick_interface_auv_node.py'...
Compiling '/home/badawi/Desktop/auto-pilot/install/joystick_interface_auv/local/lib/python3.10/dist-packages/joystick_interface_auv/joystick_utils.py'...
