[0.025s] Invoking command in '/home/badawi/Desktop/auto-pilot/build/joystick_interface_auv': CMAKE_PREFIX_PATH=${CMAKE_PREFIX_PATH}:/home/badawi/Desktop/auto-pilot/install/auv_gui:/home/badawi/Desktop/auto-pilot/install/mundus_mir_stonefish_docking_controller:/opt/ros/humble /usr/bin/cmake /home/badawi/Desktop/auto-pilot/src/vortex-auv/mission/joystick_interface_auv -DAMENT_CMAKE_SYMLINK_INSTALL=1 -DCMAKE_INSTALL_PREFIX=/home/badawi/Desktop/auto-pilot/install/joystick_interface_auv
[0.082s] -- The C compiler identification is GNU 11.4.0
[0.135s] -- The CXX compiler identification is GNU 11.4.0
[0.142s] -- Detecting C compiler ABI info
[0.209s] -- Detecting C compiler ABI info - done
[0.219s] -- Check for working C compiler: /usr/bin/cc - skipped
[0.220s] -- Detecting C compile features
[0.220s] -- Detecting C compile features - done
[0.224s] -- Detecting CXX compiler ABI info
[0.310s] -- Detecting CXX compiler ABI info - done
[0.318s] -- Check for working CXX compiler: /usr/bin/c++ - skipped
[0.319s] -- Detecting CXX compile features
[0.319s] -- Detecting CXX compile features - done
[0.322s] -- Found ament_cmake: 1.3.12 (/opt/ros/humble/share/ament_cmake/cmake)
[0.776s] -- Found Python3: /usr/bin/python3 (found version "3.10.12") found components: Interpreter 
[0.878s] -- Override CMake install command with custom implementation using symlinks instead of copying resources
[0.910s] -- Found rclpy: 3.3.19 (/opt/ros/humble/share/rclpy/cmake)
[1.088s] -- Configuring done
[1.090s] -- Generating done
[1.094s] -- Build files have been written to: /home/badawi/Desktop/auto-pilot/build/joystick_interface_auv
[1.098s] Invoked command in '/home/badawi/Desktop/auto-pilot/build/joystick_interface_auv' returned '0': CMAKE_PREFIX_PATH=${CMAKE_PREFIX_PATH}:/home/badawi/Desktop/auto-pilot/install/auv_gui:/home/badawi/Desktop/auto-pilot/install/mundus_mir_stonefish_docking_controller:/opt/ros/humble /usr/bin/cmake /home/badawi/Desktop/auto-pilot/src/vortex-auv/mission/joystick_interface_auv -DAMENT_CMAKE_SYMLINK_INSTALL=1 -DCMAKE_INSTALL_PREFIX=/home/badawi/Desktop/auto-pilot/install/joystick_interface_auv
[1.101s] Invoking command in '/home/badawi/Desktop/auto-pilot/build/joystick_interface_auv': CMAKE_PREFIX_PATH=${CMAKE_PREFIX_PATH}:/home/badawi/Desktop/auto-pilot/install/auv_gui:/home/badawi/Desktop/auto-pilot/install/mundus_mir_stonefish_docking_controller:/opt/ros/humble /usr/bin/cmake --build /home/badawi/Desktop/auto-pilot/build/joystick_interface_auv -- -j20 -l20
[1.153s] Built target ament_cmake_python_symlink_joystick_interface_auv
[1.489s] running egg_info
[1.520s] creating joystick_interface_auv.egg-info
[1.522s] writing joystick_interface_auv.egg-info/PKG-INFO
[1.522s] writing dependency_links to joystick_interface_auv.egg-info/dependency_links.txt
[1.522s] writing top-level names to joystick_interface_auv.egg-info/top_level.txt
[1.522s] writing manifest file 'joystick_interface_auv.egg-info/SOURCES.txt'
[1.618s] reading manifest file 'joystick_interface_auv.egg-info/SOURCES.txt'
[1.619s] writing manifest file 'joystick_interface_auv.egg-info/SOURCES.txt'
[1.656s] Built target ament_cmake_python_build_joystick_interface_auv_egg
[1.666s] Invoked command in '/home/badawi/Desktop/auto-pilot/build/joystick_interface_auv' returned '0': CMAKE_PREFIX_PATH=${CMAKE_PREFIX_PATH}:/home/badawi/Desktop/auto-pilot/install/auv_gui:/home/badawi/Desktop/auto-pilot/install/mundus_mir_stonefish_docking_controller:/opt/ros/humble /usr/bin/cmake --build /home/badawi/Desktop/auto-pilot/build/joystick_interface_auv -- -j20 -l20
[1.668s] Invoking command in '/home/badawi/Desktop/auto-pilot/build/joystick_interface_auv': CMAKE_PREFIX_PATH=${CMAKE_PREFIX_PATH}:/home/badawi/Desktop/auto-pilot/install/auv_gui:/home/badawi/Desktop/auto-pilot/install/mundus_mir_stonefish_docking_controller:/opt/ros/humble /usr/bin/cmake --install /home/badawi/Desktop/auto-pilot/build/joystick_interface_auv
[1.677s] -- Install configuration: ""
[1.677s] -- Execute custom install script
[1.678s] -- Symlinking: /home/badawi/Desktop/auto-pilot/install/joystick_interface_auv/share/joystick_interface_auv/environment/pythonpath.sh
[1.689s] -- Symlinking: /home/badawi/Desktop/auto-pilot/install/joystick_interface_auv/share/joystick_interface_auv/environment/pythonpath.dsv
[1.701s] -- Symlinking: /home/badawi/Desktop/auto-pilot/install/joystick_interface_auv/local/lib/python3.10/dist-packages/joystick_interface_auv-0.0.0-py3.10.egg-info/PKG-INFO
[1.713s] -- Symlinking: /home/badawi/Desktop/auto-pilot/install/joystick_interface_auv/local/lib/python3.10/dist-packages/joystick_interface_auv-0.0.0-py3.10.egg-info/SOURCES.txt
[1.725s] -- Symlinking: /home/badawi/Desktop/auto-pilot/install/joystick_interface_auv/local/lib/python3.10/dist-packages/joystick_interface_auv-0.0.0-py3.10.egg-info/dependency_links.txt
[1.737s] -- Symlinking: /home/badawi/Desktop/auto-pilot/install/joystick_interface_auv/local/lib/python3.10/dist-packages/joystick_interface_auv-0.0.0-py3.10.egg-info/top_level.txt
[1.751s] -- Symlinking: /home/badawi/Desktop/auto-pilot/install/joystick_interface_auv/local/lib/python3.10/dist-packages/joystick_interface_auv/__init__.py
[1.761s] -- Symlinking: /home/badawi/Desktop/auto-pilot/install/joystick_interface_auv/local/lib/python3.10/dist-packages/joystick_interface_auv/joystick_interface_auv_node.py
[1.769s] -- Symlinking: /home/badawi/Desktop/auto-pilot/install/joystick_interface_auv/local/lib/python3.10/dist-packages/joystick_interface_auv/joystick_utils.py
[1.778s] -- Symlinking: /home/badawi/Desktop/auto-pilot/install/joystick_interface_auv/share/joystick_interface_auv/launch/joystick_interface_auv.launch.py
[1.791s] -- Symlinking: /home/badawi/Desktop/auto-pilot/install/joystick_interface_auv/share/joystick_interface_auv/config/param_joystick_interface_auv.yaml
[1.801s] -- Symlinking: /home/badawi/Desktop/auto-pilot/install/joystick_interface_auv/lib/joystick_interface_auv/joystick_interface_auv_node.py
[1.813s] -- Symlinking: /home/badawi/Desktop/auto-pilot/install/joystick_interface_auv/lib/joystick_interface_auv/joystick_utils.py
[1.821s] -- Symlinking: /home/badawi/Desktop/auto-pilot/install/joystick_interface_auv/share/ament_index/resource_index/package_run_dependencies/joystick_interface_auv
[1.830s] -- Symlinking: /home/badawi/Desktop/auto-pilot/install/joystick_interface_auv/share/ament_index/resource_index/parent_prefix_path/joystick_interface_auv
[1.838s] -- Symlinking: /home/badawi/Desktop/auto-pilot/install/joystick_interface_auv/share/joystick_interface_auv/environment/ament_prefix_path.sh
[1.847s] -- Symlinking: /home/badawi/Desktop/auto-pilot/install/joystick_interface_auv/share/joystick_interface_auv/environment/ament_prefix_path.dsv
[1.856s] -- Symlinking: /home/badawi/Desktop/auto-pilot/install/joystick_interface_auv/share/joystick_interface_auv/environment/path.sh
[1.864s] -- Symlinking: /home/badawi/Desktop/auto-pilot/install/joystick_interface_auv/share/joystick_interface_auv/environment/path.dsv
[1.877s] -- Symlinking: /home/badawi/Desktop/auto-pilot/install/joystick_interface_auv/share/joystick_interface_auv/local_setup.bash
[1.890s] -- Symlinking: /home/badawi/Desktop/auto-pilot/install/joystick_interface_auv/share/joystick_interface_auv/local_setup.sh
[1.899s] -- Symlinking: /home/badawi/Desktop/auto-pilot/install/joystick_interface_auv/share/joystick_interface_auv/local_setup.zsh
[1.911s] -- Symlinking: /home/badawi/Desktop/auto-pilot/install/joystick_interface_auv/share/joystick_interface_auv/local_setup.dsv
[1.919s] -- Symlinking: /home/badawi/Desktop/auto-pilot/install/joystick_interface_auv/share/joystick_interface_auv/package.dsv
[1.932s] -- Symlinking: /home/badawi/Desktop/auto-pilot/install/joystick_interface_auv/share/ament_index/resource_index/packages/joystick_interface_auv
[1.944s] -- Symlinking: /home/badawi/Desktop/auto-pilot/install/joystick_interface_auv/share/joystick_interface_auv/cmake/joystick_interface_auvConfig.cmake
[1.954s] -- Symlinking: /home/badawi/Desktop/auto-pilot/install/joystick_interface_auv/share/joystick_interface_auv/cmake/joystick_interface_auvConfig-version.cmake
[1.962s] -- Symlinking: /home/badawi/Desktop/auto-pilot/install/joystick_interface_auv/share/joystick_interface_auv/package.xml
[2.028s] Listing '/home/badawi/Desktop/auto-pilot/install/joystick_interface_auv/local/lib/python3.10/dist-packages/joystick_interface_auv'...
[2.028s] Compiling '/home/badawi/Desktop/auto-pilot/install/joystick_interface_auv/local/lib/python3.10/dist-packages/joystick_interface_auv/__init__.py'...
[2.028s] Compiling '/home/badawi/Desktop/auto-pilot/install/joystick_interface_auv/local/lib/python3.10/dist-packages/joystick_interface_auv/joystick_interface_auv_node.py'...
[2.028s] Compiling '/home/badawi/Desktop/auto-pilot/install/joystick_interface_auv/local/lib/python3.10/dist-packages/joystick_interface_auv/joystick_utils.py'...
[2.038s] Invoked command in '/home/badawi/Desktop/auto-pilot/build/joystick_interface_auv' returned '0': CMAKE_PREFIX_PATH=${CMAKE_PREFIX_PATH}:/home/badawi/Desktop/auto-pilot/install/auv_gui:/home/badawi/Desktop/auto-pilot/install/mundus_mir_stonefish_docking_controller:/opt/ros/humble /usr/bin/cmake --install /home/badawi/Desktop/auto-pilot/build/joystick_interface_auv
