/home/badawi/Desktop/auto-pilot/install/mundus_mir_stonefish_docking_controller/lib/python3.10/site-packages/mundus_mir_stonefish_docking_controller/stonefish_aruco_pose.py
/home/badawi/Desktop/auto-pilot/install/mundus_mir_stonefish_docking_controller/lib/python3.10/site-packages/mundus_mir_stonefish_docking_controller/stonefish_docking_controller.py
/home/badawi/Desktop/auto-pilot/install/mundus_mir_stonefish_docking_controller/lib/python3.10/site-packages/mundus_mir_stonefish_docking_controller/aruco_board_stonefish.py
/home/badawi/Desktop/auto-pilot/install/mundus_mir_stonefish_docking_controller/lib/python3.10/site-packages/mundus_mir_stonefish_docking_controller/__init__.py
/home/badawi/Desktop/auto-pilot/install/mundus_mir_stonefish_docking_controller/lib/python3.10/site-packages/mundus_mir_stonefish_docking_controller/stonefish_sensor_republisher.py
/home/badawi/Desktop/auto-pilot/install/mundus_mir_stonefish_docking_controller/lib/python3.10/site-packages/mundus_mir_stonefish_docking_controller/__pycache__/stonefish_aruco_pose.cpython-310.pyc
/home/badawi/Desktop/auto-pilot/install/mundus_mir_stonefish_docking_controller/lib/python3.10/site-packages/mundus_mir_stonefish_docking_controller/__pycache__/stonefish_docking_controller.cpython-310.pyc
/home/badawi/Desktop/auto-pilot/install/mundus_mir_stonefish_docking_controller/lib/python3.10/site-packages/mundus_mir_stonefish_docking_controller/__pycache__/aruco_board_stonefish.cpython-310.pyc
/home/badawi/Desktop/auto-pilot/install/mundus_mir_stonefish_docking_controller/lib/python3.10/site-packages/mundus_mir_stonefish_docking_controller/__pycache__/__init__.cpython-310.pyc
/home/badawi/Desktop/auto-pilot/install/mundus_mir_stonefish_docking_controller/lib/python3.10/site-packages/mundus_mir_stonefish_docking_controller/__pycache__/stonefish_sensor_republisher.cpython-310.pyc
/home/badawi/Desktop/auto-pilot/install/mundus_mir_stonefish_docking_controller/share/ament_index/resource_index/packages/mundus_mir_stonefish_docking_controller
/home/badawi/Desktop/auto-pilot/install/mundus_mir_stonefish_docking_controller/share/mundus_mir_stonefish_docking_controller/package.xml
/home/badawi/Desktop/auto-pilot/install/mundus_mir_stonefish_docking_controller/share/mundus_mir_stonefish_docking_controller/README.md
/home/badawi/Desktop/auto-pilot/install/mundus_mir_stonefish_docking_controller/share/mundus_mir_stonefish_docking_controller/launch/stonefish_docking.launch.py
/home/badawi/Desktop/auto-pilot/install/mundus_mir_stonefish_docking_controller/share/mundus_mir_stonefish_docking_controller/config/stonefish_robot_localization.yaml
/home/badawi/Desktop/auto-pilot/install/mundus_mir_stonefish_docking_controller/lib/python3.10/site-packages/mundus_mir_stonefish_docking_controller-0.1.0-py3.10.egg-info/PKG-INFO
/home/badawi/Desktop/auto-pilot/install/mundus_mir_stonefish_docking_controller/lib/python3.10/site-packages/mundus_mir_stonefish_docking_controller-0.1.0-py3.10.egg-info/entry_points.txt
/home/badawi/Desktop/auto-pilot/install/mundus_mir_stonefish_docking_controller/lib/python3.10/site-packages/mundus_mir_stonefish_docking_controller-0.1.0-py3.10.egg-info/zip-safe
/home/badawi/Desktop/auto-pilot/install/mundus_mir_stonefish_docking_controller/lib/python3.10/site-packages/mundus_mir_stonefish_docking_controller-0.1.0-py3.10.egg-info/requires.txt
/home/badawi/Desktop/auto-pilot/install/mundus_mir_stonefish_docking_controller/lib/python3.10/site-packages/mundus_mir_stonefish_docking_controller-0.1.0-py3.10.egg-info/dependency_links.txt
/home/badawi/Desktop/auto-pilot/install/mundus_mir_stonefish_docking_controller/lib/python3.10/site-packages/mundus_mir_stonefish_docking_controller-0.1.0-py3.10.egg-info/SOURCES.txt
/home/badawi/Desktop/auto-pilot/install/mundus_mir_stonefish_docking_controller/lib/python3.10/site-packages/mundus_mir_stonefish_docking_controller-0.1.0-py3.10.egg-info/top_level.txt
/home/badawi/Desktop/auto-pilot/install/mundus_mir_stonefish_docking_controller/lib/mundus_mir_stonefish_docking_controller/stonefish_aruco_pose
/home/badawi/Desktop/auto-pilot/install/mundus_mir_stonefish_docking_controller/lib/mundus_mir_stonefish_docking_controller/stonefish_docking_controller
/home/badawi/Desktop/auto-pilot/install/mundus_mir_stonefish_docking_controller/lib/mundus_mir_stonefish_docking_controller/stonefish_sensor_republisher
