[0.756s] Invoking command in '/home/badawi/Desktop/auto-pilot/build/mundus_mir_stonefish_docking_controller': AMENT_PREFIX_PATH=/home/badawi/Desktop/auto-pilot/install/stonefish_ros2:${AMENT_PREFIX_PATH} CMAKE_PREFIX_PATH=/home/badawi/Desktop/auto-pilot/install/stonefish_ros2:${CMAKE_PREFIX_PATH} LD_LIBRARY_PATH=/home/badawi/Desktop/auto-pilot/install/stonefish_ros2/lib:${LD_LIBRARY_PATH} PYTHONPATH=/home/badawi/Desktop/auto-pilot/build/mundus_mir_stonefish_docking_controller/prefix_override:/usr/lib/python3/dist-packages/colcon_core/task/python/colcon_distutils_commands:/home/badawi/Desktop/auto-pilot/install/mundus_mir_stonefish_docking_controller/lib/python3.10/site-packages:/home/badawi/Desktop/auto-pilot/install/stonefish_ros2/local/lib/python3.10/dist-packages:${PYTHONPATH} /usr/bin/python3 -W ignore:setup.py install is deprecated -W ignore:easy_install command is deprecated setup.py develop --uninstall --editable --build-directory /home/badawi/Desktop/auto-pilot/build/mundus_mir_stonefish_docking_controller/build
[1.004s] running develop
[1.171s] Removing /home/badawi/Desktop/auto-pilot/install/mundus_mir_stonefish_docking_controller/lib/python3.10/site-packages/mundus-mir-stonefish-docking-controller.egg-link (link to .)
[1.191s] Invoked command in '/home/badawi/Desktop/auto-pilot/build/mundus_mir_stonefish_docking_controller' returned '0': AMENT_PREFIX_PATH=/home/badawi/Desktop/auto-pilot/install/stonefish_ros2:${AMENT_PREFIX_PATH} CMAKE_PREFIX_PATH=/home/badawi/Desktop/auto-pilot/install/stonefish_ros2:${CMAKE_PREFIX_PATH} LD_LIBRARY_PATH=/home/badawi/Desktop/auto-pilot/install/stonefish_ros2/lib:${LD_LIBRARY_PATH} PYTHONPATH=/home/badawi/Desktop/auto-pilot/build/mundus_mir_stonefish_docking_controller/prefix_override:/usr/lib/python3/dist-packages/colcon_core/task/python/colcon_distutils_commands:/home/badawi/Desktop/auto-pilot/install/mundus_mir_stonefish_docking_controller/lib/python3.10/site-packages:/home/badawi/Desktop/auto-pilot/install/stonefish_ros2/local/lib/python3.10/dist-packages:${PYTHONPATH} /usr/bin/python3 -W ignore:setup.py install is deprecated -W ignore:easy_install command is deprecated setup.py develop --uninstall --editable --build-directory /home/badawi/Desktop/auto-pilot/build/mundus_mir_stonefish_docking_controller/build
[1.194s] Invoking command in '/home/badawi/Desktop/auto-pilot/src/mundus_mir_stonefish_docking_controller': AMENT_PREFIX_PATH=/home/badawi/Desktop/auto-pilot/install/stonefish_ros2:${AMENT_PREFIX_PATH} CMAKE_PREFIX_PATH=/home/badawi/Desktop/auto-pilot/install/stonefish_ros2:${CMAKE_PREFIX_PATH} LD_LIBRARY_PATH=/home/badawi/Desktop/auto-pilot/install/stonefish_ros2/lib:${LD_LIBRARY_PATH} PYTHONPATH=/home/badawi/Desktop/auto-pilot/build/mundus_mir_stonefish_docking_controller/prefix_override:/usr/lib/python3/dist-packages/colcon_core/task/python/colcon_distutils_commands:/home/badawi/Desktop/auto-pilot/install/mundus_mir_stonefish_docking_controller/lib/python3.10/site-packages:/home/badawi/Desktop/auto-pilot/install/stonefish_ros2/local/lib/python3.10/dist-packages:${PYTHONPATH} /usr/bin/python3 -W ignore:setup.py install is deprecated -W ignore:easy_install command is deprecated setup.py egg_info --egg-base ../../build/mundus_mir_stonefish_docking_controller build --build-base /home/badawi/Desktop/auto-pilot/build/mundus_mir_stonefish_docking_controller/build install --record /home/badawi/Desktop/auto-pilot/build/mundus_mir_stonefish_docking_controller/install.log --single-version-externally-managed install_data --force
[1.392s] running egg_info
[1.404s] writing ../../build/mundus_mir_stonefish_docking_controller/mundus_mir_stonefish_docking_controller.egg-info/PKG-INFO
[1.404s] writing dependency_links to ../../build/mundus_mir_stonefish_docking_controller/mundus_mir_stonefish_docking_controller.egg-info/dependency_links.txt
[1.404s] writing entry points to ../../build/mundus_mir_stonefish_docking_controller/mundus_mir_stonefish_docking_controller.egg-info/entry_points.txt
[1.404s] writing requirements to ../../build/mundus_mir_stonefish_docking_controller/mundus_mir_stonefish_docking_controller.egg-info/requires.txt
[1.404s] writing top-level names to ../../build/mundus_mir_stonefish_docking_controller/mundus_mir_stonefish_docking_controller.egg-info/top_level.txt
[1.430s] reading manifest file '../../build/mundus_mir_stonefish_docking_controller/mundus_mir_stonefish_docking_controller.egg-info/SOURCES.txt'
[1.431s] writing manifest file '../../build/mundus_mir_stonefish_docking_controller/mundus_mir_stonefish_docking_controller.egg-info/SOURCES.txt'
[1.431s] running build
[1.431s] running build_py
[1.435s] copying mundus_mir_stonefish_docking_controller/stonefish_aruco_pose.py -> /home/badawi/Desktop/auto-pilot/build/mundus_mir_stonefish_docking_controller/build/lib/mundus_mir_stonefish_docking_controller
[1.435s] copying mundus_mir_stonefish_docking_controller/stonefish_docking_controller.py -> /home/badawi/Desktop/auto-pilot/build/mundus_mir_stonefish_docking_controller/build/lib/mundus_mir_stonefish_docking_controller
[1.435s] copying mundus_mir_stonefish_docking_controller/aruco_board_stonefish.py -> /home/badawi/Desktop/auto-pilot/build/mundus_mir_stonefish_docking_controller/build/lib/mundus_mir_stonefish_docking_controller
[1.435s] copying mundus_mir_stonefish_docking_controller/__init__.py -> /home/badawi/Desktop/auto-pilot/build/mundus_mir_stonefish_docking_controller/build/lib/mundus_mir_stonefish_docking_controller
[1.435s] copying mundus_mir_stonefish_docking_controller/stonefish_sensor_republisher.py -> /home/badawi/Desktop/auto-pilot/build/mundus_mir_stonefish_docking_controller/build/lib/mundus_mir_stonefish_docking_controller
[1.435s] running install
[1.438s] running install_lib
[1.449s] creating /home/badawi/Desktop/auto-pilot/install/mundus_mir_stonefish_docking_controller/lib/python3.10/site-packages/mundus_mir_stonefish_docking_controller
[1.449s] copying /home/badawi/Desktop/auto-pilot/build/mundus_mir_stonefish_docking_controller/build/lib/mundus_mir_stonefish_docking_controller/stonefish_aruco_pose.py -> /home/badawi/Desktop/auto-pilot/install/mundus_mir_stonefish_docking_controller/lib/python3.10/site-packages/mundus_mir_stonefish_docking_controller
[1.449s] copying /home/badawi/Desktop/auto-pilot/build/mundus_mir_stonefish_docking_controller/build/lib/mundus_mir_stonefish_docking_controller/stonefish_docking_controller.py -> /home/badawi/Desktop/auto-pilot/install/mundus_mir_stonefish_docking_controller/lib/python3.10/site-packages/mundus_mir_stonefish_docking_controller
[1.449s] copying /home/badawi/Desktop/auto-pilot/build/mundus_mir_stonefish_docking_controller/build/lib/mundus_mir_stonefish_docking_controller/aruco_board_stonefish.py -> /home/badawi/Desktop/auto-pilot/install/mundus_mir_stonefish_docking_controller/lib/python3.10/site-packages/mundus_mir_stonefish_docking_controller
[1.449s] copying /home/badawi/Desktop/auto-pilot/build/mundus_mir_stonefish_docking_controller/build/lib/mundus_mir_stonefish_docking_controller/__init__.py -> /home/badawi/Desktop/auto-pilot/install/mundus_mir_stonefish_docking_controller/lib/python3.10/site-packages/mundus_mir_stonefish_docking_controller
[1.449s] copying /home/badawi/Desktop/auto-pilot/build/mundus_mir_stonefish_docking_controller/build/lib/mundus_mir_stonefish_docking_controller/stonefish_sensor_republisher.py -> /home/badawi/Desktop/auto-pilot/install/mundus_mir_stonefish_docking_controller/lib/python3.10/site-packages/mundus_mir_stonefish_docking_controller
[1.450s] byte-compiling /home/badawi/Desktop/auto-pilot/install/mundus_mir_stonefish_docking_controller/lib/python3.10/site-packages/mundus_mir_stonefish_docking_controller/stonefish_aruco_pose.py to stonefish_aruco_pose.cpython-310.pyc
[1.451s] byte-compiling /home/badawi/Desktop/auto-pilot/install/mundus_mir_stonefish_docking_controller/lib/python3.10/site-packages/mundus_mir_stonefish_docking_controller/stonefish_docking_controller.py to stonefish_docking_controller.cpython-310.pyc
[1.453s] byte-compiling /home/badawi/Desktop/auto-pilot/install/mundus_mir_stonefish_docking_controller/lib/python3.10/site-packages/mundus_mir_stonefish_docking_controller/aruco_board_stonefish.py to aruco_board_stonefish.cpython-310.pyc
[1.454s] byte-compiling /home/badawi/Desktop/auto-pilot/install/mundus_mir_stonefish_docking_controller/lib/python3.10/site-packages/mundus_mir_stonefish_docking_controller/__init__.py to __init__.cpython-310.pyc
[1.454s] byte-compiling /home/badawi/Desktop/auto-pilot/install/mundus_mir_stonefish_docking_controller/lib/python3.10/site-packages/mundus_mir_stonefish_docking_controller/stonefish_sensor_republisher.py to stonefish_sensor_republisher.cpython-310.pyc
[1.455s] running install_data
[1.455s] copying resource/mundus_mir_stonefish_docking_controller -> /home/badawi/Desktop/auto-pilot/install/mundus_mir_stonefish_docking_controller/share/ament_index/resource_index/packages
[1.455s] copying package.xml -> /home/badawi/Desktop/auto-pilot/install/mundus_mir_stonefish_docking_controller/share/mundus_mir_stonefish_docking_controller
[1.455s] copying README.md -> /home/badawi/Desktop/auto-pilot/install/mundus_mir_stonefish_docking_controller/share/mundus_mir_stonefish_docking_controller
[1.456s] copying launch/stonefish_docking.launch.py -> /home/badawi/Desktop/auto-pilot/install/mundus_mir_stonefish_docking_controller/share/mundus_mir_stonefish_docking_controller/launch
[1.456s] copying config/stonefish_robot_localization.yaml -> /home/badawi/Desktop/auto-pilot/install/mundus_mir_stonefish_docking_controller/share/mundus_mir_stonefish_docking_controller/config
[1.457s] running install_egg_info
[1.471s] Copying ../../build/mundus_mir_stonefish_docking_controller/mundus_mir_stonefish_docking_controller.egg-info to /home/badawi/Desktop/auto-pilot/install/mundus_mir_stonefish_docking_controller/lib/python3.10/site-packages/mundus_mir_stonefish_docking_controller-0.1.0-py3.10.egg-info
[1.472s] running install_scripts
[1.576s] Installing stonefish_aruco_pose script to /home/badawi/Desktop/auto-pilot/install/mundus_mir_stonefish_docking_controller/lib/mundus_mir_stonefish_docking_controller
[1.576s] Installing stonefish_docking_controller script to /home/badawi/Desktop/auto-pilot/install/mundus_mir_stonefish_docking_controller/lib/mundus_mir_stonefish_docking_controller
[1.576s] Installing stonefish_sensor_republisher script to /home/badawi/Desktop/auto-pilot/install/mundus_mir_stonefish_docking_controller/lib/mundus_mir_stonefish_docking_controller
[1.576s] writing list of installed files to '/home/badawi/Desktop/auto-pilot/build/mundus_mir_stonefish_docking_controller/install.log'
[1.594s] Invoked command in '/home/badawi/Desktop/auto-pilot/src/mundus_mir_stonefish_docking_controller' returned '0': AMENT_PREFIX_PATH=/home/badawi/Desktop/auto-pilot/install/stonefish_ros2:${AMENT_PREFIX_PATH} CMAKE_PREFIX_PATH=/home/badawi/Desktop/auto-pilot/install/stonefish_ros2:${CMAKE_PREFIX_PATH} LD_LIBRARY_PATH=/home/badawi/Desktop/auto-pilot/install/stonefish_ros2/lib:${LD_LIBRARY_PATH} PYTHONPATH=/home/badawi/Desktop/auto-pilot/build/mundus_mir_stonefish_docking_controller/prefix_override:/usr/lib/python3/dist-packages/colcon_core/task/python/colcon_distutils_commands:/home/badawi/Desktop/auto-pilot/install/mundus_mir_stonefish_docking_controller/lib/python3.10/site-packages:/home/badawi/Desktop/auto-pilot/install/stonefish_ros2/local/lib/python3.10/dist-packages:${PYTHONPATH} /usr/bin/python3 -W ignore:setup.py install is deprecated -W ignore:easy_install command is deprecated setup.py egg_info --egg-base ../../build/mundus_mir_stonefish_docking_controller build --build-base /home/badawi/Desktop/auto-pilot/build/mundus_mir_stonefish_docking_controller/build install --record /home/badawi/Desktop/auto-pilot/build/mundus_mir_stonefish_docking_controller/install.log --single-version-externally-managed install_data --force
