[0.232s] Invoking command in '/home/badawi/Desktop/auto-pilot/build/dp_adapt_backs_controller': CMAKE_PREFIX_PATH=/home/badawi/Desktop/auto-pilot/install/vortex_msgs:/home/badawi/Desktop/auto-pilot/install/waypoint_manager:/home/badawi/Desktop/auto-pilot/install/vortex_utils:/home/badawi/Desktop/auto-pilot/install/vortex_sim_interface:/home/badawi/Desktop/auto-pilot/install/velocity_controller_lqr:/home/badawi/Desktop/auto-pilot/install/freya_visualization:/home/badawi/Desktop/auto-pilot/install/thruster_visualization:/home/badawi/Desktop/auto-pilot/install/thrust_allocator_auv:/home/badawi/Desktop/auto-pilot/install/reference_filter_dp:/home/badawi/Desktop/auto-pilot/install/pose_action_server:/home/badawi/Desktop/auto-pilot/install/pid_controller_dp_euler:/home/badawi/Desktop/auto-pilot/install/pid_controller_dp:/home/badawi/Desktop/auto-pilot/install/los_guidance:/home/badawi/Desktop/auto-pilot/install/dp_adapt_backs_controller:/home/badawi/Desktop/auto-pilot/install/velocity_controller_4dof_ros2:/home/badawi/Desktop/auto-pilot/install/urdf_models:/home/badawi/Desktop/auto-pilot/install/stonefish_sim:/home/badawi/Desktop/auto-pilot/install/ma1_stonefish:/home/badawi/Desktop/auto-pilot/install/stonefish_ros2:/home/badawi/Desktop/auto-pilot/install/pid_siso:/home/badawi/Desktop/auto-pilot/install/mundus_mir_vehicle_interfaces:/home/badawi/Desktop/auto-pilot/install/mundus_mir_blueye_joystick_cpp:/home/badawi/Desktop/auto-pilot/install/ma1_mclsimpy:/home/badawi/Desktop/auto-pilot/install/joystick_interface_auv:/home/badawi/Desktop/auto-pilot/install/auv_setup:/home/badawi/btcpp_ws/install/behaviortree_cpp:/home/badawi/Desktop/auto-pilot/install/auv_gui:/home/badawi/Desktop/auto-pilot/install/mundus_mir_stonefish_docking_controller:/opt/ros/humble LD_LIBRARY_PATH=/home/badawi/Desktop/auto-pilot/install/vortex_msgs/lib:/home/badawi/Desktop/auto-pilot/install/vortex_utils/lib:/home/badawi/Desktop/auto-pilot/install/thrust_allocator_auv/lib:/home/badawi/Desktop/auto-pilot/install/reference_filter_dp/lib:/home/badawi/Desktop/auto-pilot/install/dp_adapt_backs_controller/lib:/home/badawi/Desktop/auto-pilot/install/stonefish_ros2/lib:/home/badawi/Desktop/auto-pilot/install/pid_siso/lib:/home/badawi/btcpp_ws/install/behaviortree_cpp/lib:/usr/local/lib:/opt/ros/humble/opt/rviz_ogre_vendor/lib:/opt/ros/humble/lib/x86_64-linux-gnu:/opt/ros/humble/lib /usr/bin/cmake /home/badawi/Desktop/auto-pilot/src/vortex-auv/control/dp_adapt_backs_controller -DAMENT_CMAKE_SYMLINK_INSTALL=1 -DCMAKE_INSTALL_PREFIX=/home/badawi/Desktop/auto-pilot/install/dp_adapt_backs_controller
[0.303s] -- The C compiler identification is GNU 11.4.0
[0.374s] -- The CXX compiler identification is GNU 11.4.0
[0.386s] -- Detecting C compiler ABI info
[0.476s] -- Detecting C compiler ABI info - done
[0.491s] -- Check for working C compiler: /usr/bin/cc - skipped
[0.491s] -- Detecting C compile features
[0.492s] -- Detecting C compile features - done
[0.497s] -- Detecting CXX compiler ABI info
[0.587s] -- Detecting CXX compiler ABI info - done
[0.599s] -- Check for working CXX compiler: /usr/bin/c++ - skipped
[0.600s] -- Detecting CXX compile features
[0.604s] -- Detecting CXX compile features - done
[0.605s] -- Found ament_cmake: 1.3.12 (/opt/ros/humble/share/ament_cmake/cmake)
[1.101s] -- Found Python3: /usr/bin/python3 (found version "3.10.12") found components: Interpreter 
[1.206s] -- Override CMake install command with custom implementation using symlinks instead of copying resources
[1.256s] -- Found rclcpp: 16.0.17 (/opt/ros/humble/share/rclcpp/cmake)
[1.336s] -- Found rosidl_generator_c: 3.1.8 (/opt/ros/humble/share/rosidl_generator_c/cmake)
[1.347s] -- Found rosidl_adapter: 3.1.8 (/opt/ros/humble/share/rosidl_adapter/cmake)
[1.362s] -- Found rosidl_generator_cpp: 3.1.8 (/opt/ros/humble/share/rosidl_generator_cpp/cmake)
[1.387s] -- Using all available rosidl_typesupport_c: rosidl_typesupport_fastrtps_c;rosidl_typesupport_introspection_c
[1.418s] -- Using all available rosidl_typesupport_cpp: rosidl_typesupport_fastrtps_cpp;rosidl_typesupport_introspection_cpp
[1.504s] -- Found rmw_implementation_cmake: 6.1.2 (/opt/ros/humble/share/rmw_implementation_cmake/cmake)
[1.510s] -- Found rmw_fastrtps_cpp: 6.2.9 (/opt/ros/humble/share/rmw_fastrtps_cpp/cmake)
[1.653s] -- Found OpenSSL: /usr/lib/x86_64-linux-gnu/libcrypto.so (found version "3.0.2")  
[1.708s] -- Found FastRTPS: /opt/ros/humble/include  
[1.779s] -- Using RMW implementation 'rmw_fastrtps_cpp' as default
[1.795s] -- Looking for pthread.h
[1.885s] -- Looking for pthread.h - found
[1.885s] -- Performing Test CMAKE_HAVE_LIBC_PTHREAD
[1.970s] -- Performing Test CMAKE_HAVE_LIBC_PTHREAD - Success
[1.972s] -- Found Threads: TRUE  
[2.067s] -- Found rclcpp_components: 16.0.17 (/opt/ros/humble/share/rclcpp_components/cmake)
[2.121s] -- Found nav_msgs: 4.9.0 (/opt/ros/humble/share/nav_msgs/cmake)
[2.191s] -- Found tf2: 0.25.18 (/opt/ros/humble/share/tf2/cmake)
[2.197s] -- Found vortex_msgs: 0.0.1 (/home/badawi/Desktop/auto-pilot/install/vortex_msgs/share/vortex_msgs/cmake)
[2.476s] -- Configuring done
[2.502s] -- Generating done
[2.509s] -- Build files have been written to: /home/badawi/Desktop/auto-pilot/build/dp_adapt_backs_controller
[2.540s] Invoked command in '/home/badawi/Desktop/auto-pilot/build/dp_adapt_backs_controller' returned '0': CMAKE_PREFIX_PATH=/home/badawi/Desktop/auto-pilot/install/vortex_msgs:/home/badawi/Desktop/auto-pilot/install/waypoint_manager:/home/badawi/Desktop/auto-pilot/install/vortex_utils:/home/badawi/Desktop/auto-pilot/install/vortex_sim_interface:/home/badawi/Desktop/auto-pilot/install/velocity_controller_lqr:/home/badawi/Desktop/auto-pilot/install/freya_visualization:/home/badawi/Desktop/auto-pilot/install/thruster_visualization:/home/badawi/Desktop/auto-pilot/install/thrust_allocator_auv:/home/badawi/Desktop/auto-pilot/install/reference_filter_dp:/home/badawi/Desktop/auto-pilot/install/pose_action_server:/home/badawi/Desktop/auto-pilot/install/pid_controller_dp_euler:/home/badawi/Desktop/auto-pilot/install/pid_controller_dp:/home/badawi/Desktop/auto-pilot/install/los_guidance:/home/badawi/Desktop/auto-pilot/install/dp_adapt_backs_controller:/home/badawi/Desktop/auto-pilot/install/velocity_controller_4dof_ros2:/home/badawi/Desktop/auto-pilot/install/urdf_models:/home/badawi/Desktop/auto-pilot/install/stonefish_sim:/home/badawi/Desktop/auto-pilot/install/ma1_stonefish:/home/badawi/Desktop/auto-pilot/install/stonefish_ros2:/home/badawi/Desktop/auto-pilot/install/pid_siso:/home/badawi/Desktop/auto-pilot/install/mundus_mir_vehicle_interfaces:/home/badawi/Desktop/auto-pilot/install/mundus_mir_blueye_joystick_cpp:/home/badawi/Desktop/auto-pilot/install/ma1_mclsimpy:/home/badawi/Desktop/auto-pilot/install/joystick_interface_auv:/home/badawi/Desktop/auto-pilot/install/auv_setup:/home/badawi/btcpp_ws/install/behaviortree_cpp:/home/badawi/Desktop/auto-pilot/install/auv_gui:/home/badawi/Desktop/auto-pilot/install/mundus_mir_stonefish_docking_controller:/opt/ros/humble LD_LIBRARY_PATH=/home/badawi/Desktop/auto-pilot/install/vortex_msgs/lib:/home/badawi/Desktop/auto-pilot/install/vortex_utils/lib:/home/badawi/Desktop/auto-pilot/install/thrust_allocator_auv/lib:/home/badawi/Desktop/auto-pilot/install/reference_filter_dp/lib:/home/badawi/Desktop/auto-pilot/install/dp_adapt_backs_controller/lib:/home/badawi/Desktop/auto-pilot/install/stonefish_ros2/lib:/home/badawi/Desktop/auto-pilot/install/pid_siso/lib:/home/badawi/btcpp_ws/install/behaviortree_cpp/lib:/usr/local/lib:/opt/ros/humble/opt/rviz_ogre_vendor/lib:/opt/ros/humble/lib/x86_64-linux-gnu:/opt/ros/humble/lib /usr/bin/cmake /home/badawi/Desktop/auto-pilot/src/vortex-auv/control/dp_adapt_backs_controller -DAMENT_CMAKE_SYMLINK_INSTALL=1 -DCMAKE_INSTALL_PREFIX=/home/badawi/Desktop/auto-pilot/install/dp_adapt_backs_controller
[2.541s] Invoking command in '/home/badawi/Desktop/auto-pilot/build/dp_adapt_backs_controller': CMAKE_PREFIX_PATH=/home/badawi/Desktop/auto-pilot/install/vortex_msgs:/home/badawi/Desktop/auto-pilot/install/waypoint_manager:/home/badawi/Desktop/auto-pilot/install/vortex_utils:/home/badawi/Desktop/auto-pilot/install/vortex_sim_interface:/home/badawi/Desktop/auto-pilot/install/velocity_controller_lqr:/home/badawi/Desktop/auto-pilot/install/freya_visualization:/home/badawi/Desktop/auto-pilot/install/thruster_visualization:/home/badawi/Desktop/auto-pilot/install/thrust_allocator_auv:/home/badawi/Desktop/auto-pilot/install/reference_filter_dp:/home/badawi/Desktop/auto-pilot/install/pose_action_server:/home/badawi/Desktop/auto-pilot/install/pid_controller_dp_euler:/home/badawi/Desktop/auto-pilot/install/pid_controller_dp:/home/badawi/Desktop/auto-pilot/install/los_guidance:/home/badawi/Desktop/auto-pilot/install/dp_adapt_backs_controller:/home/badawi/Desktop/auto-pilot/install/velocity_controller_4dof_ros2:/home/badawi/Desktop/auto-pilot/install/urdf_models:/home/badawi/Desktop/auto-pilot/install/stonefish_sim:/home/badawi/Desktop/auto-pilot/install/ma1_stonefish:/home/badawi/Desktop/auto-pilot/install/stonefish_ros2:/home/badawi/Desktop/auto-pilot/install/pid_siso:/home/badawi/Desktop/auto-pilot/install/mundus_mir_vehicle_interfaces:/home/badawi/Desktop/auto-pilot/install/mundus_mir_blueye_joystick_cpp:/home/badawi/Desktop/auto-pilot/install/ma1_mclsimpy:/home/badawi/Desktop/auto-pilot/install/joystick_interface_auv:/home/badawi/Desktop/auto-pilot/install/auv_setup:/home/badawi/btcpp_ws/install/behaviortree_cpp:/home/badawi/Desktop/auto-pilot/install/auv_gui:/home/badawi/Desktop/auto-pilot/install/mundus_mir_stonefish_docking_controller:/opt/ros/humble LD_LIBRARY_PATH=/home/badawi/Desktop/auto-pilot/install/vortex_msgs/lib:/home/badawi/Desktop/auto-pilot/install/vortex_utils/lib:/home/badawi/Desktop/auto-pilot/install/thrust_allocator_auv/lib:/home/badawi/Desktop/auto-pilot/install/reference_filter_dp/lib:/home/badawi/Desktop/auto-pilot/install/dp_adapt_backs_controller/lib:/home/badawi/Desktop/auto-pilot/install/stonefish_ros2/lib:/home/badawi/Desktop/auto-pilot/install/pid_siso/lib:/home/badawi/btcpp_ws/install/behaviortree_cpp/lib:/usr/local/lib:/opt/ros/humble/opt/rviz_ogre_vendor/lib:/opt/ros/humble/lib/x86_64-linux-gnu:/opt/ros/humble/lib /usr/bin/cmake --build /home/badawi/Desktop/auto-pilot/build/dp_adapt_backs_controller -- -j20 -l20
[2.633s] [ 16%] [32mBuilding CXX object CMakeFiles/dp_adapt_backs_controller_component.dir/src/dp_adapt_backs_controller_ros.cpp.o[0m
[2.633s] [ 33%] [32mBuilding CXX object CMakeFiles/dp_adapt_backs_controller_component.dir/src/dp_adapt_backs_controller_utils.cpp.o[0m
[2.635s] [ 50%] [32mBuilding CXX object CMakeFiles/dp_adapt_backs_controller_component.dir/src/dp_adapt_backs_controller.cpp.o[0m
[2.649s] [ 66%] [32mBuilding CXX object CMakeFiles/dp_adapt_backs_controller_node.dir/rclcpp_components/node_main_dp_adapt_backs_controller_node.cpp.o[0m
[15.692s] [ 83%] [32m[1mLinking CXX executable dp_adapt_backs_controller_node[0m
[15.877s] [ 83%] Built target dp_adapt_backs_controller_node
[41.906s] [100%] [32m[1mLinking CXX shared library libdp_adapt_backs_controller_component.so[0m
[43.563s] [100%] Built target dp_adapt_backs_controller_component
[43.610s] Invoked command in '/home/badawi/Desktop/auto-pilot/build/dp_adapt_backs_controller' returned '0': CMAKE_PREFIX_PATH=/home/badawi/Desktop/auto-pilot/install/vortex_msgs:/home/badawi/Desktop/auto-pilot/install/waypoint_manager:/home/badawi/Desktop/auto-pilot/install/vortex_utils:/home/badawi/Desktop/auto-pilot/install/vortex_sim_interface:/home/badawi/Desktop/auto-pilot/install/velocity_controller_lqr:/home/badawi/Desktop/auto-pilot/install/freya_visualization:/home/badawi/Desktop/auto-pilot/install/thruster_visualization:/home/badawi/Desktop/auto-pilot/install/thrust_allocator_auv:/home/badawi/Desktop/auto-pilot/install/reference_filter_dp:/home/badawi/Desktop/auto-pilot/install/pose_action_server:/home/badawi/Desktop/auto-pilot/install/pid_controller_dp_euler:/home/badawi/Desktop/auto-pilot/install/pid_controller_dp:/home/badawi/Desktop/auto-pilot/install/los_guidance:/home/badawi/Desktop/auto-pilot/install/dp_adapt_backs_controller:/home/badawi/Desktop/auto-pilot/install/velocity_controller_4dof_ros2:/home/badawi/Desktop/auto-pilot/install/urdf_models:/home/badawi/Desktop/auto-pilot/install/stonefish_sim:/home/badawi/Desktop/auto-pilot/install/ma1_stonefish:/home/badawi/Desktop/auto-pilot/install/stonefish_ros2:/home/badawi/Desktop/auto-pilot/install/pid_siso:/home/badawi/Desktop/auto-pilot/install/mundus_mir_vehicle_interfaces:/home/badawi/Desktop/auto-pilot/install/mundus_mir_blueye_joystick_cpp:/home/badawi/Desktop/auto-pilot/install/ma1_mclsimpy:/home/badawi/Desktop/auto-pilot/install/joystick_interface_auv:/home/badawi/Desktop/auto-pilot/install/auv_setup:/home/badawi/btcpp_ws/install/behaviortree_cpp:/home/badawi/Desktop/auto-pilot/install/auv_gui:/home/badawi/Desktop/auto-pilot/install/mundus_mir_stonefish_docking_controller:/opt/ros/humble LD_LIBRARY_PATH=/home/badawi/Desktop/auto-pilot/install/vortex_msgs/lib:/home/badawi/Desktop/auto-pilot/install/vortex_utils/lib:/home/badawi/Desktop/auto-pilot/install/thrust_allocator_auv/lib:/home/badawi/Desktop/auto-pilot/install/reference_filter_dp/lib:/home/badawi/Desktop/auto-pilot/install/dp_adapt_backs_controller/lib:/home/badawi/Desktop/auto-pilot/install/stonefish_ros2/lib:/home/badawi/Desktop/auto-pilot/install/pid_siso/lib:/home/badawi/btcpp_ws/install/behaviortree_cpp/lib:/usr/local/lib:/opt/ros/humble/opt/rviz_ogre_vendor/lib:/opt/ros/humble/lib/x86_64-linux-gnu:/opt/ros/humble/lib /usr/bin/cmake --build /home/badawi/Desktop/auto-pilot/build/dp_adapt_backs_controller -- -j20 -l20
[43.612s] Invoking command in '/home/badawi/Desktop/auto-pilot/build/dp_adapt_backs_controller': CMAKE_PREFIX_PATH=/home/badawi/Desktop/auto-pilot/install/vortex_msgs:/home/badawi/Desktop/auto-pilot/install/waypoint_manager:/home/badawi/Desktop/auto-pilot/install/vortex_utils:/home/badawi/Desktop/auto-pilot/install/vortex_sim_interface:/home/badawi/Desktop/auto-pilot/install/velocity_controller_lqr:/home/badawi/Desktop/auto-pilot/install/freya_visualization:/home/badawi/Desktop/auto-pilot/install/thruster_visualization:/home/badawi/Desktop/auto-pilot/install/thrust_allocator_auv:/home/badawi/Desktop/auto-pilot/install/reference_filter_dp:/home/badawi/Desktop/auto-pilot/install/pose_action_server:/home/badawi/Desktop/auto-pilot/install/pid_controller_dp_euler:/home/badawi/Desktop/auto-pilot/install/pid_controller_dp:/home/badawi/Desktop/auto-pilot/install/los_guidance:/home/badawi/Desktop/auto-pilot/install/dp_adapt_backs_controller:/home/badawi/Desktop/auto-pilot/install/velocity_controller_4dof_ros2:/home/badawi/Desktop/auto-pilot/install/urdf_models:/home/badawi/Desktop/auto-pilot/install/stonefish_sim:/home/badawi/Desktop/auto-pilot/install/ma1_stonefish:/home/badawi/Desktop/auto-pilot/install/stonefish_ros2:/home/badawi/Desktop/auto-pilot/install/pid_siso:/home/badawi/Desktop/auto-pilot/install/mundus_mir_vehicle_interfaces:/home/badawi/Desktop/auto-pilot/install/mundus_mir_blueye_joystick_cpp:/home/badawi/Desktop/auto-pilot/install/ma1_mclsimpy:/home/badawi/Desktop/auto-pilot/install/joystick_interface_auv:/home/badawi/Desktop/auto-pilot/install/auv_setup:/home/badawi/btcpp_ws/install/behaviortree_cpp:/home/badawi/Desktop/auto-pilot/install/auv_gui:/home/badawi/Desktop/auto-pilot/install/mundus_mir_stonefish_docking_controller:/opt/ros/humble LD_LIBRARY_PATH=/home/badawi/Desktop/auto-pilot/install/vortex_msgs/lib:/home/badawi/Desktop/auto-pilot/install/vortex_utils/lib:/home/badawi/Desktop/auto-pilot/install/thrust_allocator_auv/lib:/home/badawi/Desktop/auto-pilot/install/reference_filter_dp/lib:/home/badawi/Desktop/auto-pilot/install/dp_adapt_backs_controller/lib:/home/badawi/Desktop/auto-pilot/install/stonefish_ros2/lib:/home/badawi/Desktop/auto-pilot/install/pid_siso/lib:/home/badawi/btcpp_ws/install/behaviortree_cpp/lib:/usr/local/lib:/opt/ros/humble/opt/rviz_ogre_vendor/lib:/opt/ros/humble/lib/x86_64-linux-gnu:/opt/ros/humble/lib /usr/bin/cmake --install /home/badawi/Desktop/auto-pilot/build/dp_adapt_backs_controller
[43.621s] -- Install configuration: ""
[43.622s] -- Execute custom install script
[43.623s] -- Symlinking: /home/badawi/Desktop/auto-pilot/install/dp_adapt_backs_controller/lib/dp_adapt_backs_controller/dp_adapt_backs_controller_node
[43.633s] -- Symlinking: /home/badawi/Desktop/auto-pilot/install/dp_adapt_backs_controller/include/dp_adapt_backs_controller/dp_adapt_backs_controller.hpp
[43.641s] -- Symlinking: /home/badawi/Desktop/auto-pilot/install/dp_adapt_backs_controller/include/dp_adapt_backs_controller/dp_adapt_backs_controller_ros.hpp
[43.648s] -- Symlinking: /home/badawi/Desktop/auto-pilot/install/dp_adapt_backs_controller/include/dp_adapt_backs_controller/dp_adapt_backs_controller_utils.hpp
[43.655s] -- Symlinking: /home/badawi/Desktop/auto-pilot/install/dp_adapt_backs_controller/include/dp_adapt_backs_controller/typedefs.hpp
[43.663s] -- Symlinking: /home/badawi/Desktop/auto-pilot/install/dp_adapt_backs_controller/share/dp_adapt_backs_controller//launch/dp_adapt_backs_controller.launch.py
[43.673s] -- Symlinking: /home/badawi/Desktop/auto-pilot/install/dp_adapt_backs_controller/share/dp_adapt_backs_controller//config/adapt_params.yaml
[43.683s] -- Symlinking: /home/badawi/Desktop/auto-pilot/install/dp_adapt_backs_controller/share/ament_index/resource_index/package_run_dependencies/dp_adapt_backs_controller
[43.691s] -- Symlinking: /home/badawi/Desktop/auto-pilot/install/dp_adapt_backs_controller/share/ament_index/resource_index/parent_prefix_path/dp_adapt_backs_controller
[43.698s] -- Symlinking: /home/badawi/Desktop/auto-pilot/install/dp_adapt_backs_controller/share/dp_adapt_backs_controller/environment/ament_prefix_path.sh
[43.706s] -- Symlinking: /home/badawi/Desktop/auto-pilot/install/dp_adapt_backs_controller/share/dp_adapt_backs_controller/environment/ament_prefix_path.dsv
[43.714s] -- Symlinking: /home/badawi/Desktop/auto-pilot/install/dp_adapt_backs_controller/share/dp_adapt_backs_controller/environment/path.sh
[43.723s] -- Symlinking: /home/badawi/Desktop/auto-pilot/install/dp_adapt_backs_controller/share/dp_adapt_backs_controller/environment/path.dsv
[43.732s] -- Symlinking: /home/badawi/Desktop/auto-pilot/install/dp_adapt_backs_controller/share/dp_adapt_backs_controller/local_setup.bash
[43.741s] -- Symlinking: /home/badawi/Desktop/auto-pilot/install/dp_adapt_backs_controller/share/dp_adapt_backs_controller/local_setup.sh
[43.749s] -- Symlinking: /home/badawi/Desktop/auto-pilot/install/dp_adapt_backs_controller/share/dp_adapt_backs_controller/local_setup.zsh
[43.756s] -- Symlinking: /home/badawi/Desktop/auto-pilot/install/dp_adapt_backs_controller/share/dp_adapt_backs_controller/local_setup.dsv
[43.765s] -- Symlinking: /home/badawi/Desktop/auto-pilot/install/dp_adapt_backs_controller/share/dp_adapt_backs_controller/package.dsv
[43.773s] -- Symlinking: /home/badawi/Desktop/auto-pilot/install/dp_adapt_backs_controller/share/ament_index/resource_index/packages/dp_adapt_backs_controller
[43.782s] -- Symlinking: /home/badawi/Desktop/auto-pilot/install/dp_adapt_backs_controller/share/ament_index/resource_index/rclcpp_components/dp_adapt_backs_controller
[43.791s] -- Symlinking: /home/badawi/Desktop/auto-pilot/install/dp_adapt_backs_controller/share/dp_adapt_backs_controller/cmake/ament_cmake_export_targets-extras.cmake
[43.798s] -- Symlinking: /home/badawi/Desktop/auto-pilot/install/dp_adapt_backs_controller/share/dp_adapt_backs_controller/cmake/dp_adapt_backs_controllerConfig.cmake
[43.807s] -- Symlinking: /home/badawi/Desktop/auto-pilot/install/dp_adapt_backs_controller/share/dp_adapt_backs_controller/cmake/dp_adapt_backs_controllerConfig-version.cmake
[43.814s] -- Symlinking: /home/badawi/Desktop/auto-pilot/install/dp_adapt_backs_controller/share/dp_adapt_backs_controller/package.xml
[43.820s] -- Installing: /home/badawi/Desktop/auto-pilot/install/dp_adapt_backs_controller/lib/libdp_adapt_backs_controller_component.so
[43.835s] -- Set runtime path of "/home/badawi/Desktop/auto-pilot/install/dp_adapt_backs_controller/lib/libdp_adapt_backs_controller_component.so" to ""
[43.835s] -- Installing: /home/badawi/Desktop/auto-pilot/install/dp_adapt_backs_controller/share/dp_adapt_backs_controller/cmake/export_dp_adapt_backs_controller_componentExport.cmake
[43.837s] -- Installing: /home/badawi/Desktop/auto-pilot/install/dp_adapt_backs_controller/share/dp_adapt_backs_controller/cmake/export_dp_adapt_backs_controller_componentExport-noconfig.cmake
[43.839s] Invoked command in '/home/badawi/Desktop/auto-pilot/build/dp_adapt_backs_controller' returned '0': CMAKE_PREFIX_PATH=/home/badawi/Desktop/auto-pilot/install/vortex_msgs:/home/badawi/Desktop/auto-pilot/install/waypoint_manager:/home/badawi/Desktop/auto-pilot/install/vortex_utils:/home/badawi/Desktop/auto-pilot/install/vortex_sim_interface:/home/badawi/Desktop/auto-pilot/install/velocity_controller_lqr:/home/badawi/Desktop/auto-pilot/install/freya_visualization:/home/badawi/Desktop/auto-pilot/install/thruster_visualization:/home/badawi/Desktop/auto-pilot/install/thrust_allocator_auv:/home/badawi/Desktop/auto-pilot/install/reference_filter_dp:/home/badawi/Desktop/auto-pilot/install/pose_action_server:/home/badawi/Desktop/auto-pilot/install/pid_controller_dp_euler:/home/badawi/Desktop/auto-pilot/install/pid_controller_dp:/home/badawi/Desktop/auto-pilot/install/los_guidance:/home/badawi/Desktop/auto-pilot/install/dp_adapt_backs_controller:/home/badawi/Desktop/auto-pilot/install/velocity_controller_4dof_ros2:/home/badawi/Desktop/auto-pilot/install/urdf_models:/home/badawi/Desktop/auto-pilot/install/stonefish_sim:/home/badawi/Desktop/auto-pilot/install/ma1_stonefish:/home/badawi/Desktop/auto-pilot/install/stonefish_ros2:/home/badawi/Desktop/auto-pilot/install/pid_siso:/home/badawi/Desktop/auto-pilot/install/mundus_mir_vehicle_interfaces:/home/badawi/Desktop/auto-pilot/install/mundus_mir_blueye_joystick_cpp:/home/badawi/Desktop/auto-pilot/install/ma1_mclsimpy:/home/badawi/Desktop/auto-pilot/install/joystick_interface_auv:/home/badawi/Desktop/auto-pilot/install/auv_setup:/home/badawi/btcpp_ws/install/behaviortree_cpp:/home/badawi/Desktop/auto-pilot/install/auv_gui:/home/badawi/Desktop/auto-pilot/install/mundus_mir_stonefish_docking_controller:/opt/ros/humble LD_LIBRARY_PATH=/home/badawi/Desktop/auto-pilot/install/vortex_msgs/lib:/home/badawi/Desktop/auto-pilot/install/vortex_utils/lib:/home/badawi/Desktop/auto-pilot/install/thrust_allocator_auv/lib:/home/badawi/Desktop/auto-pilot/install/reference_filter_dp/lib:/home/badawi/Desktop/auto-pilot/install/dp_adapt_backs_controller/lib:/home/badawi/Desktop/auto-pilot/install/stonefish_ros2/lib:/home/badawi/Desktop/auto-pilot/install/pid_siso/lib:/home/badawi/btcpp_ws/install/behaviortree_cpp/lib:/usr/local/lib:/opt/ros/humble/opt/rviz_ogre_vendor/lib:/opt/ros/humble/lib/x86_64-linux-gnu:/opt/ros/humble/lib /usr/bin/cmake --install /home/badawi/Desktop/auto-pilot/build/dp_adapt_backs_controller
