[0.017s] Invoking command in '/home/badawi/Desktop/auto-pilot/build/stonefish_sim': CMAKE_PREFIX_PATH=/home/badawi/Desktop/auto-pilot/install/stonefish_ros2:/home/badawi/Desktop/auto-pilot/install/waypoint_manager:/home/badawi/Desktop/auto-pilot/install/vortex_utils:/home/badawi/Desktop/auto-pilot/install/vortex_sim_interface:/home/badawi/Desktop/auto-pilot/install/velocity_controller_lqr:/home/badawi/Desktop/auto-pilot/install/freya_visualization:/home/badawi/Desktop/auto-pilot/install/thruster_visualization:/home/badawi/Desktop/auto-pilot/install/thrust_allocator_auv:/home/badawi/Desktop/auto-pilot/install/reference_filter_dp:/home/badawi/Desktop/auto-pilot/install/pose_action_server:/home/badawi/Desktop/auto-pilot/install/pid_controller_dp_euler:/home/badawi/Desktop/auto-pilot/install/pid_controller_dp:/home/badawi/Desktop/auto-pilot/install/los_guidance:/home/badawi/Desktop/auto-pilot/install/dp_adapt_backs_controller:/home/badawi/Desktop/auto-pilot/install/vortex_msgs:/home/badawi/Desktop/auto-pilot/install/velocity_controller_4dof_ros2:/home/badawi/Desktop/auto-pilot/install/urdf_models:/home/badawi/Desktop/auto-pilot/install/stonefish_sim:/home/badawi/Desktop/auto-pilot/install/ma1_stonefish:/home/badawi/Desktop/auto-pilot/install/pid_siso:/home/badawi/Desktop/auto-pilot/install/mundus_mir_waypoint_controller:/home/badawi/Desktop/auto-pilot/install/mundus_mir_vehicle_interfaces:/home/badawi/Desktop/auto-pilot/install/mundus_mir_msgs:/home/badawi/Desktop/auto-pilot/install/mundus_mir_blueye_joystick_cpp:/home/badawi/Desktop/auto-pilot/install/ma1_mclsimpy:/home/badawi/Desktop/auto-pilot/install/joystick_interface_auv:/home/badawi/Desktop/auto-pilot/install/auv_setup:/home/badawi/Desktop/mundus_mir_simulator/install/yasmin_demos:/home/badawi/Desktop/mundus_mir_simulator/install/yasmin_viewer:/home/badawi/Desktop/mundus_mir_simulator/install/yasmin_ros:/home/badawi/Desktop/mundus_mir_simulator/install/yasmin_msgs:/home/badawi/Desktop/mundus_mir_simulator/install/yasmin:/home/badawi/Desktop/mundus_mir_simulator/install/velocity_controller_4dof_ros2:/home/badawi/Desktop/mundus_mir_simulator/install/gz_sensor_launch:/home/badawi/Desktop/mundus_mir_simulator/install/gz_usbl:/home/badawi/Desktop/mundus_mir_simulator/install/gz_dvl:/home/badawi/Desktop/mundus_mir_simulator/install/utility_toolbox:/home/badawi/Desktop/mundus_mir_simulator/install/test_ros_gz_bridge:/home/badawi/Desktop/mundus_mir_simulator/install/simple_3d_mapper:/home/badawi/Desktop/mundus_mir_simulator/install/rov_mission_bt:/home/badawi/Desktop/mundus_mir_simulator/install/rov_bt_mission:/home/badawi/Desktop/mundus_mir_simulator/install/ros_ign_interfaces:/home/badawi/Desktop/mundus_mir_simulator/install/ros_ign:/home/badawi/Desktop/mundus_mir_simulator/install/ros_ign_image:/home/badawi/Desktop/mundus_mir_simulator/install/ros_ign_gazebo_demos:/home/badawi/Desktop/mundus_mir_simulator/install/ros_ign_gazebo:/home/badawi/Desktop/mundus_mir_simulator/install/ros_ign_bridge:/home/badawi/Desktop/mundus_mir_simulator/install/ros_gz:/home/badawi/Desktop/mundus_mir_simulator/install/ros_gz_sim_demos:/home/badawi/Desktop/mundus_mir_simulator/install/mundus_mir_simulator_launch:/home/badawi/Desktop/mundus_mir_simulator/install/gz_bringup:/home/badawi/Desktop/mundus_mir_simulator/install/ros_gz_sim:/home/badawi/Desktop/mundus_mir_simulator/install/ros_gz_image:/home/badawi/Desktop/mundus_mir_simulator/install/ros_gz_bridge:/home/badawi/Desktop/mundus_mir_simulator/install/ros_gz_interfaces:/home/badawi/Desktop/mundus_mir_simulator/install/real_blueye_bringup:/home/badawi/Desktop/mundus_mir_simulator/install/pid_siso:/home/badawi/Desktop/mundus_mir_simulator/install/mundus_mir_waypoint_controller:/home/badawi/Desktop/mundus_mir_simulator/install/mundus_mir_vehicle_interfaces:/home/badawi/Desktop/mundus_mir_simulator/install/gz_sonar:/home/badawi/Desktop/mundus_mir_simulator/install/gz_robot_monitors:/home/badawi/Desktop/mundus_mir_simulator/install/gz_battery:/home/badawi/Desktop/mundus_mir_simulator/install/mundus_mir_msgs:/home/badawi/Desktop/mundus_mir_simulator/install/mundus_mir_blueye_joystick_cpp:/home/badawi/Desktop/mundus_mir_simulator/install/gz_underwater_camera:/home/badawi/Desktop/mundus_mir_simulator/install/gz_tf_broadcaster:/home/badawi/Desktop/mundus_mir_simulator/install/gz_applications:/home/badawi/Desktop/mundus_mir_simulator/install/blueye_interfaces:/home/badawi/Desktop/mundus_mir_simulator/install/blueye_description:/home/badawi/Desktop/mundus_mir_simulator/install/blueye_altitude_controller:/home/badawi/Desktop/mundus_mir_simulator/install/bluerov_interfaces:/home/badawi/btcpp_ws/install/behaviortree_cpp:/home/badawi/Desktop/auto-pilot/install/auv_gui:/home/badawi/Desktop/auto-pilot/install/mundus_mir_stonefish_docking_controller:/home/badawi/Desktop/mundus_mir_simulator/install/blueye_mission:/home/badawi/Desktop/mundus_mir_simulator/install/blueye_guidance_and_control:/home/badawi/Desktop/mundus_mir_simulator/install/blueye_gui:/home/badawi/Desktop/mundus_mir_simulator/install/mundus_mir_docking_controller:/home/badawi/Desktop/mundus_mir_simulator/install/gz_sdf_generator:/home/badawi/Desktop/mundus_mir_simulator/install/gz_models:/home/badawi/Desktop/mundus_mir_simulator/install/blueye_sensors:/home/badawi/Desktop/mundus_mir_simulator/install/blueye_ros_interface:/home/badawi/Desktop/PhD_Autumn_2025/subsea-autonomy-stack/install/rov_risk_assessment:/home/badawi/Desktop/PhD_Autumn_2025/subsea-autonomy-stack/install/blueye_risk_assessment:/home/badawi/Desktop/PhD_Autumn_2025/subsea-autonomy-stack/install/fish_detection:/opt/ros/humble LD_LIBRARY_PATH=/home/badawi/Desktop/auto-pilot/install/stonefish_ros2/lib:/home/badawi/Desktop/auto-pilot/install/vortex_utils/lib:/home/badawi/Desktop/auto-pilot/install/thrust_allocator_auv/lib:/home/badawi/Desktop/auto-pilot/install/reference_filter_dp/lib:/home/badawi/Desktop/auto-pilot/install/dp_adapt_backs_controller/lib:/home/badawi/Desktop/auto-pilot/install/vortex_msgs/lib:/home/badawi/Desktop/auto-pilot/install/pid_siso/lib:/home/badawi/Desktop/auto-pilot/install/mundus_mir_msgs/lib:/home/badawi/Desktop/mundus_mir_simulator/install/yasmin_demos/lib:/home/badawi/Desktop/mundus_mir_simulator/install/yasmin_viewer/lib:/home/badawi/Desktop/mundus_mir_simulator/install/yasmin_ros/lib:/home/badawi/Desktop/mundus_mir_simulator/install/yasmin_msgs/lib:/home/badawi/Desktop/mundus_mir_simulator/install/yasmin/lib:/home/badawi/Desktop/mundus_mir_simulator/install/utility_toolbox/lib:/home/badawi/Desktop/mundus_mir_simulator/install/rov_bt_mission/lib:/home/badawi/Desktop/mundus_mir_simulator/install/ros_ign_interfaces/lib:/home/badawi/Desktop/mundus_mir_simulator/install/ros_gz_sim/lib:/home/badawi/Desktop/mundus_mir_simulator/install/ros_gz_bridge/lib:/home/badawi/Desktop/mundus_mir_simulator/install/ros_gz_interfaces/lib:/home/badawi/Desktop/mundus_mir_simulator/install/pid_siso/lib:/home/badawi/Desktop/mundus_mir_simulator/install/mundus_mir_msgs/lib:/home/badawi/Desktop/mundus_mir_simulator/install/blueye_interfaces/lib:/home/badawi/Desktop/mundus_mir_simulator/install/bluerov_interfaces/lib:/home/badawi/btcpp_ws/install/behaviortree_cpp/lib:/usr/local/lib:/opt/ros/humble/opt/rviz_ogre_vendor/lib:/opt/ros/humble/lib/x86_64-linux-gnu:/opt/ros/humble/lib /usr/bin/cmake --build /home/badawi/Desktop/auto-pilot/build/stonefish_sim -- -j20 -l20
[0.050s] Invoked command in '/home/badawi/Desktop/auto-pilot/build/stonefish_sim' returned '0': CMAKE_PREFIX_PATH=/home/badawi/Desktop/auto-pilot/install/stonefish_ros2:/home/badawi/Desktop/auto-pilot/install/waypoint_manager:/home/badawi/Desktop/auto-pilot/install/vortex_utils:/home/badawi/Desktop/auto-pilot/install/vortex_sim_interface:/home/badawi/Desktop/auto-pilot/install/velocity_controller_lqr:/home/badawi/Desktop/auto-pilot/install/freya_visualization:/home/badawi/Desktop/auto-pilot/install/thruster_visualization:/home/badawi/Desktop/auto-pilot/install/thrust_allocator_auv:/home/badawi/Desktop/auto-pilot/install/reference_filter_dp:/home/badawi/Desktop/auto-pilot/install/pose_action_server:/home/badawi/Desktop/auto-pilot/install/pid_controller_dp_euler:/home/badawi/Desktop/auto-pilot/install/pid_controller_dp:/home/badawi/Desktop/auto-pilot/install/los_guidance:/home/badawi/Desktop/auto-pilot/install/dp_adapt_backs_controller:/home/badawi/Desktop/auto-pilot/install/vortex_msgs:/home/badawi/Desktop/auto-pilot/install/velocity_controller_4dof_ros2:/home/badawi/Desktop/auto-pilot/install/urdf_models:/home/badawi/Desktop/auto-pilot/install/stonefish_sim:/home/badawi/Desktop/auto-pilot/install/ma1_stonefish:/home/badawi/Desktop/auto-pilot/install/pid_siso:/home/badawi/Desktop/auto-pilot/install/mundus_mir_waypoint_controller:/home/badawi/Desktop/auto-pilot/install/mundus_mir_vehicle_interfaces:/home/badawi/Desktop/auto-pilot/install/mundus_mir_msgs:/home/badawi/Desktop/auto-pilot/install/mundus_mir_blueye_joystick_cpp:/home/badawi/Desktop/auto-pilot/install/ma1_mclsimpy:/home/badawi/Desktop/auto-pilot/install/joystick_interface_auv:/home/badawi/Desktop/auto-pilot/install/auv_setup:/home/badawi/Desktop/mundus_mir_simulator/install/yasmin_demos:/home/badawi/Desktop/mundus_mir_simulator/install/yasmin_viewer:/home/badawi/Desktop/mundus_mir_simulator/install/yasmin_ros:/home/badawi/Desktop/mundus_mir_simulator/install/yasmin_msgs:/home/badawi/Desktop/mundus_mir_simulator/install/yasmin:/home/badawi/Desktop/mundus_mir_simulator/install/velocity_controller_4dof_ros2:/home/badawi/Desktop/mundus_mir_simulator/install/gz_sensor_launch:/home/badawi/Desktop/mundus_mir_simulator/install/gz_usbl:/home/badawi/Desktop/mundus_mir_simulator/install/gz_dvl:/home/badawi/Desktop/mundus_mir_simulator/install/utility_toolbox:/home/badawi/Desktop/mundus_mir_simulator/install/test_ros_gz_bridge:/home/badawi/Desktop/mundus_mir_simulator/install/simple_3d_mapper:/home/badawi/Desktop/mundus_mir_simulator/install/rov_mission_bt:/home/badawi/Desktop/mundus_mir_simulator/install/rov_bt_mission:/home/badawi/Desktop/mundus_mir_simulator/install/ros_ign_interfaces:/home/badawi/Desktop/mundus_mir_simulator/install/ros_ign:/home/badawi/Desktop/mundus_mir_simulator/install/ros_ign_image:/home/badawi/Desktop/mundus_mir_simulator/install/ros_ign_gazebo_demos:/home/badawi/Desktop/mundus_mir_simulator/install/ros_ign_gazebo:/home/badawi/Desktop/mundus_mir_simulator/install/ros_ign_bridge:/home/badawi/Desktop/mundus_mir_simulator/install/ros_gz:/home/badawi/Desktop/mundus_mir_simulator/install/ros_gz_sim_demos:/home/badawi/Desktop/mundus_mir_simulator/install/mundus_mir_simulator_launch:/home/badawi/Desktop/mundus_mir_simulator/install/gz_bringup:/home/badawi/Desktop/mundus_mir_simulator/install/ros_gz_sim:/home/badawi/Desktop/mundus_mir_simulator/install/ros_gz_image:/home/badawi/Desktop/mundus_mir_simulator/install/ros_gz_bridge:/home/badawi/Desktop/mundus_mir_simulator/install/ros_gz_interfaces:/home/badawi/Desktop/mundus_mir_simulator/install/real_blueye_bringup:/home/badawi/Desktop/mundus_mir_simulator/install/pid_siso:/home/badawi/Desktop/mundus_mir_simulator/install/mundus_mir_waypoint_controller:/home/badawi/Desktop/mundus_mir_simulator/install/mundus_mir_vehicle_interfaces:/home/badawi/Desktop/mundus_mir_simulator/install/gz_sonar:/home/badawi/Desktop/mundus_mir_simulator/install/gz_robot_monitors:/home/badawi/Desktop/mundus_mir_simulator/install/gz_battery:/home/badawi/Desktop/mundus_mir_simulator/install/mundus_mir_msgs:/home/badawi/Desktop/mundus_mir_simulator/install/mundus_mir_blueye_joystick_cpp:/home/badawi/Desktop/mundus_mir_simulator/install/gz_underwater_camera:/home/badawi/Desktop/mundus_mir_simulator/install/gz_tf_broadcaster:/home/badawi/Desktop/mundus_mir_simulator/install/gz_applications:/home/badawi/Desktop/mundus_mir_simulator/install/blueye_interfaces:/home/badawi/Desktop/mundus_mir_simulator/install/blueye_description:/home/badawi/Desktop/mundus_mir_simulator/install/blueye_altitude_controller:/home/badawi/Desktop/mundus_mir_simulator/install/bluerov_interfaces:/home/badawi/btcpp_ws/install/behaviortree_cpp:/home/badawi/Desktop/auto-pilot/install/auv_gui:/home/badawi/Desktop/auto-pilot/install/mundus_mir_stonefish_docking_controller:/home/badawi/Desktop/mundus_mir_simulator/install/blueye_mission:/home/badawi/Desktop/mundus_mir_simulator/install/blueye_guidance_and_control:/home/badawi/Desktop/mundus_mir_simulator/install/blueye_gui:/home/badawi/Desktop/mundus_mir_simulator/install/mundus_mir_docking_controller:/home/badawi/Desktop/mundus_mir_simulator/install/gz_sdf_generator:/home/badawi/Desktop/mundus_mir_simulator/install/gz_models:/home/badawi/Desktop/mundus_mir_simulator/install/blueye_sensors:/home/badawi/Desktop/mundus_mir_simulator/install/blueye_ros_interface:/home/badawi/Desktop/PhD_Autumn_2025/subsea-autonomy-stack/install/rov_risk_assessment:/home/badawi/Desktop/PhD_Autumn_2025/subsea-autonomy-stack/install/blueye_risk_assessment:/home/badawi/Desktop/PhD_Autumn_2025/subsea-autonomy-stack/install/fish_detection:/opt/ros/humble LD_LIBRARY_PATH=/home/badawi/Desktop/auto-pilot/install/stonefish_ros2/lib:/home/badawi/Desktop/auto-pilot/install/vortex_utils/lib:/home/badawi/Desktop/auto-pilot/install/thrust_allocator_auv/lib:/home/badawi/Desktop/auto-pilot/install/reference_filter_dp/lib:/home/badawi/Desktop/auto-pilot/install/dp_adapt_backs_controller/lib:/home/badawi/Desktop/auto-pilot/install/vortex_msgs/lib:/home/badawi/Desktop/auto-pilot/install/pid_siso/lib:/home/badawi/Desktop/auto-pilot/install/mundus_mir_msgs/lib:/home/badawi/Desktop/mundus_mir_simulator/install/yasmin_demos/lib:/home/badawi/Desktop/mundus_mir_simulator/install/yasmin_viewer/lib:/home/badawi/Desktop/mundus_mir_simulator/install/yasmin_ros/lib:/home/badawi/Desktop/mundus_mir_simulator/install/yasmin_msgs/lib:/home/badawi/Desktop/mundus_mir_simulator/install/yasmin/lib:/home/badawi/Desktop/mundus_mir_simulator/install/utility_toolbox/lib:/home/badawi/Desktop/mundus_mir_simulator/install/rov_bt_mission/lib:/home/badawi/Desktop/mundus_mir_simulator/install/ros_ign_interfaces/lib:/home/badawi/Desktop/mundus_mir_simulator/install/ros_gz_sim/lib:/home/badawi/Desktop/mundus_mir_simulator/install/ros_gz_bridge/lib:/home/badawi/Desktop/mundus_mir_simulator/install/ros_gz_interfaces/lib:/home/badawi/Desktop/mundus_mir_simulator/install/pid_siso/lib:/home/badawi/Desktop/mundus_mir_simulator/install/mundus_mir_msgs/lib:/home/badawi/Desktop/mundus_mir_simulator/install/blueye_interfaces/lib:/home/badawi/Desktop/mundus_mir_simulator/install/bluerov_interfaces/lib:/home/badawi/btcpp_ws/install/behaviortree_cpp/lib:/usr/local/lib:/opt/ros/humble/opt/rviz_ogre_vendor/lib:/opt/ros/humble/lib/x86_64-linux-gnu:/opt/ros/humble/lib /usr/bin/cmake --build /home/badawi/Desktop/auto-pilot/build/stonefish_sim -- -j20 -l20
[0.060s] Invoking command in '/home/badawi/Desktop/auto-pilot/build/stonefish_sim': CMAKE_PREFIX_PATH=/home/badawi/Desktop/auto-pilot/install/stonefish_ros2:/home/badawi/Desktop/auto-pilot/install/waypoint_manager:/home/badawi/Desktop/auto-pilot/install/vortex_utils:/home/badawi/Desktop/auto-pilot/install/vortex_sim_interface:/home/badawi/Desktop/auto-pilot/install/velocity_controller_lqr:/home/badawi/Desktop/auto-pilot/install/freya_visualization:/home/badawi/Desktop/auto-pilot/install/thruster_visualization:/home/badawi/Desktop/auto-pilot/install/thrust_allocator_auv:/home/badawi/Desktop/auto-pilot/install/reference_filter_dp:/home/badawi/Desktop/auto-pilot/install/pose_action_server:/home/badawi/Desktop/auto-pilot/install/pid_controller_dp_euler:/home/badawi/Desktop/auto-pilot/install/pid_controller_dp:/home/badawi/Desktop/auto-pilot/install/los_guidance:/home/badawi/Desktop/auto-pilot/install/dp_adapt_backs_controller:/home/badawi/Desktop/auto-pilot/install/vortex_msgs:/home/badawi/Desktop/auto-pilot/install/velocity_controller_4dof_ros2:/home/badawi/Desktop/auto-pilot/install/urdf_models:/home/badawi/Desktop/auto-pilot/install/stonefish_sim:/home/badawi/Desktop/auto-pilot/install/ma1_stonefish:/home/badawi/Desktop/auto-pilot/install/pid_siso:/home/badawi/Desktop/auto-pilot/install/mundus_mir_waypoint_controller:/home/badawi/Desktop/auto-pilot/install/mundus_mir_vehicle_interfaces:/home/badawi/Desktop/auto-pilot/install/mundus_mir_msgs:/home/badawi/Desktop/auto-pilot/install/mundus_mir_blueye_joystick_cpp:/home/badawi/Desktop/auto-pilot/install/ma1_mclsimpy:/home/badawi/Desktop/auto-pilot/install/joystick_interface_auv:/home/badawi/Desktop/auto-pilot/install/auv_setup:/home/badawi/Desktop/mundus_mir_simulator/install/yasmin_demos:/home/badawi/Desktop/mundus_mir_simulator/install/yasmin_viewer:/home/badawi/Desktop/mundus_mir_simulator/install/yasmin_ros:/home/badawi/Desktop/mundus_mir_simulator/install/yasmin_msgs:/home/badawi/Desktop/mundus_mir_simulator/install/yasmin:/home/badawi/Desktop/mundus_mir_simulator/install/velocity_controller_4dof_ros2:/home/badawi/Desktop/mundus_mir_simulator/install/gz_sensor_launch:/home/badawi/Desktop/mundus_mir_simulator/install/gz_usbl:/home/badawi/Desktop/mundus_mir_simulator/install/gz_dvl:/home/badawi/Desktop/mundus_mir_simulator/install/utility_toolbox:/home/badawi/Desktop/mundus_mir_simulator/install/test_ros_gz_bridge:/home/badawi/Desktop/mundus_mir_simulator/install/simple_3d_mapper:/home/badawi/Desktop/mundus_mir_simulator/install/rov_mission_bt:/home/badawi/Desktop/mundus_mir_simulator/install/rov_bt_mission:/home/badawi/Desktop/mundus_mir_simulator/install/ros_ign_interfaces:/home/badawi/Desktop/mundus_mir_simulator/install/ros_ign:/home/badawi/Desktop/mundus_mir_simulator/install/ros_ign_image:/home/badawi/Desktop/mundus_mir_simulator/install/ros_ign_gazebo_demos:/home/badawi/Desktop/mundus_mir_simulator/install/ros_ign_gazebo:/home/badawi/Desktop/mundus_mir_simulator/install/ros_ign_bridge:/home/badawi/Desktop/mundus_mir_simulator/install/ros_gz:/home/badawi/Desktop/mundus_mir_simulator/install/ros_gz_sim_demos:/home/badawi/Desktop/mundus_mir_simulator/install/mundus_mir_simulator_launch:/home/badawi/Desktop/mundus_mir_simulator/install/gz_bringup:/home/badawi/Desktop/mundus_mir_simulator/install/ros_gz_sim:/home/badawi/Desktop/mundus_mir_simulator/install/ros_gz_image:/home/badawi/Desktop/mundus_mir_simulator/install/ros_gz_bridge:/home/badawi/Desktop/mundus_mir_simulator/install/ros_gz_interfaces:/home/badawi/Desktop/mundus_mir_simulator/install/real_blueye_bringup:/home/badawi/Desktop/mundus_mir_simulator/install/pid_siso:/home/badawi/Desktop/mundus_mir_simulator/install/mundus_mir_waypoint_controller:/home/badawi/Desktop/mundus_mir_simulator/install/mundus_mir_vehicle_interfaces:/home/badawi/Desktop/mundus_mir_simulator/install/gz_sonar:/home/badawi/Desktop/mundus_mir_simulator/install/gz_robot_monitors:/home/badawi/Desktop/mundus_mir_simulator/install/gz_battery:/home/badawi/Desktop/mundus_mir_simulator/install/mundus_mir_msgs:/home/badawi/Desktop/mundus_mir_simulator/install/mundus_mir_blueye_joystick_cpp:/home/badawi/Desktop/mundus_mir_simulator/install/gz_underwater_camera:/home/badawi/Desktop/mundus_mir_simulator/install/gz_tf_broadcaster:/home/badawi/Desktop/mundus_mir_simulator/install/gz_applications:/home/badawi/Desktop/mundus_mir_simulator/install/blueye_interfaces:/home/badawi/Desktop/mundus_mir_simulator/install/blueye_description:/home/badawi/Desktop/mundus_mir_simulator/install/blueye_altitude_controller:/home/badawi/Desktop/mundus_mir_simulator/install/bluerov_interfaces:/home/badawi/btcpp_ws/install/behaviortree_cpp:/home/badawi/Desktop/auto-pilot/install/auv_gui:/home/badawi/Desktop/auto-pilot/install/mundus_mir_stonefish_docking_controller:/home/badawi/Desktop/mundus_mir_simulator/install/blueye_mission:/home/badawi/Desktop/mundus_mir_simulator/install/blueye_guidance_and_control:/home/badawi/Desktop/mundus_mir_simulator/install/blueye_gui:/home/badawi/Desktop/mundus_mir_simulator/install/mundus_mir_docking_controller:/home/badawi/Desktop/mundus_mir_simulator/install/gz_sdf_generator:/home/badawi/Desktop/mundus_mir_simulator/install/gz_models:/home/badawi/Desktop/mundus_mir_simulator/install/blueye_sensors:/home/badawi/Desktop/mundus_mir_simulator/install/blueye_ros_interface:/home/badawi/Desktop/PhD_Autumn_2025/subsea-autonomy-stack/install/rov_risk_assessment:/home/badawi/Desktop/PhD_Autumn_2025/subsea-autonomy-stack/install/blueye_risk_assessment:/home/badawi/Desktop/PhD_Autumn_2025/subsea-autonomy-stack/install/fish_detection:/opt/ros/humble LD_LIBRARY_PATH=/home/badawi/Desktop/auto-pilot/install/stonefish_ros2/lib:/home/badawi/Desktop/auto-pilot/install/vortex_utils/lib:/home/badawi/Desktop/auto-pilot/install/thrust_allocator_auv/lib:/home/badawi/Desktop/auto-pilot/install/reference_filter_dp/lib:/home/badawi/Desktop/auto-pilot/install/dp_adapt_backs_controller/lib:/home/badawi/Desktop/auto-pilot/install/vortex_msgs/lib:/home/badawi/Desktop/auto-pilot/install/pid_siso/lib:/home/badawi/Desktop/auto-pilot/install/mundus_mir_msgs/lib:/home/badawi/Desktop/mundus_mir_simulator/install/yasmin_demos/lib:/home/badawi/Desktop/mundus_mir_simulator/install/yasmin_viewer/lib:/home/badawi/Desktop/mundus_mir_simulator/install/yasmin_ros/lib:/home/badawi/Desktop/mundus_mir_simulator/install/yasmin_msgs/lib:/home/badawi/Desktop/mundus_mir_simulator/install/yasmin/lib:/home/badawi/Desktop/mundus_mir_simulator/install/utility_toolbox/lib:/home/badawi/Desktop/mundus_mir_simulator/install/rov_bt_mission/lib:/home/badawi/Desktop/mundus_mir_simulator/install/ros_ign_interfaces/lib:/home/badawi/Desktop/mundus_mir_simulator/install/ros_gz_sim/lib:/home/badawi/Desktop/mundus_mir_simulator/install/ros_gz_bridge/lib:/home/badawi/Desktop/mundus_mir_simulator/install/ros_gz_interfaces/lib:/home/badawi/Desktop/mundus_mir_simulator/install/pid_siso/lib:/home/badawi/Desktop/mundus_mir_simulator/install/mundus_mir_msgs/lib:/home/badawi/Desktop/mundus_mir_simulator/install/blueye_interfaces/lib:/home/badawi/Desktop/mundus_mir_simulator/install/bluerov_interfaces/lib:/home/badawi/btcpp_ws/install/behaviortree_cpp/lib:/usr/local/lib:/opt/ros/humble/opt/rviz_ogre_vendor/lib:/opt/ros/humble/lib/x86_64-linux-gnu:/opt/ros/humble/lib /usr/bin/cmake --install /home/badawi/Desktop/auto-pilot/build/stonefish_sim
[0.066s] -- Install configuration: ""
[0.066s] -- Execute custom install script
[0.067s] -- Up-to-date symlink: /home/badawi/Desktop/auto-pilot/install/stonefish_sim/share/stonefish_sim/config/default_config.yaml
[0.067s] -- Up-to-date symlink: /home/badawi/Desktop/auto-pilot/install/stonefish_sim/share/stonefish_sim/config/docking_config.yaml
[0.067s] -- Up-to-date symlink: /home/badawi/Desktop/auto-pilot/install/stonefish_sim/share/stonefish_sim/config/pipeline_config.yaml
[0.067s] -- Up-to-date symlink: /home/badawi/Desktop/auto-pilot/install/stonefish_sim/share/stonefish_sim/config/tacc_config.yaml
[0.067s] -- Up-to-date symlink: /home/badawi/Desktop/auto-pilot/install/stonefish_sim/share/stonefish_sim/launch/freya_sim.launch.py
[0.067s] -- Up-to-date symlink: /home/badawi/Desktop/auto-pilot/install/stonefish_sim/share/stonefish_sim/launch/orca_sim.launch.py
[0.067s] -- Up-to-date symlink: /home/badawi/Desktop/auto-pilot/install/stonefish_sim/share/stonefish_sim/launch/simulation.launch.py
[0.067s] -- Up-to-date symlink: /home/badawi/Desktop/auto-pilot/install/stonefish_sim/share/stonefish_sim/scenarios/README.md
[0.067s] -- Up-to-date symlink: /home/badawi/Desktop/auto-pilot/install/stonefish_sim/share/stonefish_sim/scenarios/default.scn
[0.067s] -- Up-to-date symlink: /home/badawi/Desktop/auto-pilot/install/stonefish_sim/share/stonefish_sim/scenarios/docking.scn
[0.067s] -- Up-to-date symlink: /home/badawi/Desktop/auto-pilot/install/stonefish_sim/share/stonefish_sim/scenarios/freya_demo.scn
[0.067s] -- Up-to-date symlink: /home/badawi/Desktop/auto-pilot/install/stonefish_sim/share/stonefish_sim/scenarios/freya_no_gpu.scn
[0.067s] -- Up-to-date symlink: /home/badawi/Desktop/auto-pilot/install/stonefish_sim/share/stonefish_sim/scenarios/orca_demo.scn
[0.068s] -- Up-to-date symlink: /home/badawi/Desktop/auto-pilot/install/stonefish_sim/share/stonefish_sim/scenarios/orca_freya_demo.scn
[0.068s] -- Up-to-date symlink: /home/badawi/Desktop/auto-pilot/install/stonefish_sim/share/stonefish_sim/scenarios/orca_no_gpu.scn
[0.068s] -- Up-to-date symlink: /home/badawi/Desktop/auto-pilot/install/stonefish_sim/share/stonefish_sim/scenarios/pipeline.scn
[0.068s] -- Up-to-date symlink: /home/badawi/Desktop/auto-pilot/install/stonefish_sim/share/stonefish_sim/scenarios/structure.scn
[0.068s] -- Up-to-date symlink: /home/badawi/Desktop/auto-pilot/install/stonefish_sim/share/stonefish_sim/scenarios/tacc.scn
[0.068s] -- Up-to-date symlink: /home/badawi/Desktop/auto-pilot/install/stonefish_sim/share/stonefish_sim/scenarios/tests/default_gpu.scn
[0.068s] -- Up-to-date symlink: /home/badawi/Desktop/auto-pilot/install/stonefish_sim/share/stonefish_sim/scenarios/tests/default_no_gpu.scn
[0.068s] -- Up-to-date symlink: /home/badawi/Desktop/auto-pilot/install/stonefish_sim/share/stonefish_sim/data/README.md
[0.068s] -- Up-to-date symlink: /home/badawi/Desktop/auto-pilot/install/stonefish_sim/share/stonefish_sim/data/aruco_tags/DICT_4X4_1000_1f.png
[0.068s] -- Up-to-date symlink: /home/badawi/Desktop/auto-pilot/install/stonefish_sim/share/stonefish_sim/data/aruco_tags/DICT_4X4_1000_2f.png
[0.068s] -- Up-to-date symlink: /home/badawi/Desktop/auto-pilot/install/stonefish_sim/share/stonefish_sim/data/aruco_tags/DICT_4X4_1000_3f.png
[0.068s] -- Up-to-date symlink: /home/badawi/Desktop/auto-pilot/install/stonefish_sim/share/stonefish_sim/data/aruco_tags/DICT_4X4_1000_4f.png
[0.068s] -- Up-to-date symlink: /home/badawi/Desktop/auto-pilot/install/stonefish_sim/share/stonefish_sim/data/aruco_tags/aruco-19.png
[0.068s] -- Up-to-date symlink: /home/badawi/Desktop/auto-pilot/install/stonefish_sim/share/stonefish_sim/data/aruco_tags/aruco-28.png
[0.068s] -- Up-to-date symlink: /home/badawi/Desktop/auto-pilot/install/stonefish_sim/share/stonefish_sim/data/aruco_tags/aruco-7.png
[0.069s] -- Up-to-date symlink: /home/badawi/Desktop/auto-pilot/install/stonefish_sim/share/stonefish_sim/data/aruco_tags/aruco-96.png
[0.069s] -- Up-to-date symlink: /home/badawi/Desktop/auto-pilot/install/stonefish_sim/share/stonefish_sim/data/aruco_tags/aruco-marker-ID=33.png
[0.069s] -- Up-to-date symlink: /home/badawi/Desktop/auto-pilot/install/stonefish_sim/share/stonefish_sim/data/aruco_tags/dict_5x5_50_0.png
[0.069s] -- Up-to-date symlink: /home/badawi/Desktop/auto-pilot/install/stonefish_sim/share/stonefish_sim/data/aruco_tags/dict_5x5_50_1.png
[0.069s] -- Up-to-date symlink: /home/badawi/Desktop/auto-pilot/install/stonefish_sim/share/stonefish_sim/data/aruco_tags/dict_5x5_50_10.png
[0.069s] -- Up-to-date symlink: /home/badawi/Desktop/auto-pilot/install/stonefish_sim/share/stonefish_sim/data/aruco_tags/dict_5x5_50_11.png
[0.069s] -- Up-to-date symlink: /home/badawi/Desktop/auto-pilot/install/stonefish_sim/share/stonefish_sim/data/aruco_tags/dict_5x5_50_12.png
[0.069s] -- Up-to-date symlink: /home/badawi/Desktop/auto-pilot/install/stonefish_sim/share/stonefish_sim/data/aruco_tags/dict_5x5_50_13.png
[0.069s] -- Up-to-date symlink: /home/badawi/Desktop/auto-pilot/install/stonefish_sim/share/stonefish_sim/data/aruco_tags/dict_5x5_50_14.png
[0.069s] -- Up-to-date symlink: /home/badawi/Desktop/auto-pilot/install/stonefish_sim/share/stonefish_sim/data/aruco_tags/dict_5x5_50_15.png
[0.069s] -- Up-to-date symlink: /home/badawi/Desktop/auto-pilot/install/stonefish_sim/share/stonefish_sim/data/aruco_tags/dict_5x5_50_16.png
[0.069s] -- Up-to-date symlink: /home/badawi/Desktop/auto-pilot/install/stonefish_sim/share/stonefish_sim/data/aruco_tags/dict_5x5_50_17.png
[0.069s] -- Up-to-date symlink: /home/badawi/Desktop/auto-pilot/install/stonefish_sim/share/stonefish_sim/data/aruco_tags/dict_5x5_50_18.png
[0.069s] -- Up-to-date symlink: /home/badawi/Desktop/auto-pilot/install/stonefish_sim/share/stonefish_sim/data/aruco_tags/dict_5x5_50_19.png
[0.069s] -- Up-to-date symlink: /home/badawi/Desktop/auto-pilot/install/stonefish_sim/share/stonefish_sim/data/aruco_tags/dict_5x5_50_2.png
[0.069s] -- Up-to-date symlink: /home/badawi/Desktop/auto-pilot/install/stonefish_sim/share/stonefish_sim/data/aruco_tags/dict_5x5_50_20.png
[0.069s] -- Up-to-date symlink: /home/badawi/Desktop/auto-pilot/install/stonefish_sim/share/stonefish_sim/data/aruco_tags/dict_5x5_50_3.png
[0.069s] -- Up-to-date symlink: /home/badawi/Desktop/auto-pilot/install/stonefish_sim/share/stonefish_sim/data/aruco_tags/dict_5x5_50_4.png
[0.069s] -- Up-to-date symlink: /home/badawi/Desktop/auto-pilot/install/stonefish_sim/share/stonefish_sim/data/aruco_tags/dict_5x5_50_5.png
[0.070s] -- Up-to-date symlink: /home/badawi/Desktop/auto-pilot/install/stonefish_sim/share/stonefish_sim/data/aruco_tags/dict_5x5_50_6.png
[0.070s] -- Up-to-date symlink: /home/badawi/Desktop/auto-pilot/install/stonefish_sim/share/stonefish_sim/data/aruco_tags/dict_5x5_50_7.png
[0.070s] -- Up-to-date symlink: /home/badawi/Desktop/auto-pilot/install/stonefish_sim/share/stonefish_sim/data/aruco_tags/dict_5x5_50_8.png
[0.070s] -- Up-to-date symlink: /home/badawi/Desktop/auto-pilot/install/stonefish_sim/share/stonefish_sim/data/aruco_tags/dict_5x5_50_9.png
[0.070s] -- Up-to-date symlink: /home/badawi/Desktop/auto-pilot/install/stonefish_sim/share/stonefish_sim/data/cyberfish/cyberfish.obj
[0.070s] -- Up-to-date symlink: /home/badawi/Desktop/auto-pilot/install/stonefish_sim/share/stonefish_sim/data/cyberfish/cyberfish_phys.obj
[0.070s] -- Up-to-date symlink: /home/badawi/Desktop/auto-pilot/install/stonefish_sim/share/stonefish_sim/data/freya/body.obj
[0.070s] -- Up-to-date symlink: /home/badawi/Desktop/auto-pilot/install/stonefish_sim/share/stonefish_sim/data/freya/freya.obj
[0.070s] -- Up-to-date symlink: /home/badawi/Desktop/auto-pilot/install/stonefish_sim/share/stonefish_sim/data/freya/freya_mesh.obj
[0.070s] -- Up-to-date symlink: /home/badawi/Desktop/auto-pilot/install/stonefish_sim/share/stonefish_sim/data/freya/freya_mesh2.obj
[0.070s] -- Up-to-date symlink: /home/badawi/Desktop/auto-pilot/install/stonefish_sim/share/stonefish_sim/data/freya/freya_simple.obj
[0.070s] -- Up-to-date symlink: /home/badawi/Desktop/auto-pilot/install/stonefish_sim/share/stonefish_sim/data/freya/pontoon.obj
[0.070s] -- Up-to-date symlink: /home/badawi/Desktop/auto-pilot/install/stonefish_sim/share/stonefish_sim/data/freya/pontoon2.obj
[0.070s] -- Up-to-date symlink: /home/badawi/Desktop/auto-pilot/install/stonefish_sim/share/stonefish_sim/data/object_files/Buoy1.png
[0.070s] -- Up-to-date symlink: /home/badawi/Desktop/auto-pilot/install/stonefish_sim/share/stonefish_sim/data/object_files/aruco_plates/DICT_5X5_50_0_f.png
[0.070s] -- Up-to-date symlink: /home/badawi/Desktop/auto-pilot/install/stonefish_sim/share/stonefish_sim/data/object_files/aruco_plates/DICT_5x5_50_0.dae
[0.070s] -- Up-to-date symlink: /home/badawi/Desktop/auto-pilot/install/stonefish_sim/share/stonefish_sim/data/object_files/blueye.obj
[0.070s] -- Up-to-date symlink: /home/badawi/Desktop/auto-pilot/install/stonefish_sim/share/stonefish_sim/data/object_files/buoy1.obj
[0.070s] -- Up-to-date symlink: /home/badawi/Desktop/auto-pilot/install/stonefish_sim/share/stonefish_sim/data/object_files/docking_station.obj
[0.070s] -- Up-to-date symlink: /home/badawi/Desktop/auto-pilot/install/stonefish_sim/share/stonefish_sim/data/object_files/docking_station_mesh.obj
[0.070s] -- Up-to-date symlink: /home/badawi/Desktop/auto-pilot/install/stonefish_sim/share/stonefish_sim/data/object_files/docking_station_rig.mtl
[0.070s] -- Up-to-date symlink: /home/badawi/Desktop/auto-pilot/install/stonefish_sim/share/stonefish_sim/data/object_files/docking_station_rig.obj
[0.071s] -- Up-to-date symlink: /home/badawi/Desktop/auto-pilot/install/stonefish_sim/share/stonefish_sim/data/object_files/docking_station_rig_collision_manual.obj
[0.071s] -- Up-to-date symlink: /home/badawi/Desktop/auto-pilot/install/stonefish_sim/share/stonefish_sim/data/object_files/docking_station_rig_gazebo_collision.obj
[0.071s] -- Up-to-date symlink: /home/badawi/Desktop/auto-pilot/install/stonefish_sim/share/stonefish_sim/data/object_files/docking_station_rig_lowpoly_collision.obj
[0.071s] -- Up-to-date symlink: /home/badawi/Desktop/auto-pilot/install/stonefish_sim/share/stonefish_sim/data/object_files/pipe1.obj
[0.071s] -- Up-to-date symlink: /home/badawi/Desktop/auto-pilot/install/stonefish_sim/share/stonefish_sim/data/object_files/pipe2.obj
[0.071s] -- Up-to-date symlink: /home/badawi/Desktop/auto-pilot/install/stonefish_sim/share/stonefish_sim/data/object_files/pipe2.png
[0.071s] -- Up-to-date symlink: /home/badawi/Desktop/auto-pilot/install/stonefish_sim/share/stonefish_sim/data/object_files/pool.obj
[0.071s] -- Up-to-date symlink: /home/badawi/Desktop/auto-pilot/install/stonefish_sim/share/stonefish_sim/data/object_files/pool_room.obj
[0.071s] -- Up-to-date symlink: /home/badawi/Desktop/auto-pilot/install/stonefish_sim/share/stonefish_sim/data/object_files/seafloor.obj
[0.071s] -- Up-to-date symlink: /home/badawi/Desktop/auto-pilot/install/stonefish_sim/share/stonefish_sim/data/object_files/structure.obj
[0.071s] -- Up-to-date symlink: /home/badawi/Desktop/auto-pilot/install/stonefish_sim/share/stonefish_sim/data/object_files/structure_mesh.obj
[0.071s] -- Up-to-date symlink: /home/badawi/Desktop/auto-pilot/install/stonefish_sim/share/stonefish_sim/data/object_files/tacc_seafloor/rocks.png
[0.071s] -- Up-to-date symlink: /home/badawi/Desktop/auto-pilot/install/stonefish_sim/share/stonefish_sim/data/object_files/tacc_seafloor/tacc_seafloor.mtl
[0.071s] -- Up-to-date symlink: /home/badawi/Desktop/auto-pilot/install/stonefish_sim/share/stonefish_sim/data/object_files/tacc_seafloor/tacc_seafloor.obj
[0.071s] -- Up-to-date symlink: /home/badawi/Desktop/auto-pilot/install/stonefish_sim/share/stonefish_sim/data/object_files/valve_base.obj
[0.071s] -- Up-to-date symlink: /home/badawi/Desktop/auto-pilot/install/stonefish_sim/share/stonefish_sim/data/object_files/valve_base_mesh.obj
[0.071s] -- Up-to-date symlink: /home/badawi/Desktop/auto-pilot/install/stonefish_sim/share/stonefish_sim/data/object_files/valve_turnable.obj
[0.071s] -- Up-to-date symlink: /home/badawi/Desktop/auto-pilot/install/stonefish_sim/share/stonefish_sim/data/object_files/valve_turnable_mesh.obj
[0.071s] -- Up-to-date symlink: /home/badawi/Desktop/auto-pilot/install/stonefish_sim/share/stonefish_sim/data/orca/bluerov2_propccw.obj
[0.071s] -- Up-to-date symlink: /home/badawi/Desktop/auto-pilot/install/stonefish_sim/share/stonefish_sim/data/orca/gripper_arm.obj
[0.071s] -- Up-to-date symlink: /home/badawi/Desktop/auto-pilot/install/stonefish_sim/share/stonefish_sim/data/orca/gripper_arm_mesh.obj
[0.071s] -- Up-to-date symlink: /home/badawi/Desktop/auto-pilot/install/stonefish_sim/share/stonefish_sim/data/orca/gripper_finger.obj
[0.071s] -- Up-to-date symlink: /home/badawi/Desktop/auto-pilot/install/stonefish_sim/share/stonefish_sim/data/orca/gripper_finger_mesh.obj
[0.071s] -- Up-to-date symlink: /home/badawi/Desktop/auto-pilot/install/stonefish_sim/share/stonefish_sim/data/orca/gripper_shoulder.obj
[0.071s] -- Up-to-date symlink: /home/badawi/Desktop/auto-pilot/install/stonefish_sim/share/stonefish_sim/data/orca/gripper_shoulder_mesh.obj
[0.071s] -- Up-to-date symlink: /home/badawi/Desktop/auto-pilot/install/stonefish_sim/share/stonefish_sim/data/orca/orca2.obj
[0.071s] -- Up-to-date symlink: /home/badawi/Desktop/auto-pilot/install/stonefish_sim/share/stonefish_sim/data/orca/orca_mesh.obj
[0.071s] -- Up-to-date symlink: /home/badawi/Desktop/auto-pilot/install/stonefish_sim/share/stonefish_sim/data/orca/orca_mesh2.obj
[0.071s] -- Up-to-date symlink: /home/badawi/Desktop/auto-pilot/install/stonefish_sim/share/stonefish_sim/metadata/README.md
[0.071s] -- Up-to-date symlink: /home/badawi/Desktop/auto-pilot/install/stonefish_sim/share/stonefish_sim/metadata/looks.scn
[0.071s] -- Up-to-date symlink: /home/badawi/Desktop/auto-pilot/install/stonefish_sim/share/stonefish_sim/metadata/materials.scn
[0.072s] -- Up-to-date symlink: /home/badawi/Desktop/auto-pilot/install/stonefish_sim/share/stonefish_sim/drones/README.md
[0.072s] -- Up-to-date symlink: /home/badawi/Desktop/auto-pilot/install/stonefish_sim/share/stonefish_sim/drones/blueye.scn
[0.072s] -- Up-to-date symlink: /home/badawi/Desktop/auto-pilot/install/stonefish_sim/share/stonefish_sim/drones/cyberfish.scn
[0.072s] -- Up-to-date symlink: /home/badawi/Desktop/auto-pilot/install/stonefish_sim/share/stonefish_sim/drones/freya.scn
[0.072s] -- Up-to-date symlink: /home/badawi/Desktop/auto-pilot/install/stonefish_sim/share/stonefish_sim/drones/freya_no_visual.scn
[0.072s] -- Up-to-date symlink: /home/badawi/Desktop/auto-pilot/install/stonefish_sim/share/stonefish_sim/drones/gripper.scn
[0.072s] -- Up-to-date symlink: /home/badawi/Desktop/auto-pilot/install/stonefish_sim/share/stonefish_sim/drones/orca.scn
[0.072s] -- Up-to-date symlink: /home/badawi/Desktop/auto-pilot/install/stonefish_sim/share/stonefish_sim/drones/orca_no_visual.scn
[0.072s] -- Up-to-date symlink: /home/badawi/Desktop/auto-pilot/install/stonefish_sim/share/stonefish_sim/objects/README.md
[0.072s] -- Up-to-date symlink: /home/badawi/Desktop/auto-pilot/install/stonefish_sim/share/stonefish_sim/objects/blueye.scn
[0.072s] -- Up-to-date symlink: /home/badawi/Desktop/auto-pilot/install/stonefish_sim/share/stonefish_sim/objects/default_seafloor.scn
[0.072s] -- Up-to-date symlink: /home/badawi/Desktop/auto-pilot/install/stonefish_sim/share/stonefish_sim/objects/dock.scn
[0.072s] -- Up-to-date symlink: /home/badawi/Desktop/auto-pilot/install/stonefish_sim/share/stonefish_sim/objects/docking_station_rig.scn
[0.072s] -- Up-to-date symlink: /home/badawi/Desktop/auto-pilot/install/stonefish_sim/share/stonefish_sim/objects/pipe.scn
[0.072s] -- Up-to-date symlink: /home/badawi/Desktop/auto-pilot/install/stonefish_sim/share/stonefish_sim/objects/pool.scn
[0.072s] -- Up-to-date symlink: /home/badawi/Desktop/auto-pilot/install/stonefish_sim/share/stonefish_sim/objects/structure.scn
[0.072s] -- Up-to-date symlink: /home/badawi/Desktop/auto-pilot/install/stonefish_sim/share/stonefish_sim/objects/tacc_seafloor.scn
[0.072s] -- Up-to-date symlink: /home/badawi/Desktop/auto-pilot/install/stonefish_sim/share/ament_index/resource_index/package_run_dependencies/stonefish_sim
[0.072s] -- Up-to-date symlink: /home/badawi/Desktop/auto-pilot/install/stonefish_sim/share/ament_index/resource_index/parent_prefix_path/stonefish_sim
[0.073s] -- Up-to-date symlink: /home/badawi/Desktop/auto-pilot/install/stonefish_sim/share/stonefish_sim/environment/ament_prefix_path.sh
[0.073s] -- Up-to-date symlink: /home/badawi/Desktop/auto-pilot/install/stonefish_sim/share/stonefish_sim/environment/ament_prefix_path.dsv
[0.073s] -- Up-to-date symlink: /home/badawi/Desktop/auto-pilot/install/stonefish_sim/share/stonefish_sim/environment/path.sh
[0.073s] -- Up-to-date symlink: /home/badawi/Desktop/auto-pilot/install/stonefish_sim/share/stonefish_sim/environment/path.dsv
[0.073s] -- Up-to-date symlink: /home/badawi/Desktop/auto-pilot/install/stonefish_sim/share/stonefish_sim/local_setup.bash
[0.073s] -- Up-to-date symlink: /home/badawi/Desktop/auto-pilot/install/stonefish_sim/share/stonefish_sim/local_setup.sh
[0.073s] -- Up-to-date symlink: /home/badawi/Desktop/auto-pilot/install/stonefish_sim/share/stonefish_sim/local_setup.zsh
[0.073s] -- Up-to-date symlink: /home/badawi/Desktop/auto-pilot/install/stonefish_sim/share/stonefish_sim/local_setup.dsv
[0.073s] -- Symlinking: /home/badawi/Desktop/auto-pilot/install/stonefish_sim/share/stonefish_sim/package.dsv
[0.081s] -- Up-to-date symlink: /home/badawi/Desktop/auto-pilot/install/stonefish_sim/share/ament_index/resource_index/packages/stonefish_sim
[0.081s] -- Up-to-date symlink: /home/badawi/Desktop/auto-pilot/install/stonefish_sim/share/stonefish_sim/cmake/stonefish_simConfig.cmake
[0.081s] -- Up-to-date symlink: /home/badawi/Desktop/auto-pilot/install/stonefish_sim/share/stonefish_sim/cmake/stonefish_simConfig-version.cmake
[0.081s] -- Up-to-date symlink: /home/badawi/Desktop/auto-pilot/install/stonefish_sim/share/stonefish_sim/package.xml
[0.083s] Invoked command in '/home/badawi/Desktop/auto-pilot/build/stonefish_sim' returned '0': CMAKE_PREFIX_PATH=/home/badawi/Desktop/auto-pilot/install/stonefish_ros2:/home/badawi/Desktop/auto-pilot/install/waypoint_manager:/home/badawi/Desktop/auto-pilot/install/vortex_utils:/home/badawi/Desktop/auto-pilot/install/vortex_sim_interface:/home/badawi/Desktop/auto-pilot/install/velocity_controller_lqr:/home/badawi/Desktop/auto-pilot/install/freya_visualization:/home/badawi/Desktop/auto-pilot/install/thruster_visualization:/home/badawi/Desktop/auto-pilot/install/thrust_allocator_auv:/home/badawi/Desktop/auto-pilot/install/reference_filter_dp:/home/badawi/Desktop/auto-pilot/install/pose_action_server:/home/badawi/Desktop/auto-pilot/install/pid_controller_dp_euler:/home/badawi/Desktop/auto-pilot/install/pid_controller_dp:/home/badawi/Desktop/auto-pilot/install/los_guidance:/home/badawi/Desktop/auto-pilot/install/dp_adapt_backs_controller:/home/badawi/Desktop/auto-pilot/install/vortex_msgs:/home/badawi/Desktop/auto-pilot/install/velocity_controller_4dof_ros2:/home/badawi/Desktop/auto-pilot/install/urdf_models:/home/badawi/Desktop/auto-pilot/install/stonefish_sim:/home/badawi/Desktop/auto-pilot/install/ma1_stonefish:/home/badawi/Desktop/auto-pilot/install/pid_siso:/home/badawi/Desktop/auto-pilot/install/mundus_mir_waypoint_controller:/home/badawi/Desktop/auto-pilot/install/mundus_mir_vehicle_interfaces:/home/badawi/Desktop/auto-pilot/install/mundus_mir_msgs:/home/badawi/Desktop/auto-pilot/install/mundus_mir_blueye_joystick_cpp:/home/badawi/Desktop/auto-pilot/install/ma1_mclsimpy:/home/badawi/Desktop/auto-pilot/install/joystick_interface_auv:/home/badawi/Desktop/auto-pilot/install/auv_setup:/home/badawi/Desktop/mundus_mir_simulator/install/yasmin_demos:/home/badawi/Desktop/mundus_mir_simulator/install/yasmin_viewer:/home/badawi/Desktop/mundus_mir_simulator/install/yasmin_ros:/home/badawi/Desktop/mundus_mir_simulator/install/yasmin_msgs:/home/badawi/Desktop/mundus_mir_simulator/install/yasmin:/home/badawi/Desktop/mundus_mir_simulator/install/velocity_controller_4dof_ros2:/home/badawi/Desktop/mundus_mir_simulator/install/gz_sensor_launch:/home/badawi/Desktop/mundus_mir_simulator/install/gz_usbl:/home/badawi/Desktop/mundus_mir_simulator/install/gz_dvl:/home/badawi/Desktop/mundus_mir_simulator/install/utility_toolbox:/home/badawi/Desktop/mundus_mir_simulator/install/test_ros_gz_bridge:/home/badawi/Desktop/mundus_mir_simulator/install/simple_3d_mapper:/home/badawi/Desktop/mundus_mir_simulator/install/rov_mission_bt:/home/badawi/Desktop/mundus_mir_simulator/install/rov_bt_mission:/home/badawi/Desktop/mundus_mir_simulator/install/ros_ign_interfaces:/home/badawi/Desktop/mundus_mir_simulator/install/ros_ign:/home/badawi/Desktop/mundus_mir_simulator/install/ros_ign_image:/home/badawi/Desktop/mundus_mir_simulator/install/ros_ign_gazebo_demos:/home/badawi/Desktop/mundus_mir_simulator/install/ros_ign_gazebo:/home/badawi/Desktop/mundus_mir_simulator/install/ros_ign_bridge:/home/badawi/Desktop/mundus_mir_simulator/install/ros_gz:/home/badawi/Desktop/mundus_mir_simulator/install/ros_gz_sim_demos:/home/badawi/Desktop/mundus_mir_simulator/install/mundus_mir_simulator_launch:/home/badawi/Desktop/mundus_mir_simulator/install/gz_bringup:/home/badawi/Desktop/mundus_mir_simulator/install/ros_gz_sim:/home/badawi/Desktop/mundus_mir_simulator/install/ros_gz_image:/home/badawi/Desktop/mundus_mir_simulator/install/ros_gz_bridge:/home/badawi/Desktop/mundus_mir_simulator/install/ros_gz_interfaces:/home/badawi/Desktop/mundus_mir_simulator/install/real_blueye_bringup:/home/badawi/Desktop/mundus_mir_simulator/install/pid_siso:/home/badawi/Desktop/mundus_mir_simulator/install/mundus_mir_waypoint_controller:/home/badawi/Desktop/mundus_mir_simulator/install/mundus_mir_vehicle_interfaces:/home/badawi/Desktop/mundus_mir_simulator/install/gz_sonar:/home/badawi/Desktop/mundus_mir_simulator/install/gz_robot_monitors:/home/badawi/Desktop/mundus_mir_simulator/install/gz_battery:/home/badawi/Desktop/mundus_mir_simulator/install/mundus_mir_msgs:/home/badawi/Desktop/mundus_mir_simulator/install/mundus_mir_blueye_joystick_cpp:/home/badawi/Desktop/mundus_mir_simulator/install/gz_underwater_camera:/home/badawi/Desktop/mundus_mir_simulator/install/gz_tf_broadcaster:/home/badawi/Desktop/mundus_mir_simulator/install/gz_applications:/home/badawi/Desktop/mundus_mir_simulator/install/blueye_interfaces:/home/badawi/Desktop/mundus_mir_simulator/install/blueye_description:/home/badawi/Desktop/mundus_mir_simulator/install/blueye_altitude_controller:/home/badawi/Desktop/mundus_mir_simulator/install/bluerov_interfaces:/home/badawi/btcpp_ws/install/behaviortree_cpp:/home/badawi/Desktop/auto-pilot/install/auv_gui:/home/badawi/Desktop/auto-pilot/install/mundus_mir_stonefish_docking_controller:/home/badawi/Desktop/mundus_mir_simulator/install/blueye_mission:/home/badawi/Desktop/mundus_mir_simulator/install/blueye_guidance_and_control:/home/badawi/Desktop/mundus_mir_simulator/install/blueye_gui:/home/badawi/Desktop/mundus_mir_simulator/install/mundus_mir_docking_controller:/home/badawi/Desktop/mundus_mir_simulator/install/gz_sdf_generator:/home/badawi/Desktop/mundus_mir_simulator/install/gz_models:/home/badawi/Desktop/mundus_mir_simulator/install/blueye_sensors:/home/badawi/Desktop/mundus_mir_simulator/install/blueye_ros_interface:/home/badawi/Desktop/PhD_Autumn_2025/subsea-autonomy-stack/install/rov_risk_assessment:/home/badawi/Desktop/PhD_Autumn_2025/subsea-autonomy-stack/install/blueye_risk_assessment:/home/badawi/Desktop/PhD_Autumn_2025/subsea-autonomy-stack/install/fish_detection:/opt/ros/humble LD_LIBRARY_PATH=/home/badawi/Desktop/auto-pilot/install/stonefish_ros2/lib:/home/badawi/Desktop/auto-pilot/install/vortex_utils/lib:/home/badawi/Desktop/auto-pilot/install/thrust_allocator_auv/lib:/home/badawi/Desktop/auto-pilot/install/reference_filter_dp/lib:/home/badawi/Desktop/auto-pilot/install/dp_adapt_backs_controller/lib:/home/badawi/Desktop/auto-pilot/install/vortex_msgs/lib:/home/badawi/Desktop/auto-pilot/install/pid_siso/lib:/home/badawi/Desktop/auto-pilot/install/mundus_mir_msgs/lib:/home/badawi/Desktop/mundus_mir_simulator/install/yasmin_demos/lib:/home/badawi/Desktop/mundus_mir_simulator/install/yasmin_viewer/lib:/home/badawi/Desktop/mundus_mir_simulator/install/yasmin_ros/lib:/home/badawi/Desktop/mundus_mir_simulator/install/yasmin_msgs/lib:/home/badawi/Desktop/mundus_mir_simulator/install/yasmin/lib:/home/badawi/Desktop/mundus_mir_simulator/install/utility_toolbox/lib:/home/badawi/Desktop/mundus_mir_simulator/install/rov_bt_mission/lib:/home/badawi/Desktop/mundus_mir_simulator/install/ros_ign_interfaces/lib:/home/badawi/Desktop/mundus_mir_simulator/install/ros_gz_sim/lib:/home/badawi/Desktop/mundus_mir_simulator/install/ros_gz_bridge/lib:/home/badawi/Desktop/mundus_mir_simulator/install/ros_gz_interfaces/lib:/home/badawi/Desktop/mundus_mir_simulator/install/pid_siso/lib:/home/badawi/Desktop/mundus_mir_simulator/install/mundus_mir_msgs/lib:/home/badawi/Desktop/mundus_mir_simulator/install/blueye_interfaces/lib:/home/badawi/Desktop/mundus_mir_simulator/install/bluerov_interfaces/lib:/home/badawi/btcpp_ws/install/behaviortree_cpp/lib:/usr/local/lib:/opt/ros/humble/opt/rviz_ogre_vendor/lib:/opt/ros/humble/lib/x86_64-linux-gnu:/opt/ros/humble/lib /usr/bin/cmake --install /home/badawi/Desktop/auto-pilot/build/stonefish_sim
