[0.029s] Invoking command in '/home/badawi/Desktop/auto-pilot/build/stonefish_ros2': CMAKE_PREFIX_PATH=${CMAKE_PREFIX_PATH}:/home/badawi/Desktop/auto-pilot/install/auv_gui:/home/badawi/Desktop/auto-pilot/install/mundus_mir_stonefish_docking_controller:/opt/ros/humble /usr/bin/cmake /home/badawi/Desktop/auto-pilot/src/stonefish_ros2 -DAMENT_CMAKE_SYMLINK_INSTALL=1 -DCMAKE_INSTALL_PREFIX=/home/badawi/Desktop/auto-pilot/install/stonefish_ros2
[0.073s] -- The C compiler identification is GNU 11.4.0
[0.138s] -- The CXX compiler identification is GNU 11.4.0
[0.145s] -- Detecting C compiler ABI info
[0.208s] -- Detecting C compiler ABI info - done
[0.214s] -- Check for working C compiler: /usr/bin/cc - skipped
[0.214s] -- Detecting C compile features
[0.215s] -- Detecting C compile features - done
[0.218s] -- Detecting CXX compiler ABI info
[0.295s] -- Detecting CXX compiler ABI info - done
[0.307s] -- Check for working CXX compiler: /usr/bin/c++ - skipped
[0.307s] -- Detecting CXX compile features
[0.308s] -- Detecting CXX compile features - done
[0.311s] -- Found ament_cmake: 1.3.12 (/opt/ros/humble/share/ament_cmake/cmake)
[0.727s] -- Found Python3: /usr/bin/python3 (found version "3.10.12") found components: Interpreter 
[0.793s] -- Override CMake install command with custom implementation using symlinks instead of copying resources
[0.820s] -- Found rclcpp: 16.0.17 (/opt/ros/humble/share/rclcpp/cmake)
[0.893s] -- Found rosidl_generator_c: 3.1.8 (/opt/ros/humble/share/rosidl_generator_c/cmake)
[0.899s] -- Found rosidl_adapter: 3.1.8 (/opt/ros/humble/share/rosidl_adapter/cmake)
[0.911s] -- Found rosidl_generator_cpp: 3.1.8 (/opt/ros/humble/share/rosidl_generator_cpp/cmake)
[0.931s] -- Using all available rosidl_typesupport_c: rosidl_typesupport_fastrtps_c;rosidl_typesupport_introspection_c
[0.960s] -- Using all available rosidl_typesupport_cpp: rosidl_typesupport_fastrtps_cpp;rosidl_typesupport_introspection_cpp
[1.030s] -- Found rmw_implementation_cmake: 6.1.2 (/opt/ros/humble/share/rmw_implementation_cmake/cmake)
[1.036s] -- Found rmw_fastrtps_cpp: 6.2.9 (/opt/ros/humble/share/rmw_fastrtps_cpp/cmake)
[1.158s] -- Found OpenSSL: /usr/lib/x86_64-linux-gnu/libcrypto.so (found version "3.0.2")  
[1.194s] -- Found FastRTPS: /opt/ros/humble/include  
[1.246s] -- Using RMW implementation 'rmw_fastrtps_cpp' as default
[1.257s] -- Looking for pthread.h
[1.324s] -- Looking for pthread.h - found
[1.324s] -- Performing Test CMAKE_HAVE_LIBC_PTHREAD
[1.398s] -- Performing Test CMAKE_HAVE_LIBC_PTHREAD - Success
[1.399s] -- Found Threads: TRUE  
[1.473s] -- Found std_srvs: 4.9.0 (/opt/ros/humble/share/std_srvs/cmake)
[1.499s] -- Found geometry_msgs: 4.9.0 (/opt/ros/humble/share/geometry_msgs/cmake)
[1.520s] -- Found nav_msgs: 4.9.0 (/opt/ros/humble/share/nav_msgs/cmake)
[1.546s] -- Found sensor_msgs: 4.9.0 (/opt/ros/humble/share/sensor_msgs/cmake)
[1.574s] -- Found visualization_msgs: 4.9.0 (/opt/ros/humble/share/visualization_msgs/cmake)
[1.610s] -- Found rosidl_default_generators: 1.2.0 (/opt/ros/humble/share/rosidl_default_generators/cmake)
[1.622s] -- Found pcl_conversions: 2.4.5 (/opt/ros/humble/share/pcl_conversions/cmake)
[1.679s] -- Checking for module 'eigen3'
[1.695s] --   Found eigen3, version 3.4.0
[1.734s] -- Found Eigen: /usr/include/eigen3 (Required is at least version "3.1") 
[1.734s] -- Eigen found (include: /usr/include/eigen3, version: 3.4.0)
[1.804s] -- Checking for module 'flann'
[1.824s] --   Found flann, version 1.9.1
[1.878s] -- Found FLANN: /usr/lib/x86_64-linux-gnu/libflann_cpp.so  
[1.878s] -- FLANN found (include: /usr/include, lib: /usr/lib/x86_64-linux-gnu/libflann_cpp.so)
[3.100s] -- Checking for module 'libusb-1.0'
[3.120s] --   Found libusb-1.0, version 1.0.25
[3.160s] -- Found libusb: /usr/lib/x86_64-linux-gnu/libusb-1.0.so  
[3.162s] -- OpenNI found (version: 1.5.4.0, include: /usr/include/ni, lib: /usr/lib/libOpenNI.so;libusb::libusb)
[3.223s] -- OpenNI2 found (version: 2.2.0.33, include: /usr/include/openni2, lib: /usr/lib/x86_64-linux-gnu/libOpenNI2.so;libusb::libusb)
[3.373s] -- Eigen found (include: /usr/include/eigen3, version: 3.4.0)
[3.382s] -- OpenNI found (version: 1.5.4.0, include: /usr/include/ni, lib: /usr/lib/libOpenNI.so;libusb::libusb)
[3.390s] -- OpenNI2 found (version: 2.2.0.33, include: /usr/include/openni2, lib: /usr/lib/x86_64-linux-gnu/libOpenNI2.so;libusb::libusb)
[3.567s] -- Found Qhull version 8.0.2
[3.746s] -- OpenNI found (version: 1.5.4.0, include: /usr/include/ni, lib: /usr/lib/libOpenNI.so;libusb::libusb)
[3.924s] -- Found PCL_COMMON: /usr/lib/x86_64-linux-gnu/libpcl_common.so  
[3.926s] -- Found PCL_KDTREE: /usr/lib/x86_64-linux-gnu/libpcl_kdtree.so  
[3.927s] -- Found PCL_OCTREE: /usr/lib/x86_64-linux-gnu/libpcl_octree.so  
[3.929s] -- Found PCL_SEARCH: /usr/lib/x86_64-linux-gnu/libpcl_search.so  
[3.931s] -- Found PCL_SAMPLE_CONSENSUS: /usr/lib/x86_64-linux-gnu/libpcl_sample_consensus.so  
[3.933s] -- Found PCL_FILTERS: /usr/lib/x86_64-linux-gnu/libpcl_filters.so  
[3.933s] -- Found PCL_2D: /usr/include/pcl-1.12  
[3.934s] -- Found PCL_GEOMETRY: /usr/include/pcl-1.12  
[3.935s] -- Found PCL_IO: /usr/lib/x86_64-linux-gnu/libpcl_io.so  
[3.937s] -- Found PCL_FEATURES: /usr/lib/x86_64-linux-gnu/libpcl_features.so  
[3.938s] -- Found PCL_ML: /usr/lib/x86_64-linux-gnu/libpcl_ml.so  
[3.939s] -- Found PCL_SEGMENTATION: /usr/lib/x86_64-linux-gnu/libpcl_segmentation.so  
[3.941s] -- Found PCL_VISUALIZATION: /usr/lib/x86_64-linux-gnu/libpcl_visualization.so  
[3.942s] -- Found PCL_SURFACE: /usr/lib/x86_64-linux-gnu/libpcl_surface.so  
[3.943s] -- Found PCL_REGISTRATION: /usr/lib/x86_64-linux-gnu/libpcl_registration.so  
[3.944s] -- Found PCL_KEYPOINTS: /usr/lib/x86_64-linux-gnu/libpcl_keypoints.so  
[3.945s] -- Found PCL_TRACKING: /usr/lib/x86_64-linux-gnu/libpcl_tracking.so  
[3.946s] -- Found PCL_RECOGNITION: /usr/lib/x86_64-linux-gnu/libpcl_recognition.so  
[3.948s] -- Found PCL_STEREO: /usr/lib/x86_64-linux-gnu/libpcl_stereo.so  
[3.949s] -- Found PCL_APPS: /usr/lib/x86_64-linux-gnu/libpcl_apps.so  
[3.949s] -- Found PCL_IN_HAND_SCANNER: /usr/include/pcl-1.12  
[3.950s] -- Found PCL_MODELER: /usr/include/pcl-1.12  
[3.951s] -- Found PCL_POINT_CLOUD_EDITOR: /usr/include/pcl-1.12  
[3.952s] -- Found PCL_OUTOFCORE: /usr/lib/x86_64-linux-gnu/libpcl_outofcore.so  
[3.953s] -- Found PCL_PEOPLE: /usr/lib/x86_64-linux-gnu/libpcl_people.so  
[3.957s] -- Found image_transport: 3.1.12 (/opt/ros/humble/share/image_transport/cmake)
[3.996s] -- Found tf2: 0.25.18 (/opt/ros/humble/share/tf2/cmake)
[4.002s] -- Found tf2_ros: 0.25.18 (/opt/ros/humble/share/tf2_ros/cmake)
[4.124s] -- Found OpenGL: /usr/lib/x86_64-linux-gnu/libOpenGL.so   
[4.132s] -- Found Freetype: /usr/lib/x86_64-linux-gnu/libfreetype.so (found version "2.11.1") 
[4.450s] -- Found OpenMP_C: -fopenmp (found version "4.5") 
[4.552s] -- Found OpenMP_CXX: -fopenmp (found version "4.5") 
[4.553s] -- Found OpenMP: TRUE (found version "4.5")  
[5.055s] -- Found ament_cmake_ros: 0.10.0 (/opt/ros/humble/share/ament_cmake_ros/cmake)
[5.647s] -- Using all available rosidl_typesupport_c: rosidl_typesupport_fastrtps_c;rosidl_typesupport_introspection_c
[5.854s] -- Using all available rosidl_typesupport_cpp: rosidl_typesupport_fastrtps_cpp;rosidl_typesupport_introspection_cpp
[5.881s] -- Found PythonInterp: /usr/bin/python3 (found suitable version "3.10.12", minimum required is "3.6") 
[5.884s] -- Found python_cmake_module: 0.10.0 (/opt/ros/humble/share/python_cmake_module/cmake)
[5.928s] -- Found PythonLibs: /usr/lib/x86_64-linux-gnu/libpython3.10.so (found suitable version "3.10.12", minimum required is "3.5") 
[5.929s] -- Using PYTHON_EXECUTABLE: /usr/bin/python3
[5.930s] -- Using PYTHON_INCLUDE_DIRS: /usr/include/python3.10
[5.930s] -- Using PYTHON_LIBRARIES: /usr/lib/x86_64-linux-gnu/libpython3.10.so
[5.962s] -- Found PythonExtra: .so  
[6.098s] [33mCMake Warning (dev) at CMakeLists.txt:43 (find_package):
[6.098s]   Policy CMP0074 is not set: find_package uses <PackageName>_ROOT variables.
[6.099s]   Run "cmake --help-policy CMP0074" for policy details.  Use the cmake_policy
[6.099s]   command to set the policy and suppress this warning.
[6.099s] 
[6.099s]   CMake variable PCL_ROOT is set to:
[6.099s] 
[6.099s]     /usr
[6.099s] 
[6.099s]   For compatibility, CMake is ignoring the variable.
[6.099s] This warning is for project developers.  Use -Wno-dev to suppress it.
[6.099s] [0m
[6.138s] -- Found ament_lint_auto: 0.12.14 (/opt/ros/humble/share/ament_lint_auto/cmake)
[6.172s] -- Added test 'cppcheck' to perform static code analysis on C / C++ code
[6.173s] -- Configured cppcheck include dirs: $<BUILD_INTERFACE:/home/badawi/Desktop/auto-pilot/src/stonefish_ros2/include>
[6.173s] -- Configured cppcheck exclude dirs and/or files: 
[6.175s] -- Added test 'flake8' to check Python code syntax and style conventions
[6.177s] -- Added test 'lint_cmake' to check CMake code style
[6.179s] -- Added test 'pep257' to check Python code against some of the docstring style conventions in PEP 257
[6.185s] -- Added test 'uncrustify' to check C / C++ code style
[6.185s] -- Configured uncrustify additional arguments: 
[6.187s] -- Added test 'xmllint' to check XML markup files
[6.193s] -- Configuring done
[6.363s] -- Generating done
[6.391s] -- Build files have been written to: /home/badawi/Desktop/auto-pilot/build/stonefish_ros2
[6.413s] Invoked command in '/home/badawi/Desktop/auto-pilot/build/stonefish_ros2' returned '0': CMAKE_PREFIX_PATH=${CMAKE_PREFIX_PATH}:/home/badawi/Desktop/auto-pilot/install/auv_gui:/home/badawi/Desktop/auto-pilot/install/mundus_mir_stonefish_docking_controller:/opt/ros/humble /usr/bin/cmake /home/badawi/Desktop/auto-pilot/src/stonefish_ros2 -DAMENT_CMAKE_SYMLINK_INSTALL=1 -DCMAKE_INSTALL_PREFIX=/home/badawi/Desktop/auto-pilot/install/stonefish_ros2
[6.415s] Invoking command in '/home/badawi/Desktop/auto-pilot/build/stonefish_ros2': CMAKE_PREFIX_PATH=${CMAKE_PREFIX_PATH}:/home/badawi/Desktop/auto-pilot/install/auv_gui:/home/badawi/Desktop/auto-pilot/install/mundus_mir_stonefish_docking_controller:/opt/ros/humble /usr/bin/cmake --build /home/badawi/Desktop/auto-pilot/build/stonefish_ros2 -- -j20 -l20
[6.469s] [  1%] [34m[1mGenerating C code for ROS interfaces[0m
[6.484s] [  1%] [34m[1mGenerating C++ code for ROS interfaces[0m
[6.491s] [  1%] Built target ament_cmake_python_symlink_stonefish_ros2
[6.712s] running egg_info
[6.730s] creating stonefish_ros2.egg-info
[6.730s] writing stonefish_ros2.egg-info/PKG-INFO
[6.730s] writing dependency_links to stonefish_ros2.egg-info/dependency_links.txt
[6.731s] writing top-level names to stonefish_ros2.egg-info/top_level.txt
[6.731s] writing manifest file 'stonefish_ros2.egg-info/SOURCES.txt'
[6.780s] reading manifest file 'stonefish_ros2.egg-info/SOURCES.txt'
[6.780s] writing manifest file 'stonefish_ros2.egg-info/SOURCES.txt'
[6.813s] [  1%] Built target ament_cmake_python_build_stonefish_ros2_egg
[7.804s] [  1%] Built target stonefish_ros2__cpp
[7.815s] [  2%] [34m[1mGenerating C++ type support dispatch for ROS interfaces[0m
[7.820s] [  4%] [34m[1mGenerating C++ introspection for ROS interfaces[0m
[7.821s] [  4%] [34m[1mGenerating C++ type support for eProsima Fast-RTPS[0m
[8.197s] [  5%] [32mBuilding C object CMakeFiles/stonefish_ros2__rosidl_generator_c.dir/rosidl_generator_c/stonefish_ros2/msg/detail/beacon_info__functions.c.o[0m
[8.198s] [  5%] [32mBuilding C object CMakeFiles/stonefish_ros2__rosidl_generator_c.dir/rosidl_generator_c/stonefish_ros2/msg/detail/ned_pose__functions.c.o[0m
[8.198s] [  6%] [32mBuilding C object CMakeFiles/stonefish_ros2__rosidl_generator_c.dir/rosidl_generator_c/stonefish_ros2/msg/detail/ins__functions.c.o[0m
[8.201s] [  6%] [32mBuilding C object CMakeFiles/stonefish_ros2__rosidl_generator_c.dir/rosidl_generator_c/stonefish_ros2/srv/detail/sonar_settings__functions.c.o[0m
[8.202s] [  7%] [32mBuilding C object CMakeFiles/stonefish_ros2__rosidl_generator_c.dir/rosidl_generator_c/stonefish_ros2/msg/detail/dvl_beam__functions.c.o[0m
[8.204s] [  8%] [32mBuilding C object CMakeFiles/stonefish_ros2__rosidl_generator_c.dir/rosidl_generator_c/stonefish_ros2/msg/detail/int32_stamped__functions.c.o[0m
[8.208s] [  9%] [32mBuilding C object CMakeFiles/stonefish_ros2__rosidl_generator_c.dir/rosidl_generator_c/stonefish_ros2/msg/detail/dvl__functions.c.o[0m
[8.209s] [ 10%] [32mBuilding C object CMakeFiles/stonefish_ros2__rosidl_generator_c.dir/rosidl_generator_c/stonefish_ros2/msg/detail/thruster_state__functions.c.o[0m
[8.209s] [ 11%] [32mBuilding C object CMakeFiles/stonefish_ros2__rosidl_generator_c.dir/rosidl_generator_c/stonefish_ros2/srv/detail/sonar_settings2__functions.c.o[0m
[8.209s] [ 12%] [32mBuilding C object CMakeFiles/stonefish_ros2__rosidl_generator_c.dir/rosidl_generator_c/stonefish_ros2/msg/detail/debug_physics__functions.c.o[0m
[8.228s] [ 13%] [32mBuilding C object CMakeFiles/stonefish_ros2__rosidl_generator_c.dir/rosidl_generator_c/stonefish_ros2/srv/detail/respawn__functions.c.o[0m
[8.343s] [ 14%] [32m[1mLinking C shared library libstonefish_ros2__rosidl_generator_c.so[0m
[8.404s] [ 14%] Built target stonefish_ros2__rosidl_generator_c
[8.421s] [ 16%] [34m[1mGenerating C introspection for ROS interfaces[0m
[8.421s] [ 16%] [34m[1mGenerating C type support for eProsima Fast-RTPS[0m
[8.421s] [ 17%] [34m[1mGenerating C type support dispatch for ROS interfaces[0m
[8.860s] [ 17%] [32mBuilding CXX object CMakeFiles/stonefish_ros2__rosidl_typesupport_cpp.dir/rosidl_typesupport_cpp/stonefish_ros2/msg/ins__type_support.cpp.o[0m
[8.861s] [ 18%] [32mBuilding CXX object CMakeFiles/stonefish_ros2__rosidl_typesupport_cpp.dir/rosidl_typesupport_cpp/stonefish_ros2/msg/ned_pose__type_support.cpp.o[0m
[8.861s] [ 19%] [32mBuilding CXX object CMakeFiles/stonefish_ros2__rosidl_typesupport_cpp.dir/rosidl_typesupport_cpp/stonefish_ros2/msg/int32_stamped__type_support.cpp.o[0m
[8.863s] [ 20%] [32mBuilding CXX object CMakeFiles/stonefish_ros2__rosidl_typesupport_cpp.dir/rosidl_typesupport_cpp/stonefish_ros2/msg/dvl_beam__type_support.cpp.o[0m
[8.863s] [ 21%] [32mBuilding CXX object CMakeFiles/stonefish_ros2__rosidl_typesupport_cpp.dir/rosidl_typesupport_cpp/stonefish_ros2/msg/beacon_info__type_support.cpp.o[0m
[8.870s] [ 21%] [32mBuilding CXX object CMakeFiles/stonefish_ros2__rosidl_typesupport_cpp.dir/rosidl_typesupport_cpp/stonefish_ros2/srv/sonar_settings__type_support.cpp.o[0m
[8.871s] [ 22%] [32mBuilding CXX object CMakeFiles/stonefish_ros2__rosidl_typesupport_cpp.dir/rosidl_typesupport_cpp/stonefish_ros2/msg/thruster_state__type_support.cpp.o[0m
[8.872s] [ 23%] [32mBuilding CXX object CMakeFiles/stonefish_ros2__rosidl_typesupport_cpp.dir/rosidl_typesupport_cpp/stonefish_ros2/srv/sonar_settings2__type_support.cpp.o[0m
[8.872s] [ 24%] [32mBuilding CXX object CMakeFiles/stonefish_ros2__rosidl_typesupport_cpp.dir/rosidl_typesupport_cpp/stonefish_ros2/msg/debug_physics__type_support.cpp.o[0m
[8.872s] [ 25%] [32mBuilding CXX object CMakeFiles/stonefish_ros2__rosidl_typesupport_cpp.dir/rosidl_typesupport_cpp/stonefish_ros2/msg/dvl__type_support.cpp.o[0m
[8.886s] [ 26%] [32mBuilding CXX object CMakeFiles/stonefish_ros2__rosidl_typesupport_cpp.dir/rosidl_typesupport_cpp/stonefish_ros2/srv/respawn__type_support.cpp.o[0m
[9.267s] [ 27%] [32mBuilding CXX object CMakeFiles/stonefish_ros2__rosidl_typesupport_introspection_cpp.dir/rosidl_typesupport_introspection_cpp/stonefish_ros2/msg/detail/int32_stamped__type_support.cpp.o[0m
[9.268s] [ 27%] [32mBuilding CXX object CMakeFiles/stonefish_ros2__rosidl_typesupport_introspection_cpp.dir/rosidl_typesupport_introspection_cpp/stonefish_ros2/msg/detail/dvl_beam__type_support.cpp.o[0m
[9.268s] [ 28%] [32mBuilding CXX object CMakeFiles/stonefish_ros2__rosidl_typesupport_introspection_cpp.dir/rosidl_typesupport_introspection_cpp/stonefish_ros2/msg/detail/ned_pose__type_support.cpp.o[0m
[9.268s] [ 29%] [32mBuilding CXX object CMakeFiles/stonefish_ros2__rosidl_typesupport_introspection_cpp.dir/rosidl_typesupport_introspection_cpp/stonefish_ros2/msg/detail/beacon_info__type_support.cpp.o[0m
[9.276s] [ 30%] [32mBuilding CXX object CMakeFiles/stonefish_ros2__rosidl_typesupport_introspection_cpp.dir/rosidl_typesupport_introspection_cpp/stonefish_ros2/msg/detail/ins__type_support.cpp.o[0m
[9.315s] [ 31%] [32mBuilding CXX object CMakeFiles/stonefish_ros2__rosidl_typesupport_introspection_cpp.dir/rosidl_typesupport_introspection_cpp/stonefish_ros2/msg/detail/dvl__type_support.cpp.o[0m
[9.390s] [ 32%] [32mBuilding CXX object CMakeFiles/stonefish_ros2__rosidl_typesupport_introspection_cpp.dir/rosidl_typesupport_introspection_cpp/stonefish_ros2/msg/detail/thruster_state__type_support.cpp.o[0m
[9.435s] [ 33%] [32mBuilding CXX object CMakeFiles/stonefish_ros2__rosidl_typesupport_introspection_cpp.dir/rosidl_typesupport_introspection_cpp/stonefish_ros2/msg/detail/debug_physics__type_support.cpp.o[0m
[9.443s] [ 34%] [32mBuilding CXX object CMakeFiles/stonefish_ros2__rosidl_typesupport_introspection_cpp.dir/rosidl_typesupport_introspection_cpp/stonefish_ros2/srv/detail/sonar_settings__type_support.cpp.o[0m
[9.474s] [ 35%] [32mBuilding CXX object CMakeFiles/stonefish_ros2__rosidl_typesupport_introspection_cpp.dir/rosidl_typesupport_introspection_cpp/stonefish_ros2/srv/detail/sonar_settings2__type_support.cpp.o[0m
[9.495s] [ 35%] [32mBuilding CXX object CMakeFiles/stonefish_ros2__rosidl_typesupport_introspection_cpp.dir/rosidl_typesupport_introspection_cpp/stonefish_ros2/srv/detail/respawn__type_support.cpp.o[0m
[9.621s] [ 36%] [32m[1mLinking CXX shared library libstonefish_ros2__rosidl_typesupport_cpp.so[0m
[9.657s] [ 37%] [32mBuilding CXX object CMakeFiles/stonefish_ros2__rosidl_typesupport_fastrtps_cpp.dir/rosidl_typesupport_fastrtps_cpp/stonefish_ros2/msg/detail/dds_fastrtps/int32_stamped__type_support.cpp.o[0m
[9.669s] [ 38%] [32mBuilding CXX object CMakeFiles/stonefish_ros2__rosidl_typesupport_fastrtps_cpp.dir/rosidl_typesupport_fastrtps_cpp/stonefish_ros2/msg/detail/dds_fastrtps/ned_pose__type_support.cpp.o[0m
[9.669s] [ 38%] [32mBuilding CXX object CMakeFiles/stonefish_ros2__rosidl_typesupport_fastrtps_cpp.dir/rosidl_typesupport_fastrtps_cpp/stonefish_ros2/msg/detail/dds_fastrtps/ins__type_support.cpp.o[0m
[9.669s] [ 39%] [32mBuilding CXX object CMakeFiles/stonefish_ros2__rosidl_typesupport_fastrtps_cpp.dir/rosidl_typesupport_fastrtps_cpp/stonefish_ros2/msg/detail/dds_fastrtps/beacon_info__type_support.cpp.o[0m
[9.671s] [ 40%] [32mBuilding CXX object CMakeFiles/stonefish_ros2__rosidl_typesupport_fastrtps_cpp.dir/rosidl_typesupport_fastrtps_cpp/stonefish_ros2/msg/detail/dds_fastrtps/dvl_beam__type_support.cpp.o[0m
[9.758s] [ 40%] Built target stonefish_ros2__rosidl_typesupport_cpp
[9.829s] [ 41%] [32mBuilding CXX object CMakeFiles/stonefish_ros2_interface.dir/src/stonefish_ros2/ROS2ConsoleSimulationApp.cpp.o[0m
[10.059s] [ 41%] [32mBuilding CXX object CMakeFiles/stonefish_ros2__rosidl_typesupport_c.dir/rosidl_typesupport_c/stonefish_ros2/msg/int32_stamped__type_support.cpp.o[0m
[10.069s] [ 42%] [32mBuilding CXX object CMakeFiles/stonefish_ros2__rosidl_typesupport_c.dir/rosidl_typesupport_c/stonefish_ros2/msg/beacon_info__type_support.cpp.o[0m
[10.096s] [ 43%] [32mBuilding CXX object CMakeFiles/stonefish_ros2__rosidl_typesupport_fastrtps_cpp.dir/rosidl_typesupport_fastrtps_cpp/stonefish_ros2/msg/detail/dds_fastrtps/dvl__type_support.cpp.o[0m
[10.155s] [ 44%] [32mBuilding CXX object CMakeFiles/stonefish_ros2_interface.dir/src/stonefish_ros2/ROS2GraphicalSimulationApp.cpp.o[0m
[10.159s] [ 45%] [32mBuilding CXX object CMakeFiles/stonefish_ros2__rosidl_typesupport_c.dir/rosidl_typesupport_c/stonefish_ros2/msg/ned_pose__type_support.cpp.o[0m
[10.171s] [ 46%] [32mBuilding CXX object CMakeFiles/stonefish_ros2__rosidl_typesupport_fastrtps_cpp.dir/rosidl_typesupport_fastrtps_cpp/stonefish_ros2/msg/detail/dds_fastrtps/thruster_state__type_support.cpp.o[0m
[10.252s] [ 47%] [32mBuilding CXX object CMakeFiles/stonefish_ros2__rosidl_typesupport_c.dir/rosidl_typesupport_c/stonefish_ros2/msg/ins__type_support.cpp.o[0m
[10.278s] [ 48%] [32mBuilding CXX object CMakeFiles/stonefish_ros2__rosidl_typesupport_fastrtps_cpp.dir/rosidl_typesupport_fastrtps_cpp/stonefish_ros2/msg/detail/dds_fastrtps/debug_physics__type_support.cpp.o[0m
[10.324s] [ 49%] [32mBuilding CXX object CMakeFiles/stonefish_ros2_interface.dir/src/stonefish_ros2/ROS2SimulationManager.cpp.o[0m
[10.347s] [ 50%] [32mBuilding CXX object CMakeFiles/stonefish_ros2_interface.dir/src/stonefish_ros2/ROS2ScenarioParser.cpp.o[0m
[10.351s] [ 51%] [32mBuilding CXX object CMakeFiles/stonefish_ros2__rosidl_typesupport_c.dir/rosidl_typesupport_c/stonefish_ros2/msg/dvl_beam__type_support.cpp.o[0m
[10.394s] [ 51%] [32mBuilding CXX object CMakeFiles/stonefish_ros2_interface.dir/src/stonefish_ros2/ROS2Interface.cpp.o[0m
[10.469s] [ 52%] [32mBuilding CXX object CMakeFiles/stonefish_ros2__rosidl_typesupport_c.dir/rosidl_typesupport_c/stonefish_ros2/msg/dvl__type_support.cpp.o[0m
[10.480s] [ 53%] [32mBuilding CXX object CMakeFiles/stonefish_ros2__rosidl_typesupport_fastrtps_cpp.dir/rosidl_typesupport_fastrtps_cpp/stonefish_ros2/srv/detail/dds_fastrtps/sonar_settings__type_support.cpp.o[0m
[10.512s] [ 53%] [32mBuilding CXX object CMakeFiles/stonefish_ros2__rosidl_typesupport_c.dir/rosidl_typesupport_c/stonefish_ros2/msg/thruster_state__type_support.cpp.o[0m
[10.529s] [ 53%] [32mBuilding CXX object CMakeFiles/stonefish_ros2__rosidl_typesupport_fastrtps_cpp.dir/rosidl_typesupport_fastrtps_cpp/stonefish_ros2/srv/detail/dds_fastrtps/sonar_settings2__type_support.cpp.o[0m
[10.574s] [ 54%] [32mBuilding CXX object CMakeFiles/stonefish_ros2__rosidl_typesupport_fastrtps_cpp.dir/rosidl_typesupport_fastrtps_cpp/stonefish_ros2/srv/detail/dds_fastrtps/respawn__type_support.cpp.o[0m
[10.599s] [ 55%] [32mBuilding CXX object CMakeFiles/stonefish_ros2__rosidl_typesupport_c.dir/rosidl_typesupport_c/stonefish_ros2/msg/debug_physics__type_support.cpp.o[0m
[10.613s] [ 56%] [32mBuilding CXX object CMakeFiles/stonefish_ros2__rosidl_typesupport_c.dir/rosidl_typesupport_c/stonefish_ros2/srv/sonar_settings__type_support.cpp.o[0m
[10.619s] [ 57%] [32mBuilding CXX object CMakeFiles/stonefish_ros2__rosidl_typesupport_c.dir/rosidl_typesupport_c/stonefish_ros2/srv/sonar_settings2__type_support.cpp.o[0m
[10.666s] [ 58%] [32mBuilding C object CMakeFiles/stonefish_ros2__rosidl_typesupport_introspection_c.dir/rosidl_typesupport_introspection_c/stonefish_ros2/msg/detail/int32_stamped__type_support.c.o[0m
[10.669s] [ 60%] [32mBuilding CXX object CMakeFiles/stonefish_ros2__rosidl_typesupport_c.dir/rosidl_typesupport_c/stonefish_ros2/srv/respawn__type_support.cpp.o[0m
[10.669s] [ 60%] [32m[1mLinking CXX shared library libstonefish_ros2__rosidl_typesupport_introspection_cpp.so[0m
[10.704s] [ 61%] [32mBuilding C object CMakeFiles/stonefish_ros2__rosidl_typesupport_introspection_c.dir/rosidl_typesupport_introspection_c/stonefish_ros2/msg/detail/beacon_info__type_support.c.o[0m
[10.705s] [ 61%] [32mBuilding C object CMakeFiles/stonefish_ros2__rosidl_typesupport_introspection_c.dir/rosidl_typesupport_introspection_c/stonefish_ros2/msg/detail/ned_pose__type_support.c.o[0m
[10.718s] [ 62%] [32mBuilding C object CMakeFiles/stonefish_ros2__rosidl_typesupport_introspection_c.dir/rosidl_typesupport_introspection_c/stonefish_ros2/msg/detail/dvl__type_support.c.o[0m
[10.718s] [ 63%] [32mBuilding C object CMakeFiles/stonefish_ros2__rosidl_typesupport_introspection_c.dir/rosidl_typesupport_introspection_c/stonefish_ros2/msg/detail/ins__type_support.c.o[0m
[10.725s] [ 64%] [32mBuilding C object CMakeFiles/stonefish_ros2__rosidl_typesupport_introspection_c.dir/rosidl_typesupport_introspection_c/stonefish_ros2/msg/detail/dvl_beam__type_support.c.o[0m
[10.764s] [ 65%] [32mBuilding C object CMakeFiles/stonefish_ros2__rosidl_typesupport_introspection_c.dir/rosidl_typesupport_introspection_c/stonefish_ros2/msg/detail/thruster_state__type_support.c.o[0m
[10.768s] [ 66%] [32m[1mLinking CXX shared library libstonefish_ros2__rosidl_typesupport_c.so[0m
[10.810s] [ 67%] [32mBuilding C object CMakeFiles/stonefish_ros2__rosidl_typesupport_introspection_c.dir/rosidl_typesupport_introspection_c/stonefish_ros2/msg/detail/debug_physics__type_support.c.o[0m
[10.819s] [ 67%] [32mBuilding C object CMakeFiles/stonefish_ros2__rosidl_typesupport_introspection_c.dir/rosidl_typesupport_introspection_c/stonefish_ros2/srv/detail/sonar_settings__type_support.c.o[0m
[10.820s] [ 67%] [32mBuilding CXX object CMakeFiles/stonefish_ros2__rosidl_typesupport_fastrtps_c.dir/rosidl_typesupport_fastrtps_c/stonefish_ros2/msg/detail/beacon_info__type_support_c.cpp.o[0m
[10.827s] [ 68%] [32mBuilding CXX object CMakeFiles/stonefish_ros2__rosidl_typesupport_fastrtps_c.dir/rosidl_typesupport_fastrtps_c/stonefish_ros2/msg/detail/int32_stamped__type_support_c.cpp.o[0m
[10.831s] [ 69%] [32mBuilding C object CMakeFiles/stonefish_ros2__rosidl_typesupport_introspection_c.dir/rosidl_typesupport_introspection_c/stonefish_ros2/srv/detail/sonar_settings2__type_support.c.o[0m
[10.843s] [ 70%] [32mBuilding CXX object CMakeFiles/stonefish_ros2__rosidl_typesupport_fastrtps_c.dir/rosidl_typesupport_fastrtps_c/stonefish_ros2/msg/detail/ned_pose__type_support_c.cpp.o[0m
[10.903s] [ 71%] [32mBuilding C object CMakeFiles/stonefish_ros2__rosidl_typesupport_introspection_c.dir/rosidl_typesupport_introspection_c/stonefish_ros2/srv/detail/respawn__type_support.c.o[0m
[10.925s] [ 71%] Built target stonefish_ros2__rosidl_typesupport_c
[10.933s] [ 72%] [32mBuilding CXX object CMakeFiles/stonefish_ros2__rosidl_typesupport_fastrtps_c.dir/rosidl_typesupport_fastrtps_c/stonefish_ros2/msg/detail/dvl_beam__type_support_c.cpp.o[0m
[10.934s] [ 73%] [32mBuilding CXX object CMakeFiles/stonefish_ros2__rosidl_typesupport_fastrtps_c.dir/rosidl_typesupport_fastrtps_c/stonefish_ros2/msg/detail/ins__type_support_c.cpp.o[0m
[10.943s] [ 74%] [32mBuilding CXX object CMakeFiles/stonefish_ros2__rosidl_typesupport_fastrtps_c.dir/rosidl_typesupport_fastrtps_c/stonefish_ros2/msg/detail/dvl__type_support_c.cpp.o[0m
[10.945s] [ 74%] Built target stonefish_ros2__rosidl_typesupport_introspection_cpp
[10.946s] [ 75%] [32mBuilding CXX object CMakeFiles/stonefish_ros2__rosidl_typesupport_fastrtps_c.dir/rosidl_typesupport_fastrtps_c/stonefish_ros2/msg/detail/thruster_state__type_support_c.cpp.o[0m
[10.962s] [ 75%] [32mBuilding CXX object CMakeFiles/stonefish_ros2__rosidl_typesupport_fastrtps_c.dir/rosidl_typesupport_fastrtps_c/stonefish_ros2/msg/detail/debug_physics__type_support_c.cpp.o[0m
[10.969s] [ 76%] [32mBuilding CXX object CMakeFiles/stonefish_ros2__rosidl_typesupport_fastrtps_c.dir/rosidl_typesupport_fastrtps_c/stonefish_ros2/srv/detail/sonar_settings__type_support_c.cpp.o[0m
[11.031s] [ 77%] [32m[1mLinking C shared library libstonefish_ros2__rosidl_typesupport_introspection_c.so[0m
[11.134s] [ 77%] Built target stonefish_ros2__rosidl_typesupport_introspection_c
[11.143s] [ 78%] [32mBuilding CXX object CMakeFiles/stonefish_ros2__rosidl_typesupport_fastrtps_c.dir/rosidl_typesupport_fastrtps_c/stonefish_ros2/srv/detail/respawn__type_support_c.cpp.o[0m
[11.144s] [ 79%] [32mBuilding CXX object CMakeFiles/stonefish_ros2__rosidl_typesupport_fastrtps_c.dir/rosidl_typesupport_fastrtps_c/stonefish_ros2/srv/detail/sonar_settings2__type_support_c.cpp.o[0m
[11.611s] [ 80%] [32m[1mLinking CXX shared library libstonefish_ros2__rosidl_typesupport_fastrtps_cpp.so[0m
[11.788s] [ 80%] Built target stonefish_ros2__rosidl_typesupport_fastrtps_cpp
[11.838s] [ 81%] [32m[1mLinking CXX shared library libstonefish_ros2__rosidl_typesupport_fastrtps_c.so[0m
[11.933s] [ 81%] Built target stonefish_ros2__rosidl_typesupport_fastrtps_c
[11.954s] [ 81%] Built target stonefish_ros2
[11.979s] [ 82%] [34m[1mGenerating Python code for ROS interfaces[0m
[16.994s] [ 82%] Built target stonefish_ros2__py
[17.074s] [ 83%] [32mBuilding C object CMakeFiles/stonefish_ros2__rosidl_generator_py.dir/rosidl_generator_py/stonefish_ros2/msg/_int32_stamped_s.c.o[0m
[17.076s] [ 83%] [32mBuilding C object CMakeFiles/stonefish_ros2__rosidl_generator_py.dir/rosidl_generator_py/stonefish_ros2/msg/_ned_pose_s.c.o[0m
[17.076s] [ 84%] [32mBuilding C object CMakeFiles/stonefish_ros2__rosidl_generator_py.dir/rosidl_generator_py/stonefish_ros2/msg/_dvl_beam_s.c.o[0m
[17.078s] [ 85%] [32mBuilding C object CMakeFiles/stonefish_ros2__rosidl_generator_py.dir/rosidl_generator_py/stonefish_ros2/msg/_ins_s.c.o[0m
[17.086s] [ 86%] [32mBuilding C object CMakeFiles/stonefish_ros2__rosidl_generator_py.dir/rosidl_generator_py/stonefish_ros2/msg/_thruster_state_s.c.o[0m
[17.087s] [ 87%] [32mBuilding C object CMakeFiles/stonefish_ros2__rosidl_generator_py.dir/rosidl_generator_py/stonefish_ros2/msg/_beacon_info_s.c.o[0m
[17.088s] [ 88%] [32mBuilding C object CMakeFiles/stonefish_ros2__rosidl_generator_py.dir/rosidl_generator_py/stonefish_ros2/msg/_debug_physics_s.c.o[0m
[17.090s] [ 89%] [32mBuilding C object CMakeFiles/stonefish_ros2__rosidl_generator_py.dir/rosidl_generator_py/stonefish_ros2/msg/_dvl_s.c.o[0m
[17.093s] [ 89%] [32mBuilding C object CMakeFiles/stonefish_ros2__rosidl_generator_py.dir/rosidl_generator_py/stonefish_ros2/srv/_sonar_settings_s.c.o[0m
[17.103s] [ 90%] [32mBuilding C object CMakeFiles/stonefish_ros2__rosidl_generator_py.dir/rosidl_generator_py/stonefish_ros2/srv/_respawn_s.c.o[0m
[17.110s] [ 91%] [32mBuilding C object CMakeFiles/stonefish_ros2__rosidl_generator_py.dir/rosidl_generator_py/stonefish_ros2/srv/_sonar_settings2_s.c.o[0m
[17.547s] [ 92%] [32m[1mLinking C shared library rosidl_generator_py/stonefish_ros2/libstonefish_ros2__rosidl_generator_py.so[0m
[17.718s] [ 92%] Built target stonefish_ros2__rosidl_generator_py
[17.785s] [ 93%] [32mBuilding C object CMakeFiles/stonefish_ros2__rosidl_typesupport_fastrtps_c__pyext.dir/rosidl_generator_py/stonefish_ros2/_stonefish_ros2_s.ep.rosidl_typesupport_fastrtps_c.c.o[0m
[17.792s] [ 94%] [32mBuilding C object CMakeFiles/stonefish_ros2__rosidl_typesupport_introspection_c__pyext.dir/rosidl_generator_py/stonefish_ros2/_stonefish_ros2_s.ep.rosidl_typesupport_introspection_c.c.o[0m
[17.793s] [ 94%] [32mBuilding C object CMakeFiles/stonefish_ros2__rosidl_typesupport_c__pyext.dir/rosidl_generator_py/stonefish_ros2/_stonefish_ros2_s.ep.rosidl_typesupport_c.c.o[0m
[18.203s] [ 94%] [32m[1mLinking C shared library rosidl_generator_py/stonefish_ros2/stonefish_ros2_s__rosidl_typesupport_introspection_c.cpython-310-x86_64-linux-gnu.so[0m
[18.278s] [ 95%] [32m[1mLinking C shared library rosidl_generator_py/stonefish_ros2/stonefish_ros2_s__rosidl_typesupport_c.cpython-310-x86_64-linux-gnu.so[0m
[18.321s] [ 95%] [32m[1mLinking C shared library rosidl_generator_py/stonefish_ros2/stonefish_ros2_s__rosidl_typesupport_fastrtps_c.cpython-310-x86_64-linux-gnu.so[0m
[18.357s] [ 95%] Built target stonefish_ros2__rosidl_typesupport_introspection_c__pyext
[18.421s] [ 95%] Built target stonefish_ros2__rosidl_typesupport_c__pyext
[18.493s] [ 95%] Built target stonefish_ros2__rosidl_typesupport_fastrtps_c__pyext
[70.487s] [ 96%] [32m[1mLinking CXX shared library libstonefish_ros2_interface.so[0m
[74.982s] [ 96%] Built target stonefish_ros2_interface
[75.006s] [ 98%] [32mBuilding CXX object CMakeFiles/stonefish_simulator.dir/src/stonefish_simulator.cpp.o[0m
[75.006s] [ 98%] [32mBuilding CXX object CMakeFiles/stonefish_simulator_nogpu.dir/src/stonefish_simulator_nogpu.cpp.o[0m
[78.499s] [ 99%] [32m[1mLinking CXX executable stonefish_simulator_nogpu[0m
[78.628s] [100%] [32m[1mLinking CXX executable stonefish_simulator[0m
[80.157s] [100%] Built target stonefish_simulator_nogpu
[80.230s] [100%] Built target stonefish_simulator
[80.290s] Invoked command in '/home/badawi/Desktop/auto-pilot/build/stonefish_ros2' returned '0': CMAKE_PREFIX_PATH=${CMAKE_PREFIX_PATH}:/home/badawi/Desktop/auto-pilot/install/auv_gui:/home/badawi/Desktop/auto-pilot/install/mundus_mir_stonefish_docking_controller:/opt/ros/humble /usr/bin/cmake --build /home/badawi/Desktop/auto-pilot/build/stonefish_ros2 -- -j20 -l20
[80.295s] Invoking command in '/home/badawi/Desktop/auto-pilot/build/stonefish_ros2': CMAKE_PREFIX_PATH=${CMAKE_PREFIX_PATH}:/home/badawi/Desktop/auto-pilot/install/auv_gui:/home/badawi/Desktop/auto-pilot/install/mundus_mir_stonefish_docking_controller:/opt/ros/humble /usr/bin/cmake --install /home/badawi/Desktop/auto-pilot/build/stonefish_ros2
[80.300s] -- Install configuration: ""
[80.301s] -- Execute custom install script
[80.302s] -- Symlinking: /home/badawi/Desktop/auto-pilot/install/stonefish_ros2/share/ament_index/resource_index/rosidl_interfaces/stonefish_ros2
[80.310s] -- Symlinking: /home/badawi/Desktop/auto-pilot/install/stonefish_ros2/include/stonefish_ros2/stonefish_ros2/msg/beacon_info.h
[80.317s] -- Symlinking: /home/badawi/Desktop/auto-pilot/install/stonefish_ros2/include/stonefish_ros2/stonefish_ros2/msg/debug_physics.h
[80.324s] -- Symlinking: /home/badawi/Desktop/auto-pilot/install/stonefish_ros2/include/stonefish_ros2/stonefish_ros2/msg/detail/beacon_info__functions.h
[80.332s] -- Symlinking: /home/badawi/Desktop/auto-pilot/install/stonefish_ros2/include/stonefish_ros2/stonefish_ros2/msg/detail/beacon_info__struct.h
[80.338s] -- Symlinking: /home/badawi/Desktop/auto-pilot/install/stonefish_ros2/include/stonefish_ros2/stonefish_ros2/msg/detail/beacon_info__type_support.h
[80.345s] -- Symlinking: /home/badawi/Desktop/auto-pilot/install/stonefish_ros2/include/stonefish_ros2/stonefish_ros2/msg/detail/debug_physics__functions.h
[80.353s] -- Symlinking: /home/badawi/Desktop/auto-pilot/install/stonefish_ros2/include/stonefish_ros2/stonefish_ros2/msg/detail/debug_physics__struct.h
[80.359s] -- Symlinking: /home/badawi/Desktop/auto-pilot/install/stonefish_ros2/include/stonefish_ros2/stonefish_ros2/msg/detail/debug_physics__type_support.h
[80.366s] -- Symlinking: /home/badawi/Desktop/auto-pilot/install/stonefish_ros2/include/stonefish_ros2/stonefish_ros2/msg/detail/dvl__functions.h
[80.373s] -- Symlinking: /home/badawi/Desktop/auto-pilot/install/stonefish_ros2/include/stonefish_ros2/stonefish_ros2/msg/detail/dvl__struct.h
[80.379s] -- Symlinking: /home/badawi/Desktop/auto-pilot/install/stonefish_ros2/include/stonefish_ros2/stonefish_ros2/msg/detail/dvl__type_support.h
[80.387s] -- Symlinking: /home/badawi/Desktop/auto-pilot/install/stonefish_ros2/include/stonefish_ros2/stonefish_ros2/msg/detail/dvl_beam__functions.h
[80.393s] -- Symlinking: /home/badawi/Desktop/auto-pilot/install/stonefish_ros2/include/stonefish_ros2/stonefish_ros2/msg/detail/dvl_beam__struct.h
[80.400s] -- Symlinking: /home/badawi/Desktop/auto-pilot/install/stonefish_ros2/include/stonefish_ros2/stonefish_ros2/msg/detail/dvl_beam__type_support.h
[80.408s] -- Symlinking: /home/badawi/Desktop/auto-pilot/install/stonefish_ros2/include/stonefish_ros2/stonefish_ros2/msg/detail/ins__functions.h
[80.414s] -- Symlinking: /home/badawi/Desktop/auto-pilot/install/stonefish_ros2/include/stonefish_ros2/stonefish_ros2/msg/detail/ins__struct.h
[80.421s] -- Symlinking: /home/badawi/Desktop/auto-pilot/install/stonefish_ros2/include/stonefish_ros2/stonefish_ros2/msg/detail/ins__type_support.h
[80.428s] -- Symlinking: /home/badawi/Desktop/auto-pilot/install/stonefish_ros2/include/stonefish_ros2/stonefish_ros2/msg/detail/int32_stamped__functions.h
[80.436s] -- Symlinking: /home/badawi/Desktop/auto-pilot/install/stonefish_ros2/include/stonefish_ros2/stonefish_ros2/msg/detail/int32_stamped__struct.h
[80.441s] -- Symlinking: /home/badawi/Desktop/auto-pilot/install/stonefish_ros2/include/stonefish_ros2/stonefish_ros2/msg/detail/int32_stamped__type_support.h
[80.449s] -- Symlinking: /home/badawi/Desktop/auto-pilot/install/stonefish_ros2/include/stonefish_ros2/stonefish_ros2/msg/detail/ned_pose__functions.h
[80.455s] -- Symlinking: /home/badawi/Desktop/auto-pilot/install/stonefish_ros2/include/stonefish_ros2/stonefish_ros2/msg/detail/ned_pose__struct.h
[80.461s] -- Symlinking: /home/badawi/Desktop/auto-pilot/install/stonefish_ros2/include/stonefish_ros2/stonefish_ros2/msg/detail/ned_pose__type_support.h
[80.469s] -- Symlinking: /home/badawi/Desktop/auto-pilot/install/stonefish_ros2/include/stonefish_ros2/stonefish_ros2/msg/detail/thruster_state__functions.h
[80.474s] -- Symlinking: /home/badawi/Desktop/auto-pilot/install/stonefish_ros2/include/stonefish_ros2/stonefish_ros2/msg/detail/thruster_state__struct.h
[80.481s] -- Symlinking: /home/badawi/Desktop/auto-pilot/install/stonefish_ros2/include/stonefish_ros2/stonefish_ros2/msg/detail/thruster_state__type_support.h
[80.488s] -- Symlinking: /home/badawi/Desktop/auto-pilot/install/stonefish_ros2/include/stonefish_ros2/stonefish_ros2/msg/dvl.h
[80.495s] -- Symlinking: /home/badawi/Desktop/auto-pilot/install/stonefish_ros2/include/stonefish_ros2/stonefish_ros2/msg/dvl_beam.h
[80.501s] -- Symlinking: /home/badawi/Desktop/auto-pilot/install/stonefish_ros2/include/stonefish_ros2/stonefish_ros2/msg/ins.h
[80.506s] -- Symlinking: /home/badawi/Desktop/auto-pilot/install/stonefish_ros2/include/stonefish_ros2/stonefish_ros2/msg/int32_stamped.h
[80.514s] -- Symlinking: /home/badawi/Desktop/auto-pilot/install/stonefish_ros2/include/stonefish_ros2/stonefish_ros2/msg/ned_pose.h
[80.520s] -- Symlinking: /home/badawi/Desktop/auto-pilot/install/stonefish_ros2/include/stonefish_ros2/stonefish_ros2/msg/rosidl_generator_c__visibility_control.h
[80.526s] -- Symlinking: /home/badawi/Desktop/auto-pilot/install/stonefish_ros2/include/stonefish_ros2/stonefish_ros2/msg/thruster_state.h
[80.534s] -- Symlinking: /home/badawi/Desktop/auto-pilot/install/stonefish_ros2/include/stonefish_ros2/stonefish_ros2/srv/detail/respawn__functions.h
[80.540s] -- Symlinking: /home/badawi/Desktop/auto-pilot/install/stonefish_ros2/include/stonefish_ros2/stonefish_ros2/srv/detail/respawn__struct.h
[80.547s] -- Symlinking: /home/badawi/Desktop/auto-pilot/install/stonefish_ros2/include/stonefish_ros2/stonefish_ros2/srv/detail/respawn__type_support.h
[80.555s] -- Symlinking: /home/badawi/Desktop/auto-pilot/install/stonefish_ros2/include/stonefish_ros2/stonefish_ros2/srv/detail/sonar_settings2__functions.h
[80.561s] -- Symlinking: /home/badawi/Desktop/auto-pilot/install/stonefish_ros2/include/stonefish_ros2/stonefish_ros2/srv/detail/sonar_settings2__struct.h
[80.567s] -- Symlinking: /home/badawi/Desktop/auto-pilot/install/stonefish_ros2/include/stonefish_ros2/stonefish_ros2/srv/detail/sonar_settings2__type_support.h
[80.575s] -- Symlinking: /home/badawi/Desktop/auto-pilot/install/stonefish_ros2/include/stonefish_ros2/stonefish_ros2/srv/detail/sonar_settings__functions.h
[80.581s] -- Symlinking: /home/badawi/Desktop/auto-pilot/install/stonefish_ros2/include/stonefish_ros2/stonefish_ros2/srv/detail/sonar_settings__struct.h
[80.587s] -- Symlinking: /home/badawi/Desktop/auto-pilot/install/stonefish_ros2/include/stonefish_ros2/stonefish_ros2/srv/detail/sonar_settings__type_support.h
[80.596s] -- Symlinking: /home/badawi/Desktop/auto-pilot/install/stonefish_ros2/include/stonefish_ros2/stonefish_ros2/srv/respawn.h
[80.603s] -- Symlinking: /home/badawi/Desktop/auto-pilot/install/stonefish_ros2/include/stonefish_ros2/stonefish_ros2/srv/sonar_settings.h
[80.609s] -- Symlinking: /home/badawi/Desktop/auto-pilot/install/stonefish_ros2/include/stonefish_ros2/stonefish_ros2/srv/sonar_settings2.h
[80.616s] -- Symlinking: /home/badawi/Desktop/auto-pilot/install/stonefish_ros2/share/stonefish_ros2/environment/library_path.sh
[80.623s] -- Symlinking: /home/badawi/Desktop/auto-pilot/install/stonefish_ros2/share/stonefish_ros2/environment/library_path.dsv
[80.631s] -- Symlinking: /home/badawi/Desktop/auto-pilot/install/stonefish_ros2/include/stonefish_ros2/stonefish_ros2/msg/detail/beacon_info__rosidl_typesupport_fastrtps_c.h
[80.638s] -- Symlinking: /home/badawi/Desktop/auto-pilot/install/stonefish_ros2/include/stonefish_ros2/stonefish_ros2/msg/detail/debug_physics__rosidl_typesupport_fastrtps_c.h
[80.643s] -- Symlinking: /home/badawi/Desktop/auto-pilot/install/stonefish_ros2/include/stonefish_ros2/stonefish_ros2/msg/detail/dvl__rosidl_typesupport_fastrtps_c.h
[80.649s] -- Symlinking: /home/badawi/Desktop/auto-pilot/install/stonefish_ros2/include/stonefish_ros2/stonefish_ros2/msg/detail/dvl_beam__rosidl_typesupport_fastrtps_c.h
[80.656s] -- Symlinking: /home/badawi/Desktop/auto-pilot/install/stonefish_ros2/include/stonefish_ros2/stonefish_ros2/msg/detail/ins__rosidl_typesupport_fastrtps_c.h
[80.665s] -- Symlinking: /home/badawi/Desktop/auto-pilot/install/stonefish_ros2/include/stonefish_ros2/stonefish_ros2/msg/detail/int32_stamped__rosidl_typesupport_fastrtps_c.h
[80.673s] -- Symlinking: /home/badawi/Desktop/auto-pilot/install/stonefish_ros2/include/stonefish_ros2/stonefish_ros2/msg/detail/ned_pose__rosidl_typesupport_fastrtps_c.h
[80.679s] -- Symlinking: /home/badawi/Desktop/auto-pilot/install/stonefish_ros2/include/stonefish_ros2/stonefish_ros2/msg/detail/thruster_state__rosidl_typesupport_fastrtps_c.h
[80.689s] -- Symlinking: /home/badawi/Desktop/auto-pilot/install/stonefish_ros2/include/stonefish_ros2/stonefish_ros2/msg/rosidl_typesupport_fastrtps_c__visibility_control.h
[80.698s] -- Symlinking: /home/badawi/Desktop/auto-pilot/install/stonefish_ros2/include/stonefish_ros2/stonefish_ros2/srv/detail/respawn__rosidl_typesupport_fastrtps_c.h
[80.705s] -- Symlinking: /home/badawi/Desktop/auto-pilot/install/stonefish_ros2/include/stonefish_ros2/stonefish_ros2/srv/detail/sonar_settings2__rosidl_typesupport_fastrtps_c.h
[80.714s] -- Symlinking: /home/badawi/Desktop/auto-pilot/install/stonefish_ros2/include/stonefish_ros2/stonefish_ros2/srv/detail/sonar_settings__rosidl_typesupport_fastrtps_c.h
[80.722s] -- Symlinking: /home/badawi/Desktop/auto-pilot/install/stonefish_ros2/include/stonefish_ros2/stonefish_ros2/msg/beacon_info.hpp
[80.729s] -- Symlinking: /home/badawi/Desktop/auto-pilot/install/stonefish_ros2/include/stonefish_ros2/stonefish_ros2/msg/debug_physics.hpp
[80.738s] -- Symlinking: /home/badawi/Desktop/auto-pilot/install/stonefish_ros2/include/stonefish_ros2/stonefish_ros2/msg/detail/beacon_info__builder.hpp
[80.745s] -- Symlinking: /home/badawi/Desktop/auto-pilot/install/stonefish_ros2/include/stonefish_ros2/stonefish_ros2/msg/detail/beacon_info__struct.hpp
[80.751s] -- Symlinking: /home/badawi/Desktop/auto-pilot/install/stonefish_ros2/include/stonefish_ros2/stonefish_ros2/msg/detail/beacon_info__traits.hpp
[80.759s] -- Symlinking: /home/badawi/Desktop/auto-pilot/install/stonefish_ros2/include/stonefish_ros2/stonefish_ros2/msg/detail/beacon_info__type_support.hpp
[80.765s] -- Symlinking: /home/badawi/Desktop/auto-pilot/install/stonefish_ros2/include/stonefish_ros2/stonefish_ros2/msg/detail/debug_physics__builder.hpp
[80.772s] -- Symlinking: /home/badawi/Desktop/auto-pilot/install/stonefish_ros2/include/stonefish_ros2/stonefish_ros2/msg/detail/debug_physics__struct.hpp
[80.779s] -- Symlinking: /home/badawi/Desktop/auto-pilot/install/stonefish_ros2/include/stonefish_ros2/stonefish_ros2/msg/detail/debug_physics__traits.hpp
[80.785s] -- Symlinking: /home/badawi/Desktop/auto-pilot/install/stonefish_ros2/include/stonefish_ros2/stonefish_ros2/msg/detail/debug_physics__type_support.hpp
[80.791s] -- Symlinking: /home/badawi/Desktop/auto-pilot/install/stonefish_ros2/include/stonefish_ros2/stonefish_ros2/msg/detail/dvl__builder.hpp
[80.799s] -- Symlinking: /home/badawi/Desktop/auto-pilot/install/stonefish_ros2/include/stonefish_ros2/stonefish_ros2/msg/detail/dvl__struct.hpp
[80.805s] -- Symlinking: /home/badawi/Desktop/auto-pilot/install/stonefish_ros2/include/stonefish_ros2/stonefish_ros2/msg/detail/dvl__traits.hpp
[80.812s] -- Symlinking: /home/badawi/Desktop/auto-pilot/install/stonefish_ros2/include/stonefish_ros2/stonefish_ros2/msg/detail/dvl__type_support.hpp
[80.818s] -- Symlinking: /home/badawi/Desktop/auto-pilot/install/stonefish_ros2/include/stonefish_ros2/stonefish_ros2/msg/detail/dvl_beam__builder.hpp
[80.824s] -- Symlinking: /home/badawi/Desktop/auto-pilot/install/stonefish_ros2/include/stonefish_ros2/stonefish_ros2/msg/detail/dvl_beam__struct.hpp
[80.831s] -- Symlinking: /home/badawi/Desktop/auto-pilot/install/stonefish_ros2/include/stonefish_ros2/stonefish_ros2/msg/detail/dvl_beam__traits.hpp
[80.839s] -- Symlinking: /home/badawi/Desktop/auto-pilot/install/stonefish_ros2/include/stonefish_ros2/stonefish_ros2/msg/detail/dvl_beam__type_support.hpp
[80.847s] -- Symlinking: /home/badawi/Desktop/auto-pilot/install/stonefish_ros2/include/stonefish_ros2/stonefish_ros2/msg/detail/ins__builder.hpp
[80.853s] -- Symlinking: /home/badawi/Desktop/auto-pilot/install/stonefish_ros2/include/stonefish_ros2/stonefish_ros2/msg/detail/ins__struct.hpp
[80.859s] -- Symlinking: /home/badawi/Desktop/auto-pilot/install/stonefish_ros2/include/stonefish_ros2/stonefish_ros2/msg/detail/ins__traits.hpp
[80.866s] -- Symlinking: /home/badawi/Desktop/auto-pilot/install/stonefish_ros2/include/stonefish_ros2/stonefish_ros2/msg/detail/ins__type_support.hpp
[80.872s] -- Symlinking: /home/badawi/Desktop/auto-pilot/install/stonefish_ros2/include/stonefish_ros2/stonefish_ros2/msg/detail/int32_stamped__builder.hpp
[80.881s] -- Symlinking: /home/badawi/Desktop/auto-pilot/install/stonefish_ros2/include/stonefish_ros2/stonefish_ros2/msg/detail/int32_stamped__struct.hpp
[80.887s] -- Symlinking: /home/badawi/Desktop/auto-pilot/install/stonefish_ros2/include/stonefish_ros2/stonefish_ros2/msg/detail/int32_stamped__traits.hpp
[80.895s] -- Symlinking: /home/badawi/Desktop/auto-pilot/install/stonefish_ros2/include/stonefish_ros2/stonefish_ros2/msg/detail/int32_stamped__type_support.hpp
[80.903s] -- Symlinking: /home/badawi/Desktop/auto-pilot/install/stonefish_ros2/include/stonefish_ros2/stonefish_ros2/msg/detail/ned_pose__builder.hpp
[80.911s] -- Symlinking: /home/badawi/Desktop/auto-pilot/install/stonefish_ros2/include/stonefish_ros2/stonefish_ros2/msg/detail/ned_pose__struct.hpp
[80.919s] -- Symlinking: /home/badawi/Desktop/auto-pilot/install/stonefish_ros2/include/stonefish_ros2/stonefish_ros2/msg/detail/ned_pose__traits.hpp
[80.925s] -- Symlinking: /home/badawi/Desktop/auto-pilot/install/stonefish_ros2/include/stonefish_ros2/stonefish_ros2/msg/detail/ned_pose__type_support.hpp
[80.933s] -- Symlinking: /home/badawi/Desktop/auto-pilot/install/stonefish_ros2/include/stonefish_ros2/stonefish_ros2/msg/detail/thruster_state__builder.hpp
[80.941s] -- Symlinking: /home/badawi/Desktop/auto-pilot/install/stonefish_ros2/include/stonefish_ros2/stonefish_ros2/msg/detail/thruster_state__struct.hpp
[80.947s] -- Symlinking: /home/badawi/Desktop/auto-pilot/install/stonefish_ros2/include/stonefish_ros2/stonefish_ros2/msg/detail/thruster_state__traits.hpp
[80.953s] -- Symlinking: /home/badawi/Desktop/auto-pilot/install/stonefish_ros2/include/stonefish_ros2/stonefish_ros2/msg/detail/thruster_state__type_support.hpp
[80.961s] -- Symlinking: /home/badawi/Desktop/auto-pilot/install/stonefish_ros2/include/stonefish_ros2/stonefish_ros2/msg/dvl.hpp
[80.967s] -- Symlinking: /home/badawi/Desktop/auto-pilot/install/stonefish_ros2/include/stonefish_ros2/stonefish_ros2/msg/dvl_beam.hpp
[80.973s] -- Symlinking: /home/badawi/Desktop/auto-pilot/install/stonefish_ros2/include/stonefish_ros2/stonefish_ros2/msg/ins.hpp
[80.981s] -- Symlinking: /home/badawi/Desktop/auto-pilot/install/stonefish_ros2/include/stonefish_ros2/stonefish_ros2/msg/int32_stamped.hpp
[80.989s] -- Symlinking: /home/badawi/Desktop/auto-pilot/install/stonefish_ros2/include/stonefish_ros2/stonefish_ros2/msg/ned_pose.hpp
[80.996s] -- Symlinking: /home/badawi/Desktop/auto-pilot/install/stonefish_ros2/include/stonefish_ros2/stonefish_ros2/msg/rosidl_generator_cpp__visibility_control.hpp
[81.003s] -- Symlinking: /home/badawi/Desktop/auto-pilot/install/stonefish_ros2/include/stonefish_ros2/stonefish_ros2/msg/thruster_state.hpp
[81.011s] -- Symlinking: /home/badawi/Desktop/auto-pilot/install/stonefish_ros2/include/stonefish_ros2/stonefish_ros2/srv/detail/respawn__builder.hpp
[81.017s] -- Symlinking: /home/badawi/Desktop/auto-pilot/install/stonefish_ros2/include/stonefish_ros2/stonefish_ros2/srv/detail/respawn__struct.hpp
[81.025s] -- Symlinking: /home/badawi/Desktop/auto-pilot/install/stonefish_ros2/include/stonefish_ros2/stonefish_ros2/srv/detail/respawn__traits.hpp
[81.032s] -- Symlinking: /home/badawi/Desktop/auto-pilot/install/stonefish_ros2/include/stonefish_ros2/stonefish_ros2/srv/detail/respawn__type_support.hpp
[81.038s] -- Symlinking: /home/badawi/Desktop/auto-pilot/install/stonefish_ros2/include/stonefish_ros2/stonefish_ros2/srv/detail/sonar_settings2__builder.hpp
[81.046s] -- Symlinking: /home/badawi/Desktop/auto-pilot/install/stonefish_ros2/include/stonefish_ros2/stonefish_ros2/srv/detail/sonar_settings2__struct.hpp
[81.055s] -- Symlinking: /home/badawi/Desktop/auto-pilot/install/stonefish_ros2/include/stonefish_ros2/stonefish_ros2/srv/detail/sonar_settings2__traits.hpp
[81.063s] -- Symlinking: /home/badawi/Desktop/auto-pilot/install/stonefish_ros2/include/stonefish_ros2/stonefish_ros2/srv/detail/sonar_settings2__type_support.hpp
[81.068s] -- Symlinking: /home/badawi/Desktop/auto-pilot/install/stonefish_ros2/include/stonefish_ros2/stonefish_ros2/srv/detail/sonar_settings__builder.hpp
[81.076s] -- Symlinking: /home/badawi/Desktop/auto-pilot/install/stonefish_ros2/include/stonefish_ros2/stonefish_ros2/srv/detail/sonar_settings__struct.hpp
[81.084s] -- Symlinking: /home/badawi/Desktop/auto-pilot/install/stonefish_ros2/include/stonefish_ros2/stonefish_ros2/srv/detail/sonar_settings__traits.hpp
[81.092s] -- Symlinking: /home/badawi/Desktop/auto-pilot/install/stonefish_ros2/include/stonefish_ros2/stonefish_ros2/srv/detail/sonar_settings__type_support.hpp
[81.100s] -- Symlinking: /home/badawi/Desktop/auto-pilot/install/stonefish_ros2/include/stonefish_ros2/stonefish_ros2/srv/respawn.hpp
[81.106s] -- Symlinking: /home/badawi/Desktop/auto-pilot/install/stonefish_ros2/include/stonefish_ros2/stonefish_ros2/srv/sonar_settings.hpp
[81.114s] -- Symlinking: /home/badawi/Desktop/auto-pilot/install/stonefish_ros2/include/stonefish_ros2/stonefish_ros2/srv/sonar_settings2.hpp
[81.124s] -- Symlinking: /home/badawi/Desktop/auto-pilot/install/stonefish_ros2/include/stonefish_ros2/stonefish_ros2/msg/detail/beacon_info__rosidl_typesupport_fastrtps_cpp.hpp
[81.132s] -- Symlinking: /home/badawi/Desktop/auto-pilot/install/stonefish_ros2/include/stonefish_ros2/stonefish_ros2/msg/detail/debug_physics__rosidl_typesupport_fastrtps_cpp.hpp
[81.138s] -- Symlinking: /home/badawi/Desktop/auto-pilot/install/stonefish_ros2/include/stonefish_ros2/stonefish_ros2/msg/detail/dvl__rosidl_typesupport_fastrtps_cpp.hpp
[81.146s] -- Symlinking: /home/badawi/Desktop/auto-pilot/install/stonefish_ros2/include/stonefish_ros2/stonefish_ros2/msg/detail/dvl_beam__rosidl_typesupport_fastrtps_cpp.hpp
[81.154s] -- Symlinking: /home/badawi/Desktop/auto-pilot/install/stonefish_ros2/include/stonefish_ros2/stonefish_ros2/msg/detail/ins__rosidl_typesupport_fastrtps_cpp.hpp
[81.162s] -- Symlinking: /home/badawi/Desktop/auto-pilot/install/stonefish_ros2/include/stonefish_ros2/stonefish_ros2/msg/detail/int32_stamped__rosidl_typesupport_fastrtps_cpp.hpp
[81.168s] -- Symlinking: /home/badawi/Desktop/auto-pilot/install/stonefish_ros2/include/stonefish_ros2/stonefish_ros2/msg/detail/ned_pose__rosidl_typesupport_fastrtps_cpp.hpp
[81.176s] -- Symlinking: /home/badawi/Desktop/auto-pilot/install/stonefish_ros2/include/stonefish_ros2/stonefish_ros2/msg/detail/thruster_state__rosidl_typesupport_fastrtps_cpp.hpp
[81.184s] -- Symlinking: /home/badawi/Desktop/auto-pilot/install/stonefish_ros2/include/stonefish_ros2/stonefish_ros2/msg/rosidl_typesupport_fastrtps_cpp__visibility_control.h
[81.192s] -- Symlinking: /home/badawi/Desktop/auto-pilot/install/stonefish_ros2/include/stonefish_ros2/stonefish_ros2/srv/detail/respawn__rosidl_typesupport_fastrtps_cpp.hpp
[81.198s] -- Symlinking: /home/badawi/Desktop/auto-pilot/install/stonefish_ros2/include/stonefish_ros2/stonefish_ros2/srv/detail/sonar_settings2__rosidl_typesupport_fastrtps_cpp.hpp
[81.206s] -- Symlinking: /home/badawi/Desktop/auto-pilot/install/stonefish_ros2/include/stonefish_ros2/stonefish_ros2/srv/detail/sonar_settings__rosidl_typesupport_fastrtps_cpp.hpp
[81.214s] -- Symlinking: /home/badawi/Desktop/auto-pilot/install/stonefish_ros2/include/stonefish_ros2/stonefish_ros2/msg/detail/beacon_info__rosidl_typesupport_introspection_c.h
[81.222s] -- Symlinking: /home/badawi/Desktop/auto-pilot/install/stonefish_ros2/include/stonefish_ros2/stonefish_ros2/msg/detail/debug_physics__rosidl_typesupport_introspection_c.h
[81.230s] -- Symlinking: /home/badawi/Desktop/auto-pilot/install/stonefish_ros2/include/stonefish_ros2/stonefish_ros2/msg/detail/dvl__rosidl_typesupport_introspection_c.h
[81.235s] -- Symlinking: /home/badawi/Desktop/auto-pilot/install/stonefish_ros2/include/stonefish_ros2/stonefish_ros2/msg/detail/dvl_beam__rosidl_typesupport_introspection_c.h
[81.241s] -- Symlinking: /home/badawi/Desktop/auto-pilot/install/stonefish_ros2/include/stonefish_ros2/stonefish_ros2/msg/detail/ins__rosidl_typesupport_introspection_c.h
[81.249s] -- Symlinking: /home/badawi/Desktop/auto-pilot/install/stonefish_ros2/include/stonefish_ros2/stonefish_ros2/msg/detail/int32_stamped__rosidl_typesupport_introspection_c.h
[81.254s] -- Symlinking: /home/badawi/Desktop/auto-pilot/install/stonefish_ros2/include/stonefish_ros2/stonefish_ros2/msg/detail/ned_pose__rosidl_typesupport_introspection_c.h
[81.260s] -- Symlinking: /home/badawi/Desktop/auto-pilot/install/stonefish_ros2/include/stonefish_ros2/stonefish_ros2/msg/detail/thruster_state__rosidl_typesupport_introspection_c.h
[81.267s] -- Symlinking: /home/badawi/Desktop/auto-pilot/install/stonefish_ros2/include/stonefish_ros2/stonefish_ros2/msg/rosidl_typesupport_introspection_c__visibility_control.h
[81.274s] -- Symlinking: /home/badawi/Desktop/auto-pilot/install/stonefish_ros2/include/stonefish_ros2/stonefish_ros2/srv/detail/respawn__rosidl_typesupport_introspection_c.h
[81.282s] -- Symlinking: /home/badawi/Desktop/auto-pilot/install/stonefish_ros2/include/stonefish_ros2/stonefish_ros2/srv/detail/sonar_settings2__rosidl_typesupport_introspection_c.h
[81.289s] -- Symlinking: /home/badawi/Desktop/auto-pilot/install/stonefish_ros2/include/stonefish_ros2/stonefish_ros2/srv/detail/sonar_settings__rosidl_typesupport_introspection_c.h
[81.297s] -- Symlinking: /home/badawi/Desktop/auto-pilot/install/stonefish_ros2/include/stonefish_ros2/stonefish_ros2/msg/detail/beacon_info__rosidl_typesupport_introspection_cpp.hpp
[81.305s] -- Symlinking: /home/badawi/Desktop/auto-pilot/install/stonefish_ros2/include/stonefish_ros2/stonefish_ros2/msg/detail/debug_physics__rosidl_typesupport_introspection_cpp.hpp
[81.314s] -- Symlinking: /home/badawi/Desktop/auto-pilot/install/stonefish_ros2/include/stonefish_ros2/stonefish_ros2/msg/detail/dvl__rosidl_typesupport_introspection_cpp.hpp
[81.321s] -- Symlinking: /home/badawi/Desktop/auto-pilot/install/stonefish_ros2/include/stonefish_ros2/stonefish_ros2/msg/detail/dvl_beam__rosidl_typesupport_introspection_cpp.hpp
[81.331s] -- Symlinking: /home/badawi/Desktop/auto-pilot/install/stonefish_ros2/include/stonefish_ros2/stonefish_ros2/msg/detail/ins__rosidl_typesupport_introspection_cpp.hpp
[81.338s] -- Symlinking: /home/badawi/Desktop/auto-pilot/install/stonefish_ros2/include/stonefish_ros2/stonefish_ros2/msg/detail/int32_stamped__rosidl_typesupport_introspection_cpp.hpp
[81.348s] -- Symlinking: /home/badawi/Desktop/auto-pilot/install/stonefish_ros2/include/stonefish_ros2/stonefish_ros2/msg/detail/ned_pose__rosidl_typesupport_introspection_cpp.hpp
[81.355s] -- Symlinking: /home/badawi/Desktop/auto-pilot/install/stonefish_ros2/include/stonefish_ros2/stonefish_ros2/msg/detail/thruster_state__rosidl_typesupport_introspection_cpp.hpp
[81.364s] -- Symlinking: /home/badawi/Desktop/auto-pilot/install/stonefish_ros2/include/stonefish_ros2/stonefish_ros2/srv/detail/respawn__rosidl_typesupport_introspection_cpp.hpp
[81.371s] -- Symlinking: /home/badawi/Desktop/auto-pilot/install/stonefish_ros2/include/stonefish_ros2/stonefish_ros2/srv/detail/sonar_settings2__rosidl_typesupport_introspection_cpp.hpp
[81.378s] -- Symlinking: /home/badawi/Desktop/auto-pilot/install/stonefish_ros2/include/stonefish_ros2/stonefish_ros2/srv/detail/sonar_settings__rosidl_typesupport_introspection_cpp.hpp
[81.386s] -- Symlinking: /home/badawi/Desktop/auto-pilot/install/stonefish_ros2/share/stonefish_ros2/environment/pythonpath.sh
[81.394s] -- Symlinking: /home/badawi/Desktop/auto-pilot/install/stonefish_ros2/share/stonefish_ros2/environment/pythonpath.dsv
[81.402s] -- Symlinking: /home/badawi/Desktop/auto-pilot/install/stonefish_ros2/local/lib/python3.10/dist-packages/stonefish_ros2-1.3.0-py3.10.egg-info/PKG-INFO
[81.410s] -- Symlinking: /home/badawi/Desktop/auto-pilot/install/stonefish_ros2/local/lib/python3.10/dist-packages/stonefish_ros2-1.3.0-py3.10.egg-info/SOURCES.txt
[81.418s] -- Symlinking: /home/badawi/Desktop/auto-pilot/install/stonefish_ros2/local/lib/python3.10/dist-packages/stonefish_ros2-1.3.0-py3.10.egg-info/dependency_links.txt
[81.426s] -- Symlinking: /home/badawi/Desktop/auto-pilot/install/stonefish_ros2/local/lib/python3.10/dist-packages/stonefish_ros2-1.3.0-py3.10.egg-info/top_level.txt
[81.435s] -- Symlinking: /home/badawi/Desktop/auto-pilot/install/stonefish_ros2/local/lib/python3.10/dist-packages/stonefish_ros2/__init__.py
[81.443s] -- Symlinking: /home/badawi/Desktop/auto-pilot/install/stonefish_ros2/local/lib/python3.10/dist-packages/stonefish_ros2/_stonefish_ros2_s.ep.rosidl_typesupport_c.c
[81.451s] -- Symlinking: /home/badawi/Desktop/auto-pilot/install/stonefish_ros2/local/lib/python3.10/dist-packages/stonefish_ros2/_stonefish_ros2_s.ep.rosidl_typesupport_fastrtps_c.c
[81.457s] -- Symlinking: /home/badawi/Desktop/auto-pilot/install/stonefish_ros2/local/lib/python3.10/dist-packages/stonefish_ros2/_stonefish_ros2_s.ep.rosidl_typesupport_introspection_c.c
[81.463s] -- Symlinking: /home/badawi/Desktop/auto-pilot/install/stonefish_ros2/local/lib/python3.10/dist-packages/stonefish_ros2/libstonefish_ros2__rosidl_generator_py.so
[81.470s] -- Symlinking: /home/badawi/Desktop/auto-pilot/install/stonefish_ros2/local/lib/python3.10/dist-packages/stonefish_ros2/msg/__init__.py
[81.476s] -- Symlinking: /home/badawi/Desktop/auto-pilot/install/stonefish_ros2/local/lib/python3.10/dist-packages/stonefish_ros2/msg/_beacon_info.py
[81.483s] -- Symlinking: /home/badawi/Desktop/auto-pilot/install/stonefish_ros2/local/lib/python3.10/dist-packages/stonefish_ros2/msg/_beacon_info_s.c
[81.489s] -- Symlinking: /home/badawi/Desktop/auto-pilot/install/stonefish_ros2/local/lib/python3.10/dist-packages/stonefish_ros2/msg/_debug_physics.py
[81.496s] -- Symlinking: /home/badawi/Desktop/auto-pilot/install/stonefish_ros2/local/lib/python3.10/dist-packages/stonefish_ros2/msg/_debug_physics_s.c
[81.502s] -- Symlinking: /home/badawi/Desktop/auto-pilot/install/stonefish_ros2/local/lib/python3.10/dist-packages/stonefish_ros2/msg/_dvl.py
[81.508s] -- Symlinking: /home/badawi/Desktop/auto-pilot/install/stonefish_ros2/local/lib/python3.10/dist-packages/stonefish_ros2/msg/_dvl_beam.py
[81.515s] -- Symlinking: /home/badawi/Desktop/auto-pilot/install/stonefish_ros2/local/lib/python3.10/dist-packages/stonefish_ros2/msg/_dvl_beam_s.c
[81.521s] -- Symlinking: /home/badawi/Desktop/auto-pilot/install/stonefish_ros2/local/lib/python3.10/dist-packages/stonefish_ros2/msg/_dvl_s.c
[81.527s] -- Symlinking: /home/badawi/Desktop/auto-pilot/install/stonefish_ros2/local/lib/python3.10/dist-packages/stonefish_ros2/msg/_ins.py
[81.533s] -- Symlinking: /home/badawi/Desktop/auto-pilot/install/stonefish_ros2/local/lib/python3.10/dist-packages/stonefish_ros2/msg/_ins_s.c
[81.540s] -- Symlinking: /home/badawi/Desktop/auto-pilot/install/stonefish_ros2/local/lib/python3.10/dist-packages/stonefish_ros2/msg/_int32_stamped.py
[81.548s] -- Symlinking: /home/badawi/Desktop/auto-pilot/install/stonefish_ros2/local/lib/python3.10/dist-packages/stonefish_ros2/msg/_int32_stamped_s.c
[81.555s] -- Symlinking: /home/badawi/Desktop/auto-pilot/install/stonefish_ros2/local/lib/python3.10/dist-packages/stonefish_ros2/msg/_ned_pose.py
[81.561s] -- Symlinking: /home/badawi/Desktop/auto-pilot/install/stonefish_ros2/local/lib/python3.10/dist-packages/stonefish_ros2/msg/_ned_pose_s.c
[81.568s] -- Symlinking: /home/badawi/Desktop/auto-pilot/install/stonefish_ros2/local/lib/python3.10/dist-packages/stonefish_ros2/msg/_thruster_state.py
[81.574s] -- Symlinking: /home/badawi/Desktop/auto-pilot/install/stonefish_ros2/local/lib/python3.10/dist-packages/stonefish_ros2/msg/_thruster_state_s.c
[81.581s] -- Symlinking: /home/badawi/Desktop/auto-pilot/install/stonefish_ros2/local/lib/python3.10/dist-packages/stonefish_ros2/srv/__init__.py
[81.586s] -- Symlinking: /home/badawi/Desktop/auto-pilot/install/stonefish_ros2/local/lib/python3.10/dist-packages/stonefish_ros2/srv/_respawn.py
[81.594s] -- Symlinking: /home/badawi/Desktop/auto-pilot/install/stonefish_ros2/local/lib/python3.10/dist-packages/stonefish_ros2/srv/_respawn_s.c
[81.600s] -- Symlinking: /home/badawi/Desktop/auto-pilot/install/stonefish_ros2/local/lib/python3.10/dist-packages/stonefish_ros2/srv/_sonar_settings.py
[81.606s] -- Symlinking: /home/badawi/Desktop/auto-pilot/install/stonefish_ros2/local/lib/python3.10/dist-packages/stonefish_ros2/srv/_sonar_settings2.py
[81.613s] -- Symlinking: /home/badawi/Desktop/auto-pilot/install/stonefish_ros2/local/lib/python3.10/dist-packages/stonefish_ros2/srv/_sonar_settings2_s.c
[81.620s] -- Symlinking: /home/badawi/Desktop/auto-pilot/install/stonefish_ros2/local/lib/python3.10/dist-packages/stonefish_ros2/srv/_sonar_settings_s.c
[81.627s] -- Symlinking: /home/badawi/Desktop/auto-pilot/install/stonefish_ros2/local/lib/python3.10/dist-packages/stonefish_ros2/stonefish_ros2_s__rosidl_typesupport_c.cpython-310-x86_64-linux-gnu.so
[81.634s] -- Symlinking: /home/badawi/Desktop/auto-pilot/install/stonefish_ros2/local/lib/python3.10/dist-packages/stonefish_ros2/stonefish_ros2_s__rosidl_typesupport_fastrtps_c.cpython-310-x86_64-linux-gnu.so
[81.641s] -- Symlinking: /home/badawi/Desktop/auto-pilot/install/stonefish_ros2/local/lib/python3.10/dist-packages/stonefish_ros2/stonefish_ros2_s__rosidl_typesupport_introspection_c.cpython-310-x86_64-linux-gnu.so
[81.648s] -- Up-to-date symlink: /home/badawi/Desktop/auto-pilot/install/stonefish_ros2/local/lib/python3.10/dist-packages/stonefish_ros2/stonefish_ros2_s__rosidl_typesupport_fastrtps_c.cpython-310-x86_64-linux-gnu.so
[81.648s] -- Up-to-date symlink: /home/badawi/Desktop/auto-pilot/install/stonefish_ros2/local/lib/python3.10/dist-packages/stonefish_ros2/stonefish_ros2_s__rosidl_typesupport_introspection_c.cpython-310-x86_64-linux-gnu.so
[81.649s] -- Up-to-date symlink: /home/badawi/Desktop/auto-pilot/install/stonefish_ros2/local/lib/python3.10/dist-packages/stonefish_ros2/stonefish_ros2_s__rosidl_typesupport_c.cpython-310-x86_64-linux-gnu.so
[81.649s] -- Symlinking: /home/badawi/Desktop/auto-pilot/install/stonefish_ros2/share/stonefish_ros2/msg/Int32Stamped.idl
[81.657s] -- Symlinking: /home/badawi/Desktop/auto-pilot/install/stonefish_ros2/share/stonefish_ros2/msg/BeaconInfo.idl
[81.663s] -- Symlinking: /home/badawi/Desktop/auto-pilot/install/stonefish_ros2/share/stonefish_ros2/msg/NEDPose.idl
[81.670s] -- Symlinking: /home/badawi/Desktop/auto-pilot/install/stonefish_ros2/share/stonefish_ros2/msg/INS.idl
[81.678s] -- Symlinking: /home/badawi/Desktop/auto-pilot/install/stonefish_ros2/share/stonefish_ros2/msg/DVLBeam.idl
[81.686s] -- Symlinking: /home/badawi/Desktop/auto-pilot/install/stonefish_ros2/share/stonefish_ros2/msg/DVL.idl
[81.691s] -- Symlinking: /home/badawi/Desktop/auto-pilot/install/stonefish_ros2/share/stonefish_ros2/msg/ThrusterState.idl
[81.698s] -- Symlinking: /home/badawi/Desktop/auto-pilot/install/stonefish_ros2/share/stonefish_ros2/msg/DebugPhysics.idl
[81.706s] -- Symlinking: /home/badawi/Desktop/auto-pilot/install/stonefish_ros2/share/stonefish_ros2/srv/SonarSettings.idl
[81.714s] -- Symlinking: /home/badawi/Desktop/auto-pilot/install/stonefish_ros2/share/stonefish_ros2/srv/SonarSettings2.idl
[81.719s] -- Symlinking: /home/badawi/Desktop/auto-pilot/install/stonefish_ros2/share/stonefish_ros2/srv/Respawn.idl
[81.726s] -- Symlinking: /home/badawi/Desktop/auto-pilot/install/stonefish_ros2/share/stonefish_ros2/msg/Int32Stamped.msg
[81.734s] -- Symlinking: /home/badawi/Desktop/auto-pilot/install/stonefish_ros2/share/stonefish_ros2/msg/BeaconInfo.msg
[81.740s] -- Symlinking: /home/badawi/Desktop/auto-pilot/install/stonefish_ros2/share/stonefish_ros2/msg/NEDPose.msg
[81.747s] -- Symlinking: /home/badawi/Desktop/auto-pilot/install/stonefish_ros2/share/stonefish_ros2/msg/INS.msg
[81.755s] -- Symlinking: /home/badawi/Desktop/auto-pilot/install/stonefish_ros2/share/stonefish_ros2/msg/DVLBeam.msg
[81.761s] -- Symlinking: /home/badawi/Desktop/auto-pilot/install/stonefish_ros2/share/stonefish_ros2/msg/DVL.msg
[81.767s] -- Symlinking: /home/badawi/Desktop/auto-pilot/install/stonefish_ros2/share/stonefish_ros2/msg/ThrusterState.msg
[81.774s] -- Symlinking: /home/badawi/Desktop/auto-pilot/install/stonefish_ros2/share/stonefish_ros2/msg/DebugPhysics.msg
[81.782s] -- Symlinking: /home/badawi/Desktop/auto-pilot/install/stonefish_ros2/share/stonefish_ros2/srv/SonarSettings.srv
[81.787s] -- Symlinking: /home/badawi/Desktop/auto-pilot/install/stonefish_ros2/share/stonefish_ros2/srv/SonarSettings_Request.msg
[81.795s] -- Symlinking: /home/badawi/Desktop/auto-pilot/install/stonefish_ros2/share/stonefish_ros2/srv/SonarSettings_Response.msg
[81.804s] -- Symlinking: /home/badawi/Desktop/auto-pilot/install/stonefish_ros2/share/stonefish_ros2/srv/SonarSettings2.srv
[81.810s] -- Symlinking: /home/badawi/Desktop/auto-pilot/install/stonefish_ros2/share/stonefish_ros2/srv/SonarSettings2_Request.msg
[81.818s] -- Symlinking: /home/badawi/Desktop/auto-pilot/install/stonefish_ros2/share/stonefish_ros2/srv/SonarSettings2_Response.msg
[81.824s] -- Symlinking: /home/badawi/Desktop/auto-pilot/install/stonefish_ros2/share/stonefish_ros2/srv/Respawn.srv
[81.830s] -- Symlinking: /home/badawi/Desktop/auto-pilot/install/stonefish_ros2/share/stonefish_ros2/srv/Respawn_Request.msg
[81.839s] -- Symlinking: /home/badawi/Desktop/auto-pilot/install/stonefish_ros2/share/stonefish_ros2/srv/Respawn_Response.msg
[81.848s] -- Symlinking: /home/badawi/Desktop/auto-pilot/install/stonefish_ros2/include/include/stonefish_ros2/ROS2ConsoleSimulationApp.h
[81.856s] -- Symlinking: /home/badawi/Desktop/auto-pilot/install/stonefish_ros2/include/include/stonefish_ros2/ROS2GraphicalSimulationApp.h
[81.864s] -- Symlinking: /home/badawi/Desktop/auto-pilot/install/stonefish_ros2/include/include/stonefish_ros2/ROS2Interface.h
[81.869s] -- Symlinking: /home/badawi/Desktop/auto-pilot/install/stonefish_ros2/include/include/stonefish_ros2/ROS2ScenarioParser.h
[81.877s] -- Symlinking: /home/badawi/Desktop/auto-pilot/install/stonefish_ros2/include/include/stonefish_ros2/ROS2SimulationManager.h
[81.885s] -- Symlinking: /home/badawi/Desktop/auto-pilot/install/stonefish_ros2/lib/stonefish_ros2/stonefish_simulator
[81.891s] -- Symlinking: /home/badawi/Desktop/auto-pilot/install/stonefish_ros2/lib/stonefish_ros2/stonefish_simulator_nogpu
[81.899s] -- Symlinking: /home/badawi/Desktop/auto-pilot/install/stonefish_ros2/share/stonefish_ros2/launch/stonefish_simulator.launch.py
[81.907s] -- Symlinking: /home/badawi/Desktop/auto-pilot/install/stonefish_ros2/share/stonefish_ros2/launch/stonefish_simulator_nogpu.launch.py
[81.915s] -- Symlinking: /home/badawi/Desktop/auto-pilot/install/stonefish_ros2/share/ament_index/resource_index/package_run_dependencies/stonefish_ros2
[81.924s] -- Symlinking: /home/badawi/Desktop/auto-pilot/install/stonefish_ros2/share/ament_index/resource_index/parent_prefix_path/stonefish_ros2
[81.930s] -- Symlinking: /home/badawi/Desktop/auto-pilot/install/stonefish_ros2/share/stonefish_ros2/environment/ament_prefix_path.sh
[81.937s] -- Symlinking: /home/badawi/Desktop/auto-pilot/install/stonefish_ros2/share/stonefish_ros2/environment/ament_prefix_path.dsv
[81.944s] -- Symlinking: /home/badawi/Desktop/auto-pilot/install/stonefish_ros2/share/stonefish_ros2/environment/path.sh
[81.949s] -- Symlinking: /home/badawi/Desktop/auto-pilot/install/stonefish_ros2/share/stonefish_ros2/environment/path.dsv
[81.957s] -- Symlinking: /home/badawi/Desktop/auto-pilot/install/stonefish_ros2/share/stonefish_ros2/local_setup.bash
[81.964s] -- Symlinking: /home/badawi/Desktop/auto-pilot/install/stonefish_ros2/share/stonefish_ros2/local_setup.sh
[81.971s] -- Symlinking: /home/badawi/Desktop/auto-pilot/install/stonefish_ros2/share/stonefish_ros2/local_setup.zsh
[81.976s] -- Symlinking: /home/badawi/Desktop/auto-pilot/install/stonefish_ros2/share/stonefish_ros2/local_setup.dsv
[81.984s] -- Symlinking: /home/badawi/Desktop/auto-pilot/install/stonefish_ros2/share/stonefish_ros2/package.dsv
[81.990s] -- Symlinking: /home/badawi/Desktop/auto-pilot/install/stonefish_ros2/share/ament_index/resource_index/packages/stonefish_ros2
[81.997s] -- Symlinking: /home/badawi/Desktop/auto-pilot/install/stonefish_ros2/share/stonefish_ros2/cmake/rosidl_cmake-extras.cmake
[82.005s] -- Symlinking: /home/badawi/Desktop/auto-pilot/install/stonefish_ros2/share/stonefish_ros2/cmake/ament_cmake_export_dependencies-extras.cmake
[82.011s] -- Symlinking: /home/badawi/Desktop/auto-pilot/install/stonefish_ros2/share/stonefish_ros2/cmake/ament_cmake_export_include_directories-extras.cmake
[82.018s] -- Symlinking: /home/badawi/Desktop/auto-pilot/install/stonefish_ros2/share/stonefish_ros2/cmake/ament_cmake_export_libraries-extras.cmake
[82.026s] -- Symlinking: /home/badawi/Desktop/auto-pilot/install/stonefish_ros2/share/stonefish_ros2/cmake/ament_cmake_export_targets-extras.cmake
[82.035s] -- Symlinking: /home/badawi/Desktop/auto-pilot/install/stonefish_ros2/share/stonefish_ros2/cmake/rosidl_cmake_export_typesupport_targets-extras.cmake
[82.042s] -- Symlinking: /home/badawi/Desktop/auto-pilot/install/stonefish_ros2/share/stonefish_ros2/cmake/rosidl_cmake_export_typesupport_libraries-extras.cmake
[82.049s] -- Symlinking: /home/badawi/Desktop/auto-pilot/install/stonefish_ros2/share/stonefish_ros2/cmake/stonefish_ros2Config.cmake
[82.056s] -- Symlinking: /home/badawi/Desktop/auto-pilot/install/stonefish_ros2/share/stonefish_ros2/cmake/stonefish_ros2Config-version.cmake
[82.063s] -- Symlinking: /home/badawi/Desktop/auto-pilot/install/stonefish_ros2/share/stonefish_ros2/package.xml
[82.070s] -- Installing: /home/badawi/Desktop/auto-pilot/install/stonefish_ros2/lib/libstonefish_ros2__rosidl_generator_c.so
[82.071s] -- Set runtime path of "/home/badawi/Desktop/auto-pilot/install/stonefish_ros2/lib/libstonefish_ros2__rosidl_generator_c.so" to ""
[82.071s] -- Installing: /home/badawi/Desktop/auto-pilot/install/stonefish_ros2/lib/libstonefish_ros2__rosidl_typesupport_fastrtps_c.so
[82.072s] -- Set runtime path of "/home/badawi/Desktop/auto-pilot/install/stonefish_ros2/lib/libstonefish_ros2__rosidl_typesupport_fastrtps_c.so" to ""
[82.072s] -- Installing: /home/badawi/Desktop/auto-pilot/install/stonefish_ros2/lib/libstonefish_ros2__rosidl_typesupport_fastrtps_cpp.so
[82.073s] -- Set runtime path of "/home/badawi/Desktop/auto-pilot/install/stonefish_ros2/lib/libstonefish_ros2__rosidl_typesupport_fastrtps_cpp.so" to ""
[82.073s] -- Installing: /home/badawi/Desktop/auto-pilot/install/stonefish_ros2/lib/libstonefish_ros2__rosidl_typesupport_introspection_c.so
[82.074s] -- Set runtime path of "/home/badawi/Desktop/auto-pilot/install/stonefish_ros2/lib/libstonefish_ros2__rosidl_typesupport_introspection_c.so" to ""
[82.074s] -- Installing: /home/badawi/Desktop/auto-pilot/install/stonefish_ros2/lib/libstonefish_ros2__rosidl_typesupport_c.so
[82.074s] -- Set runtime path of "/home/badawi/Desktop/auto-pilot/install/stonefish_ros2/lib/libstonefish_ros2__rosidl_typesupport_c.so" to ""
[82.075s] -- Installing: /home/badawi/Desktop/auto-pilot/install/stonefish_ros2/lib/libstonefish_ros2__rosidl_typesupport_introspection_cpp.so
[82.076s] -- Set runtime path of "/home/badawi/Desktop/auto-pilot/install/stonefish_ros2/lib/libstonefish_ros2__rosidl_typesupport_introspection_cpp.so" to ""
[82.076s] -- Installing: /home/badawi/Desktop/auto-pilot/install/stonefish_ros2/lib/libstonefish_ros2__rosidl_typesupport_cpp.so
[82.076s] -- Set runtime path of "/home/badawi/Desktop/auto-pilot/install/stonefish_ros2/lib/libstonefish_ros2__rosidl_typesupport_cpp.so" to ""
[82.123s] Listing '/home/badawi/Desktop/auto-pilot/install/stonefish_ros2/local/lib/python3.10/dist-packages/stonefish_ros2'...
[82.123s] Compiling '/home/badawi/Desktop/auto-pilot/install/stonefish_ros2/local/lib/python3.10/dist-packages/stonefish_ros2/__init__.py'...
[82.123s] Listing '/home/badawi/Desktop/auto-pilot/install/stonefish_ros2/local/lib/python3.10/dist-packages/stonefish_ros2/msg'...
[82.123s] Compiling '/home/badawi/Desktop/auto-pilot/install/stonefish_ros2/local/lib/python3.10/dist-packages/stonefish_ros2/msg/__init__.py'...
[82.123s] Compiling '/home/badawi/Desktop/auto-pilot/install/stonefish_ros2/local/lib/python3.10/dist-packages/stonefish_ros2/msg/_beacon_info.py'...
[82.124s] Compiling '/home/badawi/Desktop/auto-pilot/install/stonefish_ros2/local/lib/python3.10/dist-packages/stonefish_ros2/msg/_debug_physics.py'...
[82.124s] Compiling '/home/badawi/Desktop/auto-pilot/install/stonefish_ros2/local/lib/python3.10/dist-packages/stonefish_ros2/msg/_dvl.py'...
[82.124s] Compiling '/home/badawi/Desktop/auto-pilot/install/stonefish_ros2/local/lib/python3.10/dist-packages/stonefish_ros2/msg/_dvl_beam.py'...
[82.124s] Compiling '/home/badawi/Desktop/auto-pilot/install/stonefish_ros2/local/lib/python3.10/dist-packages/stonefish_ros2/msg/_ins.py'...
[82.124s] Compiling '/home/badawi/Desktop/auto-pilot/install/stonefish_ros2/local/lib/python3.10/dist-packages/stonefish_ros2/msg/_int32_stamped.py'...
[82.124s] Compiling '/home/badawi/Desktop/auto-pilot/install/stonefish_ros2/local/lib/python3.10/dist-packages/stonefish_ros2/msg/_ned_pose.py'...
[82.124s] Compiling '/home/badawi/Desktop/auto-pilot/install/stonefish_ros2/local/lib/python3.10/dist-packages/stonefish_ros2/msg/_thruster_state.py'...
[82.124s] Listing '/home/badawi/Desktop/auto-pilot/install/stonefish_ros2/local/lib/python3.10/dist-packages/stonefish_ros2/srv'...
[82.124s] Compiling '/home/badawi/Desktop/auto-pilot/install/stonefish_ros2/local/lib/python3.10/dist-packages/stonefish_ros2/srv/__init__.py'...
[82.124s] Compiling '/home/badawi/Desktop/auto-pilot/install/stonefish_ros2/local/lib/python3.10/dist-packages/stonefish_ros2/srv/_respawn.py'...
[82.124s] Compiling '/home/badawi/Desktop/auto-pilot/install/stonefish_ros2/local/lib/python3.10/dist-packages/stonefish_ros2/srv/_sonar_settings.py'...
[82.124s] Compiling '/home/badawi/Desktop/auto-pilot/install/stonefish_ros2/local/lib/python3.10/dist-packages/stonefish_ros2/srv/_sonar_settings2.py'...
[82.128s] -- Installing: /home/badawi/Desktop/auto-pilot/install/stonefish_ros2/lib/libstonefish_ros2__rosidl_generator_py.so
[82.129s] -- Set runtime path of "/home/badawi/Desktop/auto-pilot/install/stonefish_ros2/lib/libstonefish_ros2__rosidl_generator_py.so" to ""
[82.129s] -- Installing: /home/badawi/Desktop/auto-pilot/install/stonefish_ros2/lib/libstonefish_ros2_interface.so
[82.146s] -- Set runtime path of "/home/badawi/Desktop/auto-pilot/install/stonefish_ros2/lib/libstonefish_ros2_interface.so" to ""
[82.147s] -- Installing: /home/badawi/Desktop/auto-pilot/install/stonefish_ros2/share/stonefish_ros2/cmake/export_stonefish_ros2__rosidl_generator_cExport.cmake
[82.148s] -- Installing: /home/badawi/Desktop/auto-pilot/install/stonefish_ros2/share/stonefish_ros2/cmake/export_stonefish_ros2__rosidl_generator_cExport-noconfig.cmake
[82.148s] -- Installing: /home/badawi/Desktop/auto-pilot/install/stonefish_ros2/share/stonefish_ros2/cmake/export_stonefish_ros2__rosidl_typesupport_fastrtps_cExport.cmake
[82.148s] -- Installing: /home/badawi/Desktop/auto-pilot/install/stonefish_ros2/share/stonefish_ros2/cmake/export_stonefish_ros2__rosidl_typesupport_fastrtps_cExport-noconfig.cmake
[82.148s] -- Installing: /home/badawi/Desktop/auto-pilot/install/stonefish_ros2/share/stonefish_ros2/cmake/export_stonefish_ros2__rosidl_generator_cppExport.cmake
[82.149s] -- Installing: /home/badawi/Desktop/auto-pilot/install/stonefish_ros2/share/stonefish_ros2/cmake/export_stonefish_ros2__rosidl_typesupport_fastrtps_cppExport.cmake
[82.149s] -- Installing: /home/badawi/Desktop/auto-pilot/install/stonefish_ros2/share/stonefish_ros2/cmake/export_stonefish_ros2__rosidl_typesupport_fastrtps_cppExport-noconfig.cmake
[82.149s] -- Installing: /home/badawi/Desktop/auto-pilot/install/stonefish_ros2/share/stonefish_ros2/cmake/stonefish_ros2__rosidl_typesupport_introspection_cExport.cmake
[82.149s] -- Installing: /home/badawi/Desktop/auto-pilot/install/stonefish_ros2/share/stonefish_ros2/cmake/stonefish_ros2__rosidl_typesupport_introspection_cExport-noconfig.cmake
[82.149s] -- Installing: /home/badawi/Desktop/auto-pilot/install/stonefish_ros2/share/stonefish_ros2/cmake/stonefish_ros2__rosidl_typesupport_cExport.cmake
[82.150s] -- Installing: /home/badawi/Desktop/auto-pilot/install/stonefish_ros2/share/stonefish_ros2/cmake/stonefish_ros2__rosidl_typesupport_cExport-noconfig.cmake
[82.150s] -- Installing: /home/badawi/Desktop/auto-pilot/install/stonefish_ros2/share/stonefish_ros2/cmake/stonefish_ros2__rosidl_typesupport_introspection_cppExport.cmake
[82.150s] -- Installing: /home/badawi/Desktop/auto-pilot/install/stonefish_ros2/share/stonefish_ros2/cmake/stonefish_ros2__rosidl_typesupport_introspection_cppExport-noconfig.cmake
[82.150s] -- Installing: /home/badawi/Desktop/auto-pilot/install/stonefish_ros2/share/stonefish_ros2/cmake/stonefish_ros2__rosidl_typesupport_cppExport.cmake
[82.151s] -- Installing: /home/badawi/Desktop/auto-pilot/install/stonefish_ros2/share/stonefish_ros2/cmake/stonefish_ros2__rosidl_typesupport_cppExport-noconfig.cmake
[82.151s] -- Installing: /home/badawi/Desktop/auto-pilot/install/stonefish_ros2/share/stonefish_ros2/cmake/export_stonefish_ros2__rosidl_generator_pyExport.cmake
[82.151s] -- Installing: /home/badawi/Desktop/auto-pilot/install/stonefish_ros2/share/stonefish_ros2/cmake/export_stonefish_ros2__rosidl_generator_pyExport-noconfig.cmake
[82.153s] Invoked command in '/home/badawi/Desktop/auto-pilot/build/stonefish_ros2' returned '0': CMAKE_PREFIX_PATH=${CMAKE_PREFIX_PATH}:/home/badawi/Desktop/auto-pilot/install/auv_gui:/home/badawi/Desktop/auto-pilot/install/mundus_mir_stonefish_docking_controller:/opt/ros/humble /usr/bin/cmake --install /home/badawi/Desktop/auto-pilot/build/stonefish_ros2
