-- The C compiler identification is GNU 11.4.0
-- The CXX compiler identification is GNU 11.4.0
-- Detecting C compiler ABI info
-- Detecting C compiler ABI info - done
-- Check for working C compiler: /usr/bin/cc - skipped
-- Detecting C compile features
-- Detecting C compile features - done
-- Detecting CXX compiler ABI info
-- Detecting CXX compiler ABI info - done
-- Check for working CXX compiler: /usr/bin/c++ - skipped
-- Detecting CXX compile features
-- Detecting CXX compile features - done
-- Found ament_cmake: 1.3.12 (/opt/ros/humble/share/ament_cmake/cmake)
-- Found Python3: /usr/bin/python3 (found version "3.10.12") found components: Interpreter 
-- Override CMake install command with custom implementation using symlinks instead of copying resources
-- Configuring done
-- Generating done
-- Build files have been written to: /home/badawi/Desktop/auto-pilot/build/pid_siso
[ 50%] [32mBuilding CXX object CMakeFiles/pid_siso.dir/src/pid_siso.cpp.o[0m
[100%] [32m[1mLinking CXX shared library libpid_siso.so[0m
[100%] Built target pid_siso
-- Install configuration: ""
-- Execute custom install script
-- Symlinking: /home/badawi/Desktop/auto-pilot/install/pid_siso/lib/libpid_siso.so
-- Symlinking: /home/badawi/Desktop/auto-pilot/install/pid_siso/include/pid_siso.hpp
-- Symlinking: /home/badawi/Desktop/auto-pilot/install/pid_siso/share/pid_siso/environment/library_path.sh
-- Symlinking: /home/badawi/Desktop/auto-pilot/install/pid_siso/share/pid_siso/environment/library_path.dsv
-- Symlinking: /home/badawi/Desktop/auto-pilot/install/pid_siso/share/ament_index/resource_index/package_run_dependencies/pid_siso
-- Symlinking: /home/badawi/Desktop/auto-pilot/install/pid_siso/share/ament_index/resource_index/parent_prefix_path/pid_siso
-- Symlinking: /home/badawi/Desktop/auto-pilot/install/pid_siso/share/pid_siso/environment/ament_prefix_path.sh
-- Symlinking: /home/badawi/Desktop/auto-pilot/install/pid_siso/share/pid_siso/environment/ament_prefix_path.dsv
-- Symlinking: /home/badawi/Desktop/auto-pilot/install/pid_siso/share/pid_siso/environment/path.sh
-- Symlinking: /home/badawi/Desktop/auto-pilot/install/pid_siso/share/pid_siso/environment/path.dsv
-- Symlinking: /home/badawi/Desktop/auto-pilot/install/pid_siso/share/pid_siso/local_setup.bash
-- Symlinking: /home/badawi/Desktop/auto-pilot/install/pid_siso/share/pid_siso/local_setup.sh
-- Symlinking: /home/badawi/Desktop/auto-pilot/install/pid_siso/share/pid_siso/local_setup.zsh
-- Symlinking: /home/badawi/Desktop/auto-pilot/install/pid_siso/share/pid_siso/local_setup.dsv
-- Symlinking: /home/badawi/Desktop/auto-pilot/install/pid_siso/share/pid_siso/package.dsv
-- Symlinking: /home/badawi/Desktop/auto-pilot/install/pid_siso/share/ament_index/resource_index/packages/pid_siso
-- Symlinking: /home/badawi/Desktop/auto-pilot/install/pid_siso/share/pid_siso/cmake/ament_cmake_export_include_directories-extras.cmake
-- Symlinking: /home/badawi/Desktop/auto-pilot/install/pid_siso/share/pid_siso/cmake/ament_cmake_export_libraries-extras.cmake
-- Symlinking: /home/badawi/Desktop/auto-pilot/install/pid_siso/share/pid_siso/cmake/pid_sisoConfig.cmake
-- Symlinking: /home/badawi/Desktop/auto-pilot/install/pid_siso/share/pid_siso/cmake/pid_sisoConfig-version.cmake
-- Symlinking: /home/badawi/Desktop/auto-pilot/install/pid_siso/share/pid_siso/package.xml
