[0.027s] Invoking command in '/home/badawi/Desktop/auto-pilot/build/pid_siso': CMAKE_PREFIX_PATH=${CMAKE_PREFIX_PATH}:/home/badawi/Desktop/auto-pilot/install/auv_gui:/home/badawi/Desktop/auto-pilot/install/mundus_mir_stonefish_docking_controller:/opt/ros/humble /usr/bin/cmake /home/badawi/Desktop/auto-pilot/src/mundus_mir_pid_siso_cpp -DAMENT_CMAKE_SYMLINK_INSTALL=1 -DCMAKE_INSTALL_PREFIX=/home/badawi/Desktop/auto-pilot/install/pid_siso
[0.085s] -- The C compiler identification is GNU 11.4.0
[0.137s] -- The CXX compiler identification is GNU 11.4.0
[0.147s] -- Detecting C compiler ABI info
[0.218s] -- Detecting C compiler ABI info - done
[0.225s] -- Check for working C compiler: /usr/bin/cc - skipped
[0.225s] -- Detecting C compile features
[0.226s] -- Detecting C compile features - done
[0.228s] -- Detecting CXX compiler ABI info
[0.318s] -- Detecting CXX compiler ABI info - done
[0.328s] -- Check for working CXX compiler: /usr/bin/c++ - skipped
[0.329s] -- Detecting CXX compile features
[0.329s] -- Detecting CXX compile features - done
[0.332s] -- Found ament_cmake: 1.3.12 (/opt/ros/humble/share/ament_cmake/cmake)
[0.867s] -- Found Python3: /usr/bin/python3 (found version "3.10.12") found components: Interpreter 
[0.928s] -- Override CMake install command with custom implementation using symlinks instead of copying resources
[1.027s] -- Configuring done
[1.031s] -- Generating done
[1.033s] -- Build files have been written to: /home/badawi/Desktop/auto-pilot/build/pid_siso
[1.038s] Invoked command in '/home/badawi/Desktop/auto-pilot/build/pid_siso' returned '0': CMAKE_PREFIX_PATH=${CMAKE_PREFIX_PATH}:/home/badawi/Desktop/auto-pilot/install/auv_gui:/home/badawi/Desktop/auto-pilot/install/mundus_mir_stonefish_docking_controller:/opt/ros/humble /usr/bin/cmake /home/badawi/Desktop/auto-pilot/src/mundus_mir_pid_siso_cpp -DAMENT_CMAKE_SYMLINK_INSTALL=1 -DCMAKE_INSTALL_PREFIX=/home/badawi/Desktop/auto-pilot/install/pid_siso
[1.040s] Invoking command in '/home/badawi/Desktop/auto-pilot/build/pid_siso': CMAKE_PREFIX_PATH=${CMAKE_PREFIX_PATH}:/home/badawi/Desktop/auto-pilot/install/auv_gui:/home/badawi/Desktop/auto-pilot/install/mundus_mir_stonefish_docking_controller:/opt/ros/humble /usr/bin/cmake --build /home/badawi/Desktop/auto-pilot/build/pid_siso -- -j20 -l20
[1.083s] [ 50%] [32mBuilding CXX object CMakeFiles/pid_siso.dir/src/pid_siso.cpp.o[0m
[1.509s] [100%] [32m[1mLinking CXX shared library libpid_siso.so[0m
[1.547s] [100%] Built target pid_siso
[1.558s] Invoked command in '/home/badawi/Desktop/auto-pilot/build/pid_siso' returned '0': CMAKE_PREFIX_PATH=${CMAKE_PREFIX_PATH}:/home/badawi/Desktop/auto-pilot/install/auv_gui:/home/badawi/Desktop/auto-pilot/install/mundus_mir_stonefish_docking_controller:/opt/ros/humble /usr/bin/cmake --build /home/badawi/Desktop/auto-pilot/build/pid_siso -- -j20 -l20
[1.561s] Invoking command in '/home/badawi/Desktop/auto-pilot/build/pid_siso': CMAKE_PREFIX_PATH=${CMAKE_PREFIX_PATH}:/home/badawi/Desktop/auto-pilot/install/auv_gui:/home/badawi/Desktop/auto-pilot/install/mundus_mir_stonefish_docking_controller:/opt/ros/humble /usr/bin/cmake --install /home/badawi/Desktop/auto-pilot/build/pid_siso
[1.570s] -- Install configuration: ""
[1.570s] -- Execute custom install script
[1.571s] -- Symlinking: /home/badawi/Desktop/auto-pilot/install/pid_siso/lib/libpid_siso.so
[1.580s] -- Symlinking: /home/badawi/Desktop/auto-pilot/install/pid_siso/include/pid_siso.hpp
[1.588s] -- Symlinking: /home/badawi/Desktop/auto-pilot/install/pid_siso/share/pid_siso/environment/library_path.sh
[1.598s] -- Symlinking: /home/badawi/Desktop/auto-pilot/install/pid_siso/share/pid_siso/environment/library_path.dsv
[1.606s] -- Symlinking: /home/badawi/Desktop/auto-pilot/install/pid_siso/share/ament_index/resource_index/package_run_dependencies/pid_siso
[1.618s] -- Symlinking: /home/badawi/Desktop/auto-pilot/install/pid_siso/share/ament_index/resource_index/parent_prefix_path/pid_siso
[1.630s] -- Symlinking: /home/badawi/Desktop/auto-pilot/install/pid_siso/share/pid_siso/environment/ament_prefix_path.sh
[1.642s] -- Symlinking: /home/badawi/Desktop/auto-pilot/install/pid_siso/share/pid_siso/environment/ament_prefix_path.dsv
[1.653s] -- Symlinking: /home/badawi/Desktop/auto-pilot/install/pid_siso/share/pid_siso/environment/path.sh
[1.664s] -- Symlinking: /home/badawi/Desktop/auto-pilot/install/pid_siso/share/pid_siso/environment/path.dsv
[1.672s] -- Symlinking: /home/badawi/Desktop/auto-pilot/install/pid_siso/share/pid_siso/local_setup.bash
[1.681s] -- Symlinking: /home/badawi/Desktop/auto-pilot/install/pid_siso/share/pid_siso/local_setup.sh
[1.693s] -- Symlinking: /home/badawi/Desktop/auto-pilot/install/pid_siso/share/pid_siso/local_setup.zsh
[1.705s] -- Symlinking: /home/badawi/Desktop/auto-pilot/install/pid_siso/share/pid_siso/local_setup.dsv
[1.713s] -- Symlinking: /home/badawi/Desktop/auto-pilot/install/pid_siso/share/pid_siso/package.dsv
[1.723s] -- Symlinking: /home/badawi/Desktop/auto-pilot/install/pid_siso/share/ament_index/resource_index/packages/pid_siso
[1.734s] -- Symlinking: /home/badawi/Desktop/auto-pilot/install/pid_siso/share/pid_siso/cmake/ament_cmake_export_include_directories-extras.cmake
[1.746s] -- Symlinking: /home/badawi/Desktop/auto-pilot/install/pid_siso/share/pid_siso/cmake/ament_cmake_export_libraries-extras.cmake
[1.755s] -- Symlinking: /home/badawi/Desktop/auto-pilot/install/pid_siso/share/pid_siso/cmake/pid_sisoConfig.cmake
[1.764s] -- Symlinking: /home/badawi/Desktop/auto-pilot/install/pid_siso/share/pid_siso/cmake/pid_sisoConfig-version.cmake
[1.772s] -- Symlinking: /home/badawi/Desktop/auto-pilot/install/pid_siso/share/pid_siso/package.xml
[1.796s] Invoked command in '/home/badawi/Desktop/auto-pilot/build/pid_siso' returned '0': CMAKE_PREFIX_PATH=${CMAKE_PREFIX_PATH}:/home/badawi/Desktop/auto-pilot/install/auv_gui:/home/badawi/Desktop/auto-pilot/install/mundus_mir_stonefish_docking_controller:/opt/ros/humble /usr/bin/cmake --install /home/badawi/Desktop/auto-pilot/build/pid_siso
