running egg_info
writing ../../build/mundus_mir_stonefish_docking_controller/mundus_mir_stonefish_docking_controller.egg-info/PKG-INFO
writing dependency_links to ../../build/mundus_mir_stonefish_docking_controller/mundus_mir_stonefish_docking_controller.egg-info/dependency_links.txt
writing entry points to ../../build/mundus_mir_stonefish_docking_controller/mundus_mir_stonefish_docking_controller.egg-info/entry_points.txt
writing requirements to ../../build/mundus_mir_stonefish_docking_controller/mundus_mir_stonefish_docking_controller.egg-info/requires.txt
writing top-level names to ../../build/mundus_mir_stonefish_docking_controller/mundus_mir_stonefish_docking_controller.egg-info/top_level.txt
reading manifest file '../../build/mundus_mir_stonefish_docking_controller/mundus_mir_stonefish_docking_controller.egg-info/SOURCES.txt'
writing manifest file '../../build/mundus_mir_stonefish_docking_controller/mundus_mir_stonefish_docking_controller.egg-info/SOURCES.txt'
running build
running build_py
copying mundus_mir_stonefish_docking_controller/stonefish_aruco_pose.py -> /home/badawi/Desktop/auto-pilot/build/mundus_mir_stonefish_docking_controller/build/lib/mundus_mir_stonefish_docking_controller
copying mundus_mir_stonefish_docking_controller/stonefish_docking_controller.py -> /home/badawi/Desktop/auto-pilot/build/mundus_mir_stonefish_docking_controller/build/lib/mundus_mir_stonefish_docking_controller
copying mundus_mir_stonefish_docking_controller/aruco_board_stonefish.py -> /home/badawi/Desktop/auto-pilot/build/mundus_mir_stonefish_docking_controller/build/lib/mundus_mir_stonefish_docking_controller
copying mundus_mir_stonefish_docking_controller/__init__.py -> /home/badawi/Desktop/auto-pilot/build/mundus_mir_stonefish_docking_controller/build/lib/mundus_mir_stonefish_docking_controller
copying mundus_mir_stonefish_docking_controller/stonefish_sensor_republisher.py -> /home/badawi/Desktop/auto-pilot/build/mundus_mir_stonefish_docking_controller/build/lib/mundus_mir_stonefish_docking_controller
running install
running install_lib
copying /home/badawi/Desktop/auto-pilot/build/mundus_mir_stonefish_docking_controller/build/lib/mundus_mir_stonefish_docking_controller/stonefish_aruco_pose.py -> /home/badawi/Desktop/auto-pilot/install/mundus_mir_stonefish_docking_controller/lib/python3.10/site-packages/mundus_mir_stonefish_docking_controller
byte-compiling /home/badawi/Desktop/auto-pilot/install/mundus_mir_stonefish_docking_controller/lib/python3.10/site-packages/mundus_mir_stonefish_docking_controller/stonefish_aruco_pose.py to stonefish_aruco_pose.cpython-310.pyc
running install_data
copying resource/mundus_mir_stonefish_docking_controller -> /home/badawi/Desktop/auto-pilot/install/mundus_mir_stonefish_docking_controller/share/ament_index/resource_index/packages
copying package.xml -> /home/badawi/Desktop/auto-pilot/install/mundus_mir_stonefish_docking_controller/share/mundus_mir_stonefish_docking_controller
copying README.md -> /home/badawi/Desktop/auto-pilot/install/mundus_mir_stonefish_docking_controller/share/mundus_mir_stonefish_docking_controller
copying launch/stonefish_docking.launch.py -> /home/badawi/Desktop/auto-pilot/install/mundus_mir_stonefish_docking_controller/share/mundus_mir_stonefish_docking_controller/launch
copying config/stonefish_robot_localization.yaml -> /home/badawi/Desktop/auto-pilot/install/mundus_mir_stonefish_docking_controller/share/mundus_mir_stonefish_docking_controller/config
running install_egg_info
removing '/home/badawi/Desktop/auto-pilot/install/mundus_mir_stonefish_docking_controller/lib/python3.10/site-packages/mundus_mir_stonefish_docking_controller-0.1.0-py3.10.egg-info' (and everything under it)
Copying ../../build/mundus_mir_stonefish_docking_controller/mundus_mir_stonefish_docking_controller.egg-info to /home/badawi/Desktop/auto-pilot/install/mundus_mir_stonefish_docking_controller/lib/python3.10/site-packages/mundus_mir_stonefish_docking_controller-0.1.0-py3.10.egg-info
running install_scripts
Installing stonefish_aruco_pose script to /home/badawi/Desktop/auto-pilot/install/mundus_mir_stonefish_docking_controller/lib/mundus_mir_stonefish_docking_controller
Installing stonefish_docking_controller script to /home/badawi/Desktop/auto-pilot/install/mundus_mir_stonefish_docking_controller/lib/mundus_mir_stonefish_docking_controller
Installing stonefish_sensor_republisher script to /home/badawi/Desktop/auto-pilot/install/mundus_mir_stonefish_docking_controller/lib/mundus_mir_stonefish_docking_controller
writing list of installed files to '/home/badawi/Desktop/auto-pilot/build/mundus_mir_stonefish_docking_controller/install.log'
