[0.024s] Invoking command in '/home/badawi/Desktop/auto-pilot/build/ma1_mclsimpy': CMAKE_PREFIX_PATH=${CMAKE_PREFIX_PATH}:/home/badawi/Desktop/auto-pilot/install/auv_gui:/home/badawi/Desktop/auto-pilot/install/mundus_mir_stonefish_docking_controller:/opt/ros/humble /usr/bin/cmake /home/badawi/Desktop/auto-pilot/src/ma1_simulator/ma1_mclsimpy -DAMENT_CMAKE_SYMLINK_INSTALL=1 -DCMAKE_INSTALL_PREFIX=/home/badawi/Desktop/auto-pilot/install/ma1_mclsimpy
[0.067s] -- The C compiler identification is GNU 11.4.0
[0.116s] -- The CXX compiler identification is GNU 11.4.0
[0.122s] -- Detecting C compiler ABI info
[0.183s] -- Detecting C compiler ABI info - done
[0.195s] -- Check for working C compiler: /usr/bin/cc - skipped
[0.195s] -- Detecting C compile features
[0.196s] -- Detecting C compile features - done
[0.200s] -- Detecting CXX compiler ABI info
[0.271s] -- Detecting CXX compiler ABI info - done
[0.282s] -- Check for working CXX compiler: /usr/bin/c++ - skipped
[0.283s] -- Detecting CXX compile features
[0.283s] -- Detecting CXX compile features - done
[0.289s] -- Found ament_cmake: 1.3.12 (/opt/ros/humble/share/ament_cmake/cmake)
[0.677s] -- Found Python3: /usr/bin/python3 (found version "3.10.12") found components: Interpreter 
[0.746s] -- Override CMake install command with custom implementation using symlinks instead of copying resources
[0.931s] -- Configuring done
[0.934s] -- Generating done
[0.934s] -- Build files have been written to: /home/badawi/Desktop/auto-pilot/build/ma1_mclsimpy
[0.938s] Invoked command in '/home/badawi/Desktop/auto-pilot/build/ma1_mclsimpy' returned '0': CMAKE_PREFIX_PATH=${CMAKE_PREFIX_PATH}:/home/badawi/Desktop/auto-pilot/install/auv_gui:/home/badawi/Desktop/auto-pilot/install/mundus_mir_stonefish_docking_controller:/opt/ros/humble /usr/bin/cmake /home/badawi/Desktop/auto-pilot/src/ma1_simulator/ma1_mclsimpy -DAMENT_CMAKE_SYMLINK_INSTALL=1 -DCMAKE_INSTALL_PREFIX=/home/badawi/Desktop/auto-pilot/install/ma1_mclsimpy
[0.940s] Invoking command in '/home/badawi/Desktop/auto-pilot/build/ma1_mclsimpy': CMAKE_PREFIX_PATH=${CMAKE_PREFIX_PATH}:/home/badawi/Desktop/auto-pilot/install/auv_gui:/home/badawi/Desktop/auto-pilot/install/mundus_mir_stonefish_docking_controller:/opt/ros/humble /usr/bin/cmake --build /home/badawi/Desktop/auto-pilot/build/ma1_mclsimpy -- -j20 -l20
[0.996s] Built target ament_cmake_python_symlink_ma1_mclsimpy
[1.348s] running egg_info
[1.364s] creating ma1_mclsimpy.egg-info
[1.365s] writing ma1_mclsimpy.egg-info/PKG-INFO
[1.365s] writing dependency_links to ma1_mclsimpy.egg-info/dependency_links.txt
[1.365s] writing top-level names to ma1_mclsimpy.egg-info/top_level.txt
[1.365s] writing manifest file 'ma1_mclsimpy.egg-info/SOURCES.txt'
[1.408s] reading manifest file 'ma1_mclsimpy.egg-info/SOURCES.txt'
[1.409s] writing manifest file 'ma1_mclsimpy.egg-info/SOURCES.txt'
[1.435s] Built target ament_cmake_python_build_ma1_mclsimpy_egg
[1.448s] Invoked command in '/home/badawi/Desktop/auto-pilot/build/ma1_mclsimpy' returned '0': CMAKE_PREFIX_PATH=${CMAKE_PREFIX_PATH}:/home/badawi/Desktop/auto-pilot/install/auv_gui:/home/badawi/Desktop/auto-pilot/install/mundus_mir_stonefish_docking_controller:/opt/ros/humble /usr/bin/cmake --build /home/badawi/Desktop/auto-pilot/build/ma1_mclsimpy -- -j20 -l20
[1.449s] Invoking command in '/home/badawi/Desktop/auto-pilot/build/ma1_mclsimpy': CMAKE_PREFIX_PATH=${CMAKE_PREFIX_PATH}:/home/badawi/Desktop/auto-pilot/install/auv_gui:/home/badawi/Desktop/auto-pilot/install/mundus_mir_stonefish_docking_controller:/opt/ros/humble /usr/bin/cmake --install /home/badawi/Desktop/auto-pilot/build/ma1_mclsimpy
[1.458s] -- Install configuration: ""
[1.459s] -- Execute custom install script
[1.459s] -- Symlinking: /home/badawi/Desktop/auto-pilot/install/ma1_mclsimpy/share/ma1_mclsimpy/environment/pythonpath.sh
[1.471s] -- Symlinking: /home/badawi/Desktop/auto-pilot/install/ma1_mclsimpy/share/ma1_mclsimpy/environment/pythonpath.dsv
[1.481s] -- Symlinking: /home/badawi/Desktop/auto-pilot/install/ma1_mclsimpy/local/lib/python3.10/dist-packages/ma1_mclsimpy-0.0.0-py3.10.egg-info/PKG-INFO
[1.488s] -- Symlinking: /home/badawi/Desktop/auto-pilot/install/ma1_mclsimpy/local/lib/python3.10/dist-packages/ma1_mclsimpy-0.0.0-py3.10.egg-info/SOURCES.txt
[1.496s] -- Symlinking: /home/badawi/Desktop/auto-pilot/install/ma1_mclsimpy/local/lib/python3.10/dist-packages/ma1_mclsimpy-0.0.0-py3.10.egg-info/dependency_links.txt
[1.503s] -- Symlinking: /home/badawi/Desktop/auto-pilot/install/ma1_mclsimpy/local/lib/python3.10/dist-packages/ma1_mclsimpy-0.0.0-py3.10.egg-info/top_level.txt
[1.514s] -- Symlinking: /home/badawi/Desktop/auto-pilot/install/ma1_mclsimpy/local/lib/python3.10/dist-packages/ma1_mclsimpy/__init__.py
[1.527s] -- Symlinking: /home/badawi/Desktop/auto-pilot/install/ma1_mclsimpy/share/ma1_mclsimpy/launch/ma1_mclsimpy.launch.py
[1.537s] -- Symlinking: /home/badawi/Desktop/auto-pilot/install/ma1_mclsimpy/share/ma1_mclsimpy/config/sim_params.yaml
[1.552s] -- Symlinking: /home/badawi/Desktop/auto-pilot/install/ma1_mclsimpy/lib/ma1_mclsimpy/sim_with_waves.py
[1.558s] -- Symlinking: /home/badawi/Desktop/auto-pilot/install/ma1_mclsimpy/share/ament_index/resource_index/package_run_dependencies/ma1_mclsimpy
[1.570s] -- Symlinking: /home/badawi/Desktop/auto-pilot/install/ma1_mclsimpy/share/ament_index/resource_index/parent_prefix_path/ma1_mclsimpy
[1.582s] -- Symlinking: /home/badawi/Desktop/auto-pilot/install/ma1_mclsimpy/share/ma1_mclsimpy/environment/ament_prefix_path.sh
[1.595s] -- Symlinking: /home/badawi/Desktop/auto-pilot/install/ma1_mclsimpy/share/ma1_mclsimpy/environment/ament_prefix_path.dsv
[1.603s] -- Symlinking: /home/badawi/Desktop/auto-pilot/install/ma1_mclsimpy/share/ma1_mclsimpy/environment/path.sh
[1.611s] -- Symlinking: /home/badawi/Desktop/auto-pilot/install/ma1_mclsimpy/share/ma1_mclsimpy/environment/path.dsv
[1.619s] -- Symlinking: /home/badawi/Desktop/auto-pilot/install/ma1_mclsimpy/share/ma1_mclsimpy/local_setup.bash
[1.628s] -- Symlinking: /home/badawi/Desktop/auto-pilot/install/ma1_mclsimpy/share/ma1_mclsimpy/local_setup.sh
[1.636s] -- Symlinking: /home/badawi/Desktop/auto-pilot/install/ma1_mclsimpy/share/ma1_mclsimpy/local_setup.zsh
[1.644s] -- Symlinking: /home/badawi/Desktop/auto-pilot/install/ma1_mclsimpy/share/ma1_mclsimpy/local_setup.dsv
[1.653s] -- Symlinking: /home/badawi/Desktop/auto-pilot/install/ma1_mclsimpy/share/ma1_mclsimpy/package.dsv
[1.666s] -- Symlinking: /home/badawi/Desktop/auto-pilot/install/ma1_mclsimpy/share/ament_index/resource_index/packages/ma1_mclsimpy
[1.675s] -- Symlinking: /home/badawi/Desktop/auto-pilot/install/ma1_mclsimpy/share/ma1_mclsimpy/cmake/ma1_mclsimpyConfig.cmake
[1.686s] -- Symlinking: /home/badawi/Desktop/auto-pilot/install/ma1_mclsimpy/share/ma1_mclsimpy/cmake/ma1_mclsimpyConfig-version.cmake
[1.694s] -- Symlinking: /home/badawi/Desktop/auto-pilot/install/ma1_mclsimpy/share/ma1_mclsimpy/package.xml
[1.759s] Listing '/home/badawi/Desktop/auto-pilot/install/ma1_mclsimpy/local/lib/python3.10/dist-packages/ma1_mclsimpy'...
[1.759s] Compiling '/home/badawi/Desktop/auto-pilot/install/ma1_mclsimpy/local/lib/python3.10/dist-packages/ma1_mclsimpy/__init__.py'...
[1.769s] Invoked command in '/home/badawi/Desktop/auto-pilot/build/ma1_mclsimpy' returned '0': CMAKE_PREFIX_PATH=${CMAKE_PREFIX_PATH}:/home/badawi/Desktop/auto-pilot/install/auv_gui:/home/badawi/Desktop/auto-pilot/install/mundus_mir_stonefish_docking_controller:/opt/ros/humble /usr/bin/cmake --install /home/badawi/Desktop/auto-pilot/build/ma1_mclsimpy
