[0.025s] Invoking command in '/home/badawi/Desktop/auto-pilot/build/mundus_mir_blueye_joystick_cpp': CMAKE_PREFIX_PATH=${CMAKE_PREFIX_PATH}:/home/badawi/Desktop/auto-pilot/install/auv_gui:/home/badawi/Desktop/auto-pilot/install/mundus_mir_stonefish_docking_controller:/opt/ros/humble /usr/bin/cmake /home/badawi/Desktop/auto-pilot/src/mundus_mir_blueye_joystick_cpp -DAMENT_CMAKE_SYMLINK_INSTALL=1 -DCMAKE_INSTALL_PREFIX=/home/badawi/Desktop/auto-pilot/install/mundus_mir_blueye_joystick_cpp
[0.073s] -- The C compiler identification is GNU 11.4.0
[0.143s] -- The CXX compiler identification is GNU 11.4.0
[0.150s] -- Detecting C compiler ABI info
[0.213s] -- Detecting C compiler ABI info - done
[0.224s] -- Check for working C compiler: /usr/bin/cc - skipped
[0.225s] -- Detecting C compile features
[0.225s] -- Detecting C compile features - done
[0.229s] -- Detecting CXX compiler ABI info
[0.301s] -- Detecting CXX compiler ABI info - done
[0.308s] -- Check for working CXX compiler: /usr/bin/c++ - skipped
[0.308s] -- Detecting CXX compile features
[0.308s] -- Detecting CXX compile features - done
[0.312s] -- Found ament_cmake: 1.3.12 (/opt/ros/humble/share/ament_cmake/cmake)
[0.740s] -- Found Python3: /usr/bin/python3 (found version "3.10.12") found components: Interpreter 
[0.806s] -- Override CMake install command with custom implementation using symlinks instead of copying resources
[0.830s] -- Found rclcpp: 16.0.17 (/opt/ros/humble/share/rclcpp/cmake)
[0.893s] -- Found rosidl_generator_c: 3.1.8 (/opt/ros/humble/share/rosidl_generator_c/cmake)
[0.899s] -- Found rosidl_adapter: 3.1.8 (/opt/ros/humble/share/rosidl_adapter/cmake)
[0.911s] -- Found rosidl_generator_cpp: 3.1.8 (/opt/ros/humble/share/rosidl_generator_cpp/cmake)
[0.929s] -- Using all available rosidl_typesupport_c: rosidl_typesupport_fastrtps_c;rosidl_typesupport_introspection_c
[0.952s] -- Using all available rosidl_typesupport_cpp: rosidl_typesupport_fastrtps_cpp;rosidl_typesupport_introspection_cpp
[1.016s] -- Found rmw_implementation_cmake: 6.1.2 (/opt/ros/humble/share/rmw_implementation_cmake/cmake)
[1.021s] -- Found rmw_fastrtps_cpp: 6.2.9 (/opt/ros/humble/share/rmw_fastrtps_cpp/cmake)
[1.145s] -- Found OpenSSL: /usr/lib/x86_64-linux-gnu/libcrypto.so (found version "3.0.2")  
[1.184s] -- Found FastRTPS: /opt/ros/humble/include  
[1.236s] -- Using RMW implementation 'rmw_fastrtps_cpp' as default
[1.243s] -- Looking for pthread.h
[1.308s] -- Looking for pthread.h - found
[1.309s] -- Performing Test CMAKE_HAVE_LIBC_PTHREAD
[1.387s] -- Performing Test CMAKE_HAVE_LIBC_PTHREAD - Success
[1.388s] -- Found Threads: TRUE  
[1.444s] -- Found geometry_msgs: 4.9.0 (/opt/ros/humble/share/geometry_msgs/cmake)
[1.456s] -- Found sensor_msgs: 4.9.0 (/opt/ros/humble/share/sensor_msgs/cmake)
[1.472s] -- Found nav_msgs: 4.9.0 (/opt/ros/humble/share/nav_msgs/cmake)
[1.559s] -- Configuring done
[1.569s] -- Generating done
[1.575s] -- Build files have been written to: /home/badawi/Desktop/auto-pilot/build/mundus_mir_blueye_joystick_cpp
[1.588s] Invoked command in '/home/badawi/Desktop/auto-pilot/build/mundus_mir_blueye_joystick_cpp' returned '0': CMAKE_PREFIX_PATH=${CMAKE_PREFIX_PATH}:/home/badawi/Desktop/auto-pilot/install/auv_gui:/home/badawi/Desktop/auto-pilot/install/mundus_mir_stonefish_docking_controller:/opt/ros/humble /usr/bin/cmake /home/badawi/Desktop/auto-pilot/src/mundus_mir_blueye_joystick_cpp -DAMENT_CMAKE_SYMLINK_INSTALL=1 -DCMAKE_INSTALL_PREFIX=/home/badawi/Desktop/auto-pilot/install/mundus_mir_blueye_joystick_cpp
[1.590s] Invoking command in '/home/badawi/Desktop/auto-pilot/build/mundus_mir_blueye_joystick_cpp': CMAKE_PREFIX_PATH=${CMAKE_PREFIX_PATH}:/home/badawi/Desktop/auto-pilot/install/auv_gui:/home/badawi/Desktop/auto-pilot/install/mundus_mir_stonefish_docking_controller:/opt/ros/humble /usr/bin/cmake --build /home/badawi/Desktop/auto-pilot/build/mundus_mir_blueye_joystick_cpp -- -j20 -l20
[1.640s] [ 33%] [32mBuilding CXX object CMakeFiles/joystick_controller.dir/src/mundus_mir_blueye_joystick_cpp.cpp.o[0m
[1.640s] [ 66%] [32mBuilding CXX object CMakeFiles/joystick_controller.dir/src/main.cpp.o[0m
[18.296s] [100%] [32m[1mLinking CXX executable joystick_controller[0m
[19.436s] [100%] Built target joystick_controller
[19.447s] Invoked command in '/home/badawi/Desktop/auto-pilot/build/mundus_mir_blueye_joystick_cpp' returned '0': CMAKE_PREFIX_PATH=${CMAKE_PREFIX_PATH}:/home/badawi/Desktop/auto-pilot/install/auv_gui:/home/badawi/Desktop/auto-pilot/install/mundus_mir_stonefish_docking_controller:/opt/ros/humble /usr/bin/cmake --build /home/badawi/Desktop/auto-pilot/build/mundus_mir_blueye_joystick_cpp -- -j20 -l20
[19.449s] Invoking command in '/home/badawi/Desktop/auto-pilot/build/mundus_mir_blueye_joystick_cpp': CMAKE_PREFIX_PATH=${CMAKE_PREFIX_PATH}:/home/badawi/Desktop/auto-pilot/install/auv_gui:/home/badawi/Desktop/auto-pilot/install/mundus_mir_stonefish_docking_controller:/opt/ros/humble /usr/bin/cmake --install /home/badawi/Desktop/auto-pilot/build/mundus_mir_blueye_joystick_cpp
[19.455s] -- Install configuration: ""
[19.456s] -- Execute custom install script
[19.456s] -- Symlinking: /home/badawi/Desktop/auto-pilot/install/mundus_mir_blueye_joystick_cpp/share/mundus_mir_blueye_joystick_cpp/launch/mundus_mir_joystick_controller.launch.py
[19.464s] -- Symlinking: /home/badawi/Desktop/auto-pilot/install/mundus_mir_blueye_joystick_cpp/lib/mundus_mir_blueye_joystick_cpp/joystick_controller
[19.473s] -- Symlinking: /home/badawi/Desktop/auto-pilot/install/mundus_mir_blueye_joystick_cpp/share/ament_index/resource_index/package_run_dependencies/mundus_mir_blueye_joystick_cpp
[19.485s] -- Symlinking: /home/badawi/Desktop/auto-pilot/install/mundus_mir_blueye_joystick_cpp/share/ament_index/resource_index/parent_prefix_path/mundus_mir_blueye_joystick_cpp
[19.493s] -- Symlinking: /home/badawi/Desktop/auto-pilot/install/mundus_mir_blueye_joystick_cpp/share/mundus_mir_blueye_joystick_cpp/environment/ament_prefix_path.sh
[19.501s] -- Symlinking: /home/badawi/Desktop/auto-pilot/install/mundus_mir_blueye_joystick_cpp/share/mundus_mir_blueye_joystick_cpp/environment/ament_prefix_path.dsv
[19.509s] -- Symlinking: /home/badawi/Desktop/auto-pilot/install/mundus_mir_blueye_joystick_cpp/share/mundus_mir_blueye_joystick_cpp/environment/path.sh
[19.517s] -- Symlinking: /home/badawi/Desktop/auto-pilot/install/mundus_mir_blueye_joystick_cpp/share/mundus_mir_blueye_joystick_cpp/environment/path.dsv
[19.525s] -- Symlinking: /home/badawi/Desktop/auto-pilot/install/mundus_mir_blueye_joystick_cpp/share/mundus_mir_blueye_joystick_cpp/local_setup.bash
[19.535s] -- Symlinking: /home/badawi/Desktop/auto-pilot/install/mundus_mir_blueye_joystick_cpp/share/mundus_mir_blueye_joystick_cpp/local_setup.sh
[19.548s] -- Symlinking: /home/badawi/Desktop/auto-pilot/install/mundus_mir_blueye_joystick_cpp/share/mundus_mir_blueye_joystick_cpp/local_setup.zsh
[19.557s] -- Symlinking: /home/badawi/Desktop/auto-pilot/install/mundus_mir_blueye_joystick_cpp/share/mundus_mir_blueye_joystick_cpp/local_setup.dsv
[19.565s] -- Symlinking: /home/badawi/Desktop/auto-pilot/install/mundus_mir_blueye_joystick_cpp/share/mundus_mir_blueye_joystick_cpp/package.dsv
[19.575s] -- Symlinking: /home/badawi/Desktop/auto-pilot/install/mundus_mir_blueye_joystick_cpp/share/ament_index/resource_index/packages/mundus_mir_blueye_joystick_cpp
[19.585s] -- Symlinking: /home/badawi/Desktop/auto-pilot/install/mundus_mir_blueye_joystick_cpp/share/mundus_mir_blueye_joystick_cpp/cmake/mundus_mir_blueye_joystick_cppConfig.cmake
[19.597s] -- Symlinking: /home/badawi/Desktop/auto-pilot/install/mundus_mir_blueye_joystick_cpp/share/mundus_mir_blueye_joystick_cpp/cmake/mundus_mir_blueye_joystick_cppConfig-version.cmake
[19.605s] -- Symlinking: /home/badawi/Desktop/auto-pilot/install/mundus_mir_blueye_joystick_cpp/share/mundus_mir_blueye_joystick_cpp/package.xml
[19.617s] Invoked command in '/home/badawi/Desktop/auto-pilot/build/mundus_mir_blueye_joystick_cpp' returned '0': CMAKE_PREFIX_PATH=${CMAKE_PREFIX_PATH}:/home/badawi/Desktop/auto-pilot/install/auv_gui:/home/badawi/Desktop/auto-pilot/install/mundus_mir_stonefish_docking_controller:/opt/ros/humble /usr/bin/cmake --install /home/badawi/Desktop/auto-pilot/build/mundus_mir_blueye_joystick_cpp
