-- The C compiler identification is GNU 11.4.0
-- The CXX compiler identification is GNU 11.4.0
-- Detecting C compiler ABI info
-- Detecting C compiler ABI info - done
-- Check for working C compiler: /usr/bin/cc - skipped
-- Detecting C compile features
-- Detecting C compile features - done
-- Detecting CXX compiler ABI info
-- Detecting CXX compiler ABI info - done
-- Check for working CXX compiler: /usr/bin/c++ - skipped
-- Detecting CXX compile features
-- Detecting CXX compile features - done
-- Found ament_cmake: 1.3.12 (/opt/ros/humble/share/ament_cmake/cmake)
-- Found Python3: /usr/bin/python3 (found version "3.10.12") found components: Interpreter 
-- Override CMake install command with custom implementation using symlinks instead of copying resources
-- Found rclcpp: 16.0.17 (/opt/ros/humble/share/rclcpp/cmake)
-- Found rosidl_generator_c: 3.1.8 (/opt/ros/humble/share/rosidl_generator_c/cmake)
-- Found rosidl_adapter: 3.1.8 (/opt/ros/humble/share/rosidl_adapter/cmake)
-- Found rosidl_generator_cpp: 3.1.8 (/opt/ros/humble/share/rosidl_generator_cpp/cmake)
-- Using all available rosidl_typesupport_c: rosidl_typesupport_fastrtps_c;rosidl_typesupport_introspection_c
-- Using all available rosidl_typesupport_cpp: rosidl_typesupport_fastrtps_cpp;rosidl_typesupport_introspection_cpp
-- Found rmw_implementation_cmake: 6.1.2 (/opt/ros/humble/share/rmw_implementation_cmake/cmake)
-- Found rmw_fastrtps_cpp: 6.2.9 (/opt/ros/humble/share/rmw_fastrtps_cpp/cmake)
-- Found OpenSSL: /usr/lib/x86_64-linux-gnu/libcrypto.so (found version "3.0.2")  
-- Found FastRTPS: /opt/ros/humble/include  
-- Using RMW implementation 'rmw_fastrtps_cpp' as default
-- Looking for pthread.h
-- Looking for pthread.h - found
-- Performing Test CMAKE_HAVE_LIBC_PTHREAD
-- Performing Test CMAKE_HAVE_LIBC_PTHREAD - Success
-- Found Threads: TRUE  
-- Found rclcpp_action: 16.0.17 (/opt/ros/humble/share/rclcpp_action/cmake)
-- Found vortex_msgs: 0.0.1 (/home/badawi/Desktop/auto-pilot/install/vortex_msgs/share/vortex_msgs/cmake)
-- Found tf2: 0.25.18 (/opt/ros/humble/share/tf2/cmake)
-- Found tf2_geometry_msgs: 0.25.18 (/opt/ros/humble/share/tf2_geometry_msgs/cmake)
-- Found eigen3_cmake_module: 0.1.1 (/opt/ros/humble/share/eigen3_cmake_module/cmake)
-- Found Eigen3: TRUE (found version "3.4.0") 
-- Ensuring Eigen3 include directory is part of orocos-kdl CMake target
-- Configuring done
-- Generating done
-- Build files have been written to: /home/badawi/Desktop/auto-pilot/build/los_guidance
[ 25%] [32mBuilding CXX object CMakeFiles/los_guidance_node.dir/src/los_guidance.cpp.o[0m
[ 50%] [32mBuilding CXX object CMakeFiles/los_guidance_node.dir/src/los_guidance_node.cpp.o[0m
[ 75%] [32mBuilding CXX object CMakeFiles/los_guidance_node.dir/src/los_guidance_ros.cpp.o[0m
[100%] [32m[1mLinking CXX executable los_guidance_node[0m
[100%] Built target los_guidance_node
-- Install configuration: ""
-- Execute custom install script
-- Symlinking: /home/badawi/Desktop/auto-pilot/install/los_guidance/lib/los_guidance/los_guidance_node
-- Symlinking: /home/badawi/Desktop/auto-pilot/install/los_guidance/include/los_guidance/los_guidance.hpp
-- Symlinking: /home/badawi/Desktop/auto-pilot/install/los_guidance/include/los_guidance/los_guidance_ros.hpp
-- Symlinking: /home/badawi/Desktop/auto-pilot/install/los_guidance/share/los_guidance//launch/los_guidance.launch.py
-- Symlinking: /home/badawi/Desktop/auto-pilot/install/los_guidance/share/los_guidance//config/guidance_params.yaml
-- Symlinking: /home/badawi/Desktop/auto-pilot/install/los_guidance/share/ament_index/resource_index/package_run_dependencies/los_guidance
-- Symlinking: /home/badawi/Desktop/auto-pilot/install/los_guidance/share/ament_index/resource_index/parent_prefix_path/los_guidance
-- Symlinking: /home/badawi/Desktop/auto-pilot/install/los_guidance/share/los_guidance/environment/ament_prefix_path.sh
-- Symlinking: /home/badawi/Desktop/auto-pilot/install/los_guidance/share/los_guidance/environment/ament_prefix_path.dsv
-- Symlinking: /home/badawi/Desktop/auto-pilot/install/los_guidance/share/los_guidance/environment/path.sh
-- Symlinking: /home/badawi/Desktop/auto-pilot/install/los_guidance/share/los_guidance/environment/path.dsv
-- Symlinking: /home/badawi/Desktop/auto-pilot/install/los_guidance/share/los_guidance/local_setup.bash
-- Symlinking: /home/badawi/Desktop/auto-pilot/install/los_guidance/share/los_guidance/local_setup.sh
-- Symlinking: /home/badawi/Desktop/auto-pilot/install/los_guidance/share/los_guidance/local_setup.zsh
-- Symlinking: /home/badawi/Desktop/auto-pilot/install/los_guidance/share/los_guidance/local_setup.dsv
-- Symlinking: /home/badawi/Desktop/auto-pilot/install/los_guidance/share/los_guidance/package.dsv
-- Symlinking: /home/badawi/Desktop/auto-pilot/install/los_guidance/share/ament_index/resource_index/packages/los_guidance
-- Symlinking: /home/badawi/Desktop/auto-pilot/install/los_guidance/share/los_guidance/cmake/los_guidanceConfig.cmake
-- Symlinking: /home/badawi/Desktop/auto-pilot/install/los_guidance/share/los_guidance/cmake/los_guidanceConfig-version.cmake
-- Symlinking: /home/badawi/Desktop/auto-pilot/install/los_guidance/share/los_guidance/package.xml
