-- The C compiler identification is GNU 11.4.0
-- The CXX compiler identification is GNU 11.4.0
-- Detecting C compiler ABI info
-- Detecting C compiler ABI info - done
-- Check for working C compiler: /usr/bin/cc - skipped
-- Detecting C compile features
-- Detecting C compile features - done
-- Detecting CXX compiler ABI info
-- Detecting CXX compiler ABI info - done
-- Check for working CXX compiler: /usr/bin/c++ - skipped
-- Detecting CXX compile features
-- Detecting CXX compile features - done
-- Found ament_cmake: 1.3.12 (/opt/ros/humble/share/ament_cmake/cmake)
-- Found Python3: /usr/bin/python3 (found version "3.10.12") found components: Interpreter 
-- Override CMake install command with custom implementation using symlinks instead of copying resources
-- Found rclcpp: 16.0.17 (/opt/ros/humble/share/rclcpp/cmake)
-- Found rosidl_generator_c: 3.1.8 (/opt/ros/humble/share/rosidl_generator_c/cmake)
-- Found rosidl_adapter: 3.1.8 (/opt/ros/humble/share/rosidl_adapter/cmake)
-- Found rosidl_generator_cpp: 3.1.8 (/opt/ros/humble/share/rosidl_generator_cpp/cmake)
-- Using all available rosidl_typesupport_c: rosidl_typesupport_fastrtps_c;rosidl_typesupport_introspection_c
-- Using all available rosidl_typesupport_cpp: rosidl_typesupport_fastrtps_cpp;rosidl_typesupport_introspection_cpp
-- Found rmw_implementation_cmake: 6.1.2 (/opt/ros/humble/share/rmw_implementation_cmake/cmake)
-- Found rmw_fastrtps_cpp: 6.2.9 (/opt/ros/humble/share/rmw_fastrtps_cpp/cmake)
-- Found OpenSSL: /usr/lib/x86_64-linux-gnu/libcrypto.so (found version "3.0.2")  
-- Found FastRTPS: /opt/ros/humble/include  
-- Using RMW implementation 'rmw_fastrtps_cpp' as default
-- Looking for pthread.h
-- Looking for pthread.h - found
-- Performing Test CMAKE_HAVE_LIBC_PTHREAD
-- Performing Test CMAKE_HAVE_LIBC_PTHREAD - Success
-- Found Threads: TRUE  
-- Found rclcpp_action: 16.0.17 (/opt/ros/humble/share/rclcpp_action/cmake)
-- Found rclcpp_components: 16.0.17 (/opt/ros/humble/share/rclcpp_components/cmake)
-- Found vortex_msgs: 0.0.1 (/home/badawi/Desktop/auto-pilot/install/vortex_msgs/share/vortex_msgs/cmake)
-- Found tf2: 0.25.18 (/opt/ros/humble/share/tf2/cmake)
-- Found tf2_geometry_msgs: 0.25.18 (/opt/ros/humble/share/tf2_geometry_msgs/cmake)
-- Found eigen3_cmake_module: 0.1.1 (/opt/ros/humble/share/eigen3_cmake_module/cmake)
-- Found Eigen3: TRUE (found version "3.4.0") 
-- Ensuring Eigen3 include directory is part of orocos-kdl CMake target
-- Configuring done
-- Generating done
-- Build files have been written to: /home/badawi/Desktop/auto-pilot/build/reference_filter_dp
[ 16%] [32mBuilding CXX object CMakeFiles/reference_filter_dp_component.dir/src/reference_filter.cpp.o[0m
[ 33%] [32mBuilding CXX object CMakeFiles/reference_filter_dp_node.dir/rclcpp_components/node_main_reference_filter_dp_node.cpp.o[0m
[ 50%] [32mBuilding CXX object CMakeFiles/reference_filter_dp_component.dir/src/reference_filter_ros.cpp.o[0m
[ 66%] [32mBuilding CXX object CMakeFiles/reference_filter_dp_component.dir/src/reference_filter_utils.cpp.o[0m
[ 83%] [32m[1mLinking CXX executable reference_filter_dp_node[0m
[ 83%] Built target reference_filter_dp_node
[100%] [32m[1mLinking CXX shared library libreference_filter_dp_component.so[0m
[100%] Built target reference_filter_dp_component
-- Install configuration: ""
-- Execute custom install script
-- Symlinking: /home/badawi/Desktop/auto-pilot/install/reference_filter_dp/lib/reference_filter_dp/reference_filter_dp_node
-- Symlinking: /home/badawi/Desktop/auto-pilot/install/reference_filter_dp/include/reference_filter_dp/eigen_typedefs.hpp
-- Symlinking: /home/badawi/Desktop/auto-pilot/install/reference_filter_dp/include/reference_filter_dp/reference_filter.hpp
-- Symlinking: /home/badawi/Desktop/auto-pilot/install/reference_filter_dp/include/reference_filter_dp/reference_filter_ros.hpp
-- Symlinking: /home/badawi/Desktop/auto-pilot/install/reference_filter_dp/include/reference_filter_dp/reference_filter_utils.hpp
-- Symlinking: /home/badawi/Desktop/auto-pilot/install/reference_filter_dp/share/reference_filter_dp//launch/reference_filter_dp.launch.py
-- Symlinking: /home/badawi/Desktop/auto-pilot/install/reference_filter_dp/share/reference_filter_dp//config/reference_filter_params.yaml
-- Symlinking: /home/badawi/Desktop/auto-pilot/install/reference_filter_dp/share/ament_index/resource_index/package_run_dependencies/reference_filter_dp
-- Symlinking: /home/badawi/Desktop/auto-pilot/install/reference_filter_dp/share/ament_index/resource_index/parent_prefix_path/reference_filter_dp
-- Symlinking: /home/badawi/Desktop/auto-pilot/install/reference_filter_dp/share/reference_filter_dp/environment/ament_prefix_path.sh
-- Symlinking: /home/badawi/Desktop/auto-pilot/install/reference_filter_dp/share/reference_filter_dp/environment/ament_prefix_path.dsv
-- Symlinking: /home/badawi/Desktop/auto-pilot/install/reference_filter_dp/share/reference_filter_dp/environment/path.sh
-- Symlinking: /home/badawi/Desktop/auto-pilot/install/reference_filter_dp/share/reference_filter_dp/environment/path.dsv
-- Symlinking: /home/badawi/Desktop/auto-pilot/install/reference_filter_dp/share/reference_filter_dp/local_setup.bash
-- Symlinking: /home/badawi/Desktop/auto-pilot/install/reference_filter_dp/share/reference_filter_dp/local_setup.sh
-- Symlinking: /home/badawi/Desktop/auto-pilot/install/reference_filter_dp/share/reference_filter_dp/local_setup.zsh
-- Symlinking: /home/badawi/Desktop/auto-pilot/install/reference_filter_dp/share/reference_filter_dp/local_setup.dsv
-- Symlinking: /home/badawi/Desktop/auto-pilot/install/reference_filter_dp/share/reference_filter_dp/package.dsv
-- Symlinking: /home/badawi/Desktop/auto-pilot/install/reference_filter_dp/share/ament_index/resource_index/packages/reference_filter_dp
-- Symlinking: /home/badawi/Desktop/auto-pilot/install/reference_filter_dp/share/ament_index/resource_index/rclcpp_components/reference_filter_dp
-- Symlinking: /home/badawi/Desktop/auto-pilot/install/reference_filter_dp/share/reference_filter_dp/cmake/ament_cmake_export_targets-extras.cmake
-- Symlinking: /home/badawi/Desktop/auto-pilot/install/reference_filter_dp/share/reference_filter_dp/cmake/reference_filter_dpConfig.cmake
-- Symlinking: /home/badawi/Desktop/auto-pilot/install/reference_filter_dp/share/reference_filter_dp/cmake/reference_filter_dpConfig-version.cmake
-- Symlinking: /home/badawi/Desktop/auto-pilot/install/reference_filter_dp/share/reference_filter_dp/package.xml
-- Installing: /home/badawi/Desktop/auto-pilot/install/reference_filter_dp/lib/libreference_filter_dp_component.so
-- Set runtime path of "/home/badawi/Desktop/auto-pilot/install/reference_filter_dp/lib/libreference_filter_dp_component.so" to ""
-- Installing: /home/badawi/Desktop/auto-pilot/install/reference_filter_dp/share/reference_filter_dp/cmake/export_reference_filter_dp_componentExport.cmake
-- Installing: /home/badawi/Desktop/auto-pilot/install/reference_filter_dp/share/reference_filter_dp/cmake/export_reference_filter_dp_componentExport-noconfig.cmake
