[0.228s] Invoking command in '/home/badawi/Desktop/auto-pilot/build/reference_filter_dp': CMAKE_PREFIX_PATH=/home/badawi/Desktop/auto-pilot/install/vortex_msgs:/home/badawi/Desktop/auto-pilot/install/waypoint_manager:/home/badawi/Desktop/auto-pilot/install/vortex_utils:/home/badawi/Desktop/auto-pilot/install/vortex_sim_interface:/home/badawi/Desktop/auto-pilot/install/velocity_controller_lqr:/home/badawi/Desktop/auto-pilot/install/freya_visualization:/home/badawi/Desktop/auto-pilot/install/thruster_visualization:/home/badawi/Desktop/auto-pilot/install/thrust_allocator_auv:/home/badawi/Desktop/auto-pilot/install/reference_filter_dp:/home/badawi/Desktop/auto-pilot/install/pose_action_server:/home/badawi/Desktop/auto-pilot/install/pid_controller_dp_euler:/home/badawi/Desktop/auto-pilot/install/pid_controller_dp:/home/badawi/Desktop/auto-pilot/install/los_guidance:/home/badawi/Desktop/auto-pilot/install/dp_adapt_backs_controller:/home/badawi/Desktop/auto-pilot/install/velocity_controller_4dof_ros2:/home/badawi/Desktop/auto-pilot/install/urdf_models:/home/badawi/Desktop/auto-pilot/install/stonefish_sim:/home/badawi/Desktop/auto-pilot/install/ma1_stonefish:/home/badawi/Desktop/auto-pilot/install/stonefish_ros2:/home/badawi/Desktop/auto-pilot/install/pid_siso:/home/badawi/Desktop/auto-pilot/install/mundus_mir_vehicle_interfaces:/home/badawi/Desktop/auto-pilot/install/mundus_mir_blueye_joystick_cpp:/home/badawi/Desktop/auto-pilot/install/ma1_mclsimpy:/home/badawi/Desktop/auto-pilot/install/joystick_interface_auv:/home/badawi/Desktop/auto-pilot/install/auv_setup:/home/badawi/btcpp_ws/install/behaviortree_cpp:/home/badawi/Desktop/auto-pilot/install/auv_gui:/home/badawi/Desktop/auto-pilot/install/mundus_mir_stonefish_docking_controller:/opt/ros/humble LD_LIBRARY_PATH=/home/badawi/Desktop/auto-pilot/install/vortex_msgs/lib:/home/badawi/Desktop/auto-pilot/install/vortex_utils/lib:/home/badawi/Desktop/auto-pilot/install/thrust_allocator_auv/lib:/home/badawi/Desktop/auto-pilot/install/reference_filter_dp/lib:/home/badawi/Desktop/auto-pilot/install/dp_adapt_backs_controller/lib:/home/badawi/Desktop/auto-pilot/install/stonefish_ros2/lib:/home/badawi/Desktop/auto-pilot/install/pid_siso/lib:/home/badawi/btcpp_ws/install/behaviortree_cpp/lib:/usr/local/lib:/opt/ros/humble/opt/rviz_ogre_vendor/lib:/opt/ros/humble/lib/x86_64-linux-gnu:/opt/ros/humble/lib /usr/bin/cmake /home/badawi/Desktop/auto-pilot/src/vortex-auv/guidance/reference_filter_dp -DAMENT_CMAKE_SYMLINK_INSTALL=1 -DCMAKE_INSTALL_PREFIX=/home/badawi/Desktop/auto-pilot/install/reference_filter_dp
[0.297s] -- The C compiler identification is GNU 11.4.0
[0.376s] -- The CXX compiler identification is GNU 11.4.0
[0.384s] -- Detecting C compiler ABI info
[0.474s] -- Detecting C compiler ABI info - done
[0.483s] -- Check for working C compiler: /usr/bin/cc - skipped
[0.484s] -- Detecting C compile features
[0.484s] -- Detecting C compile features - done
[0.489s] -- Detecting CXX compiler ABI info
[0.595s] -- Detecting CXX compiler ABI info - done
[0.606s] -- Check for working CXX compiler: /usr/bin/c++ - skipped
[0.608s] -- Detecting CXX compile features
[0.608s] -- Detecting CXX compile features - done
[0.612s] -- Found ament_cmake: 1.3.12 (/opt/ros/humble/share/ament_cmake/cmake)
[1.129s] -- Found Python3: /usr/bin/python3 (found version "3.10.12") found components: Interpreter 
[1.242s] -- Override CMake install command with custom implementation using symlinks instead of copying resources
[1.298s] -- Found rclcpp: 16.0.17 (/opt/ros/humble/share/rclcpp/cmake)
[1.359s] -- Found rosidl_generator_c: 3.1.8 (/opt/ros/humble/share/rosidl_generator_c/cmake)
[1.366s] -- Found rosidl_adapter: 3.1.8 (/opt/ros/humble/share/rosidl_adapter/cmake)
[1.376s] -- Found rosidl_generator_cpp: 3.1.8 (/opt/ros/humble/share/rosidl_generator_cpp/cmake)
[1.391s] -- Using all available rosidl_typesupport_c: rosidl_typesupport_fastrtps_c;rosidl_typesupport_introspection_c
[1.413s] -- Using all available rosidl_typesupport_cpp: rosidl_typesupport_fastrtps_cpp;rosidl_typesupport_introspection_cpp
[1.469s] -- Found rmw_implementation_cmake: 6.1.2 (/opt/ros/humble/share/rmw_implementation_cmake/cmake)
[1.474s] -- Found rmw_fastrtps_cpp: 6.2.9 (/opt/ros/humble/share/rmw_fastrtps_cpp/cmake)
[1.592s] -- Found OpenSSL: /usr/lib/x86_64-linux-gnu/libcrypto.so (found version "3.0.2")  
[1.638s] -- Found FastRTPS: /opt/ros/humble/include  
[1.702s] -- Using RMW implementation 'rmw_fastrtps_cpp' as default
[1.718s] -- Looking for pthread.h
[1.806s] -- Looking for pthread.h - found
[1.807s] -- Performing Test CMAKE_HAVE_LIBC_PTHREAD
[1.908s] -- Performing Test CMAKE_HAVE_LIBC_PTHREAD - Success
[1.909s] -- Found Threads: TRUE  
[2.004s] -- Found rclcpp_action: 16.0.17 (/opt/ros/humble/share/rclcpp_action/cmake)
[2.068s] -- Found rclcpp_components: 16.0.17 (/opt/ros/humble/share/rclcpp_components/cmake)
[2.108s] -- Found vortex_msgs: 0.0.1 (/home/badawi/Desktop/auto-pilot/install/vortex_msgs/share/vortex_msgs/cmake)
[2.232s] -- Found tf2: 0.25.18 (/opt/ros/humble/share/tf2/cmake)
[2.237s] -- Found tf2_geometry_msgs: 0.25.18 (/opt/ros/humble/share/tf2_geometry_msgs/cmake)
[2.249s] -- Found eigen3_cmake_module: 0.1.1 (/opt/ros/humble/share/eigen3_cmake_module/cmake)
[2.252s] -- Found Eigen3: TRUE (found version "3.4.0") 
[2.252s] -- Ensuring Eigen3 include directory is part of orocos-kdl CMake target
[2.409s] -- Configuring done
[2.435s] -- Generating done
[2.442s] -- Build files have been written to: /home/badawi/Desktop/auto-pilot/build/reference_filter_dp
[2.455s] Invoked command in '/home/badawi/Desktop/auto-pilot/build/reference_filter_dp' returned '0': CMAKE_PREFIX_PATH=/home/badawi/Desktop/auto-pilot/install/vortex_msgs:/home/badawi/Desktop/auto-pilot/install/waypoint_manager:/home/badawi/Desktop/auto-pilot/install/vortex_utils:/home/badawi/Desktop/auto-pilot/install/vortex_sim_interface:/home/badawi/Desktop/auto-pilot/install/velocity_controller_lqr:/home/badawi/Desktop/auto-pilot/install/freya_visualization:/home/badawi/Desktop/auto-pilot/install/thruster_visualization:/home/badawi/Desktop/auto-pilot/install/thrust_allocator_auv:/home/badawi/Desktop/auto-pilot/install/reference_filter_dp:/home/badawi/Desktop/auto-pilot/install/pose_action_server:/home/badawi/Desktop/auto-pilot/install/pid_controller_dp_euler:/home/badawi/Desktop/auto-pilot/install/pid_controller_dp:/home/badawi/Desktop/auto-pilot/install/los_guidance:/home/badawi/Desktop/auto-pilot/install/dp_adapt_backs_controller:/home/badawi/Desktop/auto-pilot/install/velocity_controller_4dof_ros2:/home/badawi/Desktop/auto-pilot/install/urdf_models:/home/badawi/Desktop/auto-pilot/install/stonefish_sim:/home/badawi/Desktop/auto-pilot/install/ma1_stonefish:/home/badawi/Desktop/auto-pilot/install/stonefish_ros2:/home/badawi/Desktop/auto-pilot/install/pid_siso:/home/badawi/Desktop/auto-pilot/install/mundus_mir_vehicle_interfaces:/home/badawi/Desktop/auto-pilot/install/mundus_mir_blueye_joystick_cpp:/home/badawi/Desktop/auto-pilot/install/ma1_mclsimpy:/home/badawi/Desktop/auto-pilot/install/joystick_interface_auv:/home/badawi/Desktop/auto-pilot/install/auv_setup:/home/badawi/btcpp_ws/install/behaviortree_cpp:/home/badawi/Desktop/auto-pilot/install/auv_gui:/home/badawi/Desktop/auto-pilot/install/mundus_mir_stonefish_docking_controller:/opt/ros/humble LD_LIBRARY_PATH=/home/badawi/Desktop/auto-pilot/install/vortex_msgs/lib:/home/badawi/Desktop/auto-pilot/install/vortex_utils/lib:/home/badawi/Desktop/auto-pilot/install/thrust_allocator_auv/lib:/home/badawi/Desktop/auto-pilot/install/reference_filter_dp/lib:/home/badawi/Desktop/auto-pilot/install/dp_adapt_backs_controller/lib:/home/badawi/Desktop/auto-pilot/install/stonefish_ros2/lib:/home/badawi/Desktop/auto-pilot/install/pid_siso/lib:/home/badawi/btcpp_ws/install/behaviortree_cpp/lib:/usr/local/lib:/opt/ros/humble/opt/rviz_ogre_vendor/lib:/opt/ros/humble/lib/x86_64-linux-gnu:/opt/ros/humble/lib /usr/bin/cmake /home/badawi/Desktop/auto-pilot/src/vortex-auv/guidance/reference_filter_dp -DAMENT_CMAKE_SYMLINK_INSTALL=1 -DCMAKE_INSTALL_PREFIX=/home/badawi/Desktop/auto-pilot/install/reference_filter_dp
[2.461s] Invoking command in '/home/badawi/Desktop/auto-pilot/build/reference_filter_dp': CMAKE_PREFIX_PATH=/home/badawi/Desktop/auto-pilot/install/vortex_msgs:/home/badawi/Desktop/auto-pilot/install/waypoint_manager:/home/badawi/Desktop/auto-pilot/install/vortex_utils:/home/badawi/Desktop/auto-pilot/install/vortex_sim_interface:/home/badawi/Desktop/auto-pilot/install/velocity_controller_lqr:/home/badawi/Desktop/auto-pilot/install/freya_visualization:/home/badawi/Desktop/auto-pilot/install/thruster_visualization:/home/badawi/Desktop/auto-pilot/install/thrust_allocator_auv:/home/badawi/Desktop/auto-pilot/install/reference_filter_dp:/home/badawi/Desktop/auto-pilot/install/pose_action_server:/home/badawi/Desktop/auto-pilot/install/pid_controller_dp_euler:/home/badawi/Desktop/auto-pilot/install/pid_controller_dp:/home/badawi/Desktop/auto-pilot/install/los_guidance:/home/badawi/Desktop/auto-pilot/install/dp_adapt_backs_controller:/home/badawi/Desktop/auto-pilot/install/velocity_controller_4dof_ros2:/home/badawi/Desktop/auto-pilot/install/urdf_models:/home/badawi/Desktop/auto-pilot/install/stonefish_sim:/home/badawi/Desktop/auto-pilot/install/ma1_stonefish:/home/badawi/Desktop/auto-pilot/install/stonefish_ros2:/home/badawi/Desktop/auto-pilot/install/pid_siso:/home/badawi/Desktop/auto-pilot/install/mundus_mir_vehicle_interfaces:/home/badawi/Desktop/auto-pilot/install/mundus_mir_blueye_joystick_cpp:/home/badawi/Desktop/auto-pilot/install/ma1_mclsimpy:/home/badawi/Desktop/auto-pilot/install/joystick_interface_auv:/home/badawi/Desktop/auto-pilot/install/auv_setup:/home/badawi/btcpp_ws/install/behaviortree_cpp:/home/badawi/Desktop/auto-pilot/install/auv_gui:/home/badawi/Desktop/auto-pilot/install/mundus_mir_stonefish_docking_controller:/opt/ros/humble LD_LIBRARY_PATH=/home/badawi/Desktop/auto-pilot/install/vortex_msgs/lib:/home/badawi/Desktop/auto-pilot/install/vortex_utils/lib:/home/badawi/Desktop/auto-pilot/install/thrust_allocator_auv/lib:/home/badawi/Desktop/auto-pilot/install/reference_filter_dp/lib:/home/badawi/Desktop/auto-pilot/install/dp_adapt_backs_controller/lib:/home/badawi/Desktop/auto-pilot/install/stonefish_ros2/lib:/home/badawi/Desktop/auto-pilot/install/pid_siso/lib:/home/badawi/btcpp_ws/install/behaviortree_cpp/lib:/usr/local/lib:/opt/ros/humble/opt/rviz_ogre_vendor/lib:/opt/ros/humble/lib/x86_64-linux-gnu:/opt/ros/humble/lib /usr/bin/cmake --build /home/badawi/Desktop/auto-pilot/build/reference_filter_dp -- -j20 -l20
[2.547s] [ 16%] [32mBuilding CXX object CMakeFiles/reference_filter_dp_component.dir/src/reference_filter.cpp.o[0m
[2.550s] [ 33%] [32mBuilding CXX object CMakeFiles/reference_filter_dp_node.dir/rclcpp_components/node_main_reference_filter_dp_node.cpp.o[0m
[2.555s] [ 50%] [32mBuilding CXX object CMakeFiles/reference_filter_dp_component.dir/src/reference_filter_ros.cpp.o[0m
[2.564s] [ 66%] [32mBuilding CXX object CMakeFiles/reference_filter_dp_component.dir/src/reference_filter_utils.cpp.o[0m
[13.848s] [ 83%] [32m[1mLinking CXX executable reference_filter_dp_node[0m
[14.335s] [ 83%] Built target reference_filter_dp_node
[39.741s] [100%] [32m[1mLinking CXX shared library libreference_filter_dp_component.so[0m
[40.860s] [100%] Built target reference_filter_dp_component
[40.896s] Invoked command in '/home/badawi/Desktop/auto-pilot/build/reference_filter_dp' returned '0': CMAKE_PREFIX_PATH=/home/badawi/Desktop/auto-pilot/install/vortex_msgs:/home/badawi/Desktop/auto-pilot/install/waypoint_manager:/home/badawi/Desktop/auto-pilot/install/vortex_utils:/home/badawi/Desktop/auto-pilot/install/vortex_sim_interface:/home/badawi/Desktop/auto-pilot/install/velocity_controller_lqr:/home/badawi/Desktop/auto-pilot/install/freya_visualization:/home/badawi/Desktop/auto-pilot/install/thruster_visualization:/home/badawi/Desktop/auto-pilot/install/thrust_allocator_auv:/home/badawi/Desktop/auto-pilot/install/reference_filter_dp:/home/badawi/Desktop/auto-pilot/install/pose_action_server:/home/badawi/Desktop/auto-pilot/install/pid_controller_dp_euler:/home/badawi/Desktop/auto-pilot/install/pid_controller_dp:/home/badawi/Desktop/auto-pilot/install/los_guidance:/home/badawi/Desktop/auto-pilot/install/dp_adapt_backs_controller:/home/badawi/Desktop/auto-pilot/install/velocity_controller_4dof_ros2:/home/badawi/Desktop/auto-pilot/install/urdf_models:/home/badawi/Desktop/auto-pilot/install/stonefish_sim:/home/badawi/Desktop/auto-pilot/install/ma1_stonefish:/home/badawi/Desktop/auto-pilot/install/stonefish_ros2:/home/badawi/Desktop/auto-pilot/install/pid_siso:/home/badawi/Desktop/auto-pilot/install/mundus_mir_vehicle_interfaces:/home/badawi/Desktop/auto-pilot/install/mundus_mir_blueye_joystick_cpp:/home/badawi/Desktop/auto-pilot/install/ma1_mclsimpy:/home/badawi/Desktop/auto-pilot/install/joystick_interface_auv:/home/badawi/Desktop/auto-pilot/install/auv_setup:/home/badawi/btcpp_ws/install/behaviortree_cpp:/home/badawi/Desktop/auto-pilot/install/auv_gui:/home/badawi/Desktop/auto-pilot/install/mundus_mir_stonefish_docking_controller:/opt/ros/humble LD_LIBRARY_PATH=/home/badawi/Desktop/auto-pilot/install/vortex_msgs/lib:/home/badawi/Desktop/auto-pilot/install/vortex_utils/lib:/home/badawi/Desktop/auto-pilot/install/thrust_allocator_auv/lib:/home/badawi/Desktop/auto-pilot/install/reference_filter_dp/lib:/home/badawi/Desktop/auto-pilot/install/dp_adapt_backs_controller/lib:/home/badawi/Desktop/auto-pilot/install/stonefish_ros2/lib:/home/badawi/Desktop/auto-pilot/install/pid_siso/lib:/home/badawi/btcpp_ws/install/behaviortree_cpp/lib:/usr/local/lib:/opt/ros/humble/opt/rviz_ogre_vendor/lib:/opt/ros/humble/lib/x86_64-linux-gnu:/opt/ros/humble/lib /usr/bin/cmake --build /home/badawi/Desktop/auto-pilot/build/reference_filter_dp -- -j20 -l20
[40.898s] Invoking command in '/home/badawi/Desktop/auto-pilot/build/reference_filter_dp': CMAKE_PREFIX_PATH=/home/badawi/Desktop/auto-pilot/install/vortex_msgs:/home/badawi/Desktop/auto-pilot/install/waypoint_manager:/home/badawi/Desktop/auto-pilot/install/vortex_utils:/home/badawi/Desktop/auto-pilot/install/vortex_sim_interface:/home/badawi/Desktop/auto-pilot/install/velocity_controller_lqr:/home/badawi/Desktop/auto-pilot/install/freya_visualization:/home/badawi/Desktop/auto-pilot/install/thruster_visualization:/home/badawi/Desktop/auto-pilot/install/thrust_allocator_auv:/home/badawi/Desktop/auto-pilot/install/reference_filter_dp:/home/badawi/Desktop/auto-pilot/install/pose_action_server:/home/badawi/Desktop/auto-pilot/install/pid_controller_dp_euler:/home/badawi/Desktop/auto-pilot/install/pid_controller_dp:/home/badawi/Desktop/auto-pilot/install/los_guidance:/home/badawi/Desktop/auto-pilot/install/dp_adapt_backs_controller:/home/badawi/Desktop/auto-pilot/install/velocity_controller_4dof_ros2:/home/badawi/Desktop/auto-pilot/install/urdf_models:/home/badawi/Desktop/auto-pilot/install/stonefish_sim:/home/badawi/Desktop/auto-pilot/install/ma1_stonefish:/home/badawi/Desktop/auto-pilot/install/stonefish_ros2:/home/badawi/Desktop/auto-pilot/install/pid_siso:/home/badawi/Desktop/auto-pilot/install/mundus_mir_vehicle_interfaces:/home/badawi/Desktop/auto-pilot/install/mundus_mir_blueye_joystick_cpp:/home/badawi/Desktop/auto-pilot/install/ma1_mclsimpy:/home/badawi/Desktop/auto-pilot/install/joystick_interface_auv:/home/badawi/Desktop/auto-pilot/install/auv_setup:/home/badawi/btcpp_ws/install/behaviortree_cpp:/home/badawi/Desktop/auto-pilot/install/auv_gui:/home/badawi/Desktop/auto-pilot/install/mundus_mir_stonefish_docking_controller:/opt/ros/humble LD_LIBRARY_PATH=/home/badawi/Desktop/auto-pilot/install/vortex_msgs/lib:/home/badawi/Desktop/auto-pilot/install/vortex_utils/lib:/home/badawi/Desktop/auto-pilot/install/thrust_allocator_auv/lib:/home/badawi/Desktop/auto-pilot/install/reference_filter_dp/lib:/home/badawi/Desktop/auto-pilot/install/dp_adapt_backs_controller/lib:/home/badawi/Desktop/auto-pilot/install/stonefish_ros2/lib:/home/badawi/Desktop/auto-pilot/install/pid_siso/lib:/home/badawi/btcpp_ws/install/behaviortree_cpp/lib:/usr/local/lib:/opt/ros/humble/opt/rviz_ogre_vendor/lib:/opt/ros/humble/lib/x86_64-linux-gnu:/opt/ros/humble/lib /usr/bin/cmake --install /home/badawi/Desktop/auto-pilot/build/reference_filter_dp
[40.906s] -- Install configuration: ""
[40.907s] -- Execute custom install script
[40.907s] -- Symlinking: /home/badawi/Desktop/auto-pilot/install/reference_filter_dp/lib/reference_filter_dp/reference_filter_dp_node
[40.919s] -- Symlinking: /home/badawi/Desktop/auto-pilot/install/reference_filter_dp/include/reference_filter_dp/eigen_typedefs.hpp
[40.927s] -- Symlinking: /home/badawi/Desktop/auto-pilot/install/reference_filter_dp/include/reference_filter_dp/reference_filter.hpp
[40.938s] -- Symlinking: /home/badawi/Desktop/auto-pilot/install/reference_filter_dp/include/reference_filter_dp/reference_filter_ros.hpp
[40.946s] -- Symlinking: /home/badawi/Desktop/auto-pilot/install/reference_filter_dp/include/reference_filter_dp/reference_filter_utils.hpp
[40.958s] -- Symlinking: /home/badawi/Desktop/auto-pilot/install/reference_filter_dp/share/reference_filter_dp//launch/reference_filter_dp.launch.py
[40.968s] -- Symlinking: /home/badawi/Desktop/auto-pilot/install/reference_filter_dp/share/reference_filter_dp//config/reference_filter_params.yaml
[40.979s] -- Symlinking: /home/badawi/Desktop/auto-pilot/install/reference_filter_dp/share/ament_index/resource_index/package_run_dependencies/reference_filter_dp
[40.988s] -- Symlinking: /home/badawi/Desktop/auto-pilot/install/reference_filter_dp/share/ament_index/resource_index/parent_prefix_path/reference_filter_dp
[40.998s] -- Symlinking: /home/badawi/Desktop/auto-pilot/install/reference_filter_dp/share/reference_filter_dp/environment/ament_prefix_path.sh
[41.009s] -- Symlinking: /home/badawi/Desktop/auto-pilot/install/reference_filter_dp/share/reference_filter_dp/environment/ament_prefix_path.dsv
[41.020s] -- Symlinking: /home/badawi/Desktop/auto-pilot/install/reference_filter_dp/share/reference_filter_dp/environment/path.sh
[41.032s] -- Symlinking: /home/badawi/Desktop/auto-pilot/install/reference_filter_dp/share/reference_filter_dp/environment/path.dsv
[41.041s] -- Symlinking: /home/badawi/Desktop/auto-pilot/install/reference_filter_dp/share/reference_filter_dp/local_setup.bash
[41.052s] -- Symlinking: /home/badawi/Desktop/auto-pilot/install/reference_filter_dp/share/reference_filter_dp/local_setup.sh
[41.061s] -- Symlinking: /home/badawi/Desktop/auto-pilot/install/reference_filter_dp/share/reference_filter_dp/local_setup.zsh
[41.071s] -- Symlinking: /home/badawi/Desktop/auto-pilot/install/reference_filter_dp/share/reference_filter_dp/local_setup.dsv
[41.081s] -- Symlinking: /home/badawi/Desktop/auto-pilot/install/reference_filter_dp/share/reference_filter_dp/package.dsv
[41.088s] -- Symlinking: /home/badawi/Desktop/auto-pilot/install/reference_filter_dp/share/ament_index/resource_index/packages/reference_filter_dp
[41.097s] -- Symlinking: /home/badawi/Desktop/auto-pilot/install/reference_filter_dp/share/ament_index/resource_index/rclcpp_components/reference_filter_dp
[41.104s] -- Symlinking: /home/badawi/Desktop/auto-pilot/install/reference_filter_dp/share/reference_filter_dp/cmake/ament_cmake_export_targets-extras.cmake
[41.111s] -- Symlinking: /home/badawi/Desktop/auto-pilot/install/reference_filter_dp/share/reference_filter_dp/cmake/reference_filter_dpConfig.cmake
[41.121s] -- Symlinking: /home/badawi/Desktop/auto-pilot/install/reference_filter_dp/share/reference_filter_dp/cmake/reference_filter_dpConfig-version.cmake
[41.130s] -- Symlinking: /home/badawi/Desktop/auto-pilot/install/reference_filter_dp/share/reference_filter_dp/package.xml
[41.140s] -- Installing: /home/badawi/Desktop/auto-pilot/install/reference_filter_dp/lib/libreference_filter_dp_component.so
[41.150s] -- Set runtime path of "/home/badawi/Desktop/auto-pilot/install/reference_filter_dp/lib/libreference_filter_dp_component.so" to ""
[41.150s] -- Installing: /home/badawi/Desktop/auto-pilot/install/reference_filter_dp/share/reference_filter_dp/cmake/export_reference_filter_dp_componentExport.cmake
[41.151s] -- Installing: /home/badawi/Desktop/auto-pilot/install/reference_filter_dp/share/reference_filter_dp/cmake/export_reference_filter_dp_componentExport-noconfig.cmake
[41.153s] Invoked command in '/home/badawi/Desktop/auto-pilot/build/reference_filter_dp' returned '0': CMAKE_PREFIX_PATH=/home/badawi/Desktop/auto-pilot/install/vortex_msgs:/home/badawi/Desktop/auto-pilot/install/waypoint_manager:/home/badawi/Desktop/auto-pilot/install/vortex_utils:/home/badawi/Desktop/auto-pilot/install/vortex_sim_interface:/home/badawi/Desktop/auto-pilot/install/velocity_controller_lqr:/home/badawi/Desktop/auto-pilot/install/freya_visualization:/home/badawi/Desktop/auto-pilot/install/thruster_visualization:/home/badawi/Desktop/auto-pilot/install/thrust_allocator_auv:/home/badawi/Desktop/auto-pilot/install/reference_filter_dp:/home/badawi/Desktop/auto-pilot/install/pose_action_server:/home/badawi/Desktop/auto-pilot/install/pid_controller_dp_euler:/home/badawi/Desktop/auto-pilot/install/pid_controller_dp:/home/badawi/Desktop/auto-pilot/install/los_guidance:/home/badawi/Desktop/auto-pilot/install/dp_adapt_backs_controller:/home/badawi/Desktop/auto-pilot/install/velocity_controller_4dof_ros2:/home/badawi/Desktop/auto-pilot/install/urdf_models:/home/badawi/Desktop/auto-pilot/install/stonefish_sim:/home/badawi/Desktop/auto-pilot/install/ma1_stonefish:/home/badawi/Desktop/auto-pilot/install/stonefish_ros2:/home/badawi/Desktop/auto-pilot/install/pid_siso:/home/badawi/Desktop/auto-pilot/install/mundus_mir_vehicle_interfaces:/home/badawi/Desktop/auto-pilot/install/mundus_mir_blueye_joystick_cpp:/home/badawi/Desktop/auto-pilot/install/ma1_mclsimpy:/home/badawi/Desktop/auto-pilot/install/joystick_interface_auv:/home/badawi/Desktop/auto-pilot/install/auv_setup:/home/badawi/btcpp_ws/install/behaviortree_cpp:/home/badawi/Desktop/auto-pilot/install/auv_gui:/home/badawi/Desktop/auto-pilot/install/mundus_mir_stonefish_docking_controller:/opt/ros/humble LD_LIBRARY_PATH=/home/badawi/Desktop/auto-pilot/install/vortex_msgs/lib:/home/badawi/Desktop/auto-pilot/install/vortex_utils/lib:/home/badawi/Desktop/auto-pilot/install/thrust_allocator_auv/lib:/home/badawi/Desktop/auto-pilot/install/reference_filter_dp/lib:/home/badawi/Desktop/auto-pilot/install/dp_adapt_backs_controller/lib:/home/badawi/Desktop/auto-pilot/install/stonefish_ros2/lib:/home/badawi/Desktop/auto-pilot/install/pid_siso/lib:/home/badawi/btcpp_ws/install/behaviortree_cpp/lib:/usr/local/lib:/opt/ros/humble/opt/rviz_ogre_vendor/lib:/opt/ros/humble/lib/x86_64-linux-gnu:/opt/ros/humble/lib /usr/bin/cmake --install /home/badawi/Desktop/auto-pilot/build/reference_filter_dp
