[0.031s] Invoking command in '/home/badawi/Desktop/auto-pilot/build/mundus_mir_blueye_joystick_cpp': CMAKE_PREFIX_PATH=${CMAKE_PREFIX_PATH}:/home/badawi/Desktop/auto-pilot/install/auv_gui:/home/badawi/Desktop/auto-pilot/install/mundus_mir_stonefish_docking_controller:/home/badawi/Desktop/blueyeROV_BT/install/risk_modelling:/home/badawi/Desktop/blueyeROV_BT/install/blueye_sensor_monitor:/home/badawi/Desktop/mundus_mir_simulator/install/blueye_mission:/home/badawi/Desktop/mundus_mir_simulator/install/blueye_guidance_and_control:/home/badawi/Desktop/mundus_mir_simulator/install/blueye_gui:/home/badawi/Desktop/mundus_mir_simulator/install/mundus_mir_docking_controller:/home/badawi/Desktop/mundus_mir_simulator/install/gz_sdf_generator:/home/badawi/Desktop/mundus_mir_simulator/install/gz_models:/home/badawi/Desktop/mundus_mir_simulator/install/blueye_sensors:/home/badawi/Desktop/mundus_mir_simulator/install/blueye_ros_interface:/home/badawi/Desktop/PhD_Autumn_2025/subsea-autonomy-stack/install/rov_risk_assessment:/home/badawi/Desktop/PhD_Autumn_2025/subsea-autonomy-stack/install/blueye_risk_assessment:/home/badawi/Desktop/PhD_Autumn_2025/subsea-autonomy-stack/install/fish_detection:/opt/ros/humble /usr/bin/cmake /home/badawi/Desktop/auto-pilot/src/mundus_mir_blueye_joystick_cpp -DCMAKE_INSTALL_PREFIX=/home/badawi/Desktop/auto-pilot/install/mundus_mir_blueye_joystick_cpp
[0.284s] -- Found ament_cmake: 1.3.12 (/opt/ros/humble/share/ament_cmake/cmake)
[0.284s] -- Override CMake install command with custom implementation using symlinks instead of copying resources
[0.285s] -- Found rclcpp: 16.0.17 (/opt/ros/humble/share/rclcpp/cmake)
[0.335s] -- Found rosidl_generator_c: 3.1.8 (/opt/ros/humble/share/rosidl_generator_c/cmake)
[0.340s] -- Found rosidl_adapter: 3.1.8 (/opt/ros/humble/share/rosidl_adapter/cmake)
[0.352s] -- Found rosidl_generator_cpp: 3.1.8 (/opt/ros/humble/share/rosidl_generator_cpp/cmake)
[0.370s] -- Using all available rosidl_typesupport_c: rosidl_typesupport_fastrtps_c;rosidl_typesupport_introspection_c
[0.397s] -- Using all available rosidl_typesupport_cpp: rosidl_typesupport_fastrtps_cpp;rosidl_typesupport_introspection_cpp
[0.455s] -- Found rmw_implementation_cmake: 6.1.2 (/opt/ros/humble/share/rmw_implementation_cmake/cmake)
[0.461s] -- Found rmw_fastrtps_cpp: 6.2.9 (/opt/ros/humble/share/rmw_fastrtps_cpp/cmake)
[0.633s] -- Using RMW implementation 'rmw_fastrtps_cpp' as default
[0.709s] -- Found geometry_msgs: 4.9.0 (/opt/ros/humble/share/geometry_msgs/cmake)
[0.726s] -- Found sensor_msgs: 4.9.0 (/opt/ros/humble/share/sensor_msgs/cmake)
[0.745s] -- Found nav_msgs: 4.9.0 (/opt/ros/humble/share/nav_msgs/cmake)
[0.847s] -- Configuring done
[0.861s] -- Generating done
[0.864s] -- Build files have been written to: /home/badawi/Desktop/auto-pilot/build/mundus_mir_blueye_joystick_cpp
[0.870s] Invoked command in '/home/badawi/Desktop/auto-pilot/build/mundus_mir_blueye_joystick_cpp' returned '0': CMAKE_PREFIX_PATH=${CMAKE_PREFIX_PATH}:/home/badawi/Desktop/auto-pilot/install/auv_gui:/home/badawi/Desktop/auto-pilot/install/mundus_mir_stonefish_docking_controller:/home/badawi/Desktop/blueyeROV_BT/install/risk_modelling:/home/badawi/Desktop/blueyeROV_BT/install/blueye_sensor_monitor:/home/badawi/Desktop/mundus_mir_simulator/install/blueye_mission:/home/badawi/Desktop/mundus_mir_simulator/install/blueye_guidance_and_control:/home/badawi/Desktop/mundus_mir_simulator/install/blueye_gui:/home/badawi/Desktop/mundus_mir_simulator/install/mundus_mir_docking_controller:/home/badawi/Desktop/mundus_mir_simulator/install/gz_sdf_generator:/home/badawi/Desktop/mundus_mir_simulator/install/gz_models:/home/badawi/Desktop/mundus_mir_simulator/install/blueye_sensors:/home/badawi/Desktop/mundus_mir_simulator/install/blueye_ros_interface:/home/badawi/Desktop/PhD_Autumn_2025/subsea-autonomy-stack/install/rov_risk_assessment:/home/badawi/Desktop/PhD_Autumn_2025/subsea-autonomy-stack/install/blueye_risk_assessment:/home/badawi/Desktop/PhD_Autumn_2025/subsea-autonomy-stack/install/fish_detection:/opt/ros/humble /usr/bin/cmake /home/badawi/Desktop/auto-pilot/src/mundus_mir_blueye_joystick_cpp -DCMAKE_INSTALL_PREFIX=/home/badawi/Desktop/auto-pilot/install/mundus_mir_blueye_joystick_cpp
[0.871s] Invoking command in '/home/badawi/Desktop/auto-pilot/build/mundus_mir_blueye_joystick_cpp': CMAKE_PREFIX_PATH=${CMAKE_PREFIX_PATH}:/home/badawi/Desktop/auto-pilot/install/auv_gui:/home/badawi/Desktop/auto-pilot/install/mundus_mir_stonefish_docking_controller:/home/badawi/Desktop/blueyeROV_BT/install/risk_modelling:/home/badawi/Desktop/blueyeROV_BT/install/blueye_sensor_monitor:/home/badawi/Desktop/mundus_mir_simulator/install/blueye_mission:/home/badawi/Desktop/mundus_mir_simulator/install/blueye_guidance_and_control:/home/badawi/Desktop/mundus_mir_simulator/install/blueye_gui:/home/badawi/Desktop/mundus_mir_simulator/install/mundus_mir_docking_controller:/home/badawi/Desktop/mundus_mir_simulator/install/gz_sdf_generator:/home/badawi/Desktop/mundus_mir_simulator/install/gz_models:/home/badawi/Desktop/mundus_mir_simulator/install/blueye_sensors:/home/badawi/Desktop/mundus_mir_simulator/install/blueye_ros_interface:/home/badawi/Desktop/PhD_Autumn_2025/subsea-autonomy-stack/install/rov_risk_assessment:/home/badawi/Desktop/PhD_Autumn_2025/subsea-autonomy-stack/install/blueye_risk_assessment:/home/badawi/Desktop/PhD_Autumn_2025/subsea-autonomy-stack/install/fish_detection:/opt/ros/humble /usr/bin/cmake --build /home/badawi/Desktop/auto-pilot/build/mundus_mir_blueye_joystick_cpp -- -j20 -l20
[0.920s] [35m[1mConsolidate compiler generated dependencies of target joystick_controller[0m
[0.946s] [ 33%] [32mBuilding CXX object CMakeFiles/joystick_controller.dir/src/mundus_mir_blueye_joystick_cpp.cpp.o[0m
[2.651s] [01m[K/home/badawi/Desktop/auto-pilot/src/mundus_mir_blueye_joystick_cpp/src/mundus_mir_blueye_joystick_cpp.cpp:[m[K In member function ‘[01m[Kvoid JoystickController::joystick_callback(sensor_msgs::msg::Joy_<std::allocator<void> >::SharedPtr)[m[K’:
[2.651s] [01m[K/home/badawi/Desktop/auto-pilot/src/mundus_mir_blueye_joystick_cpp/src/mundus_mir_blueye_joystick_cpp.cpp:143:42:[m[K [01;31m[Kerror: [m[K‘[01m[Ksway_axis[m[K’ was not declared in this scope
[2.651s]   143 | esired_sway = copysign(1.0, [01;31m[Ksway_axis[m[K) * pow(sway_axis, 2) * max_velocity_y_;
[2.651s]       |                             [01;31m[K^~~~~~~~~[m[K
[2.651s] 
[4.340s] gmake[2]: *** [CMakeFiles/joystick_controller.dir/build.make:76: CMakeFiles/joystick_controller.dir/src/mundus_mir_blueye_joystick_cpp.cpp.o] Error 1
[4.340s] gmake[1]: *** [CMakeFiles/Makefile2:137: CMakeFiles/joystick_controller.dir/all] Error 2
[4.341s] gmake: *** [Makefile:146: all] Error 2
[4.343s] Invoked command in '/home/badawi/Desktop/auto-pilot/build/mundus_mir_blueye_joystick_cpp' returned '2': CMAKE_PREFIX_PATH=${CMAKE_PREFIX_PATH}:/home/badawi/Desktop/auto-pilot/install/auv_gui:/home/badawi/Desktop/auto-pilot/install/mundus_mir_stonefish_docking_controller:/home/badawi/Desktop/blueyeROV_BT/install/risk_modelling:/home/badawi/Desktop/blueyeROV_BT/install/blueye_sensor_monitor:/home/badawi/Desktop/mundus_mir_simulator/install/blueye_mission:/home/badawi/Desktop/mundus_mir_simulator/install/blueye_guidance_and_control:/home/badawi/Desktop/mundus_mir_simulator/install/blueye_gui:/home/badawi/Desktop/mundus_mir_simulator/install/mundus_mir_docking_controller:/home/badawi/Desktop/mundus_mir_simulator/install/gz_sdf_generator:/home/badawi/Desktop/mundus_mir_simulator/install/gz_models:/home/badawi/Desktop/mundus_mir_simulator/install/blueye_sensors:/home/badawi/Desktop/mundus_mir_simulator/install/blueye_ros_interface:/home/badawi/Desktop/PhD_Autumn_2025/subsea-autonomy-stack/install/rov_risk_assessment:/home/badawi/Desktop/PhD_Autumn_2025/subsea-autonomy-stack/install/blueye_risk_assessment:/home/badawi/Desktop/PhD_Autumn_2025/subsea-autonomy-stack/install/fish_detection:/opt/ros/humble /usr/bin/cmake --build /home/badawi/Desktop/auto-pilot/build/mundus_mir_blueye_joystick_cpp -- -j20 -l20
