/home/badawi/.local/lib/python3.10/site-packages/setuptools/_distutils/dist.py:270: UserWarning: Unknown distribution option: 'tests_require'
  warnings.warn(msg)
running develop
running egg_info
creating auv_gui.egg-info
writing auv_gui.egg-info/PKG-INFO
writing dependency_links to auv_gui.egg-info/dependency_links.txt
writing entry points to auv_gui.egg-info/entry_points.txt
writing requirements to auv_gui.egg-info/requires.txt
writing top-level names to auv_gui.egg-info/top_level.txt
writing manifest file 'auv_gui.egg-info/SOURCES.txt'
reading manifest file 'auv_gui.egg-info/SOURCES.txt'
writing manifest file 'auv_gui.egg-info/SOURCES.txt'
running build_ext
Creating /home/badawi/Desktop/auto-pilot/install/auv_gui/lib/python3.10/site-packages/auv-gui.egg-link (link to .)
Installing auv-gui script to /home/badawi/Desktop/auto-pilot/install/auv_gui/lib/auv_gui

Installed /home/badawi/Desktop/auto-pilot/build/auv_gui
running symlink_data
creating /home/badawi/Desktop/auto-pilot/install/auv_gui/share/ament_index/resource_index/packages
symbolically linking /home/badawi/Desktop/auto-pilot/build/auv_gui/resource/auv_gui -> /home/badawi/Desktop/auto-pilot/install/auv_gui/share/ament_index/resource_index/packages
symbolically linking /home/badawi/Desktop/auto-pilot/build/auv_gui/package.xml -> /home/badawi/Desktop/auto-pilot/install/auv_gui/share/auv_gui
creating /home/badawi/Desktop/auto-pilot/install/auv_gui/share/auv_gui/launch
symbolically linking /home/badawi/Desktop/auto-pilot/build/auv_gui/launch/gui.launch.py -> /home/badawi/Desktop/auto-pilot/install/auv_gui/share/auv_gui/launch
creating /home/badawi/Desktop/auto-pilot/install/auv_gui/share/auv_gui/config
symbolically linking /home/badawi/Desktop/auto-pilot/build/auv_gui/config/gui_params.yaml -> /home/badawi/Desktop/auto-pilot/install/auv_gui/share/auv_gui/config
