[1.273s] Invoking command in '/home/badawi/Desktop/auto-pilot/build/auv_gui': CMAKE_PREFIX_PATH=/home/badawi/Desktop/auto-pilot/install/vortex_msgs:/home/badawi/Desktop/auto-pilot/install/waypoint_manager:/home/badawi/Desktop/auto-pilot/install/vortex_utils:/home/badawi/Desktop/auto-pilot/install/vortex_sim_interface:/home/badawi/Desktop/auto-pilot/install/velocity_controller_lqr:/home/badawi/Desktop/auto-pilot/install/freya_visualization:/home/badawi/Desktop/auto-pilot/install/thruster_visualization:/home/badawi/Desktop/auto-pilot/install/thrust_allocator_auv:/home/badawi/Desktop/auto-pilot/install/reference_filter_dp:/home/badawi/Desktop/auto-pilot/install/pose_action_server:/home/badawi/Desktop/auto-pilot/install/pid_controller_dp_euler:/home/badawi/Desktop/auto-pilot/install/pid_controller_dp:/home/badawi/Desktop/auto-pilot/install/los_guidance:/home/badawi/Desktop/auto-pilot/install/dp_adapt_backs_controller:/home/badawi/Desktop/auto-pilot/install/velocity_controller_4dof_ros2:/home/badawi/Desktop/auto-pilot/install/urdf_models:/home/badawi/Desktop/auto-pilot/install/stonefish_sim:/home/badawi/Desktop/auto-pilot/install/ma1_stonefish:/home/badawi/Desktop/auto-pilot/install/stonefish_ros2:/home/badawi/Desktop/auto-pilot/install/pid_siso:/home/badawi/Desktop/auto-pilot/install/mundus_mir_vehicle_interfaces:/home/badawi/Desktop/auto-pilot/install/mundus_mir_blueye_joystick_cpp:/home/badawi/Desktop/auto-pilot/install/ma1_mclsimpy:/home/badawi/Desktop/auto-pilot/install/joystick_interface_auv:/home/badawi/Desktop/auto-pilot/install/auv_setup:/home/badawi/btcpp_ws/install/behaviortree_cpp LD_LIBRARY_PATH=/home/badawi/Desktop/auto-pilot/install/vortex_msgs/lib:/home/badawi/Desktop/auto-pilot/install/vortex_utils/lib:/home/badawi/Desktop/auto-pilot/install/thrust_allocator_auv/lib:/home/badawi/Desktop/auto-pilot/install/reference_filter_dp/lib:/home/badawi/Desktop/auto-pilot/install/dp_adapt_backs_controller/lib:/home/badawi/Desktop/auto-pilot/install/stonefish_ros2/lib:/home/badawi/Desktop/auto-pilot/install/pid_siso/lib:/home/badawi/btcpp_ws/install/behaviortree_cpp/lib:/usr/local/lib:/opt/ros/humble/opt/rviz_ogre_vendor/lib:/opt/ros/humble/lib/x86_64-linux-gnu:/opt/ros/humble/lib PYTHONPATH=/home/badawi/Desktop/auto-pilot/build/auv_gui/prefix_override:/usr/lib/python3/dist-packages/colcon_core/task/python/colcon_distutils_commands:/home/badawi/Desktop/auto-pilot/install/auv_gui/lib/python3.10/site-packages:${PYTHONPATH} /usr/bin/python3 -W ignore:setup.py install is deprecated -W ignore:easy_install command is deprecated setup.py develop --editable --build-directory /home/badawi/Desktop/auto-pilot/build/auv_gui/build --no-deps symlink_data
[1.541s] /home/badawi/.local/lib/python3.10/site-packages/setuptools/_distutils/dist.py:270: UserWarning: Unknown distribution option: 'tests_require'
[1.541s]   warnings.warn(msg)
[1.901s] running develop
[2.374s] running egg_info
[2.406s] creating auv_gui.egg-info
[2.406s] writing auv_gui.egg-info/PKG-INFO
[2.407s] writing dependency_links to auv_gui.egg-info/dependency_links.txt
[2.407s] writing entry points to auv_gui.egg-info/entry_points.txt
[2.407s] writing requirements to auv_gui.egg-info/requires.txt
[2.407s] writing top-level names to auv_gui.egg-info/top_level.txt
[2.408s] writing manifest file 'auv_gui.egg-info/SOURCES.txt'
[2.485s] reading manifest file 'auv_gui.egg-info/SOURCES.txt'
[2.486s] writing manifest file 'auv_gui.egg-info/SOURCES.txt'
[2.532s] running build_ext
[2.533s] Creating /home/badawi/Desktop/auto-pilot/install/auv_gui/lib/python3.10/site-packages/auv-gui.egg-link (link to .)
[2.534s] Installing auv-gui script to /home/badawi/Desktop/auto-pilot/install/auv_gui/lib/auv_gui
[2.534s] 
[2.534s] Installed /home/badawi/Desktop/auto-pilot/build/auv_gui
[2.534s] running symlink_data
[2.535s] creating /home/badawi/Desktop/auto-pilot/install/auv_gui/share/ament_index/resource_index/packages
[2.535s] symbolically linking /home/badawi/Desktop/auto-pilot/build/auv_gui/resource/auv_gui -> /home/badawi/Desktop/auto-pilot/install/auv_gui/share/ament_index/resource_index/packages
[2.545s] symbolically linking /home/badawi/Desktop/auto-pilot/build/auv_gui/package.xml -> /home/badawi/Desktop/auto-pilot/install/auv_gui/share/auv_gui
[2.545s] creating /home/badawi/Desktop/auto-pilot/install/auv_gui/share/auv_gui/launch
[2.546s] symbolically linking /home/badawi/Desktop/auto-pilot/build/auv_gui/launch/gui.launch.py -> /home/badawi/Desktop/auto-pilot/install/auv_gui/share/auv_gui/launch
[2.546s] creating /home/badawi/Desktop/auto-pilot/install/auv_gui/share/auv_gui/config
[2.546s] symbolically linking /home/badawi/Desktop/auto-pilot/build/auv_gui/config/gui_params.yaml -> /home/badawi/Desktop/auto-pilot/install/auv_gui/share/auv_gui/config
[2.590s] Invoked command in '/home/badawi/Desktop/auto-pilot/build/auv_gui' returned '0': CMAKE_PREFIX_PATH=/home/badawi/Desktop/auto-pilot/install/vortex_msgs:/home/badawi/Desktop/auto-pilot/install/waypoint_manager:/home/badawi/Desktop/auto-pilot/install/vortex_utils:/home/badawi/Desktop/auto-pilot/install/vortex_sim_interface:/home/badawi/Desktop/auto-pilot/install/velocity_controller_lqr:/home/badawi/Desktop/auto-pilot/install/freya_visualization:/home/badawi/Desktop/auto-pilot/install/thruster_visualization:/home/badawi/Desktop/auto-pilot/install/thrust_allocator_auv:/home/badawi/Desktop/auto-pilot/install/reference_filter_dp:/home/badawi/Desktop/auto-pilot/install/pose_action_server:/home/badawi/Desktop/auto-pilot/install/pid_controller_dp_euler:/home/badawi/Desktop/auto-pilot/install/pid_controller_dp:/home/badawi/Desktop/auto-pilot/install/los_guidance:/home/badawi/Desktop/auto-pilot/install/dp_adapt_backs_controller:/home/badawi/Desktop/auto-pilot/install/velocity_controller_4dof_ros2:/home/badawi/Desktop/auto-pilot/install/urdf_models:/home/badawi/Desktop/auto-pilot/install/stonefish_sim:/home/badawi/Desktop/auto-pilot/install/ma1_stonefish:/home/badawi/Desktop/auto-pilot/install/stonefish_ros2:/home/badawi/Desktop/auto-pilot/install/pid_siso:/home/badawi/Desktop/auto-pilot/install/mundus_mir_vehicle_interfaces:/home/badawi/Desktop/auto-pilot/install/mundus_mir_blueye_joystick_cpp:/home/badawi/Desktop/auto-pilot/install/ma1_mclsimpy:/home/badawi/Desktop/auto-pilot/install/joystick_interface_auv:/home/badawi/Desktop/auto-pilot/install/auv_setup:/home/badawi/btcpp_ws/install/behaviortree_cpp LD_LIBRARY_PATH=/home/badawi/Desktop/auto-pilot/install/vortex_msgs/lib:/home/badawi/Desktop/auto-pilot/install/vortex_utils/lib:/home/badawi/Desktop/auto-pilot/install/thrust_allocator_auv/lib:/home/badawi/Desktop/auto-pilot/install/reference_filter_dp/lib:/home/badawi/Desktop/auto-pilot/install/dp_adapt_backs_controller/lib:/home/badawi/Desktop/auto-pilot/install/stonefish_ros2/lib:/home/badawi/Desktop/auto-pilot/install/pid_siso/lib:/home/badawi/btcpp_ws/install/behaviortree_cpp/lib:/usr/local/lib:/opt/ros/humble/opt/rviz_ogre_vendor/lib:/opt/ros/humble/lib/x86_64-linux-gnu:/opt/ros/humble/lib PYTHONPATH=/home/badawi/Desktop/auto-pilot/build/auv_gui/prefix_override:/usr/lib/python3/dist-packages/colcon_core/task/python/colcon_distutils_commands:/home/badawi/Desktop/auto-pilot/install/auv_gui/lib/python3.10/site-packages:${PYTHONPATH} /usr/bin/python3 -W ignore:setup.py install is deprecated -W ignore:easy_install command is deprecated setup.py develop --editable --build-directory /home/badawi/Desktop/auto-pilot/build/auv_gui/build --no-deps symlink_data
