[0.514s] Invoking command in '/home/badawi/Desktop/auto-pilot/build/mundus_mir_stonefish_docking_controller': AMENT_PREFIX_PATH=/home/badawi/Desktop/auto-pilot/install/stonefish_ros2:${AMENT_PREFIX_PATH} CMAKE_PREFIX_PATH=/home/badawi/Desktop/auto-pilot/install/stonefish_ros2:${CMAKE_PREFIX_PATH} LD_LIBRARY_PATH=/home/badawi/Desktop/auto-pilot/install/stonefish_ros2/lib:${LD_LIBRARY_PATH} PYTHONPATH=/home/badawi/Desktop/auto-pilot/build/mundus_mir_stonefish_docking_controller/prefix_override:/usr/lib/python3/dist-packages/colcon_core/task/python/colcon_distutils_commands:/home/badawi/Desktop/auto-pilot/install/mundus_mir_stonefish_docking_controller/lib/python3.10/site-packages:/home/badawi/Desktop/auto-pilot/install/stonefish_ros2/local/lib/python3.10/dist-packages:${PYTHONPATH} /usr/bin/python3 -W ignore:setup.py install is deprecated -W ignore:easy_install command is deprecated setup.py develop --editable --build-directory /home/badawi/Desktop/auto-pilot/build/mundus_mir_stonefish_docking_controller/build --no-deps symlink_data --force
[0.744s] running develop
[0.932s] running egg_info
[0.946s] writing mundus_mir_stonefish_docking_controller.egg-info/PKG-INFO
[0.947s] writing dependency_links to mundus_mir_stonefish_docking_controller.egg-info/dependency_links.txt
[0.947s] writing entry points to mundus_mir_stonefish_docking_controller.egg-info/entry_points.txt
[0.947s] writing requirements to mundus_mir_stonefish_docking_controller.egg-info/requires.txt
[0.947s] writing top-level names to mundus_mir_stonefish_docking_controller.egg-info/top_level.txt
[0.983s] reading manifest file 'mundus_mir_stonefish_docking_controller.egg-info/SOURCES.txt'
[0.985s] writing manifest file 'mundus_mir_stonefish_docking_controller.egg-info/SOURCES.txt'
[1.007s] running build_ext
[1.007s] Creating /home/badawi/Desktop/auto-pilot/install/mundus_mir_stonefish_docking_controller/lib/python3.10/site-packages/mundus-mir-stonefish-docking-controller.egg-link (link to .)
[1.007s] Installing stonefish_aruco_pose script to /home/badawi/Desktop/auto-pilot/install/mundus_mir_stonefish_docking_controller/lib/mundus_mir_stonefish_docking_controller
[1.008s] Installing stonefish_docking_controller script to /home/badawi/Desktop/auto-pilot/install/mundus_mir_stonefish_docking_controller/lib/mundus_mir_stonefish_docking_controller
[1.008s] Installing stonefish_sensor_republisher script to /home/badawi/Desktop/auto-pilot/install/mundus_mir_stonefish_docking_controller/lib/mundus_mir_stonefish_docking_controller
[1.008s] 
[1.008s] Installed /home/badawi/Desktop/auto-pilot/build/mundus_mir_stonefish_docking_controller
[1.008s] running symlink_data
[1.008s] symbolically linking /home/badawi/Desktop/auto-pilot/build/mundus_mir_stonefish_docking_controller/resource/mundus_mir_stonefish_docking_controller -> /home/badawi/Desktop/auto-pilot/install/mundus_mir_stonefish_docking_controller/share/ament_index/resource_index/packages
[1.008s] symbolically linking /home/badawi/Desktop/auto-pilot/build/mundus_mir_stonefish_docking_controller/package.xml -> /home/badawi/Desktop/auto-pilot/install/mundus_mir_stonefish_docking_controller/share/mundus_mir_stonefish_docking_controller
[1.008s] symbolically linking /home/badawi/Desktop/auto-pilot/build/mundus_mir_stonefish_docking_controller/README.md -> /home/badawi/Desktop/auto-pilot/install/mundus_mir_stonefish_docking_controller/share/mundus_mir_stonefish_docking_controller
[1.008s] symbolically linking /home/badawi/Desktop/auto-pilot/build/mundus_mir_stonefish_docking_controller/launch/stonefish_docking.launch.py -> /home/badawi/Desktop/auto-pilot/install/mundus_mir_stonefish_docking_controller/share/mundus_mir_stonefish_docking_controller/launch
[1.009s] symbolically linking /home/badawi/Desktop/auto-pilot/build/mundus_mir_stonefish_docking_controller/config/stonefish_robot_localization.yaml -> /home/badawi/Desktop/auto-pilot/install/mundus_mir_stonefish_docking_controller/share/mundus_mir_stonefish_docking_controller/config
[1.033s] Invoked command in '/home/badawi/Desktop/auto-pilot/build/mundus_mir_stonefish_docking_controller' returned '0': AMENT_PREFIX_PATH=/home/badawi/Desktop/auto-pilot/install/stonefish_ros2:${AMENT_PREFIX_PATH} CMAKE_PREFIX_PATH=/home/badawi/Desktop/auto-pilot/install/stonefish_ros2:${CMAKE_PREFIX_PATH} LD_LIBRARY_PATH=/home/badawi/Desktop/auto-pilot/install/stonefish_ros2/lib:${LD_LIBRARY_PATH} PYTHONPATH=/home/badawi/Desktop/auto-pilot/build/mundus_mir_stonefish_docking_controller/prefix_override:/usr/lib/python3/dist-packages/colcon_core/task/python/colcon_distutils_commands:/home/badawi/Desktop/auto-pilot/install/mundus_mir_stonefish_docking_controller/lib/python3.10/site-packages:/home/badawi/Desktop/auto-pilot/install/stonefish_ros2/local/lib/python3.10/dist-packages:${PYTHONPATH} /usr/bin/python3 -W ignore:setup.py install is deprecated -W ignore:easy_install command is deprecated setup.py develop --editable --build-directory /home/badawi/Desktop/auto-pilot/build/mundus_mir_stonefish_docking_controller/build --no-deps symlink_data --force
