[0.043s] Invoking command in '/home/badawi/Desktop/auto-pilot/build/vortex_utils': CMAKE_PREFIX_PATH=${CMAKE_PREFIX_PATH}:/home/badawi/Desktop/auto-pilot/install/auv_gui:/home/badawi/Desktop/auto-pilot/install/mundus_mir_stonefish_docking_controller:/opt/ros/humble /usr/bin/cmake /home/badawi/Desktop/auto-pilot/src/vortex-utils -DAMENT_CMAKE_SYMLINK_INSTALL=1 -DCMAKE_INSTALL_PREFIX=/home/badawi/Desktop/auto-pilot/install/vortex_utils
[0.100s] -- The C compiler identification is GNU 11.4.0
[0.154s] -- The CXX compiler identification is GNU 11.4.0
[0.164s] -- Detecting C compiler ABI info
[0.234s] -- Detecting C compiler ABI info - done
[0.245s] -- Check for working C compiler: /usr/bin/cc - skipped
[0.246s] -- Detecting C compile features
[0.246s] -- Detecting C compile features - done
[0.251s] -- Detecting CXX compiler ABI info
[0.341s] -- Detecting CXX compiler ABI info - done
[0.352s] -- Check for working CXX compiler: /usr/bin/c++ - skipped
[0.353s] -- Detecting CXX compile features
[0.354s] -- Detecting CXX compile features - done
[0.357s] -- Found ament_cmake: 1.3.12 (/opt/ros/humble/share/ament_cmake/cmake)
[0.733s] -- Found Python3: /usr/bin/python3 (found version "3.10.12") found components: Interpreter 
[0.800s] -- Override CMake install command with custom implementation using symlinks instead of copying resources
[0.912s] -- Found ament_cmake_pytest: 1.3.12 (/opt/ros/humble/share/ament_cmake_pytest/cmake)
[1.623s] -- Configuring done
[1.635s] -- Generating done
[1.635s] -- Build files have been written to: /home/badawi/Desktop/auto-pilot/build/vortex_utils
[1.641s] Invoked command in '/home/badawi/Desktop/auto-pilot/build/vortex_utils' returned '0': CMAKE_PREFIX_PATH=${CMAKE_PREFIX_PATH}:/home/badawi/Desktop/auto-pilot/install/auv_gui:/home/badawi/Desktop/auto-pilot/install/mundus_mir_stonefish_docking_controller:/opt/ros/humble /usr/bin/cmake /home/badawi/Desktop/auto-pilot/src/vortex-utils -DAMENT_CMAKE_SYMLINK_INSTALL=1 -DCMAKE_INSTALL_PREFIX=/home/badawi/Desktop/auto-pilot/install/vortex_utils
[1.643s] Invoking command in '/home/badawi/Desktop/auto-pilot/build/vortex_utils': CMAKE_PREFIX_PATH=${CMAKE_PREFIX_PATH}:/home/badawi/Desktop/auto-pilot/install/auv_gui:/home/badawi/Desktop/auto-pilot/install/mundus_mir_stonefish_docking_controller:/opt/ros/humble /usr/bin/cmake --build /home/badawi/Desktop/auto-pilot/build/vortex_utils -- -j20 -l20
[1.688s] [ 50%] [32mBuilding CXX object CMakeFiles/vortex_utils.dir/src/cpp_utils.cpp.o[0m
[1.700s] [ 50%] Built target ament_cmake_python_symlink_vortex_utils
[1.934s] running egg_info
[1.952s] creating vortex_utils.egg-info
[1.952s] writing vortex_utils.egg-info/PKG-INFO
[1.952s] writing dependency_links to vortex_utils.egg-info/dependency_links.txt
[1.953s] writing top-level names to vortex_utils.egg-info/top_level.txt
[1.953s] writing manifest file 'vortex_utils.egg-info/SOURCES.txt'
[2.004s] reading manifest file 'vortex_utils.egg-info/SOURCES.txt'
[2.005s] writing manifest file 'vortex_utils.egg-info/SOURCES.txt'
[2.034s] [ 50%] Built target ament_cmake_python_build_vortex_utils_egg
[2.734s] [100%] [32m[1mLinking CXX static library libvortex_utils.a[0m
[2.882s] [100%] Built target vortex_utils
[2.895s] Invoked command in '/home/badawi/Desktop/auto-pilot/build/vortex_utils' returned '0': CMAKE_PREFIX_PATH=${CMAKE_PREFIX_PATH}:/home/badawi/Desktop/auto-pilot/install/auv_gui:/home/badawi/Desktop/auto-pilot/install/mundus_mir_stonefish_docking_controller:/opt/ros/humble /usr/bin/cmake --build /home/badawi/Desktop/auto-pilot/build/vortex_utils -- -j20 -l20
[2.898s] Invoking command in '/home/badawi/Desktop/auto-pilot/build/vortex_utils': CMAKE_PREFIX_PATH=${CMAKE_PREFIX_PATH}:/home/badawi/Desktop/auto-pilot/install/auv_gui:/home/badawi/Desktop/auto-pilot/install/mundus_mir_stonefish_docking_controller:/opt/ros/humble /usr/bin/cmake --install /home/badawi/Desktop/auto-pilot/build/vortex_utils
[2.908s] -- Install configuration: ""
[2.909s] -- Execute custom install script
[2.909s] -- Symlinking: /home/badawi/Desktop/auto-pilot/install/vortex_utils/share/vortex_utils/environment/library_path.sh
[2.918s] -- Symlinking: /home/badawi/Desktop/auto-pilot/install/vortex_utils/share/vortex_utils/environment/library_path.dsv
[2.927s] -- Symlinking: /home/badawi/Desktop/auto-pilot/install/vortex_utils/include/vortex_utils/cpp_utils.hpp
[2.935s] -- Symlinking: /home/badawi/Desktop/auto-pilot/install/vortex_utils/share/vortex_utils/environment/pythonpath.sh
[2.945s] -- Symlinking: /home/badawi/Desktop/auto-pilot/install/vortex_utils/share/vortex_utils/environment/pythonpath.dsv
[2.953s] -- Symlinking: /home/badawi/Desktop/auto-pilot/install/vortex_utils/local/lib/python3.10/dist-packages/vortex_utils-0.0.0-py3.10.egg-info/PKG-INFO
[2.961s] -- Symlinking: /home/badawi/Desktop/auto-pilot/install/vortex_utils/local/lib/python3.10/dist-packages/vortex_utils-0.0.0-py3.10.egg-info/SOURCES.txt
[2.969s] -- Symlinking: /home/badawi/Desktop/auto-pilot/install/vortex_utils/local/lib/python3.10/dist-packages/vortex_utils-0.0.0-py3.10.egg-info/dependency_links.txt
[2.977s] -- Symlinking: /home/badawi/Desktop/auto-pilot/install/vortex_utils/local/lib/python3.10/dist-packages/vortex_utils-0.0.0-py3.10.egg-info/top_level.txt
[2.985s] -- Symlinking: /home/badawi/Desktop/auto-pilot/install/vortex_utils/local/lib/python3.10/dist-packages/vortex_utils/__init__.py
[2.993s] -- Symlinking: /home/badawi/Desktop/auto-pilot/install/vortex_utils/local/lib/python3.10/dist-packages/vortex_utils/python_utils.py
[3.001s] -- Symlinking: /home/badawi/Desktop/auto-pilot/install/vortex_utils/local/lib/python3.10/dist-packages/vortex_utils/ros_converter.py
[3.008s] -- Symlinking: /home/badawi/Desktop/auto-pilot/install/vortex_utils/share/ament_index/resource_index/package_run_dependencies/vortex_utils
[3.015s] -- Symlinking: /home/badawi/Desktop/auto-pilot/install/vortex_utils/share/ament_index/resource_index/parent_prefix_path/vortex_utils
[3.026s] -- Symlinking: /home/badawi/Desktop/auto-pilot/install/vortex_utils/share/vortex_utils/environment/ament_prefix_path.sh
[3.033s] -- Symlinking: /home/badawi/Desktop/auto-pilot/install/vortex_utils/share/vortex_utils/environment/ament_prefix_path.dsv
[3.041s] -- Symlinking: /home/badawi/Desktop/auto-pilot/install/vortex_utils/share/vortex_utils/environment/path.sh
[3.048s] -- Symlinking: /home/badawi/Desktop/auto-pilot/install/vortex_utils/share/vortex_utils/environment/path.dsv
[3.059s] -- Symlinking: /home/badawi/Desktop/auto-pilot/install/vortex_utils/share/vortex_utils/local_setup.bash
[3.072s] -- Symlinking: /home/badawi/Desktop/auto-pilot/install/vortex_utils/share/vortex_utils/local_setup.sh
[3.080s] -- Symlinking: /home/badawi/Desktop/auto-pilot/install/vortex_utils/share/vortex_utils/local_setup.zsh
[3.088s] -- Symlinking: /home/badawi/Desktop/auto-pilot/install/vortex_utils/share/vortex_utils/local_setup.dsv
[3.096s] -- Symlinking: /home/badawi/Desktop/auto-pilot/install/vortex_utils/share/vortex_utils/package.dsv
[3.104s] -- Symlinking: /home/badawi/Desktop/auto-pilot/install/vortex_utils/share/ament_index/resource_index/packages/vortex_utils
[3.112s] -- Symlinking: /home/badawi/Desktop/auto-pilot/install/vortex_utils/share/vortex_utils/cmake/ament_cmake_export_targets-extras.cmake
[3.120s] -- Symlinking: /home/badawi/Desktop/auto-pilot/install/vortex_utils/share/vortex_utils/cmake/ament_cmake_export_include_directories-extras.cmake
[3.131s] -- Symlinking: /home/badawi/Desktop/auto-pilot/install/vortex_utils/share/vortex_utils/cmake/ament_cmake_export_libraries-extras.cmake
[3.139s] -- Symlinking: /home/badawi/Desktop/auto-pilot/install/vortex_utils/share/vortex_utils/cmake/vortex_utilsConfig.cmake
[3.148s] -- Symlinking: /home/badawi/Desktop/auto-pilot/install/vortex_utils/share/vortex_utils/cmake/vortex_utilsConfig-version.cmake
[3.156s] -- Symlinking: /home/badawi/Desktop/auto-pilot/install/vortex_utils/share/vortex_utils/package.xml
[3.166s] -- Installing: /home/badawi/Desktop/auto-pilot/install/vortex_utils/lib/libvortex_utils.a
[3.197s] Listing '/home/badawi/Desktop/auto-pilot/install/vortex_utils/local/lib/python3.10/dist-packages/vortex_utils'...
[3.197s] Compiling '/home/badawi/Desktop/auto-pilot/install/vortex_utils/local/lib/python3.10/dist-packages/vortex_utils/__init__.py'...
[3.197s] Compiling '/home/badawi/Desktop/auto-pilot/install/vortex_utils/local/lib/python3.10/dist-packages/vortex_utils/python_utils.py'...
[3.197s] Compiling '/home/badawi/Desktop/auto-pilot/install/vortex_utils/local/lib/python3.10/dist-packages/vortex_utils/ros_converter.py'...
[3.202s] -- Installing: /home/badawi/Desktop/auto-pilot/install/vortex_utils/share/vortex_utils/cmake/vortex_utilsExport.cmake
[3.202s] -- Installing: /home/badawi/Desktop/auto-pilot/install/vortex_utils/share/vortex_utils/cmake/vortex_utilsExport-noconfig.cmake
[3.204s] Invoked command in '/home/badawi/Desktop/auto-pilot/build/vortex_utils' returned '0': CMAKE_PREFIX_PATH=${CMAKE_PREFIX_PATH}:/home/badawi/Desktop/auto-pilot/install/auv_gui:/home/badawi/Desktop/auto-pilot/install/mundus_mir_stonefish_docking_controller:/opt/ros/humble /usr/bin/cmake --install /home/badawi/Desktop/auto-pilot/build/vortex_utils
