[0.511s] Invoking command in '/home/badawi/Desktop/auto-pilot/src/mundus_mir_stonefish_docking_controller': AMENT_PREFIX_PATH=/home/badawi/Desktop/auto-pilot/install/stonefish_ros2:${AMENT_PREFIX_PATH} CMAKE_PREFIX_PATH=/home/badawi/Desktop/auto-pilot/install/stonefish_ros2:${CMAKE_PREFIX_PATH} LD_LIBRARY_PATH=/home/badawi/Desktop/auto-pilot/install/stonefish_ros2/lib:${LD_LIBRARY_PATH} PYTHONPATH=/home/badawi/Desktop/auto-pilot/build/mundus_mir_stonefish_docking_controller/prefix_override:/usr/lib/python3/dist-packages/colcon_core/task/python/colcon_distutils_commands:/home/badawi/Desktop/auto-pilot/install/mundus_mir_stonefish_docking_controller/lib/python3.10/site-packages:/home/badawi/Desktop/auto-pilot/install/stonefish_ros2/local/lib/python3.10/dist-packages:${PYTHONPATH} /usr/bin/python3 -W ignore:setup.py install is deprecated -W ignore:easy_install command is deprecated setup.py egg_info --egg-base ../../build/mundus_mir_stonefish_docking_controller build --build-base /home/badawi/Desktop/auto-pilot/build/mundus_mir_stonefish_docking_controller/build install --record /home/badawi/Desktop/auto-pilot/build/mundus_mir_stonefish_docking_controller/install.log --single-version-externally-managed install_data
[0.722s] running egg_info
[0.734s] writing ../../build/mundus_mir_stonefish_docking_controller/mundus_mir_stonefish_docking_controller.egg-info/PKG-INFO
[0.735s] writing dependency_links to ../../build/mundus_mir_stonefish_docking_controller/mundus_mir_stonefish_docking_controller.egg-info/dependency_links.txt
[0.735s] writing entry points to ../../build/mundus_mir_stonefish_docking_controller/mundus_mir_stonefish_docking_controller.egg-info/entry_points.txt
[0.735s] writing requirements to ../../build/mundus_mir_stonefish_docking_controller/mundus_mir_stonefish_docking_controller.egg-info/requires.txt
[0.736s] writing top-level names to ../../build/mundus_mir_stonefish_docking_controller/mundus_mir_stonefish_docking_controller.egg-info/top_level.txt
[0.766s] reading manifest file '../../build/mundus_mir_stonefish_docking_controller/mundus_mir_stonefish_docking_controller.egg-info/SOURCES.txt'
[0.770s] writing manifest file '../../build/mundus_mir_stonefish_docking_controller/mundus_mir_stonefish_docking_controller.egg-info/SOURCES.txt'
[0.770s] running build
[0.770s] running build_py
[0.770s] copying mundus_mir_stonefish_docking_controller/stonefish_aruco_pose.py -> /home/badawi/Desktop/auto-pilot/build/mundus_mir_stonefish_docking_controller/build/lib/mundus_mir_stonefish_docking_controller
[0.770s] copying mundus_mir_stonefish_docking_controller/stonefish_docking_controller.py -> /home/badawi/Desktop/auto-pilot/build/mundus_mir_stonefish_docking_controller/build/lib/mundus_mir_stonefish_docking_controller
[0.770s] copying mundus_mir_stonefish_docking_controller/aruco_board_stonefish.py -> /home/badawi/Desktop/auto-pilot/build/mundus_mir_stonefish_docking_controller/build/lib/mundus_mir_stonefish_docking_controller
[0.770s] copying mundus_mir_stonefish_docking_controller/__init__.py -> /home/badawi/Desktop/auto-pilot/build/mundus_mir_stonefish_docking_controller/build/lib/mundus_mir_stonefish_docking_controller
[0.770s] copying mundus_mir_stonefish_docking_controller/stonefish_sensor_republisher.py -> /home/badawi/Desktop/auto-pilot/build/mundus_mir_stonefish_docking_controller/build/lib/mundus_mir_stonefish_docking_controller
[0.771s] running install
[0.774s] running install_lib
[0.787s] copying /home/badawi/Desktop/auto-pilot/build/mundus_mir_stonefish_docking_controller/build/lib/mundus_mir_stonefish_docking_controller/stonefish_docking_controller.py -> /home/badawi/Desktop/auto-pilot/install/mundus_mir_stonefish_docking_controller/lib/python3.10/site-packages/mundus_mir_stonefish_docking_controller
[0.787s] byte-compiling /home/badawi/Desktop/auto-pilot/install/mundus_mir_stonefish_docking_controller/lib/python3.10/site-packages/mundus_mir_stonefish_docking_controller/stonefish_docking_controller.py to stonefish_docking_controller.cpython-310.pyc
[0.790s] running install_data
[0.790s] copying resource/mundus_mir_stonefish_docking_controller -> /home/badawi/Desktop/auto-pilot/install/mundus_mir_stonefish_docking_controller/share/ament_index/resource_index/packages
[0.790s] copying package.xml -> /home/badawi/Desktop/auto-pilot/install/mundus_mir_stonefish_docking_controller/share/mundus_mir_stonefish_docking_controller
[0.790s] copying README.md -> /home/badawi/Desktop/auto-pilot/install/mundus_mir_stonefish_docking_controller/share/mundus_mir_stonefish_docking_controller
[0.790s] copying launch/stonefish_docking.launch.py -> /home/badawi/Desktop/auto-pilot/install/mundus_mir_stonefish_docking_controller/share/mundus_mir_stonefish_docking_controller/launch
[0.791s] copying config/stonefish_robot_localization.yaml -> /home/badawi/Desktop/auto-pilot/install/mundus_mir_stonefish_docking_controller/share/mundus_mir_stonefish_docking_controller/config
[0.791s] running install_egg_info
[0.804s] removing '/home/badawi/Desktop/auto-pilot/install/mundus_mir_stonefish_docking_controller/lib/python3.10/site-packages/mundus_mir_stonefish_docking_controller-0.1.0-py3.10.egg-info' (and everything under it)
[0.804s] Copying ../../build/mundus_mir_stonefish_docking_controller/mundus_mir_stonefish_docking_controller.egg-info to /home/badawi/Desktop/auto-pilot/install/mundus_mir_stonefish_docking_controller/lib/python3.10/site-packages/mundus_mir_stonefish_docking_controller-0.1.0-py3.10.egg-info
[0.805s] running install_scripts
[0.916s] Installing stonefish_aruco_pose script to /home/badawi/Desktop/auto-pilot/install/mundus_mir_stonefish_docking_controller/lib/mundus_mir_stonefish_docking_controller
[0.916s] Installing stonefish_docking_controller script to /home/badawi/Desktop/auto-pilot/install/mundus_mir_stonefish_docking_controller/lib/mundus_mir_stonefish_docking_controller
[0.916s] Installing stonefish_sensor_republisher script to /home/badawi/Desktop/auto-pilot/install/mundus_mir_stonefish_docking_controller/lib/mundus_mir_stonefish_docking_controller
[0.917s] writing list of installed files to '/home/badawi/Desktop/auto-pilot/build/mundus_mir_stonefish_docking_controller/install.log'
[0.936s] Invoked command in '/home/badawi/Desktop/auto-pilot/src/mundus_mir_stonefish_docking_controller' returned '0': AMENT_PREFIX_PATH=/home/badawi/Desktop/auto-pilot/install/stonefish_ros2:${AMENT_PREFIX_PATH} CMAKE_PREFIX_PATH=/home/badawi/Desktop/auto-pilot/install/stonefish_ros2:${CMAKE_PREFIX_PATH} LD_LIBRARY_PATH=/home/badawi/Desktop/auto-pilot/install/stonefish_ros2/lib:${LD_LIBRARY_PATH} PYTHONPATH=/home/badawi/Desktop/auto-pilot/build/mundus_mir_stonefish_docking_controller/prefix_override:/usr/lib/python3/dist-packages/colcon_core/task/python/colcon_distutils_commands:/home/badawi/Desktop/auto-pilot/install/mundus_mir_stonefish_docking_controller/lib/python3.10/site-packages:/home/badawi/Desktop/auto-pilot/install/stonefish_ros2/local/lib/python3.10/dist-packages:${PYTHONPATH} /usr/bin/python3 -W ignore:setup.py install is deprecated -W ignore:easy_install command is deprecated setup.py egg_info --egg-base ../../build/mundus_mir_stonefish_docking_controller build --build-base /home/badawi/Desktop/auto-pilot/build/mundus_mir_stonefish_docking_controller/build install --record /home/badawi/Desktop/auto-pilot/build/mundus_mir_stonefish_docking_controller/install.log --single-version-externally-managed install_data
