-- The C compiler identification is GNU 11.4.0
-- The CXX compiler identification is GNU 11.4.0
-- Detecting C compiler ABI info
-- Detecting C compiler ABI info - done
-- Check for working C compiler: /usr/bin/cc - skipped
-- Detecting C compile features
-- Detecting C compile features - done
-- Detecting CXX compiler ABI info
-- Detecting CXX compiler ABI info - done
-- Check for working CXX compiler: /usr/bin/c++ - skipped
-- Detecting CXX compile features
-- Detecting CXX compile features - done
-- Found ament_cmake: 1.3.12 (/opt/ros/humble/share/ament_cmake/cmake)
-- Found Python3: /usr/bin/python3 (found version "3.10.12") found components: Interpreter 
-- Override CMake install command with custom implementation using symlinks instead of copying resources
-- Found rclcpp: 16.0.17 (/opt/ros/humble/share/rclcpp/cmake)
-- Found rosidl_generator_c: 3.1.8 (/opt/ros/humble/share/rosidl_generator_c/cmake)
-- Found rosidl_adapter: 3.1.8 (/opt/ros/humble/share/rosidl_adapter/cmake)
-- Found rosidl_generator_cpp: 3.1.8 (/opt/ros/humble/share/rosidl_generator_cpp/cmake)
-- Using all available rosidl_typesupport_c: rosidl_typesupport_fastrtps_c;rosidl_typesupport_introspection_c
-- Using all available rosidl_typesupport_cpp: rosidl_typesupport_fastrtps_cpp;rosidl_typesupport_introspection_cpp
-- Found rmw_implementation_cmake: 6.1.2 (/opt/ros/humble/share/rmw_implementation_cmake/cmake)
-- Found rmw_fastrtps_cpp: 6.2.9 (/opt/ros/humble/share/rmw_fastrtps_cpp/cmake)
-- Found OpenSSL: /usr/lib/x86_64-linux-gnu/libcrypto.so (found version "3.0.2")  
-- Found FastRTPS: /opt/ros/humble/include  
-- Using RMW implementation 'rmw_fastrtps_cpp' as default
-- Looking for pthread.h
-- Looking for pthread.h - found
-- Performing Test CMAKE_HAVE_LIBC_PTHREAD
-- Performing Test CMAKE_HAVE_LIBC_PTHREAD - Success
-- Found Threads: TRUE  
-- Found rclcpp_components: 16.0.17 (/opt/ros/humble/share/rclcpp_components/cmake)
-- Found vortex_msgs: 0.0.1 (/home/badawi/Desktop/auto-pilot/install/vortex_msgs/share/vortex_msgs/cmake)
-- Configuring done
-- Generating done
-- Build files have been written to: /home/badawi/Desktop/auto-pilot/build/thrust_allocator_auv
[ 20%] [32mBuilding CXX object CMakeFiles/thrust_allocator_auv_component.dir/src/pseudoinverse_allocator.cpp.o[0m
[ 40%] [32mBuilding CXX object CMakeFiles/thrust_allocator_auv_component.dir/src/thrust_allocator_ros.cpp.o[0m
[ 60%] [32mBuilding CXX object CMakeFiles/thrust_allocator_auv_node.dir/rclcpp_components/node_main_thrust_allocator_auv_node.cpp.o[0m
[ 80%] [32m[1mLinking CXX executable thrust_allocator_auv_node[0m
[ 80%] Built target thrust_allocator_auv_node
[100%] [32m[1mLinking CXX shared library libthrust_allocator_auv_component.so[0m
[100%] Built target thrust_allocator_auv_component
-- Install configuration: ""
-- Execute custom install script
-- Symlinking: /home/badawi/Desktop/auto-pilot/install/thrust_allocator_auv/lib/thrust_allocator_auv/thrust_allocator_auv_node
-- Symlinking: /home/badawi/Desktop/auto-pilot/install/thrust_allocator_auv/include/thrust_allocator_auv/eigen_vector6d_typedef.hpp
-- Symlinking: /home/badawi/Desktop/auto-pilot/install/thrust_allocator_auv/include/thrust_allocator_auv/pseudoinverse_allocator.hpp
-- Symlinking: /home/badawi/Desktop/auto-pilot/install/thrust_allocator_auv/include/thrust_allocator_auv/thrust_allocator_ros.hpp
-- Symlinking: /home/badawi/Desktop/auto-pilot/install/thrust_allocator_auv/include/thrust_allocator_auv/thrust_allocator_utils.hpp
-- Symlinking: /home/badawi/Desktop/auto-pilot/install/thrust_allocator_auv/share/thrust_allocator_auv//launch/thrust_allocator_auv.launch.py
-- Symlinking: /home/badawi/Desktop/auto-pilot/install/thrust_allocator_auv/share/ament_index/resource_index/package_run_dependencies/thrust_allocator_auv
-- Symlinking: /home/badawi/Desktop/auto-pilot/install/thrust_allocator_auv/share/ament_index/resource_index/parent_prefix_path/thrust_allocator_auv
-- Symlinking: /home/badawi/Desktop/auto-pilot/install/thrust_allocator_auv/share/thrust_allocator_auv/environment/ament_prefix_path.sh
-- Symlinking: /home/badawi/Desktop/auto-pilot/install/thrust_allocator_auv/share/thrust_allocator_auv/environment/ament_prefix_path.dsv
-- Symlinking: /home/badawi/Desktop/auto-pilot/install/thrust_allocator_auv/share/thrust_allocator_auv/environment/path.sh
-- Symlinking: /home/badawi/Desktop/auto-pilot/install/thrust_allocator_auv/share/thrust_allocator_auv/environment/path.dsv
-- Symlinking: /home/badawi/Desktop/auto-pilot/install/thrust_allocator_auv/share/thrust_allocator_auv/local_setup.bash
-- Symlinking: /home/badawi/Desktop/auto-pilot/install/thrust_allocator_auv/share/thrust_allocator_auv/local_setup.sh
-- Symlinking: /home/badawi/Desktop/auto-pilot/install/thrust_allocator_auv/share/thrust_allocator_auv/local_setup.zsh
-- Symlinking: /home/badawi/Desktop/auto-pilot/install/thrust_allocator_auv/share/thrust_allocator_auv/local_setup.dsv
-- Symlinking: /home/badawi/Desktop/auto-pilot/install/thrust_allocator_auv/share/thrust_allocator_auv/package.dsv
-- Symlinking: /home/badawi/Desktop/auto-pilot/install/thrust_allocator_auv/share/ament_index/resource_index/packages/thrust_allocator_auv
-- Symlinking: /home/badawi/Desktop/auto-pilot/install/thrust_allocator_auv/share/ament_index/resource_index/rclcpp_components/thrust_allocator_auv
-- Symlinking: /home/badawi/Desktop/auto-pilot/install/thrust_allocator_auv/share/thrust_allocator_auv/cmake/ament_cmake_export_targets-extras.cmake
-- Symlinking: /home/badawi/Desktop/auto-pilot/install/thrust_allocator_auv/share/thrust_allocator_auv/cmake/thrust_allocator_auvConfig.cmake
-- Symlinking: /home/badawi/Desktop/auto-pilot/install/thrust_allocator_auv/share/thrust_allocator_auv/cmake/thrust_allocator_auvConfig-version.cmake
-- Symlinking: /home/badawi/Desktop/auto-pilot/install/thrust_allocator_auv/share/thrust_allocator_auv/package.xml
-- Installing: /home/badawi/Desktop/auto-pilot/install/thrust_allocator_auv/lib/libthrust_allocator_auv_component.so
-- Set runtime path of "/home/badawi/Desktop/auto-pilot/install/thrust_allocator_auv/lib/libthrust_allocator_auv_component.so" to ""
-- Installing: /home/badawi/Desktop/auto-pilot/install/thrust_allocator_auv/share/thrust_allocator_auv/cmake/export_thrust_allocator_auv_componentExport.cmake
-- Installing: /home/badawi/Desktop/auto-pilot/install/thrust_allocator_auv/share/thrust_allocator_auv/cmake/export_thrust_allocator_auv_componentExport-noconfig.cmake
