[0.228s] Invoking command in '/home/badawi/Desktop/auto-pilot/build/thrust_allocator_auv': CMAKE_PREFIX_PATH=/home/badawi/Desktop/auto-pilot/install/vortex_msgs:/home/badawi/Desktop/auto-pilot/install/waypoint_manager:/home/badawi/Desktop/auto-pilot/install/vortex_utils:/home/badawi/Desktop/auto-pilot/install/vortex_sim_interface:/home/badawi/Desktop/auto-pilot/install/velocity_controller_lqr:/home/badawi/Desktop/auto-pilot/install/freya_visualization:/home/badawi/Desktop/auto-pilot/install/thruster_visualization:/home/badawi/Desktop/auto-pilot/install/thrust_allocator_auv:/home/badawi/Desktop/auto-pilot/install/reference_filter_dp:/home/badawi/Desktop/auto-pilot/install/pose_action_server:/home/badawi/Desktop/auto-pilot/install/pid_controller_dp_euler:/home/badawi/Desktop/auto-pilot/install/pid_controller_dp:/home/badawi/Desktop/auto-pilot/install/los_guidance:/home/badawi/Desktop/auto-pilot/install/dp_adapt_backs_controller:/home/badawi/Desktop/auto-pilot/install/velocity_controller_4dof_ros2:/home/badawi/Desktop/auto-pilot/install/urdf_models:/home/badawi/Desktop/auto-pilot/install/stonefish_sim:/home/badawi/Desktop/auto-pilot/install/ma1_stonefish:/home/badawi/Desktop/auto-pilot/install/stonefish_ros2:/home/badawi/Desktop/auto-pilot/install/pid_siso:/home/badawi/Desktop/auto-pilot/install/mundus_mir_vehicle_interfaces:/home/badawi/Desktop/auto-pilot/install/mundus_mir_blueye_joystick_cpp:/home/badawi/Desktop/auto-pilot/install/ma1_mclsimpy:/home/badawi/Desktop/auto-pilot/install/joystick_interface_auv:/home/badawi/Desktop/auto-pilot/install/auv_setup:/home/badawi/btcpp_ws/install/behaviortree_cpp:/home/badawi/Desktop/auto-pilot/install/auv_gui:/home/badawi/Desktop/auto-pilot/install/mundus_mir_stonefish_docking_controller:/opt/ros/humble LD_LIBRARY_PATH=/home/badawi/Desktop/auto-pilot/install/vortex_msgs/lib:/home/badawi/Desktop/auto-pilot/install/vortex_utils/lib:/home/badawi/Desktop/auto-pilot/install/thrust_allocator_auv/lib:/home/badawi/Desktop/auto-pilot/install/reference_filter_dp/lib:/home/badawi/Desktop/auto-pilot/install/dp_adapt_backs_controller/lib:/home/badawi/Desktop/auto-pilot/install/stonefish_ros2/lib:/home/badawi/Desktop/auto-pilot/install/pid_siso/lib:/home/badawi/btcpp_ws/install/behaviortree_cpp/lib:/usr/local/lib:/opt/ros/humble/opt/rviz_ogre_vendor/lib:/opt/ros/humble/lib/x86_64-linux-gnu:/opt/ros/humble/lib /usr/bin/cmake /home/badawi/Desktop/auto-pilot/src/vortex-auv/motion/thrust_allocator_auv -DAMENT_CMAKE_SYMLINK_INSTALL=1 -DCMAKE_INSTALL_PREFIX=/home/badawi/Desktop/auto-pilot/install/thrust_allocator_auv
[0.289s] -- The C compiler identification is GNU 11.4.0
[0.358s] -- The CXX compiler identification is GNU 11.4.0
[0.368s] -- Detecting C compiler ABI info
[0.461s] -- Detecting C compiler ABI info - done
[0.473s] -- Check for working C compiler: /usr/bin/cc - skipped
[0.473s] -- Detecting C compile features
[0.474s] -- Detecting C compile features - done
[0.478s] -- Detecting CXX compiler ABI info
[0.570s] -- Detecting CXX compiler ABI info - done
[0.581s] -- Check for working CXX compiler: /usr/bin/c++ - skipped
[0.582s] -- Detecting CXX compile features
[0.582s] -- Detecting CXX compile features - done
[0.586s] -- Found ament_cmake: 1.3.12 (/opt/ros/humble/share/ament_cmake/cmake)
[1.056s] -- Found Python3: /usr/bin/python3 (found version "3.10.12") found components: Interpreter 
[1.134s] -- Override CMake install command with custom implementation using symlinks instead of copying resources
[1.180s] -- Found rclcpp: 16.0.17 (/opt/ros/humble/share/rclcpp/cmake)
[1.243s] -- Found rosidl_generator_c: 3.1.8 (/opt/ros/humble/share/rosidl_generator_c/cmake)
[1.248s] -- Found rosidl_adapter: 3.1.8 (/opt/ros/humble/share/rosidl_adapter/cmake)
[1.258s] -- Found rosidl_generator_cpp: 3.1.8 (/opt/ros/humble/share/rosidl_generator_cpp/cmake)
[1.274s] -- Using all available rosidl_typesupport_c: rosidl_typesupport_fastrtps_c;rosidl_typesupport_introspection_c
[1.296s] -- Using all available rosidl_typesupport_cpp: rosidl_typesupport_fastrtps_cpp;rosidl_typesupport_introspection_cpp
[1.352s] -- Found rmw_implementation_cmake: 6.1.2 (/opt/ros/humble/share/rmw_implementation_cmake/cmake)
[1.356s] -- Found rmw_fastrtps_cpp: 6.2.9 (/opt/ros/humble/share/rmw_fastrtps_cpp/cmake)
[1.474s] -- Found OpenSSL: /usr/lib/x86_64-linux-gnu/libcrypto.so (found version "3.0.2")  
[1.521s] -- Found FastRTPS: /opt/ros/humble/include  
[1.579s] -- Using RMW implementation 'rmw_fastrtps_cpp' as default
[1.592s] -- Looking for pthread.h
[1.671s] -- Looking for pthread.h - found
[1.672s] -- Performing Test CMAKE_HAVE_LIBC_PTHREAD
[1.756s] -- Performing Test CMAKE_HAVE_LIBC_PTHREAD - Success
[1.757s] -- Found Threads: TRUE  
[1.838s] -- Found rclcpp_components: 16.0.17 (/opt/ros/humble/share/rclcpp_components/cmake)
[1.891s] -- Found vortex_msgs: 0.0.1 (/home/badawi/Desktop/auto-pilot/install/vortex_msgs/share/vortex_msgs/cmake)
[2.226s] -- Configuring done
[2.242s] -- Generating done
[2.251s] -- Build files have been written to: /home/badawi/Desktop/auto-pilot/build/thrust_allocator_auv
[2.265s] Invoked command in '/home/badawi/Desktop/auto-pilot/build/thrust_allocator_auv' returned '0': CMAKE_PREFIX_PATH=/home/badawi/Desktop/auto-pilot/install/vortex_msgs:/home/badawi/Desktop/auto-pilot/install/waypoint_manager:/home/badawi/Desktop/auto-pilot/install/vortex_utils:/home/badawi/Desktop/auto-pilot/install/vortex_sim_interface:/home/badawi/Desktop/auto-pilot/install/velocity_controller_lqr:/home/badawi/Desktop/auto-pilot/install/freya_visualization:/home/badawi/Desktop/auto-pilot/install/thruster_visualization:/home/badawi/Desktop/auto-pilot/install/thrust_allocator_auv:/home/badawi/Desktop/auto-pilot/install/reference_filter_dp:/home/badawi/Desktop/auto-pilot/install/pose_action_server:/home/badawi/Desktop/auto-pilot/install/pid_controller_dp_euler:/home/badawi/Desktop/auto-pilot/install/pid_controller_dp:/home/badawi/Desktop/auto-pilot/install/los_guidance:/home/badawi/Desktop/auto-pilot/install/dp_adapt_backs_controller:/home/badawi/Desktop/auto-pilot/install/velocity_controller_4dof_ros2:/home/badawi/Desktop/auto-pilot/install/urdf_models:/home/badawi/Desktop/auto-pilot/install/stonefish_sim:/home/badawi/Desktop/auto-pilot/install/ma1_stonefish:/home/badawi/Desktop/auto-pilot/install/stonefish_ros2:/home/badawi/Desktop/auto-pilot/install/pid_siso:/home/badawi/Desktop/auto-pilot/install/mundus_mir_vehicle_interfaces:/home/badawi/Desktop/auto-pilot/install/mundus_mir_blueye_joystick_cpp:/home/badawi/Desktop/auto-pilot/install/ma1_mclsimpy:/home/badawi/Desktop/auto-pilot/install/joystick_interface_auv:/home/badawi/Desktop/auto-pilot/install/auv_setup:/home/badawi/btcpp_ws/install/behaviortree_cpp:/home/badawi/Desktop/auto-pilot/install/auv_gui:/home/badawi/Desktop/auto-pilot/install/mundus_mir_stonefish_docking_controller:/opt/ros/humble LD_LIBRARY_PATH=/home/badawi/Desktop/auto-pilot/install/vortex_msgs/lib:/home/badawi/Desktop/auto-pilot/install/vortex_utils/lib:/home/badawi/Desktop/auto-pilot/install/thrust_allocator_auv/lib:/home/badawi/Desktop/auto-pilot/install/reference_filter_dp/lib:/home/badawi/Desktop/auto-pilot/install/dp_adapt_backs_controller/lib:/home/badawi/Desktop/auto-pilot/install/stonefish_ros2/lib:/home/badawi/Desktop/auto-pilot/install/pid_siso/lib:/home/badawi/btcpp_ws/install/behaviortree_cpp/lib:/usr/local/lib:/opt/ros/humble/opt/rviz_ogre_vendor/lib:/opt/ros/humble/lib/x86_64-linux-gnu:/opt/ros/humble/lib /usr/bin/cmake /home/badawi/Desktop/auto-pilot/src/vortex-auv/motion/thrust_allocator_auv -DAMENT_CMAKE_SYMLINK_INSTALL=1 -DCMAKE_INSTALL_PREFIX=/home/badawi/Desktop/auto-pilot/install/thrust_allocator_auv
[2.267s] Invoking command in '/home/badawi/Desktop/auto-pilot/build/thrust_allocator_auv': CMAKE_PREFIX_PATH=/home/badawi/Desktop/auto-pilot/install/vortex_msgs:/home/badawi/Desktop/auto-pilot/install/waypoint_manager:/home/badawi/Desktop/auto-pilot/install/vortex_utils:/home/badawi/Desktop/auto-pilot/install/vortex_sim_interface:/home/badawi/Desktop/auto-pilot/install/velocity_controller_lqr:/home/badawi/Desktop/auto-pilot/install/freya_visualization:/home/badawi/Desktop/auto-pilot/install/thruster_visualization:/home/badawi/Desktop/auto-pilot/install/thrust_allocator_auv:/home/badawi/Desktop/auto-pilot/install/reference_filter_dp:/home/badawi/Desktop/auto-pilot/install/pose_action_server:/home/badawi/Desktop/auto-pilot/install/pid_controller_dp_euler:/home/badawi/Desktop/auto-pilot/install/pid_controller_dp:/home/badawi/Desktop/auto-pilot/install/los_guidance:/home/badawi/Desktop/auto-pilot/install/dp_adapt_backs_controller:/home/badawi/Desktop/auto-pilot/install/velocity_controller_4dof_ros2:/home/badawi/Desktop/auto-pilot/install/urdf_models:/home/badawi/Desktop/auto-pilot/install/stonefish_sim:/home/badawi/Desktop/auto-pilot/install/ma1_stonefish:/home/badawi/Desktop/auto-pilot/install/stonefish_ros2:/home/badawi/Desktop/auto-pilot/install/pid_siso:/home/badawi/Desktop/auto-pilot/install/mundus_mir_vehicle_interfaces:/home/badawi/Desktop/auto-pilot/install/mundus_mir_blueye_joystick_cpp:/home/badawi/Desktop/auto-pilot/install/ma1_mclsimpy:/home/badawi/Desktop/auto-pilot/install/joystick_interface_auv:/home/badawi/Desktop/auto-pilot/install/auv_setup:/home/badawi/btcpp_ws/install/behaviortree_cpp:/home/badawi/Desktop/auto-pilot/install/auv_gui:/home/badawi/Desktop/auto-pilot/install/mundus_mir_stonefish_docking_controller:/opt/ros/humble LD_LIBRARY_PATH=/home/badawi/Desktop/auto-pilot/install/vortex_msgs/lib:/home/badawi/Desktop/auto-pilot/install/vortex_utils/lib:/home/badawi/Desktop/auto-pilot/install/thrust_allocator_auv/lib:/home/badawi/Desktop/auto-pilot/install/reference_filter_dp/lib:/home/badawi/Desktop/auto-pilot/install/dp_adapt_backs_controller/lib:/home/badawi/Desktop/auto-pilot/install/stonefish_ros2/lib:/home/badawi/Desktop/auto-pilot/install/pid_siso/lib:/home/badawi/btcpp_ws/install/behaviortree_cpp/lib:/usr/local/lib:/opt/ros/humble/opt/rviz_ogre_vendor/lib:/opt/ros/humble/lib/x86_64-linux-gnu:/opt/ros/humble/lib /usr/bin/cmake --build /home/badawi/Desktop/auto-pilot/build/thrust_allocator_auv -- -j20 -l20
[2.331s] [ 20%] [32mBuilding CXX object CMakeFiles/thrust_allocator_auv_component.dir/src/pseudoinverse_allocator.cpp.o[0m
[2.334s] [ 40%] [32mBuilding CXX object CMakeFiles/thrust_allocator_auv_component.dir/src/thrust_allocator_ros.cpp.o[0m
[2.337s] [ 60%] [32mBuilding CXX object CMakeFiles/thrust_allocator_auv_node.dir/rclcpp_components/node_main_thrust_allocator_auv_node.cpp.o[0m
[13.851s] [ 80%] [32m[1mLinking CXX executable thrust_allocator_auv_node[0m
[14.305s] [ 80%] Built target thrust_allocator_auv_node
[34.035s] [100%] [32m[1mLinking CXX shared library libthrust_allocator_auv_component.so[0m
[35.037s] [100%] Built target thrust_allocator_auv_component
[35.074s] Invoked command in '/home/badawi/Desktop/auto-pilot/build/thrust_allocator_auv' returned '0': CMAKE_PREFIX_PATH=/home/badawi/Desktop/auto-pilot/install/vortex_msgs:/home/badawi/Desktop/auto-pilot/install/waypoint_manager:/home/badawi/Desktop/auto-pilot/install/vortex_utils:/home/badawi/Desktop/auto-pilot/install/vortex_sim_interface:/home/badawi/Desktop/auto-pilot/install/velocity_controller_lqr:/home/badawi/Desktop/auto-pilot/install/freya_visualization:/home/badawi/Desktop/auto-pilot/install/thruster_visualization:/home/badawi/Desktop/auto-pilot/install/thrust_allocator_auv:/home/badawi/Desktop/auto-pilot/install/reference_filter_dp:/home/badawi/Desktop/auto-pilot/install/pose_action_server:/home/badawi/Desktop/auto-pilot/install/pid_controller_dp_euler:/home/badawi/Desktop/auto-pilot/install/pid_controller_dp:/home/badawi/Desktop/auto-pilot/install/los_guidance:/home/badawi/Desktop/auto-pilot/install/dp_adapt_backs_controller:/home/badawi/Desktop/auto-pilot/install/velocity_controller_4dof_ros2:/home/badawi/Desktop/auto-pilot/install/urdf_models:/home/badawi/Desktop/auto-pilot/install/stonefish_sim:/home/badawi/Desktop/auto-pilot/install/ma1_stonefish:/home/badawi/Desktop/auto-pilot/install/stonefish_ros2:/home/badawi/Desktop/auto-pilot/install/pid_siso:/home/badawi/Desktop/auto-pilot/install/mundus_mir_vehicle_interfaces:/home/badawi/Desktop/auto-pilot/install/mundus_mir_blueye_joystick_cpp:/home/badawi/Desktop/auto-pilot/install/ma1_mclsimpy:/home/badawi/Desktop/auto-pilot/install/joystick_interface_auv:/home/badawi/Desktop/auto-pilot/install/auv_setup:/home/badawi/btcpp_ws/install/behaviortree_cpp:/home/badawi/Desktop/auto-pilot/install/auv_gui:/home/badawi/Desktop/auto-pilot/install/mundus_mir_stonefish_docking_controller:/opt/ros/humble LD_LIBRARY_PATH=/home/badawi/Desktop/auto-pilot/install/vortex_msgs/lib:/home/badawi/Desktop/auto-pilot/install/vortex_utils/lib:/home/badawi/Desktop/auto-pilot/install/thrust_allocator_auv/lib:/home/badawi/Desktop/auto-pilot/install/reference_filter_dp/lib:/home/badawi/Desktop/auto-pilot/install/dp_adapt_backs_controller/lib:/home/badawi/Desktop/auto-pilot/install/stonefish_ros2/lib:/home/badawi/Desktop/auto-pilot/install/pid_siso/lib:/home/badawi/btcpp_ws/install/behaviortree_cpp/lib:/usr/local/lib:/opt/ros/humble/opt/rviz_ogre_vendor/lib:/opt/ros/humble/lib/x86_64-linux-gnu:/opt/ros/humble/lib /usr/bin/cmake --build /home/badawi/Desktop/auto-pilot/build/thrust_allocator_auv -- -j20 -l20
[35.076s] Invoking command in '/home/badawi/Desktop/auto-pilot/build/thrust_allocator_auv': CMAKE_PREFIX_PATH=/home/badawi/Desktop/auto-pilot/install/vortex_msgs:/home/badawi/Desktop/auto-pilot/install/waypoint_manager:/home/badawi/Desktop/auto-pilot/install/vortex_utils:/home/badawi/Desktop/auto-pilot/install/vortex_sim_interface:/home/badawi/Desktop/auto-pilot/install/velocity_controller_lqr:/home/badawi/Desktop/auto-pilot/install/freya_visualization:/home/badawi/Desktop/auto-pilot/install/thruster_visualization:/home/badawi/Desktop/auto-pilot/install/thrust_allocator_auv:/home/badawi/Desktop/auto-pilot/install/reference_filter_dp:/home/badawi/Desktop/auto-pilot/install/pose_action_server:/home/badawi/Desktop/auto-pilot/install/pid_controller_dp_euler:/home/badawi/Desktop/auto-pilot/install/pid_controller_dp:/home/badawi/Desktop/auto-pilot/install/los_guidance:/home/badawi/Desktop/auto-pilot/install/dp_adapt_backs_controller:/home/badawi/Desktop/auto-pilot/install/velocity_controller_4dof_ros2:/home/badawi/Desktop/auto-pilot/install/urdf_models:/home/badawi/Desktop/auto-pilot/install/stonefish_sim:/home/badawi/Desktop/auto-pilot/install/ma1_stonefish:/home/badawi/Desktop/auto-pilot/install/stonefish_ros2:/home/badawi/Desktop/auto-pilot/install/pid_siso:/home/badawi/Desktop/auto-pilot/install/mundus_mir_vehicle_interfaces:/home/badawi/Desktop/auto-pilot/install/mundus_mir_blueye_joystick_cpp:/home/badawi/Desktop/auto-pilot/install/ma1_mclsimpy:/home/badawi/Desktop/auto-pilot/install/joystick_interface_auv:/home/badawi/Desktop/auto-pilot/install/auv_setup:/home/badawi/btcpp_ws/install/behaviortree_cpp:/home/badawi/Desktop/auto-pilot/install/auv_gui:/home/badawi/Desktop/auto-pilot/install/mundus_mir_stonefish_docking_controller:/opt/ros/humble LD_LIBRARY_PATH=/home/badawi/Desktop/auto-pilot/install/vortex_msgs/lib:/home/badawi/Desktop/auto-pilot/install/vortex_utils/lib:/home/badawi/Desktop/auto-pilot/install/thrust_allocator_auv/lib:/home/badawi/Desktop/auto-pilot/install/reference_filter_dp/lib:/home/badawi/Desktop/auto-pilot/install/dp_adapt_backs_controller/lib:/home/badawi/Desktop/auto-pilot/install/stonefish_ros2/lib:/home/badawi/Desktop/auto-pilot/install/pid_siso/lib:/home/badawi/btcpp_ws/install/behaviortree_cpp/lib:/usr/local/lib:/opt/ros/humble/opt/rviz_ogre_vendor/lib:/opt/ros/humble/lib/x86_64-linux-gnu:/opt/ros/humble/lib /usr/bin/cmake --install /home/badawi/Desktop/auto-pilot/build/thrust_allocator_auv
[35.087s] -- Install configuration: ""
[35.088s] -- Execute custom install script
[35.089s] -- Symlinking: /home/badawi/Desktop/auto-pilot/install/thrust_allocator_auv/lib/thrust_allocator_auv/thrust_allocator_auv_node
[35.102s] -- Symlinking: /home/badawi/Desktop/auto-pilot/install/thrust_allocator_auv/include/thrust_allocator_auv/eigen_vector6d_typedef.hpp
[35.111s] -- Symlinking: /home/badawi/Desktop/auto-pilot/install/thrust_allocator_auv/include/thrust_allocator_auv/pseudoinverse_allocator.hpp
[35.120s] -- Symlinking: /home/badawi/Desktop/auto-pilot/install/thrust_allocator_auv/include/thrust_allocator_auv/thrust_allocator_ros.hpp
[35.132s] -- Symlinking: /home/badawi/Desktop/auto-pilot/install/thrust_allocator_auv/include/thrust_allocator_auv/thrust_allocator_utils.hpp
[35.142s] -- Symlinking: /home/badawi/Desktop/auto-pilot/install/thrust_allocator_auv/share/thrust_allocator_auv//launch/thrust_allocator_auv.launch.py
[35.151s] -- Symlinking: /home/badawi/Desktop/auto-pilot/install/thrust_allocator_auv/share/ament_index/resource_index/package_run_dependencies/thrust_allocator_auv
[35.164s] -- Symlinking: /home/badawi/Desktop/auto-pilot/install/thrust_allocator_auv/share/ament_index/resource_index/parent_prefix_path/thrust_allocator_auv
[35.173s] -- Symlinking: /home/badawi/Desktop/auto-pilot/install/thrust_allocator_auv/share/thrust_allocator_auv/environment/ament_prefix_path.sh
[35.190s] -- Symlinking: /home/badawi/Desktop/auto-pilot/install/thrust_allocator_auv/share/thrust_allocator_auv/environment/ament_prefix_path.dsv
[35.204s] -- Symlinking: /home/badawi/Desktop/auto-pilot/install/thrust_allocator_auv/share/thrust_allocator_auv/environment/path.sh
[35.218s] -- Symlinking: /home/badawi/Desktop/auto-pilot/install/thrust_allocator_auv/share/thrust_allocator_auv/environment/path.dsv
[35.227s] -- Symlinking: /home/badawi/Desktop/auto-pilot/install/thrust_allocator_auv/share/thrust_allocator_auv/local_setup.bash
[35.236s] -- Symlinking: /home/badawi/Desktop/auto-pilot/install/thrust_allocator_auv/share/thrust_allocator_auv/local_setup.sh
[35.247s] -- Symlinking: /home/badawi/Desktop/auto-pilot/install/thrust_allocator_auv/share/thrust_allocator_auv/local_setup.zsh
[35.259s] -- Symlinking: /home/badawi/Desktop/auto-pilot/install/thrust_allocator_auv/share/thrust_allocator_auv/local_setup.dsv
[35.267s] -- Symlinking: /home/badawi/Desktop/auto-pilot/install/thrust_allocator_auv/share/thrust_allocator_auv/package.dsv
[35.296s] -- Symlinking: /home/badawi/Desktop/auto-pilot/install/thrust_allocator_auv/share/ament_index/resource_index/packages/thrust_allocator_auv
[35.296s] -- Symlinking: /home/badawi/Desktop/auto-pilot/install/thrust_allocator_auv/share/ament_index/resource_index/rclcpp_components/thrust_allocator_auv
[35.301s] -- Symlinking: /home/badawi/Desktop/auto-pilot/install/thrust_allocator_auv/share/thrust_allocator_auv/cmake/ament_cmake_export_targets-extras.cmake
[35.337s] -- Symlinking: /home/badawi/Desktop/auto-pilot/install/thrust_allocator_auv/share/thrust_allocator_auv/cmake/thrust_allocator_auvConfig.cmake
[35.338s] -- Symlinking: /home/badawi/Desktop/auto-pilot/install/thrust_allocator_auv/share/thrust_allocator_auv/cmake/thrust_allocator_auvConfig-version.cmake
[35.338s] -- Symlinking: /home/badawi/Desktop/auto-pilot/install/thrust_allocator_auv/share/thrust_allocator_auv/package.xml
[35.349s] -- Installing: /home/badawi/Desktop/auto-pilot/install/thrust_allocator_auv/lib/libthrust_allocator_auv_component.so
[35.361s] -- Set runtime path of "/home/badawi/Desktop/auto-pilot/install/thrust_allocator_auv/lib/libthrust_allocator_auv_component.so" to ""
[35.361s] -- Installing: /home/badawi/Desktop/auto-pilot/install/thrust_allocator_auv/share/thrust_allocator_auv/cmake/export_thrust_allocator_auv_componentExport.cmake
[35.361s] -- Installing: /home/badawi/Desktop/auto-pilot/install/thrust_allocator_auv/share/thrust_allocator_auv/cmake/export_thrust_allocator_auv_componentExport-noconfig.cmake
[35.365s] Invoked command in '/home/badawi/Desktop/auto-pilot/build/thrust_allocator_auv' returned '0': CMAKE_PREFIX_PATH=/home/badawi/Desktop/auto-pilot/install/vortex_msgs:/home/badawi/Desktop/auto-pilot/install/waypoint_manager:/home/badawi/Desktop/auto-pilot/install/vortex_utils:/home/badawi/Desktop/auto-pilot/install/vortex_sim_interface:/home/badawi/Desktop/auto-pilot/install/velocity_controller_lqr:/home/badawi/Desktop/auto-pilot/install/freya_visualization:/home/badawi/Desktop/auto-pilot/install/thruster_visualization:/home/badawi/Desktop/auto-pilot/install/thrust_allocator_auv:/home/badawi/Desktop/auto-pilot/install/reference_filter_dp:/home/badawi/Desktop/auto-pilot/install/pose_action_server:/home/badawi/Desktop/auto-pilot/install/pid_controller_dp_euler:/home/badawi/Desktop/auto-pilot/install/pid_controller_dp:/home/badawi/Desktop/auto-pilot/install/los_guidance:/home/badawi/Desktop/auto-pilot/install/dp_adapt_backs_controller:/home/badawi/Desktop/auto-pilot/install/velocity_controller_4dof_ros2:/home/badawi/Desktop/auto-pilot/install/urdf_models:/home/badawi/Desktop/auto-pilot/install/stonefish_sim:/home/badawi/Desktop/auto-pilot/install/ma1_stonefish:/home/badawi/Desktop/auto-pilot/install/stonefish_ros2:/home/badawi/Desktop/auto-pilot/install/pid_siso:/home/badawi/Desktop/auto-pilot/install/mundus_mir_vehicle_interfaces:/home/badawi/Desktop/auto-pilot/install/mundus_mir_blueye_joystick_cpp:/home/badawi/Desktop/auto-pilot/install/ma1_mclsimpy:/home/badawi/Desktop/auto-pilot/install/joystick_interface_auv:/home/badawi/Desktop/auto-pilot/install/auv_setup:/home/badawi/btcpp_ws/install/behaviortree_cpp:/home/badawi/Desktop/auto-pilot/install/auv_gui:/home/badawi/Desktop/auto-pilot/install/mundus_mir_stonefish_docking_controller:/opt/ros/humble LD_LIBRARY_PATH=/home/badawi/Desktop/auto-pilot/install/vortex_msgs/lib:/home/badawi/Desktop/auto-pilot/install/vortex_utils/lib:/home/badawi/Desktop/auto-pilot/install/thrust_allocator_auv/lib:/home/badawi/Desktop/auto-pilot/install/reference_filter_dp/lib:/home/badawi/Desktop/auto-pilot/install/dp_adapt_backs_controller/lib:/home/badawi/Desktop/auto-pilot/install/stonefish_ros2/lib:/home/badawi/Desktop/auto-pilot/install/pid_siso/lib:/home/badawi/btcpp_ws/install/behaviortree_cpp/lib:/usr/local/lib:/opt/ros/humble/opt/rviz_ogre_vendor/lib:/opt/ros/humble/lib/x86_64-linux-gnu:/opt/ros/humble/lib /usr/bin/cmake --install /home/badawi/Desktop/auto-pilot/build/thrust_allocator_auv
