[0.026s] Invoking command in '/home/badawi/Desktop/auto-pilot/build/urdf_models': CMAKE_PREFIX_PATH=${CMAKE_PREFIX_PATH}:/home/badawi/Desktop/auto-pilot/install/auv_gui:/home/badawi/Desktop/auto-pilot/install/mundus_mir_stonefish_docking_controller:/opt/ros/humble /usr/bin/cmake /home/badawi/Desktop/auto-pilot/src/vortex-visualization/urdf-models -DAMENT_CMAKE_SYMLINK_INSTALL=1 -DCMAKE_INSTALL_PREFIX=/home/badawi/Desktop/auto-pilot/install/urdf_models
[0.077s] -- The C compiler identification is GNU 11.4.0
[0.140s] -- The CXX compiler identification is GNU 11.4.0
[0.149s] -- Detecting C compiler ABI info
[0.232s] -- Detecting C compiler ABI info - done
[0.242s] -- Check for working C compiler: /usr/bin/cc - skipped
[0.242s] -- Detecting C compile features
[0.243s] -- Detecting C compile features - done
[0.247s] -- Detecting CXX compiler ABI info
[0.322s] -- Detecting CXX compiler ABI info - done
[0.333s] -- Check for working CXX compiler: /usr/bin/c++ - skipped
[0.333s] -- Detecting CXX compile features
[0.334s] -- Detecting CXX compile features - done
[0.337s] -- Found ament_cmake: 1.3.12 (/opt/ros/humble/share/ament_cmake/cmake)
[0.738s] -- Found Python3: /usr/bin/python3 (found version "3.10.12") found components: Interpreter 
[0.806s] -- Override CMake install command with custom implementation using symlinks instead of copying resources
[0.925s] -- Configuring done
[0.929s] -- Generating done
[0.930s] -- Build files have been written to: /home/badawi/Desktop/auto-pilot/build/urdf_models
[0.940s] Invoked command in '/home/badawi/Desktop/auto-pilot/build/urdf_models' returned '0': CMAKE_PREFIX_PATH=${CMAKE_PREFIX_PATH}:/home/badawi/Desktop/auto-pilot/install/auv_gui:/home/badawi/Desktop/auto-pilot/install/mundus_mir_stonefish_docking_controller:/opt/ros/humble /usr/bin/cmake /home/badawi/Desktop/auto-pilot/src/vortex-visualization/urdf-models -DAMENT_CMAKE_SYMLINK_INSTALL=1 -DCMAKE_INSTALL_PREFIX=/home/badawi/Desktop/auto-pilot/install/urdf_models
[0.940s] Invoking command in '/home/badawi/Desktop/auto-pilot/build/urdf_models': CMAKE_PREFIX_PATH=${CMAKE_PREFIX_PATH}:/home/badawi/Desktop/auto-pilot/install/auv_gui:/home/badawi/Desktop/auto-pilot/install/mundus_mir_stonefish_docking_controller:/opt/ros/humble /usr/bin/cmake --build /home/badawi/Desktop/auto-pilot/build/urdf_models -- -j20 -l20
[0.979s] Invoked command in '/home/badawi/Desktop/auto-pilot/build/urdf_models' returned '0': CMAKE_PREFIX_PATH=${CMAKE_PREFIX_PATH}:/home/badawi/Desktop/auto-pilot/install/auv_gui:/home/badawi/Desktop/auto-pilot/install/mundus_mir_stonefish_docking_controller:/opt/ros/humble /usr/bin/cmake --build /home/badawi/Desktop/auto-pilot/build/urdf_models -- -j20 -l20
[0.980s] Invoking command in '/home/badawi/Desktop/auto-pilot/build/urdf_models': CMAKE_PREFIX_PATH=${CMAKE_PREFIX_PATH}:/home/badawi/Desktop/auto-pilot/install/auv_gui:/home/badawi/Desktop/auto-pilot/install/mundus_mir_stonefish_docking_controller:/opt/ros/humble /usr/bin/cmake --install /home/badawi/Desktop/auto-pilot/build/urdf_models
[0.987s] -- Install configuration: ""
[0.988s] -- Execute custom install script
[0.988s] -- Symlinking: /home/badawi/Desktop/auto-pilot/install/urdf_models/share/urdf_models/launch/freya_urdf.launch.py
[0.998s] -- Symlinking: /home/badawi/Desktop/auto-pilot/install/urdf_models/share/urdf_models/launch/njord_buoy_test.launch.py
[1.006s] -- Symlinking: /home/badawi/Desktop/auto-pilot/install/urdf_models/share/urdf_models/meshes/freya.STL
[1.014s] -- Symlinking: /home/badawi/Desktop/auto-pilot/install/urdf_models/share/urdf_models/urdf/freya/ASV_MainAssembly.csv
[1.023s] -- Symlinking: /home/badawi/Desktop/auto-pilot/install/urdf_models/share/urdf_models/urdf/freya/ASV_MainAssembly.urdf
[1.034s] -- Symlinking: /home/badawi/Desktop/auto-pilot/install/urdf_models/share/urdf_models/urdf/njord-buoys/east_cardinal_mark.urdf
[1.042s] -- Symlinking: /home/badawi/Desktop/auto-pilot/install/urdf_models/share/urdf_models/urdf/njord-buoys/green_mark.urdf
[1.054s] -- Symlinking: /home/badawi/Desktop/auto-pilot/install/urdf_models/share/urdf_models/urdf/njord-buoys/north_cardinal_mark.urdf
[1.066s] -- Symlinking: /home/badawi/Desktop/auto-pilot/install/urdf_models/share/urdf_models/urdf/njord-buoys/red_mark.urdf
[1.078s] -- Symlinking: /home/badawi/Desktop/auto-pilot/install/urdf_models/share/urdf_models/urdf/njord-buoys/south_cardinal_mark.urdf
[1.086s] -- Symlinking: /home/badawi/Desktop/auto-pilot/install/urdf_models/share/urdf_models/urdf/njord-buoys/west_cardinal_mark.urdf
[1.094s] -- Symlinking: /home/badawi/Desktop/auto-pilot/install/urdf_models/share/urdf_models/textures/.gitinclude
[1.103s] -- Symlinking: /home/badawi/Desktop/auto-pilot/install/urdf_models/share/ament_index/resource_index/package_run_dependencies/urdf_models
[1.111s] -- Symlinking: /home/badawi/Desktop/auto-pilot/install/urdf_models/share/ament_index/resource_index/parent_prefix_path/urdf_models
[1.119s] -- Symlinking: /home/badawi/Desktop/auto-pilot/install/urdf_models/share/urdf_models/environment/ament_prefix_path.sh
[1.127s] -- Symlinking: /home/badawi/Desktop/auto-pilot/install/urdf_models/share/urdf_models/environment/ament_prefix_path.dsv
[1.135s] -- Symlinking: /home/badawi/Desktop/auto-pilot/install/urdf_models/share/urdf_models/environment/path.sh
[1.146s] -- Symlinking: /home/badawi/Desktop/auto-pilot/install/urdf_models/share/urdf_models/environment/path.dsv
[1.156s] -- Symlinking: /home/badawi/Desktop/auto-pilot/install/urdf_models/share/urdf_models/local_setup.bash
[1.163s] -- Symlinking: /home/badawi/Desktop/auto-pilot/install/urdf_models/share/urdf_models/local_setup.sh
[1.171s] -- Symlinking: /home/badawi/Desktop/auto-pilot/install/urdf_models/share/urdf_models/local_setup.zsh
[1.178s] -- Symlinking: /home/badawi/Desktop/auto-pilot/install/urdf_models/share/urdf_models/local_setup.dsv
[1.186s] -- Symlinking: /home/badawi/Desktop/auto-pilot/install/urdf_models/share/urdf_models/package.dsv
[1.194s] -- Symlinking: /home/badawi/Desktop/auto-pilot/install/urdf_models/share/ament_index/resource_index/packages/urdf_models
[1.204s] -- Symlinking: /home/badawi/Desktop/auto-pilot/install/urdf_models/share/urdf_models/cmake/urdf_modelsConfig.cmake
[1.214s] -- Symlinking: /home/badawi/Desktop/auto-pilot/install/urdf_models/share/urdf_models/cmake/urdf_modelsConfig-version.cmake
[1.223s] -- Symlinking: /home/badawi/Desktop/auto-pilot/install/urdf_models/share/urdf_models/package.xml
[1.241s] Invoked command in '/home/badawi/Desktop/auto-pilot/build/urdf_models' returned '0': CMAKE_PREFIX_PATH=${CMAKE_PREFIX_PATH}:/home/badawi/Desktop/auto-pilot/install/auv_gui:/home/badawi/Desktop/auto-pilot/install/mundus_mir_stonefish_docking_controller:/opt/ros/humble /usr/bin/cmake --install /home/badawi/Desktop/auto-pilot/build/urdf_models
