[0.025s] Invoking command in '/home/badawi/Desktop/auto-pilot/build/auv_setup': CMAKE_PREFIX_PATH=${CMAKE_PREFIX_PATH}:/home/badawi/Desktop/auto-pilot/install/auv_gui:/home/badawi/Desktop/auto-pilot/install/mundus_mir_stonefish_docking_controller:/opt/ros/humble /usr/bin/cmake /home/badawi/Desktop/auto-pilot/src/vortex-auv/auv_setup -DAMENT_CMAKE_SYMLINK_INSTALL=1 -DCMAKE_INSTALL_PREFIX=/home/badawi/Desktop/auto-pilot/install/auv_setup
[0.073s] -- The C compiler identification is GNU 11.4.0
[0.141s] -- The CXX compiler identification is GNU 11.4.0
[0.150s] -- Detecting C compiler ABI info
[0.231s] -- Detecting C compiler ABI info - done
[0.242s] -- Check for working C compiler: /usr/bin/cc - skipped
[0.242s] -- Detecting C compile features
[0.242s] -- Detecting C compile features - done
[0.247s] -- Detecting CXX compiler ABI info
[0.327s] -- Detecting CXX compiler ABI info - done
[0.339s] -- Check for working CXX compiler: /usr/bin/c++ - skipped
[0.340s] -- Detecting CXX compile features
[0.341s] -- Detecting CXX compile features - done
[0.344s] -- Found ament_cmake: 1.3.12 (/opt/ros/humble/share/ament_cmake/cmake)
[0.718s] -- Found Python3: /usr/bin/python3 (found version "3.10.12") found components: Interpreter 
[0.784s] -- Override CMake install command with custom implementation using symlinks instead of copying resources
[0.871s] -- Configuring done
[0.873s] -- Generating done
[0.874s] -- Build files have been written to: /home/badawi/Desktop/auto-pilot/build/auv_setup
[0.878s] Invoked command in '/home/badawi/Desktop/auto-pilot/build/auv_setup' returned '0': CMAKE_PREFIX_PATH=${CMAKE_PREFIX_PATH}:/home/badawi/Desktop/auto-pilot/install/auv_gui:/home/badawi/Desktop/auto-pilot/install/mundus_mir_stonefish_docking_controller:/opt/ros/humble /usr/bin/cmake /home/badawi/Desktop/auto-pilot/src/vortex-auv/auv_setup -DAMENT_CMAKE_SYMLINK_INSTALL=1 -DCMAKE_INSTALL_PREFIX=/home/badawi/Desktop/auto-pilot/install/auv_setup
[0.881s] Invoking command in '/home/badawi/Desktop/auto-pilot/build/auv_setup': CMAKE_PREFIX_PATH=${CMAKE_PREFIX_PATH}:/home/badawi/Desktop/auto-pilot/install/auv_gui:/home/badawi/Desktop/auto-pilot/install/mundus_mir_stonefish_docking_controller:/opt/ros/humble /usr/bin/cmake --build /home/badawi/Desktop/auto-pilot/build/auv_setup -- -j20 -l20
[0.920s] Invoked command in '/home/badawi/Desktop/auto-pilot/build/auv_setup' returned '0': CMAKE_PREFIX_PATH=${CMAKE_PREFIX_PATH}:/home/badawi/Desktop/auto-pilot/install/auv_gui:/home/badawi/Desktop/auto-pilot/install/mundus_mir_stonefish_docking_controller:/opt/ros/humble /usr/bin/cmake --build /home/badawi/Desktop/auto-pilot/build/auv_setup -- -j20 -l20
[0.932s] Invoking command in '/home/badawi/Desktop/auto-pilot/build/auv_setup': CMAKE_PREFIX_PATH=${CMAKE_PREFIX_PATH}:/home/badawi/Desktop/auto-pilot/install/auv_gui:/home/badawi/Desktop/auto-pilot/install/mundus_mir_stonefish_docking_controller:/opt/ros/humble /usr/bin/cmake --install /home/badawi/Desktop/auto-pilot/build/auv_setup
[0.939s] -- Install configuration: ""
[0.940s] -- Execute custom install script
[0.940s] -- Symlinking: /home/badawi/Desktop/auto-pilot/install/auv_setup/share/auv_setup//config/environments/longbeach.yaml
[0.952s] -- Symlinking: /home/badawi/Desktop/auto-pilot/install/auv_setup/share/auv_setup//config/environments/trondheim_freshwater.yaml
[0.963s] -- Symlinking: /home/badawi/Desktop/auto-pilot/install/auv_setup/share/auv_setup//config/environments/trondheim_saltwater.yaml
[0.971s] -- Symlinking: /home/badawi/Desktop/auto-pilot/install/auv_setup/share/auv_setup//config/robots/beluga.yaml
[0.983s] -- Symlinking: /home/badawi/Desktop/auto-pilot/install/auv_setup/share/auv_setup//config/robots/maelstrom.yaml
[0.995s] -- Symlinking: /home/badawi/Desktop/auto-pilot/install/auv_setup/share/auv_setup//config/robots/manta.yaml
[1.004s] -- Symlinking: /home/badawi/Desktop/auto-pilot/install/auv_setup/share/auv_setup//config/robots/manta_enu.yaml
[1.015s] -- Symlinking: /home/badawi/Desktop/auto-pilot/install/auv_setup/share/auv_setup//config/robots/manta_rov.yaml
[1.023s] -- Symlinking: /home/badawi/Desktop/auto-pilot/install/auv_setup/share/auv_setup//config/robots/orca.yaml
[1.031s] -- Symlinking: /home/badawi/Desktop/auto-pilot/install/auv_setup/share/auv_setup//config/robots/terrapin.yaml
[1.042s] -- Symlinking: /home/badawi/Desktop/auto-pilot/install/auv_setup/share/auv_setup//launch/dp.launch.py
[1.051s] -- Symlinking: /home/badawi/Desktop/auto-pilot/install/auv_setup/share/auv_setup//launch/orca.launch.py
[1.060s] -- Symlinking: /home/badawi/Desktop/auto-pilot/install/auv_setup/share/auv_setup//launch/topside.launch.py
[1.069s] -- Symlinking: /home/badawi/Desktop/auto-pilot/install/auv_setup/share/ament_index/resource_index/package_run_dependencies/auv_setup
[1.078s] -- Symlinking: /home/badawi/Desktop/auto-pilot/install/auv_setup/share/ament_index/resource_index/parent_prefix_path/auv_setup
[1.085s] -- Symlinking: /home/badawi/Desktop/auto-pilot/install/auv_setup/share/auv_setup/environment/ament_prefix_path.sh
[1.092s] -- Symlinking: /home/badawi/Desktop/auto-pilot/install/auv_setup/share/auv_setup/environment/ament_prefix_path.dsv
[1.105s] -- Symlinking: /home/badawi/Desktop/auto-pilot/install/auv_setup/share/auv_setup/environment/path.sh
[1.116s] -- Symlinking: /home/badawi/Desktop/auto-pilot/install/auv_setup/share/auv_setup/environment/path.dsv
[1.124s] -- Symlinking: /home/badawi/Desktop/auto-pilot/install/auv_setup/share/auv_setup/local_setup.bash
[1.132s] -- Symlinking: /home/badawi/Desktop/auto-pilot/install/auv_setup/share/auv_setup/local_setup.sh
[1.144s] -- Symlinking: /home/badawi/Desktop/auto-pilot/install/auv_setup/share/auv_setup/local_setup.zsh
[1.155s] -- Symlinking: /home/badawi/Desktop/auto-pilot/install/auv_setup/share/auv_setup/local_setup.dsv
[1.162s] -- Symlinking: /home/badawi/Desktop/auto-pilot/install/auv_setup/share/auv_setup/package.dsv
[1.170s] -- Symlinking: /home/badawi/Desktop/auto-pilot/install/auv_setup/share/ament_index/resource_index/packages/auv_setup
[1.177s] -- Symlinking: /home/badawi/Desktop/auto-pilot/install/auv_setup/share/auv_setup/cmake/auv_setupConfig.cmake
[1.188s] -- Symlinking: /home/badawi/Desktop/auto-pilot/install/auv_setup/share/auv_setup/cmake/auv_setupConfig-version.cmake
[1.195s] -- Symlinking: /home/badawi/Desktop/auto-pilot/install/auv_setup/share/auv_setup/package.xml
[1.207s] Invoked command in '/home/badawi/Desktop/auto-pilot/build/auv_setup' returned '0': CMAKE_PREFIX_PATH=${CMAKE_PREFIX_PATH}:/home/badawi/Desktop/auto-pilot/install/auv_gui:/home/badawi/Desktop/auto-pilot/install/mundus_mir_stonefish_docking_controller:/opt/ros/humble /usr/bin/cmake --install /home/badawi/Desktop/auto-pilot/build/auv_setup
