[0.014s] Invoking command in '/home/badawi/Desktop/auto-pilot/build/mundus_mir_vehicle_interfaces': CMAKE_PREFIX_PATH=${CMAKE_PREFIX_PATH}:/home/badawi/Desktop/auto-pilot/install/auv_gui:/home/badawi/Desktop/auto-pilot/install/mundus_mir_stonefish_docking_controller:/opt/ros/humble /usr/bin/cmake /home/badawi/Desktop/auto-pilot/src/mundus_mir_vehicle_interfaces -DCMAKE_INSTALL_PREFIX=/home/badawi/Desktop/auto-pilot/install/mundus_mir_vehicle_interfaces
[0.025s] -- Found ament_cmake: 1.3.12 (/opt/ros/humble/share/ament_cmake/cmake)
[0.150s] -- Override CMake install command with custom implementation using symlinks instead of copying resources
[0.158s] -- Found rclcpp: 16.0.17 (/opt/ros/humble/share/rclcpp/cmake)
[0.183s] -- Found rosidl_generator_c: 3.1.8 (/opt/ros/humble/share/rosidl_generator_c/cmake)
[0.185s] -- Found rosidl_adapter: 3.1.8 (/opt/ros/humble/share/rosidl_adapter/cmake)
[0.189s] -- Found rosidl_generator_cpp: 3.1.8 (/opt/ros/humble/share/rosidl_generator_cpp/cmake)
[0.196s] -- Using all available rosidl_typesupport_c: rosidl_typesupport_fastrtps_c;rosidl_typesupport_introspection_c
[0.205s] -- Using all available rosidl_typesupport_cpp: rosidl_typesupport_fastrtps_cpp;rosidl_typesupport_introspection_cpp
[0.249s] -- Found rmw_implementation_cmake: 6.1.2 (/opt/ros/humble/share/rmw_implementation_cmake/cmake)
[0.257s] -- Found rmw_fastrtps_cpp: 6.2.9 (/opt/ros/humble/share/rmw_fastrtps_cpp/cmake)
[0.371s] -- Using RMW implementation 'rmw_fastrtps_cpp' as default
[0.427s] -- Found geometry_msgs: 4.9.0 (/opt/ros/humble/share/geometry_msgs/cmake)
[0.493s] -- Configuring done
[0.502s] -- Generating done
[0.504s] -- Build files have been written to: /home/badawi/Desktop/auto-pilot/build/mundus_mir_vehicle_interfaces
[0.510s] Invoked command in '/home/badawi/Desktop/auto-pilot/build/mundus_mir_vehicle_interfaces' returned '0': CMAKE_PREFIX_PATH=${CMAKE_PREFIX_PATH}:/home/badawi/Desktop/auto-pilot/install/auv_gui:/home/badawi/Desktop/auto-pilot/install/mundus_mir_stonefish_docking_controller:/opt/ros/humble /usr/bin/cmake /home/badawi/Desktop/auto-pilot/src/mundus_mir_vehicle_interfaces -DCMAKE_INSTALL_PREFIX=/home/badawi/Desktop/auto-pilot/install/mundus_mir_vehicle_interfaces
[0.512s] Invoking command in '/home/badawi/Desktop/auto-pilot/build/mundus_mir_vehicle_interfaces': CMAKE_PREFIX_PATH=${CMAKE_PREFIX_PATH}:/home/badawi/Desktop/auto-pilot/install/auv_gui:/home/badawi/Desktop/auto-pilot/install/mundus_mir_stonefish_docking_controller:/opt/ros/humble /usr/bin/cmake --build /home/badawi/Desktop/auto-pilot/build/mundus_mir_vehicle_interfaces -- -j20 -l20
[0.553s] Consolidate compiler generated dependencies of target blueye_simulator_interface
[0.568s] [100%] Built target blueye_simulator_interface
[0.576s] Invoked command in '/home/badawi/Desktop/auto-pilot/build/mundus_mir_vehicle_interfaces' returned '0': CMAKE_PREFIX_PATH=${CMAKE_PREFIX_PATH}:/home/badawi/Desktop/auto-pilot/install/auv_gui:/home/badawi/Desktop/auto-pilot/install/mundus_mir_stonefish_docking_controller:/opt/ros/humble /usr/bin/cmake --build /home/badawi/Desktop/auto-pilot/build/mundus_mir_vehicle_interfaces -- -j20 -l20
[0.587s] Invoking command in '/home/badawi/Desktop/auto-pilot/build/mundus_mir_vehicle_interfaces': CMAKE_PREFIX_PATH=${CMAKE_PREFIX_PATH}:/home/badawi/Desktop/auto-pilot/install/auv_gui:/home/badawi/Desktop/auto-pilot/install/mundus_mir_stonefish_docking_controller:/opt/ros/humble /usr/bin/cmake --install /home/badawi/Desktop/auto-pilot/build/mundus_mir_vehicle_interfaces
[0.594s] -- Install configuration: ""
[0.595s] -- Execute custom install script
[0.595s] -- Up-to-date symlink: /home/badawi/Desktop/auto-pilot/install/mundus_mir_vehicle_interfaces/share/mundus_mir_vehicle_interfaces/launch/blueye_simulator_interface.launch.py
[0.595s] -- Up-to-date symlink: /home/badawi/Desktop/auto-pilot/install/mundus_mir_vehicle_interfaces/share/mundus_mir_vehicle_interfaces/launch/stonefish_blueye_control.launch.py
[0.595s] -- Up-to-date symlink: /home/badawi/Desktop/auto-pilot/install/mundus_mir_vehicle_interfaces/lib/mundus_mir_vehicle_interfaces/blueye_simulator_interface
[0.596s] -- Up-to-date symlink: /home/badawi/Desktop/auto-pilot/install/mundus_mir_vehicle_interfaces/share/ament_index/resource_index/package_run_dependencies/mundus_mir_vehicle_interfaces
[0.596s] -- Up-to-date symlink: /home/badawi/Desktop/auto-pilot/install/mundus_mir_vehicle_interfaces/share/ament_index/resource_index/parent_prefix_path/mundus_mir_vehicle_interfaces
[0.596s] -- Up-to-date symlink: /home/badawi/Desktop/auto-pilot/install/mundus_mir_vehicle_interfaces/share/mundus_mir_vehicle_interfaces/environment/ament_prefix_path.sh
[0.596s] -- Up-to-date symlink: /home/badawi/Desktop/auto-pilot/install/mundus_mir_vehicle_interfaces/share/mundus_mir_vehicle_interfaces/environment/ament_prefix_path.dsv
[0.597s] -- Up-to-date symlink: /home/badawi/Desktop/auto-pilot/install/mundus_mir_vehicle_interfaces/share/mundus_mir_vehicle_interfaces/environment/path.sh
[0.597s] -- Up-to-date symlink: /home/badawi/Desktop/auto-pilot/install/mundus_mir_vehicle_interfaces/share/mundus_mir_vehicle_interfaces/environment/path.dsv
[0.597s] -- Up-to-date symlink: /home/badawi/Desktop/auto-pilot/install/mundus_mir_vehicle_interfaces/share/mundus_mir_vehicle_interfaces/local_setup.bash
[0.597s] -- Up-to-date symlink: /home/badawi/Desktop/auto-pilot/install/mundus_mir_vehicle_interfaces/share/mundus_mir_vehicle_interfaces/local_setup.sh
[0.597s] -- Up-to-date symlink: /home/badawi/Desktop/auto-pilot/install/mundus_mir_vehicle_interfaces/share/mundus_mir_vehicle_interfaces/local_setup.zsh
[0.597s] -- Up-to-date symlink: /home/badawi/Desktop/auto-pilot/install/mundus_mir_vehicle_interfaces/share/mundus_mir_vehicle_interfaces/local_setup.dsv
[0.597s] -- Symlinking: /home/badawi/Desktop/auto-pilot/install/mundus_mir_vehicle_interfaces/share/mundus_mir_vehicle_interfaces/package.dsv
[0.605s] -- Up-to-date symlink: /home/badawi/Desktop/auto-pilot/install/mundus_mir_vehicle_interfaces/share/ament_index/resource_index/packages/mundus_mir_vehicle_interfaces
[0.605s] -- Up-to-date symlink: /home/badawi/Desktop/auto-pilot/install/mundus_mir_vehicle_interfaces/share/mundus_mir_vehicle_interfaces/cmake/mundus_mir_vehicle_interfacesConfig.cmake
[0.606s] -- Up-to-date symlink: /home/badawi/Desktop/auto-pilot/install/mundus_mir_vehicle_interfaces/share/mundus_mir_vehicle_interfaces/cmake/mundus_mir_vehicle_interfacesConfig-version.cmake
[0.606s] -- Up-to-date symlink: /home/badawi/Desktop/auto-pilot/install/mundus_mir_vehicle_interfaces/share/mundus_mir_vehicle_interfaces/package.xml
[0.607s] Invoked command in '/home/badawi/Desktop/auto-pilot/build/mundus_mir_vehicle_interfaces' returned '0': CMAKE_PREFIX_PATH=${CMAKE_PREFIX_PATH}:/home/badawi/Desktop/auto-pilot/install/auv_gui:/home/badawi/Desktop/auto-pilot/install/mundus_mir_stonefish_docking_controller:/opt/ros/humble /usr/bin/cmake --install /home/badawi/Desktop/auto-pilot/build/mundus_mir_vehicle_interfaces
