-- The C compiler identification is GNU 11.4.0
-- The CXX compiler identification is GNU 11.4.0
-- Detecting C compiler ABI info
-- Detecting C compiler ABI info - done
-- Check for working C compiler: /usr/bin/cc - skipped
-- Detecting C compile features
-- Detecting C compile features - done
-- Detecting CXX compiler ABI info
-- Detecting CXX compiler ABI info - done
-- Check for working CXX compiler: /usr/bin/c++ - skipped
-- Detecting CXX compile features
-- Detecting CXX compile features - done
-- Found ament_cmake: 1.3.12 (/opt/ros/humble/share/ament_cmake/cmake)
-- Found Python3: /usr/bin/python3 (found version "3.10.12") found components: Interpreter 
-- Override CMake install command with custom implementation using symlinks instead of copying resources
-- Configuring done
-- Generating done
-- Build files have been written to: /home/badawi/Desktop/auto-pilot/build/freya_visualization
-- Install configuration: ""
-- Execute custom install script
-- Symlinking: /home/badawi/Desktop/auto-pilot/install/freya_visualization/share/freya_visualization//launch/freya_viz.launch.py
-- Symlinking: /home/badawi/Desktop/auto-pilot/install/freya_visualization/share/freya_visualization//config/.gitinclude
-- Symlinking: /home/badawi/Desktop/auto-pilot/install/freya_visualization/share/ament_index/resource_index/package_run_dependencies/freya_visualization
-- Symlinking: /home/badawi/Desktop/auto-pilot/install/freya_visualization/share/ament_index/resource_index/parent_prefix_path/freya_visualization
-- Symlinking: /home/badawi/Desktop/auto-pilot/install/freya_visualization/share/freya_visualization/environment/ament_prefix_path.sh
-- Symlinking: /home/badawi/Desktop/auto-pilot/install/freya_visualization/share/freya_visualization/environment/ament_prefix_path.dsv
-- Symlinking: /home/badawi/Desktop/auto-pilot/install/freya_visualization/share/freya_visualization/environment/path.sh
-- Symlinking: /home/badawi/Desktop/auto-pilot/install/freya_visualization/share/freya_visualization/environment/path.dsv
-- Symlinking: /home/badawi/Desktop/auto-pilot/install/freya_visualization/share/freya_visualization/local_setup.bash
-- Symlinking: /home/badawi/Desktop/auto-pilot/install/freya_visualization/share/freya_visualization/local_setup.sh
-- Symlinking: /home/badawi/Desktop/auto-pilot/install/freya_visualization/share/freya_visualization/local_setup.zsh
-- Symlinking: /home/badawi/Desktop/auto-pilot/install/freya_visualization/share/freya_visualization/local_setup.dsv
-- Symlinking: /home/badawi/Desktop/auto-pilot/install/freya_visualization/share/freya_visualization/package.dsv
-- Symlinking: /home/badawi/Desktop/auto-pilot/install/freya_visualization/share/ament_index/resource_index/packages/freya_visualization
-- Symlinking: /home/badawi/Desktop/auto-pilot/install/freya_visualization/share/freya_visualization/cmake/freya_visualizationConfig.cmake
-- Symlinking: /home/badawi/Desktop/auto-pilot/install/freya_visualization/share/freya_visualization/cmake/freya_visualizationConfig-version.cmake
-- Symlinking: /home/badawi/Desktop/auto-pilot/install/freya_visualization/share/freya_visualization/package.xml
