-- The C compiler identification is GNU 11.4.0
-- The CXX compiler identification is GNU 11.4.0
-- Detecting C compiler ABI info
-- Detecting C compiler ABI info - done
-- Check for working C compiler: /usr/bin/cc - skipped
-- Detecting C compile features
-- Detecting C compile features - done
-- Detecting CXX compiler ABI info
-- Detecting CXX compiler ABI info - done
-- Check for working CXX compiler: /usr/bin/c++ - skipped
-- Detecting CXX compile features
-- Detecting CXX compile features - done
-- Found ament_cmake_python: 1.3.12 (/opt/ros/humble/share/ament_cmake_python/cmake)
-- Found rclpy: 3.3.19 (/opt/ros/humble/share/rclpy/cmake)
-- Found nav_msgs: 4.9.0 (/opt/ros/humble/share/nav_msgs/cmake)
-- Found Python3: /usr/bin/python3 (found version "3.10.12") found components: Interpreter 
-- Override CMake install command with custom implementation using symlinks instead of copying resources
-- Found rosidl_generator_c: 3.1.8 (/opt/ros/humble/share/rosidl_generator_c/cmake)
-- Found rosidl_adapter: 3.1.8 (/opt/ros/humble/share/rosidl_adapter/cmake)
-- Found rosidl_generator_cpp: 3.1.8 (/opt/ros/humble/share/rosidl_generator_cpp/cmake)
-- Using all available rosidl_typesupport_c: rosidl_typesupport_fastrtps_c;rosidl_typesupport_introspection_c
-- Using all available rosidl_typesupport_cpp: rosidl_typesupport_fastrtps_cpp;rosidl_typesupport_introspection_cpp
-- Found vortex_msgs: 0.0.1 (/home/badawi/Desktop/auto-pilot/install/vortex_msgs/share/vortex_msgs/cmake)
-- Found ament_cmake_pytest: 1.3.12 (/opt/ros/humble/share/ament_cmake_pytest/cmake)
-- Configuring done
-- Generating done
-- Build files have been written to: /home/badawi/Desktop/auto-pilot/build/velocity_controller_lqr
Built target ament_cmake_python_symlink_velocity_controller_lqr
running egg_info
creating velocity_controller_lqr.egg-info
writing velocity_controller_lqr.egg-info/PKG-INFO
writing dependency_links to velocity_controller_lqr.egg-info/dependency_links.txt
writing top-level names to velocity_controller_lqr.egg-info/top_level.txt
writing manifest file 'velocity_controller_lqr.egg-info/SOURCES.txt'
reading manifest file 'velocity_controller_lqr.egg-info/SOURCES.txt'
writing manifest file 'velocity_controller_lqr.egg-info/SOURCES.txt'
Built target ament_cmake_python_build_velocity_controller_lqr_egg
-- Install configuration: ""
-- Execute custom install script
-- Symlinking: /home/badawi/Desktop/auto-pilot/install/velocity_controller_lqr/share/velocity_controller_lqr/launch/velocity_controller_lqr.launch.py
-- Symlinking: /home/badawi/Desktop/auto-pilot/install/velocity_controller_lqr/share/velocity_controller_lqr/config/param_velocity_controller_lqr.yaml
-- Symlinking: /home/badawi/Desktop/auto-pilot/install/velocity_controller_lqr/share/velocity_controller_lqr/environment/pythonpath.sh
-- Symlinking: /home/badawi/Desktop/auto-pilot/install/velocity_controller_lqr/share/velocity_controller_lqr/environment/pythonpath.dsv
-- Symlinking: /home/badawi/Desktop/auto-pilot/install/velocity_controller_lqr/local/lib/python3.10/dist-packages/velocity_controller_lqr-1.0.0-py3.10.egg-info/PKG-INFO
-- Symlinking: /home/badawi/Desktop/auto-pilot/install/velocity_controller_lqr/local/lib/python3.10/dist-packages/velocity_controller_lqr-1.0.0-py3.10.egg-info/SOURCES.txt
-- Symlinking: /home/badawi/Desktop/auto-pilot/install/velocity_controller_lqr/local/lib/python3.10/dist-packages/velocity_controller_lqr-1.0.0-py3.10.egg-info/dependency_links.txt
-- Symlinking: /home/badawi/Desktop/auto-pilot/install/velocity_controller_lqr/local/lib/python3.10/dist-packages/velocity_controller_lqr-1.0.0-py3.10.egg-info/top_level.txt
-- Symlinking: /home/badawi/Desktop/auto-pilot/install/velocity_controller_lqr/local/lib/python3.10/dist-packages/velocity_controller_lqr/__init__.py
-- Symlinking: /home/badawi/Desktop/auto-pilot/install/velocity_controller_lqr/local/lib/python3.10/dist-packages/velocity_controller_lqr/velocity_controller_lqr_lib.py
-- Symlinking: /home/badawi/Desktop/auto-pilot/install/velocity_controller_lqr/lib/velocity_controller_lqr/velocity_controller_lqr_node.py
-- Symlinking: /home/badawi/Desktop/auto-pilot/install/velocity_controller_lqr/share/ament_index/resource_index/package_run_dependencies/velocity_controller_lqr
-- Symlinking: /home/badawi/Desktop/auto-pilot/install/velocity_controller_lqr/share/ament_index/resource_index/parent_prefix_path/velocity_controller_lqr
-- Symlinking: /home/badawi/Desktop/auto-pilot/install/velocity_controller_lqr/share/velocity_controller_lqr/environment/ament_prefix_path.sh
-- Symlinking: /home/badawi/Desktop/auto-pilot/install/velocity_controller_lqr/share/velocity_controller_lqr/environment/ament_prefix_path.dsv
-- Symlinking: /home/badawi/Desktop/auto-pilot/install/velocity_controller_lqr/share/velocity_controller_lqr/environment/path.sh
-- Symlinking: /home/badawi/Desktop/auto-pilot/install/velocity_controller_lqr/share/velocity_controller_lqr/environment/path.dsv
-- Symlinking: /home/badawi/Desktop/auto-pilot/install/velocity_controller_lqr/share/velocity_controller_lqr/local_setup.bash
-- Symlinking: /home/badawi/Desktop/auto-pilot/install/velocity_controller_lqr/share/velocity_controller_lqr/local_setup.sh
-- Symlinking: /home/badawi/Desktop/auto-pilot/install/velocity_controller_lqr/share/velocity_controller_lqr/local_setup.zsh
-- Symlinking: /home/badawi/Desktop/auto-pilot/install/velocity_controller_lqr/share/velocity_controller_lqr/local_setup.dsv
-- Symlinking: /home/badawi/Desktop/auto-pilot/install/velocity_controller_lqr/share/velocity_controller_lqr/package.dsv
-- Symlinking: /home/badawi/Desktop/auto-pilot/install/velocity_controller_lqr/share/ament_index/resource_index/packages/velocity_controller_lqr
-- Symlinking: /home/badawi/Desktop/auto-pilot/install/velocity_controller_lqr/share/velocity_controller_lqr/cmake/velocity_controller_lqrConfig.cmake
-- Symlinking: /home/badawi/Desktop/auto-pilot/install/velocity_controller_lqr/share/velocity_controller_lqr/cmake/velocity_controller_lqrConfig-version.cmake
-- Symlinking: /home/badawi/Desktop/auto-pilot/install/velocity_controller_lqr/share/velocity_controller_lqr/package.xml
Listing '/home/badawi/Desktop/auto-pilot/install/velocity_controller_lqr/local/lib/python3.10/dist-packages/velocity_controller_lqr'...
Compiling '/home/badawi/Desktop/auto-pilot/install/velocity_controller_lqr/local/lib/python3.10/dist-packages/velocity_controller_lqr/__init__.py'...
Compiling '/home/badawi/Desktop/auto-pilot/install/velocity_controller_lqr/local/lib/python3.10/dist-packages/velocity_controller_lqr/velocity_controller_lqr_lib.py'...
